<?xml version="1.0" encoding="UTF-8"?>
<TestRun id="b3e9f60d-3d4f-48f9-85a2-e78fdab1cbfd" name="WATASK_1@RD00155D44C34F 2016-03-15 09:55:33" runUser="RD00155D44C34F\WATASK_1" xmlns="http://microsoft.com/schemas/VisualStudio/TeamTest/2010">
  <Times creation="2016-03-15T09:55:33.4782501+00:00" queuing="2016-03-15T09:55:33.5152490+00:00" start="2016-03-15T09:55:33.5332482+00:00" finish="2016-03-15T09:58:39.3572494+00:00" />
  <TestSettings name="default" id="c62eab30-9f78-45e8-8d17-7f2d9431d39c">
    <Execution>
      <TestTypeSpecific />
    </Execution>
    <Deployment runDeploymentRoot="WATASK_1_RD00155D44C34F 2016-03-15 09_55_33" />
    <Properties />
  </TestSettings>
  <Results>
    <UnitTestResult executionId="1d7d1ac5-2a33-4059-a84d-2a2840fe75d5" testId="a5511e8a-b281-4821-870a-e531b0a8759d" testName="AA-TEST-1" computerName="RD00155D44C34F" duration="00:00:02.5590000" startTime="2016-03-15T09:55:33.6052389+00:00" endTime="2016-03-15T09:55:33.6052389+00:00" testType="13cdc9d9-ddb5-4fa4-a97d-d965ccfc6d4b" outcome="Passed" testListId="8c84fa94-04c1-424b-9868-57a2d4851a1d" relativeResultsDirectory="1d7d1ac5-2a33-4059-a84d-2a2840fe75d5">
      <Output>
        <StdOut>3/15/2016 9:55:30 AM:TRPFEAPITests, Version=8.5.0.0, Culture=neutral, PublicKeyToken=null: Assembly Init
3/15/2016 9:55:32 AM:SubscriptionTests5: Class Cleanup</StdOut>
      </Output>
    </UnitTestResult>
    <UnitTestResult executionId="5c671831-f948-4f70-ba75-e201d14e20e9" testId="8bba7360-1968-4502-89c0-3be90fad1f1b" testName="AA-TEST-2" computerName="RD00155D44C34F" duration="00:00:02.6440000" startTime="2016-03-15T09:55:33.6222411+00:00" endTime="2016-03-15T09:55:33.6222411+00:00" testType="13cdc9d9-ddb5-4fa4-a97d-d965ccfc6d4b" outcome="Failed" testListId="8c84fa94-04c1-424b-9868-57a2d4851a1d" relativeResultsDirectory="5c671831-f948-4f70-ba75-e201d14e20e9">
      <Output>
        <StdOut>3/15/2016 9:55:30 AM:TRPFEAPITests, Version=8.5.0.0, Culture=neutral, PublicKeyToken=null: Assembly Init
3/15/2016 9:55:32 AM:
Name: Microsoft.Batch/batchAccounts/providers/Microsoft.Insights/diagnosticSettings/read
3/15/2016 9:55:32 AM:Display.Provider: Microsoft Batch
3/15/2016 9:55:32 AM:Display.Resource: Batch Accounts
3/15/2016 9:55:32 AM:Display.Operation: Read diagnostic setting
3/15/2016 9:55:32 AM:Display.Description: Gets the diagnostic setting for the resource
3/15/2016 9:55:32 AM:Origin: system
3/15/2016 9:55:32 AM:Properties: ""
3/15/2016 9:55:32 AM:
Name: Microsoft.Batch/batchAccounts/providers/Microsoft.Insights/diagnosticSettings/write
3/15/2016 9:55:32 AM:Display.Provider: Microsoft Batch
3/15/2016 9:55:32 AM:Display.Resource: Batch Accounts
3/15/2016 9:55:32 AM:Display.Operation: Write diagnostic setting
3/15/2016 9:55:32 AM:Display.Description: Creates or updates the diagnostic setting for the resource
3/15/2016 9:55:32 AM:Origin: system
3/15/2016 9:55:32 AM:Properties: ""
3/15/2016 9:55:32 AM:
Name: Microsoft.Batch/batchAccounts/providers/Microsoft.Insights/logDefinitions/read
3/15/2016 9:55:32 AM:Display.Provider: Microsoft Batch
3/15/2016 9:55:32 AM:Display.Resource: Batch Account Log Definitions
3/15/2016 9:55:32 AM:Display.Operation: Read Batch service log definitions
3/15/2016 9:55:32 AM:Display.Description: Gets the available logs for the Batch service
3/15/2016 9:55:32 AM:Origin: system
3/15/2016 9:55:32 AM:Properties: {"ServiceSpecification":{"LogSpecifications":[{"Name":"ServiceLog","DisplayName":"Service Logs","BlobDuration":"PT1H"}],"MetricSpecifications":null}}
3/15/2016 9:55:32 AM:ProviderTenantTests: Class Cleanup</StdOut>
        <ErrorInfo>
          <Message>Assert.True() Failure
Expected: True
Actual:   False</Message>
          <StackTrace>   at Microsoft.Windows.Azure.Task.TRPFEAPITests.TestBase.ValidateLogOperationDefinitions(Operation logsReadOperation) in x:\bt\625418\repo\src\xstore\watask\FE\TRPFE\Test\APITests\Validators.cs:line 473
   at Microsoft.Windows.Azure.Task.TRPFEAPITests.TestBase.ValidateOperations(OperationList operationList) in x:\bt\625418\repo\src\xstore\watask\FE\TRPFE\Test\APITests\Validators.cs:line 443
   at Microsoft.Windows.Azure.Task.TRPFEAPITests.TestBase.SubmitListOperationsRequest(HttpStatusCode expectedStatusCode) in x:\bt\625418\repo\src\xstore\watask\FE\TRPFE\Test\APITests\HttpWrapper.cs:line 552
   at Microsoft.Windows.Azure.Task.TRPFEAPITests.ProviderTenantTests.ListOperations() in x:\bt\625418\repo\src\xstore\watask\FE\TRPFE\Test\APITests\ProviderTenantTests.cs:line 28</StackTrace>
        </ErrorInfo>
      </Output>
    </UnitTestResult>
    <UnitTestResult executionId="bd5eef77-f545-4b8e-bf6b-7383dc50c89a" testId="71aa99a3-1c95-45f6-b61f-e1a5fcad67ea" testName="DeleteAccountPositive" computerName="RD00155D44C34F" duration="00:00:12.5650000" startTime="2016-03-15T09:55:42.8772488+00:00" endTime="2016-03-15T09:55:42.8772488+00:00" testType="13cdc9d9-ddb5-4fa4-a97d-d965ccfc6d4b" outcome="Passed" testListId="8c84fa94-04c1-424b-9868-57a2d4851a1d" relativeResultsDirectory="bd5eef77-f545-4b8e-bf6b-7383dc50c89a">
      <Output>
        <StdOut>3/15/2016 9:55:30 AM:TRPFEAPITests, Version=8.5.0.0, Culture=neutral, PublicKeyToken=null: Assembly Init
3/15/2016 9:55:35 AM:Sleeping for 15 seconds... polling https://localhost:20204/subscriptions/e514edff-f7db-492c-8306-8f88ea924274/resourceGroups/myresources/providers/Microsoft.Batch/batchAccounts/account772060/operationResults/35d8992f-5918-45d0-96c2-4eed90cf43eb?api-version=2015-09-01
3/15/2016 9:55:39 AM:Returned account: account772060 devfabricregion  Microsoft.WindowsAzure.Task.BatchRPClient.AccountProperties
3/15/2016 9:55:39 AM:Sleeping for 15 seconds... polling https://localhost:20204/subscriptions/e514edff-f7db-492c-8306-8f88ea924274/resourceGroups/myresources/providers/Microsoft.Batch/batchAccounts/account772060/operationResults/87c03032-1d33-45ea-a34e-bd7e15adf75b?api-version=2015-09-01
3/15/2016 9:55:42 AM:DeleteAccountTests: Class Cleanup</StdOut>
      </Output>
    </UnitTestResult>
    <UnitTestResult executionId="b1bb7f2f-a00d-49db-a098-bc83fe4bfd2f" testId="12f5f5ee-a51d-4d0e-ba52-39a1ab2b8334" testName="DeleteNonexistentAccount" computerName="RD00155D44C34F" duration="00:00:00.0500000" startTime="2016-03-15T09:55:44.3812500+00:00" endTime="2016-03-15T09:55:44.3812500+00:00" testType="13cdc9d9-ddb5-4fa4-a97d-d965ccfc6d4b" outcome="Passed" testListId="8c84fa94-04c1-424b-9868-57a2d4851a1d" relativeResultsDirectory="b1bb7f2f-a00d-49db-a098-bc83fe4bfd2f">
      <Output>
        <StdOut>3/15/2016 9:55:42 AM:TRPFEAPITests, Version=8.5.0.0, Culture=neutral, PublicKeyToken=null: Assembly Init
3/15/2016 9:55:42 AM:DeleteAccountTests: Class Cleanup</StdOut>
      </Output>
    </UnitTestResult>
    <UnitTestResult executionId="94bffaaa-d09a-4bd9-b96b-5611c1d11945" testId="9a17acfc-ef5d-4902-9cc9-ddaa71480e46" testName="UpdateSubscriptionUnregisteredPositive" computerName="RD00155D44C34F" duration="00:00:10.4750000" startTime="2016-03-15T09:55:44.3812500+00:00" endTime="2016-03-15T09:55:44.3812500+00:00" testType="13cdc9d9-ddb5-4fa4-a97d-d965ccfc6d4b" outcome="Passed" testListId="8c84fa94-04c1-424b-9868-57a2d4851a1d" relativeResultsDirectory="94bffaaa-d09a-4bd9-b96b-5611c1d11945">
      <Output>
        <StdOut>3/15/2016 9:55:32 AM:TRPFEAPITests, Version=8.5.0.0, Culture=neutral, PublicKeyToken=null: Assembly Init
3/15/2016 9:55:35 AM:Sleeping for 15 seconds... polling https://localhost:20204/subscriptions/656cce41-9207-4f99-8c97-cc1a6cbc58da/resourceGroups/myresources/providers/Microsoft.Batch/batchAccounts/account884926/operationResults/8882d177-d63d-4b2d-ae77-826b67110eda?api-version=2015-09-01
3/15/2016 9:55:39 AM:Returned account: account884926 devfabricregion  Microsoft.WindowsAzure.Task.BatchRPClient.AccountProperties
3/15/2016 9:55:40 AM:HttpStatusCode Accepted received. Sleeping and retrying...
3/15/2016 9:55:43 AM:SubscriptionTests1: Class Cleanup</StdOut>
      </Output>
    </UnitTestResult>
  </Results>
  <TestDefinitions>
    <UnitTest name="GetAvailableActions" storage="f:\wd\batchservicefeaturexunitbvttests\bin\tests\watask\trpfe\trpfeapitests.dll" id="a5511e8a-b281-4821-870a-e531b0a8759d">
      <Execution id="1d7d1ac5-2a33-4059-a84d-2a2840fe75d5" />
      <TestMethod codeBase="F:\wd\BatchServicefeaturexunitbvttests\bin\Tests\WATask\TRPFE\TRPFEApiTests.dll" adapterTypeName="Microsoft.VisualStudio.TestTools.TestTypes.Unit.UnitTestAdapter" className="Microsoft.Windows.Azure.Task.TRPFEAPITests.SubscriptionTests5" name="GetAvailableActions" />
    </UnitTest>
    <UnitTest name="ListOperations" storage="f:\wd\batchservicefeaturexunitbvttests\bin\tests\watask\trpfe\trpfeapitests.dll" id="8bba7360-1968-4502-89c0-3be90fad1f1b">
      <Execution id="5c671831-f948-4f70-ba75-e201d14e20e9" />
      <TestMethod codeBase="F:\wd\BatchServicefeaturexunitbvttests\bin\Tests\WATask\TRPFE\TRPFEApiTests.dll" adapterTypeName="Microsoft.VisualStudio.TestTools.TestTypes.Unit.UnitTestAdapter" className="Microsoft.Windows.Azure.Task.TRPFEAPITests.ProviderTenantTests" name="ListOperations" />
    </UnitTest>
    <UnitTest name="DeleteAccountPositive" storage="f:\wd\batchservicefeaturexunitbvttests\bin\tests\watask\trpfe\trpfeapitests.dll" id="71aa99a3-1c95-45f6-b61f-e1a5fcad67ea">
      <Execution id="bd5eef77-f545-4b8e-bf6b-7383dc50c89a" />
      <TestMethod codeBase="F:\wd\BatchServicefeaturexunitbvttests\bin\Tests\WATask\TRPFE\TRPFEApiTests.dll" adapterTypeName="Microsoft.VisualStudio.TestTools.TestTypes.Unit.UnitTestAdapter" className="Microsoft.Windows.Azure.Task.TRPFEAPITests.DeleteAccountTests" name="DeleteAccountPositive" />
    </UnitTest>
    <UnitTest name="DeleteNonexistentAccount" storage="f:\wd\batchservicefeaturexunitbvttests\bin\tests\watask\trpfe\trpfeapitests.dll" id="12f5f5ee-a51d-4d0e-ba52-39a1ab2b8334">
      <Execution id="b1bb7f2f-a00d-49db-a098-bc83fe4bfd2f" />
      <TestMethod codeBase="F:\wd\BatchServicefeaturexunitbvttests\bin\Tests\WATask\TRPFE\TRPFEApiTests.dll" adapterTypeName="Microsoft.VisualStudio.TestTools.TestTypes.Unit.UnitTestAdapter" className="Microsoft.Windows.Azure.Task.TRPFEAPITests.DeleteAccountTests" name="DeleteNonexistentAccount" />
    </UnitTest>
    <UnitTest name="UpdateSubscriptionUnregisteredPositive" storage="f:\wd\batchservicefeaturexunitbvttests\bin\tests\watask\trpfe\trpfeapitests.dll" id="9a17acfc-ef5d-4902-9cc9-ddaa71480e46">
      <Execution id="94bffaaa-d09a-4bd9-b96b-5611c1d11945" />
      <TestMethod codeBase="F:\wd\BatchServicefeaturexunitbvttests\bin\Tests\WATask\TRPFE\TRPFEApiTests.dll" adapterTypeName="Microsoft.VisualStudio.TestTools.TestTypes.Unit.UnitTestAdapter" className="Microsoft.Windows.Azure.Task.TRPFEAPITests.SubscriptionTests1" name="UpdateSubscriptionUnregisteredPositive" />
    </UnitTest>
    <UnitTest name="UpdateSubscriptionDeleteSuspendedAccount" storage="f:\wd\batchservicefeaturexunitbvttests\bin\tests\watask\trpfe\trpfeapitests.dll" id="de8d1b27-1e7f-4fcf-96f1-ee1e9f079d0f">
      <Execution id="582c35c0-5335-4061-936e-90ff67c51537" />
      <TestMethod codeBase="F:\wd\BatchServicefeaturexunitbvttests\bin\Tests\WATask\TRPFE\TRPFEApiTests.dll" adapterTypeName="Microsoft.VisualStudio.TestTools.TestTypes.Unit.UnitTestAdapter" className="Microsoft.Windows.Azure.Task.TRPFEAPITests.SubscriptionTests2" name="UpdateSubscriptionDeleteSuspendedAccount" />
    </UnitTest>
    <UnitTest name="ListAccountsInSubscriptionWithSkipToken" storage="f:\wd\batchservicefeaturexunitbvttests\bin\tests\watask\trpfe\trpfeapitests.dll" id="52ec8578-9e2d-43d7-8cbd-4ceffae02ef9">
      <Execution id="4aeb2939-096b-4b51-a3d8-ca732cd693ea" />
      <TestMethod codeBase="F:\wd\BatchServicefeaturexunitbvttests\bin\Tests\WATask\TRPFE\TRPFEApiTests.dll" adapterTypeName="Microsoft.VisualStudio.TestTools.TestTypes.Unit.UnitTestAdapter" className="Microsoft.Windows.Azure.Task.TRPFEAPITests.SubscriptionTests5" name="ListAccountsInSubscriptionWithSkipToken" />
    </UnitTest>
    <UnitTest name="GetSubscriptionQuotas" storage="f:\wd\batchservicefeaturexunitbvttests\bin\tests\watask\trpfe\trpfeapitests.dll" id="a491bd4d-436e-4b87-8d78-908af86239a5">
      <Execution id="af89d67b-0575-4d7c-bd46-e34b89c777f3" />
      <TestMethod codeBase="F:\wd\BatchServicefeaturexunitbvttests\bin\Tests\WATask\TRPFE\TRPFEApiTests.dll" adapterTypeName="Microsoft.VisualStudio.TestTools.TestTypes.Unit.UnitTestAdapter" className="Microsoft.Windows.Azure.Task.TRPFEAPITests.SubscriptionTests5" name="GetSubscriptionQuotas" />
    </UnitTest>
    <UnitTest name="ListAccountsInDefaultSubscription" storage="f:\wd\batchservicefeaturexunitbvttests\bin\tests\watask\trpfe\trpfeapitests.dll" id="0ecf5916-4d30-4e18-bfa8-812bb61053a2">
      <Execution id="49ba98e3-bb21-44e6-9b4f-40646f1202f4" />
      <TestMethod codeBase="F:\wd\BatchServicefeaturexunitbvttests\bin\Tests\WATask\TRPFE\TRPFEApiTests.dll" adapterTypeName="Microsoft.VisualStudio.TestTools.TestTypes.Unit.UnitTestAdapter" className="Microsoft.Windows.Azure.Task.TRPFEAPITests.SubscriptionTests5" name="ListAccountsInDefaultSubscription" />
    </UnitTest>
    <UnitTest name="ListAccountsInEmptySubscription" storage="f:\wd\batchservicefeaturexunitbvttests\bin\tests\watask\trpfe\trpfeapitests.dll" id="3691092b-07d3-4663-a864-b921aa1d6406">
      <Execution id="a1077e15-ecc3-431c-b7ed-96d698eec883" />
      <TestMethod codeBase="F:\wd\BatchServicefeaturexunitbvttests\bin\Tests\WATask\TRPFE\TRPFEApiTests.dll" adapterTypeName="Microsoft.VisualStudio.TestTools.TestTypes.Unit.UnitTestAdapter" className="Microsoft.Windows.Azure.Task.TRPFEAPITests.SubscriptionTests5" name="ListAccountsInEmptySubscription" />
    </UnitTest>
    <UnitTest name="ListAccountsInSubscriptionDeletingState" storage="f:\wd\batchservicefeaturexunitbvttests\bin\tests\watask\trpfe\trpfeapitests.dll" id="e5a657d8-b80d-49f9-8791-89f92ce57f7e">
      <Execution id="b3e46d96-18c2-43a9-a89e-561e36c1e775" />
      <TestMethod codeBase="F:\wd\BatchServicefeaturexunitbvttests\bin\Tests\WATask\TRPFE\TRPFEApiTests.dll" adapterTypeName="Microsoft.VisualStudio.TestTools.TestTypes.Unit.UnitTestAdapter" className="Microsoft.Windows.Azure.Task.TRPFEAPITests.SubscriptionTests5" name="ListAccountsInSubscriptionDeletingState" />
    </UnitTest>
    <UnitTest name="UpdateSubscriptionWarnAndSuspendSingleAccount" storage="f:\wd\batchservicefeaturexunitbvttests\bin\tests\watask\trpfe\trpfeapitests.dll" id="01c726f8-c4a1-404d-bb68-5f92324c6801">
      <Execution id="28b85786-930d-4e10-b988-b1b37abdb256" />
      <TestMethod codeBase="F:\wd\BatchServicefeaturexunitbvttests\bin\Tests\WATask\TRPFE\TRPFEApiTests.dll" adapterTypeName="Microsoft.VisualStudio.TestTools.TestTypes.Unit.UnitTestAdapter" className="Microsoft.Windows.Azure.Task.TRPFEAPITests.SubscriptionTests4" name="UpdateSubscriptionWarnAndSuspendSingleAccount" />
    </UnitTest>
    <UnitTest name="RecreateDeletedAccount" storage="f:\wd\batchservicefeaturexunitbvttests\bin\tests\watask\trpfe\trpfeapitests.dll" id="eb0535f8-9a12-4201-bf7c-ff75613820ff">
      <Execution id="726fcde7-a095-4bd9-9c31-f330f64f102c" />
      <TestMethod codeBase="F:\wd\BatchServicefeaturexunitbvttests\bin\Tests\WATask\TRPFE\TRPFEApiTests.dll" adapterTypeName="Microsoft.VisualStudio.TestTools.TestTypes.Unit.UnitTestAdapter" className="Microsoft.Windows.Azure.Task.TRPFEAPITests.DeleteAccountTests" name="RecreateDeletedAccount" />
    </UnitTest>
    <UnitTest name="UpdateSubscriptionSuspendTwice" storage="f:\wd\batchservicefeaturexunitbvttests\bin\tests\watask\trpfe\trpfeapitests.dll" id="4ba3ea5b-6e30-416d-bb6b-df9fc9b2fef1">
      <Execution id="a2fd40b6-f935-4d1c-b040-8d7755a3c3d0" />
      <TestMethod codeBase="F:\wd\BatchServicefeaturexunitbvttests\bin\Tests\WATask\TRPFE\TRPFEApiTests.dll" adapterTypeName="Microsoft.VisualStudio.TestTools.TestTypes.Unit.UnitTestAdapter" className="Microsoft.Windows.Azure.Task.TRPFEAPITests.SubscriptionTests2" name="UpdateSubscriptionSuspendTwice" />
    </UnitTest>
    <UnitTest name="UpdateSubscriptionSuspendedPositive" storage="f:\wd\batchservicefeaturexunitbvttests\bin\tests\watask\trpfe\trpfeapitests.dll" id="b1bc9b80-37aa-4859-b7f7-1a5ace665626">
      <Execution id="260ede7a-23ac-438b-aa77-1dc58d99b9ee" />
      <TestMethod codeBase="F:\wd\BatchServicefeaturexunitbvttests\bin\Tests\WATask\TRPFE\TRPFEApiTests.dll" adapterTypeName="Microsoft.VisualStudio.TestTools.TestTypes.Unit.UnitTestAdapter" className="Microsoft.Windows.Azure.Task.TRPFEAPITests.SubscriptionTests1" name="UpdateSubscriptionSuspendedPositive" />
    </UnitTest>
    <UnitTest name="UpdateSubscriptionRegisteredPositive" storage="f:\wd\batchservicefeaturexunitbvttests\bin\tests\watask\trpfe\trpfeapitests.dll" id="5ed10667-5d92-44ee-b699-d9c2cacde7d4">
      <Execution id="aa2704e2-6332-49b2-b5e6-334e6fccc332" />
      <TestMethod codeBase="F:\wd\BatchServicefeaturexunitbvttests\bin\Tests\WATask\TRPFE\TRPFEApiTests.dll" adapterTypeName="Microsoft.VisualStudio.TestTools.TestTypes.Unit.UnitTestAdapter" className="Microsoft.Windows.Azure.Task.TRPFEAPITests.SubscriptionTests1" name="UpdateSubscriptionRegisteredPositive" />
    </UnitTest>
    <UnitTest name="DeleteAccountInWrongSubscription" storage="f:\wd\batchservicefeaturexunitbvttests\bin\tests\watask\trpfe\trpfeapitests.dll" id="0168fe39-c2e0-4fa4-abbc-6ba26e8bf1cc">
      <Execution id="eb6b845b-8bad-453f-b559-b387ea53e5d7" />
      <TestMethod codeBase="F:\wd\BatchServicefeaturexunitbvttests\bin\Tests\WATask\TRPFE\TRPFEApiTests.dll" adapterTypeName="Microsoft.VisualStudio.TestTools.TestTypes.Unit.UnitTestAdapter" className="Microsoft.Windows.Azure.Task.TRPFEAPITests.DeleteAccountTests" name="DeleteAccountInWrongSubscription" />
    </UnitTest>
    <UnitTest name="ListAccountsInSubscription" storage="f:\wd\batchservicefeaturexunitbvttests\bin\tests\watask\trpfe\trpfeapitests.dll" id="3898f48d-1037-4b36-b76f-2db4589056d8">
      <Execution id="c1de0700-ba28-41bc-b282-749258b61904" />
      <TestMethod codeBase="F:\wd\BatchServicefeaturexunitbvttests\bin\Tests\WATask\TRPFE\TRPFEApiTests.dll" adapterTypeName="Microsoft.VisualStudio.TestTools.TestTypes.Unit.UnitTestAdapter" className="Microsoft.Windows.Azure.Task.TRPFEAPITests.SubscriptionTests5" name="ListAccountsInSubscription" />
    </UnitTest>
    <UnitTest name="DeleteAccountInWrongResourceGroup" storage="f:\wd\batchservicefeaturexunitbvttests\bin\tests\watask\trpfe\trpfeapitests.dll" id="680d58db-7c72-4e31-a9d8-72d50c1c665c">
      <Execution id="864f1b36-c8ba-4b19-99a8-b091f32fdf25" />
      <TestMethod codeBase="F:\wd\BatchServicefeaturexunitbvttests\bin\Tests\WATask\TRPFE\TRPFEApiTests.dll" adapterTypeName="Microsoft.VisualStudio.TestTools.TestTypes.Unit.UnitTestAdapter" className="Microsoft.Windows.Azure.Task.TRPFEAPITests.DeleteAccountTests" name="DeleteAccountInWrongResourceGroup" />
    </UnitTest>
    <UnitTest name="UpdateSubscriptionDeletedPositive" storage="f:\wd\batchservicefeaturexunitbvttests\bin\tests\watask\trpfe\trpfeapitests.dll" id="e5f1ff95-c420-4bdf-9bb2-6b280c37ac5b">
      <Execution id="1357096d-a849-4bf4-ad43-6d301ac871bd" />
      <TestMethod codeBase="F:\wd\BatchServicefeaturexunitbvttests\bin\Tests\WATask\TRPFE\TRPFEApiTests.dll" adapterTypeName="Microsoft.VisualStudio.TestTools.TestTypes.Unit.UnitTestAdapter" className="Microsoft.Windows.Azure.Task.TRPFEAPITests.SubscriptionTests1" name="UpdateSubscriptionDeletedPositive" />
    </UnitTest>
    <UnitTest name="UpdateSubscriptionWarnMultipleAccounts" storage="f:\wd\batchservicefeaturexunitbvttests\bin\tests\watask\trpfe\trpfeapitests.dll" id="7522b8dd-b330-4b66-932d-cf974ed04cd6">
      <Execution id="49921f4e-813a-4871-9145-3dfb7ba0a0f7" />
      <TestMethod codeBase="F:\wd\BatchServicefeaturexunitbvttests\bin\Tests\WATask\TRPFE\TRPFEApiTests.dll" adapterTypeName="Microsoft.VisualStudio.TestTools.TestTypes.Unit.UnitTestAdapter" className="Microsoft.Windows.Azure.Task.TRPFEAPITests.SubscriptionTests4" name="UpdateSubscriptionWarnMultipleAccounts" />
    </UnitTest>
    <UnitTest name="PatchAccountEmptyTagNameOrValue" storage="f:\wd\batchservicefeaturexunitbvttests\bin\tests\watask\trpfe\trpfeapitests.dll" id="a39ffadb-f289-486a-bf4d-733fc9ca3321">
      <Execution id="dc5c4df6-d268-4e3a-8f3c-3279d2ca38ce" />
      <TestMethod codeBase="F:\wd\BatchServicefeaturexunitbvttests\bin\Tests\WATask\TRPFE\TRPFEApiTests.dll" adapterTypeName="Microsoft.VisualStudio.TestTools.TestTypes.Unit.UnitTestAdapter" className="Microsoft.Windows.Azure.Task.TRPFEAPITests.PatchAccountTests" name="PatchAccountEmptyTagNameOrValue" />
    </UnitTest>
    <UnitTest name="ReplaceAccountKeysWrongSubscription" storage="f:\wd\batchservicefeaturexunitbvttests\bin\tests\watask\trpfe\trpfeapitests.dll" id="1efbc46e-1ecc-4dc7-9e61-075c04529411">
      <Execution id="c946a5ac-b2f9-458c-ab33-adb18593a651" />
      <TestMethod codeBase="F:\wd\BatchServicefeaturexunitbvttests\bin\Tests\WATask\TRPFE\TRPFEApiTests.dll" adapterTypeName="Microsoft.VisualStudio.TestTools.TestTypes.Unit.UnitTestAdapter" className="Microsoft.Windows.Azure.Task.TRPFEAPITests.AccountKeyTests" name="ReplaceAccountKeysWrongSubscription" />
    </UnitTest>
    <UnitTest name="ReplaceAccountKeysAccountDoesNotExist" storage="f:\wd\batchservicefeaturexunitbvttests\bin\tests\watask\trpfe\trpfeapitests.dll" id="a44c73c4-c8ff-4a9b-93ee-57eeaa715d79">
      <Execution id="fc468b18-63e3-421d-ba0b-8eb49f112a3b" />
      <TestMethod codeBase="F:\wd\BatchServicefeaturexunitbvttests\bin\Tests\WATask\TRPFE\TRPFEApiTests.dll" adapterTypeName="Microsoft.VisualStudio.TestTools.TestTypes.Unit.UnitTestAdapter" className="Microsoft.Windows.Azure.Task.TRPFEAPITests.AccountKeyTests" name="ReplaceAccountKeysAccountDoesNotExist" />
    </UnitTest>
    <UnitTest name="CreateAccountWithTagsAndProperties" storage="f:\wd\batchservicefeaturexunitbvttests\bin\tests\watask\trpfe\trpfeapitests.dll" id="10659b6e-0fd8-4272-8914-cc8f1eded1fe">
      <Execution id="0083ea43-3b18-4c8b-a4f4-a28b230f0a23" />
      <TestMethod codeBase="F:\wd\BatchServicefeaturexunitbvttests\bin\Tests\WATask\TRPFE\TRPFEApiTests.dll" adapterTypeName="Microsoft.VisualStudio.TestTools.TestTypes.Unit.UnitTestAdapter" className="Microsoft.Windows.Azure.Task.TRPFEAPITests.CreateAccountTests" name="CreateAccountWithTagsAndProperties" />
    </UnitTest>
    <UnitTest name="UpdateSubscriptionDeleteSuspendedSubscription" storage="f:\wd\batchservicefeaturexunitbvttests\bin\tests\watask\trpfe\trpfeapitests.dll" id="6ce87dd0-a80f-4b95-9219-47e6408c1129">
      <Execution id="8019e609-ba25-4adb-8c4f-2beba8aa453f" />
      <TestMethod codeBase="F:\wd\BatchServicefeaturexunitbvttests\bin\Tests\WATask\TRPFE\TRPFEApiTests.dll" adapterTypeName="Microsoft.VisualStudio.TestTools.TestTypes.Unit.UnitTestAdapter" className="Microsoft.Windows.Azure.Task.TRPFEAPITests.SubscriptionTests2" name="UpdateSubscriptionDeleteSuspendedSubscription" />
    </UnitTest>
    <UnitTest name="PatchAccountReadOnlyProperties" storage="f:\wd\batchservicefeaturexunitbvttests\bin\tests\watask\trpfe\trpfeapitests.dll" id="9b8ca8da-9a4f-4b51-9dc7-4aefa8a72c27">
      <Execution id="8fff5c9d-e196-4992-9ad0-7da58892271b" />
      <TestMethod codeBase="F:\wd\BatchServicefeaturexunitbvttests\bin\Tests\WATask\TRPFE\TRPFEApiTests.dll" adapterTypeName="Microsoft.VisualStudio.TestTools.TestTypes.Unit.UnitTestAdapter" className="Microsoft.Windows.Azure.Task.TRPFEAPITests.PatchAccountTests" name="PatchAccountReadOnlyProperties" />
    </UnitTest>
    <UnitTest name="PatchAccountNonexistentAccount" storage="f:\wd\batchservicefeaturexunitbvttests\bin\tests\watask\trpfe\trpfeapitests.dll" id="594d5662-8ae4-4eb2-8d16-d323098f56ff">
      <Execution id="b15c0421-5d53-4911-8d91-a72a889c8195" />
      <TestMethod codeBase="F:\wd\BatchServicefeaturexunitbvttests\bin\Tests\WATask\TRPFE\TRPFEApiTests.dll" adapterTypeName="Microsoft.VisualStudio.TestTools.TestTypes.Unit.UnitTestAdapter" className="Microsoft.Windows.Azure.Task.TRPFEAPITests.PatchAccountTests" name="PatchAccountNonexistentAccount" />
    </UnitTest>
    <UnitTest name="GetAccountKeysPositive" storage="f:\wd\batchservicefeaturexunitbvttests\bin\tests\watask\trpfe\trpfeapitests.dll" id="e7f02e43-f4f0-4754-9324-55cd35a6d4b5">
      <Execution id="45ed9a80-1368-4886-b912-1411984e2a99" />
      <TestMethod codeBase="F:\wd\BatchServicefeaturexunitbvttests\bin\Tests\WATask\TRPFE\TRPFEApiTests.dll" adapterTypeName="Microsoft.VisualStudio.TestTools.TestTypes.Unit.UnitTestAdapter" className="Microsoft.Windows.Azure.Task.TRPFEAPITests.AccountKeyTests" name="GetAccountKeysPositive" />
    </UnitTest>
    <UnitTest name="PatchAccountPositive" storage="f:\wd\batchservicefeaturexunitbvttests\bin\tests\watask\trpfe\trpfeapitests.dll" id="1619794f-097b-4022-9c36-ee94517f8a50">
      <Execution id="39c87650-5e3b-4ae4-8648-04fece9816bf" />
      <TestMethod codeBase="F:\wd\BatchServicefeaturexunitbvttests\bin\Tests\WATask\TRPFE\TRPFEApiTests.dll" adapterTypeName="Microsoft.VisualStudio.TestTools.TestTypes.Unit.UnitTestAdapter" className="Microsoft.Windows.Azure.Task.TRPFEAPITests.PatchAccountTests" name="PatchAccountPositive" />
    </UnitTest>
    <UnitTest name="GetAccountKeysWrongSubscription" storage="f:\wd\batchservicefeaturexunitbvttests\bin\tests\watask\trpfe\trpfeapitests.dll" id="ed14921b-17b2-41b6-a31a-f6a0d9b7cf01">
      <Execution id="588a0a52-2269-4983-9431-5aca4422f11c" />
      <TestMethod codeBase="F:\wd\BatchServicefeaturexunitbvttests\bin\Tests\WATask\TRPFE\TRPFEApiTests.dll" adapterTypeName="Microsoft.VisualStudio.TestTools.TestTypes.Unit.UnitTestAdapter" className="Microsoft.Windows.Azure.Task.TRPFEAPITests.AccountKeyTests" name="GetAccountKeysWrongSubscription" />
    </UnitTest>
    <UnitTest name="PatchAccountAlreadyExistsInDifferentResourceGroup" storage="f:\wd\batchservicefeaturexunitbvttests\bin\tests\watask\trpfe\trpfeapitests.dll" id="8a94c2f9-fb3a-4a9e-900f-3cc4007d83f0">
      <Execution id="74ffdb5b-3ff4-4f25-8263-e20f041d3dae" />
      <TestMethod codeBase="F:\wd\BatchServicefeaturexunitbvttests\bin\Tests\WATask\TRPFE\TRPFEApiTests.dll" adapterTypeName="Microsoft.VisualStudio.TestTools.TestTypes.Unit.UnitTestAdapter" className="Microsoft.Windows.Azure.Task.TRPFEAPITests.PatchAccountTests" name="PatchAccountAlreadyExistsInDifferentResourceGroup" />
    </UnitTest>
    <UnitTest name="ReplaceAccountKeysPositive" storage="f:\wd\batchservicefeaturexunitbvttests\bin\tests\watask\trpfe\trpfeapitests.dll" id="784e80bd-7bff-455b-8854-75d456f39bbe">
      <Execution id="35def0e6-6d80-481d-bc2c-26f41685e9d4" />
      <TestMethod codeBase="F:\wd\BatchServicefeaturexunitbvttests\bin\Tests\WATask\TRPFE\TRPFEApiTests.dll" adapterTypeName="Microsoft.VisualStudio.TestTools.TestTypes.Unit.UnitTestAdapter" className="Microsoft.Windows.Azure.Task.TRPFEAPITests.AccountKeyTests" name="ReplaceAccountKeysPositive" />
    </UnitTest>
    <UnitTest name="UpdateSubscriptionWarnAndUnsuspendeSingleAccount" storage="f:\wd\batchservicefeaturexunitbvttests\bin\tests\watask\trpfe\trpfeapitests.dll" id="6c58e51b-740b-4291-9db5-7470a13ac1a2">
      <Execution id="1342252a-2d6b-4862-a00b-e77af4d3efea" />
      <TestMethod codeBase="F:\wd\BatchServicefeaturexunitbvttests\bin\Tests\WATask\TRPFE\TRPFEApiTests.dll" adapterTypeName="Microsoft.VisualStudio.TestTools.TestTypes.Unit.UnitTestAdapter" className="Microsoft.Windows.Azure.Task.TRPFEAPITests.SubscriptionTests4" name="UpdateSubscriptionWarnAndUnsuspendeSingleAccount" />
    </UnitTest>
    <UnitTest name="MigrateSubscriptionMultipleResourceGroups" storage="f:\wd\batchservicefeaturexunitbvttests\bin\tests\watask\trpfe\trpfeapitests.dll" id="5a9d31c7-2f63-4d98-a518-d5cf6a76b6a8">
      <Execution id="ae3afe3e-836e-4e46-a66e-f1120d81274f" />
      <TestMethod codeBase="F:\wd\BatchServicefeaturexunitbvttests\bin\Tests\WATask\TRPFE\TRPFEApiTests.dll" adapterTypeName="Microsoft.VisualStudio.TestTools.TestTypes.Unit.UnitTestAdapter" className="Microsoft.Windows.Azure.Task.TRPFEAPITests.SubscriptionTests4" name="MigrateSubscriptionMultipleResourceGroups" />
    </UnitTest>
    <UnitTest name="PatchAccountAlreadyExistsInDifferentSubscription" storage="f:\wd\batchservicefeaturexunitbvttests\bin\tests\watask\trpfe\trpfeapitests.dll" id="079b2de0-29d5-4132-b6a4-c7b370b03c2d">
      <Execution id="3b9566a1-1a35-48f7-94d0-9153e3f714e5" />
      <TestMethod codeBase="F:\wd\BatchServicefeaturexunitbvttests\bin\Tests\WATask\TRPFE\TRPFEApiTests.dll" adapterTypeName="Microsoft.VisualStudio.TestTools.TestTypes.Unit.UnitTestAdapter" className="Microsoft.Windows.Azure.Task.TRPFEAPITests.PatchAccountTests" name="PatchAccountAlreadyExistsInDifferentSubscription" />
    </UnitTest>
    <UnitTest name="SubmitInvalidRequestTest" storage="f:\wd\batchservicefeaturexunitbvttests\bin\tests\watask\trpfe\trpfeapitests.dll" id="3fe238e3-7e23-4a64-b40c-3959253d7551">
      <Execution id="47404d46-d518-46dc-9b00-838d38a94f80" />
      <TestMethod codeBase="F:\wd\BatchServicefeaturexunitbvttests\bin\Tests\WATask\TRPFE\TRPFEApiTests.dll" adapterTypeName="Microsoft.VisualStudio.TestTools.TestTypes.Unit.UnitTestAdapter" className="Microsoft.Windows.Azure.Task.TRPFEAPITests.InvalidRequestTests" name="SubmitInvalidRequestTest" />
    </UnitTest>
    <UnitTest name="SubmitUnauthenticatedRequestTest" storage="f:\wd\batchservicefeaturexunitbvttests\bin\tests\watask\trpfe\trpfeapitests.dll" id="1bbfac65-1005-4b58-b401-4f2f10fb0be8">
      <Execution id="c482081e-9bfe-47cf-b48c-606af8a0fbc9" />
      <TestMethod codeBase="F:\wd\BatchServicefeaturexunitbvttests\bin\Tests\WATask\TRPFE\TRPFEApiTests.dll" adapterTypeName="Microsoft.VisualStudio.TestTools.TestTypes.Unit.UnitTestAdapter" className="Microsoft.Windows.Azure.Task.TRPFEAPITests.InvalidRequestTests" name="SubmitUnauthenticatedRequestTest" />
    </UnitTest>
    <UnitTest name="GetAccountKeysWrongResourceGroup" storage="f:\wd\batchservicefeaturexunitbvttests\bin\tests\watask\trpfe\trpfeapitests.dll" id="d1901e15-4f70-4805-ad21-9dc8c488e68a">
      <Execution id="80889a27-ce62-419e-a883-ac5f04212fcf" />
      <TestMethod codeBase="F:\wd\BatchServicefeaturexunitbvttests\bin\Tests\WATask\TRPFE\TRPFEApiTests.dll" adapterTypeName="Microsoft.VisualStudio.TestTools.TestTypes.Unit.UnitTestAdapter" className="Microsoft.Windows.Azure.Task.TRPFEAPITests.AccountKeyTests" name="GetAccountKeysWrongResourceGroup" />
    </UnitTest>
    <UnitTest name="GetAccountKeysDefaultAccounts" storage="f:\wd\batchservicefeaturexunitbvttests\bin\tests\watask\trpfe\trpfeapitests.dll" id="275475d6-53af-4c58-b284-bc11ac39cc5d">
      <Execution id="735beb33-9ebb-4800-8dda-ae0527ae35b2" />
      <TestMethod codeBase="F:\wd\BatchServicefeaturexunitbvttests\bin\Tests\WATask\TRPFE\TRPFEApiTests.dll" adapterTypeName="Microsoft.VisualStudio.TestTools.TestTypes.Unit.UnitTestAdapter" className="Microsoft.Windows.Azure.Task.TRPFEAPITests.AccountKeyTests" name="GetAccountKeysDefaultAccounts" />
    </UnitTest>
    <UnitTest name="GetAccountKeysAccountDoesNotExist" storage="f:\wd\batchservicefeaturexunitbvttests\bin\tests\watask\trpfe\trpfeapitests.dll" id="aba6ef8e-b21c-4a60-b13f-68526fb21f32">
      <Execution id="f2229968-f529-46cc-b7e1-0a6e0e0f1ccf" />
      <TestMethod codeBase="F:\wd\BatchServicefeaturexunitbvttests\bin\Tests\WATask\TRPFE\TRPFEApiTests.dll" adapterTypeName="Microsoft.VisualStudio.TestTools.TestTypes.Unit.UnitTestAdapter" className="Microsoft.Windows.Azure.Task.TRPFEAPITests.AccountKeyTests" name="GetAccountKeysAccountDoesNotExist" />
    </UnitTest>
    <UnitTest name="UpdateSubscriptionUnsuspendedPositive" storage="f:\wd\batchservicefeaturexunitbvttests\bin\tests\watask\trpfe\trpfeapitests.dll" id="3c25c93b-628d-4795-aa97-998d45cd365b">
      <Execution id="10f64742-ed56-4f56-ade3-d9e9c3df224c" />
      <TestMethod codeBase="F:\wd\BatchServicefeaturexunitbvttests\bin\Tests\WATask\TRPFE\TRPFEApiTests.dll" adapterTypeName="Microsoft.VisualStudio.TestTools.TestTypes.Unit.UnitTestAdapter" className="Microsoft.Windows.Azure.Task.TRPFEAPITests.SubscriptionTests2" name="UpdateSubscriptionUnsuspendedPositive" />
    </UnitTest>
    <UnitTest name="GetAccountInWrongResourceGroup" storage="f:\wd\batchservicefeaturexunitbvttests\bin\tests\watask\trpfe\trpfeapitests.dll" id="d71337d6-34f1-4fc2-8949-73a64f83930c">
      <Execution id="1972eca6-1d69-456c-8239-8a80e3f40235" />
      <TestMethod codeBase="F:\wd\BatchServicefeaturexunitbvttests\bin\Tests\WATask\TRPFE\TRPFEApiTests.dll" adapterTypeName="Microsoft.VisualStudio.TestTools.TestTypes.Unit.UnitTestAdapter" className="Microsoft.Windows.Azure.Task.TRPFEAPITests.GetAccountTests" name="GetAccountInWrongResourceGroup" />
    </UnitTest>
    <UnitTest name="ReplaceAccountKeysWrongResourceGroup" storage="f:\wd\batchservicefeaturexunitbvttests\bin\tests\watask\trpfe\trpfeapitests.dll" id="34223bf9-87d9-46e0-945d-c41c37f1c6fc">
      <Execution id="2696f3a5-0d37-4085-8ccd-c8b01395aec6" />
      <TestMethod codeBase="F:\wd\BatchServicefeaturexunitbvttests\bin\Tests\WATask\TRPFE\TRPFEApiTests.dll" adapterTypeName="Microsoft.VisualStudio.TestTools.TestTypes.Unit.UnitTestAdapter" className="Microsoft.Windows.Azure.Task.TRPFEAPITests.AccountKeyTests" name="ReplaceAccountKeysWrongResourceGroup" />
    </UnitTest>
    <UnitTest name="GetAccountPositive" storage="f:\wd\batchservicefeaturexunitbvttests\bin\tests\watask\trpfe\trpfeapitests.dll" id="8de994c1-08e5-42e0-a8f8-597841110eaf">
      <Execution id="79d164a5-0244-4a58-90fb-48218f7756c4" />
      <TestMethod codeBase="F:\wd\BatchServicefeaturexunitbvttests\bin\Tests\WATask\TRPFE\TRPFEApiTests.dll" adapterTypeName="Microsoft.VisualStudio.TestTools.TestTypes.Unit.UnitTestAdapter" className="Microsoft.Windows.Azure.Task.TRPFEAPITests.GetAccountTests" name="GetAccountPositive" />
    </UnitTest>
    <UnitTest name="ChangeResourceGroupPositive" storage="f:\wd\batchservicefeaturexunitbvttests\bin\tests\watask\trpfe\trpfeapitests.dll" id="e142a24b-4483-4828-a335-390c015e1560">
      <Execution id="606f76cd-5424-4405-94cc-e0ba6267fed8" />
      <TestMethod codeBase="F:\wd\BatchServicefeaturexunitbvttests\bin\Tests\WATask\TRPFE\TRPFEApiTests.dll" adapterTypeName="Microsoft.VisualStudio.TestTools.TestTypes.Unit.UnitTestAdapter" className="Microsoft.Windows.Azure.Task.TRPFEAPITests.UpdateAccountTests" name="ChangeResourceGroupPositive" />
    </UnitTest>
    <UnitTest name="CreateAccountSubscriptionLimitExceeded" storage="f:\wd\batchservicefeaturexunitbvttests\bin\tests\watask\trpfe\trpfeapitests.dll" id="689a4a62-285b-49d5-a5a8-aaf0bdf24a3c">
      <Execution id="67a34ee0-e06c-4efb-a97b-c55526d68208" />
      <TestMethod codeBase="F:\wd\BatchServicefeaturexunitbvttests\bin\Tests\WATask\TRPFE\TRPFEApiTests.dll" adapterTypeName="Microsoft.VisualStudio.TestTools.TestTypes.Unit.UnitTestAdapter" className="Microsoft.Windows.Azure.Task.TRPFEAPITests.CreateAccountTests" name="CreateAccountSubscriptionLimitExceeded" />
    </UnitTest>
    <UnitTest name="ListAccountsInTwoResourceGroups" storage="f:\wd\batchservicefeaturexunitbvttests\bin\tests\watask\trpfe\trpfeapitests.dll" id="8131e813-6f82-4630-a8dc-b07cb4d83274">
      <Execution id="72932e01-4136-4996-a41f-7783c8bbdc50" />
      <TestMethod codeBase="F:\wd\BatchServicefeaturexunitbvttests\bin\Tests\WATask\TRPFE\TRPFEApiTests.dll" adapterTypeName="Microsoft.VisualStudio.TestTools.TestTypes.Unit.UnitTestAdapter" className="Microsoft.Windows.Azure.Task.TRPFEAPITests.ResourceGroupTests1" name="ListAccountsInTwoResourceGroups" />
    </UnitTest>
    <UnitTest name="GetAccountInWrongSubscription" storage="f:\wd\batchservicefeaturexunitbvttests\bin\tests\watask\trpfe\trpfeapitests.dll" id="75f94f07-4a09-4500-be30-86eb8ca832ba">
      <Execution id="aa066614-22cc-48ab-ab4f-5cbaa8e3e7d7" />
      <TestMethod codeBase="F:\wd\BatchServicefeaturexunitbvttests\bin\Tests\WATask\TRPFE\TRPFEApiTests.dll" adapterTypeName="Microsoft.VisualStudio.TestTools.TestTypes.Unit.UnitTestAdapter" className="Microsoft.Windows.Azure.Task.TRPFEAPITests.GetAccountTests" name="GetAccountInWrongSubscription" />
    </UnitTest>
    <UnitTest name="GetNonexistentAccount" storage="f:\wd\batchservicefeaturexunitbvttests\bin\tests\watask\trpfe\trpfeapitests.dll" id="0b49b5c1-b991-4a5c-9bf2-4da9d60d101e">
      <Execution id="ec323906-e634-4d86-bd79-c093a8212400" />
      <TestMethod codeBase="F:\wd\BatchServicefeaturexunitbvttests\bin\Tests\WATask\TRPFE\TRPFEApiTests.dll" adapterTypeName="Microsoft.VisualStudio.TestTools.TestTypes.Unit.UnitTestAdapter" className="Microsoft.Windows.Azure.Task.TRPFEAPITests.GetAccountTests" name="GetNonexistentAccount" />
    </UnitTest>
    <UnitTest name="GetAccountInDefaultResourceGroup" storage="f:\wd\batchservicefeaturexunitbvttests\bin\tests\watask\trpfe\trpfeapitests.dll" id="540cd391-afad-478a-9ac6-bb2016e281ba">
      <Execution id="b652f809-2297-4c38-8da2-01613a77fc57" />
      <TestMethod codeBase="F:\wd\BatchServicefeaturexunitbvttests\bin\Tests\WATask\TRPFE\TRPFEApiTests.dll" adapterTypeName="Microsoft.VisualStudio.TestTools.TestTypes.Unit.UnitTestAdapter" className="Microsoft.Windows.Azure.Task.TRPFEAPITests.GetAccountTests" name="GetAccountInDefaultResourceGroup" />
    </UnitTest>
    <UnitTest name="CreateAccountAlreadyExistsInDifferentSubscription" storage="f:\wd\batchservicefeaturexunitbvttests\bin\tests\watask\trpfe\trpfeapitests.dll" id="ee5c45e0-a73e-4420-b37f-3ac35650f37d">
      <Execution id="0d272d94-5326-43cd-8d2d-b1b813c1b072" />
      <TestMethod codeBase="F:\wd\BatchServicefeaturexunitbvttests\bin\Tests\WATask\TRPFE\TRPFEApiTests.dll" adapterTypeName="Microsoft.VisualStudio.TestTools.TestTypes.Unit.UnitTestAdapter" className="Microsoft.Windows.Azure.Task.TRPFEAPITests.CreateAccountTests" name="CreateAccountAlreadyExistsInDifferentSubscription" />
    </UnitTest>
    <UnitTest name="CreateAccountReadOnlyProperties" storage="f:\wd\batchservicefeaturexunitbvttests\bin\tests\watask\trpfe\trpfeapitests.dll" id="9842caa9-495c-48e6-ad88-3e23f003c16b">
      <Execution id="d7fa0c44-8650-4eb0-90ca-cf303ae6181e" />
      <TestMethod codeBase="F:\wd\BatchServicefeaturexunitbvttests\bin\Tests\WATask\TRPFE\TRPFEApiTests.dll" adapterTypeName="Microsoft.VisualStudio.TestTools.TestTypes.Unit.UnitTestAdapter" className="Microsoft.Windows.Azure.Task.TRPFEAPITests.CreateAccountTests" name="CreateAccountReadOnlyProperties" />
    </UnitTest>
    <UnitTest name="CreateAccountInvalidAccountName" storage="f:\wd\batchservicefeaturexunitbvttests\bin\tests\watask\trpfe\trpfeapitests.dll" id="77882332-e069-4c2d-b8aa-ec9b7d252162">
      <Execution id="7988b819-03e9-4d8d-b6cc-03187f7e5bc1" />
      <TestMethod codeBase="F:\wd\BatchServicefeaturexunitbvttests\bin\Tests\WATask\TRPFE\TRPFEApiTests.dll" adapterTypeName="Microsoft.VisualStudio.TestTools.TestTypes.Unit.UnitTestAdapter" className="Microsoft.Windows.Azure.Task.TRPFEAPITests.CreateAccountTests" name="CreateAccountInvalidAccountName" />
    </UnitTest>
    <UnitTest name="GetAccountQuotas" storage="f:\wd\batchservicefeaturexunitbvttests\bin\tests\watask\trpfe\trpfeapitests.dll" id="a5313e82-79a3-4155-9ddd-9c00d92c9786">
      <Execution id="66b7bf5f-ceaa-4bc9-a79c-11b91647192f" />
      <TestMethod codeBase="F:\wd\BatchServicefeaturexunitbvttests\bin\Tests\WATask\TRPFE\TRPFEApiTests.dll" adapterTypeName="Microsoft.VisualStudio.TestTools.TestTypes.Unit.UnitTestAdapter" className="Microsoft.Windows.Azure.Task.TRPFEAPITests.GetAccountTests" name="GetAccountQuotas" />
    </UnitTest>
    <UnitTest name="CreateAccountWithEmptyTagsAndProperties" storage="f:\wd\batchservicefeaturexunitbvttests\bin\tests\watask\trpfe\trpfeapitests.dll" id="27ee384a-f752-4d6b-bc13-b8e5f40fb2a3">
      <Execution id="f0af5619-7f79-49c6-a6b1-c977b03d1dc9" />
      <TestMethod codeBase="F:\wd\BatchServicefeaturexunitbvttests\bin\Tests\WATask\TRPFE\TRPFEApiTests.dll" adapterTypeName="Microsoft.VisualStudio.TestTools.TestTypes.Unit.UnitTestAdapter" className="Microsoft.Windows.Azure.Task.TRPFEAPITests.CreateAccountTests" name="CreateAccountWithEmptyTagsAndProperties" />
    </UnitTest>
    <UnitTest name="CreateAccountDnsNameAlreadyTakenInDifferentGeoRegion" storage="f:\wd\batchservicefeaturexunitbvttests\bin\tests\watask\trpfe\trpfeapitests.dll" id="60646f4f-94c3-49a9-842a-639c93fc5421">
      <Execution id="7543d816-094b-4b5c-a020-3d3d4ded2cfd" />
      <TestMethod codeBase="F:\wd\BatchServicefeaturexunitbvttests\bin\Tests\WATask\TRPFE\TRPFEApiTests.dll" adapterTypeName="Microsoft.VisualStudio.TestTools.TestTypes.Unit.UnitTestAdapter" className="Microsoft.Windows.Azure.Task.TRPFEAPITests.CreateAccountTests" name="CreateAccountDnsNameAlreadyTakenInDifferentGeoRegion" />
    </UnitTest>
    <UnitTest name="ListAccountsInResourceGroupPositive" storage="f:\wd\batchservicefeaturexunitbvttests\bin\tests\watask\trpfe\trpfeapitests.dll" id="2b47c643-685d-4f25-b01b-044bc9397eac">
      <Execution id="bbc9442e-6ec2-49ab-b973-8376ed20da01" />
      <TestMethod codeBase="F:\wd\BatchServicefeaturexunitbvttests\bin\Tests\WATask\TRPFE\TRPFEApiTests.dll" adapterTypeName="Microsoft.VisualStudio.TestTools.TestTypes.Unit.UnitTestAdapter" className="Microsoft.Windows.Azure.Task.TRPFEAPITests.ResourceGroupTests1" name="ListAccountsInResourceGroupPositive" />
    </UnitTest>
    <UnitTest name="UpdateSubscriptionUnsuspendMultipleAccounts" storage="f:\wd\batchservicefeaturexunitbvttests\bin\tests\watask\trpfe\trpfeapitests.dll" id="2d843b67-791b-4278-9211-98df7790f8b1">
      <Execution id="ddc1a641-dc84-4b44-9af9-78bf601fe89c" />
      <TestMethod codeBase="F:\wd\BatchServicefeaturexunitbvttests\bin\Tests\WATask\TRPFE\TRPFEApiTests.dll" adapterTypeName="Microsoft.VisualStudio.TestTools.TestTypes.Unit.UnitTestAdapter" className="Microsoft.Windows.Azure.Task.TRPFEAPITests.SubscriptionTests3" name="UpdateSubscriptionUnsuspendMultipleAccounts" />
    </UnitTest>
    <UnitTest name="CreateAccountSubscriptionLimitExceededParallel" storage="f:\wd\batchservicefeaturexunitbvttests\bin\tests\watask\trpfe\trpfeapitests.dll" id="8300d68f-5860-409a-8fcd-f396de89fbc9">
      <Execution id="f3bee3c6-1235-469f-bced-d6bf4a8955dc" />
      <TestMethod codeBase="F:\wd\BatchServicefeaturexunitbvttests\bin\Tests\WATask\TRPFE\TRPFEApiTests.dll" adapterTypeName="Microsoft.VisualStudio.TestTools.TestTypes.Unit.UnitTestAdapter" className="Microsoft.Windows.Azure.Task.TRPFEAPITests.CreateAccountTests" name="CreateAccountSubscriptionLimitExceededParallel" />
    </UnitTest>
    <UnitTest name="CreateAccountUpdateExistingAccount" storage="f:\wd\batchservicefeaturexunitbvttests\bin\tests\watask\trpfe\trpfeapitests.dll" id="566e6361-1aff-4c8c-8d21-1d950395b961">
      <Execution id="f3acc7a4-85ff-410e-b0ea-c1fe92dfd503" />
      <TestMethod codeBase="F:\wd\BatchServicefeaturexunitbvttests\bin\Tests\WATask\TRPFE\TRPFEApiTests.dll" adapterTypeName="Microsoft.VisualStudio.TestTools.TestTypes.Unit.UnitTestAdapter" className="Microsoft.Windows.Azure.Task.TRPFEAPITests.CreateAccountTests" name="CreateAccountUpdateExistingAccount" />
    </UnitTest>
    <UnitTest name="UpdateSubscriptionSuspendMultipleAccounts" storage="f:\wd\batchservicefeaturexunitbvttests\bin\tests\watask\trpfe\trpfeapitests.dll" id="f16b38ba-4110-4312-b88a-e4c333f9bcc3">
      <Execution id="cd0b2742-c9f8-4669-ac59-96e6a1924ee8" />
      <TestMethod codeBase="F:\wd\BatchServicefeaturexunitbvttests\bin\Tests\WATask\TRPFE\TRPFEApiTests.dll" adapterTypeName="Microsoft.VisualStudio.TestTools.TestTypes.Unit.UnitTestAdapter" className="Microsoft.Windows.Azure.Task.TRPFEAPITests.SubscriptionTests3" name="UpdateSubscriptionSuspendMultipleAccounts" />
    </UnitTest>
    <UnitTest name="MoveResourcesWithMultipleAccounts" storage="f:\wd\batchservicefeaturexunitbvttests\bin\tests\watask\trpfe\trpfeapitests.dll" id="593dfc25-6df8-4249-9985-dee9bcba73f5">
      <Execution id="78b8bcf9-31a1-4c75-bcee-d6121394a02e" />
      <TestMethod codeBase="F:\wd\BatchServicefeaturexunitbvttests\bin\Tests\WATask\TRPFE\TRPFEApiTests.dll" adapterTypeName="Microsoft.VisualStudio.TestTools.TestTypes.Unit.UnitTestAdapter" className="Microsoft.Windows.Azure.Task.TRPFEAPITests.ResourceGroupTests2" name="MoveResourcesWithMultipleAccounts" />
    </UnitTest>
    <UnitTest name="UpdateSubscriptionDeleteMultipleAccounts" storage="f:\wd\batchservicefeaturexunitbvttests\bin\tests\watask\trpfe\trpfeapitests.dll" id="10fc9674-5774-4d5f-b237-596e751d3b8a">
      <Execution id="ab7945ca-5dc2-4988-a924-17df4718d002" />
      <TestMethod codeBase="F:\wd\BatchServicefeaturexunitbvttests\bin\Tests\WATask\TRPFE\TRPFEApiTests.dll" adapterTypeName="Microsoft.VisualStudio.TestTools.TestTypes.Unit.UnitTestAdapter" className="Microsoft.Windows.Azure.Task.TRPFEAPITests.SubscriptionTests3" name="UpdateSubscriptionDeleteMultipleAccounts" />
    </UnitTest>
    <UnitTest name="CreateAccountSubscriptionLimitExceededDeleteThenCreateAgain" storage="f:\wd\batchservicefeaturexunitbvttests\bin\tests\watask\trpfe\trpfeapitests.dll" id="efc7a140-79fe-42a4-a063-5b9c280eff9b">
      <Execution id="d62df301-e658-4b46-8243-9490efcdd8bc" />
      <TestMethod codeBase="F:\wd\BatchServicefeaturexunitbvttests\bin\Tests\WATask\TRPFE\TRPFEApiTests.dll" adapterTypeName="Microsoft.VisualStudio.TestTools.TestTypes.Unit.UnitTestAdapter" className="Microsoft.Windows.Azure.Task.TRPFEAPITests.CreateAccountTests" name="CreateAccountSubscriptionLimitExceededDeleteThenCreateAgain" />
    </UnitTest>
    <UnitTest name="CreateAccountInvalidGeoRegion" storage="f:\wd\batchservicefeaturexunitbvttests\bin\tests\watask\trpfe\trpfeapitests.dll" id="cab4e3f5-3c48-43bf-b351-6b0825250c01">
      <Execution id="d17d83a3-1e3b-45e1-b5a4-d8f0263f5bfb" />
      <TestMethod codeBase="F:\wd\BatchServicefeaturexunitbvttests\bin\Tests\WATask\TRPFE\TRPFEApiTests.dll" adapterTypeName="Microsoft.VisualStudio.TestTools.TestTypes.Unit.UnitTestAdapter" className="Microsoft.Windows.Azure.Task.TRPFEAPITests.CreateAccountTests" name="CreateAccountInvalidGeoRegion" />
    </UnitTest>
    <UnitTest name="MoveResourcesNegative" storage="f:\wd\batchservicefeaturexunitbvttests\bin\tests\watask\trpfe\trpfeapitests.dll" id="f178d6b2-d653-46a1-b80c-f018faf12ea5">
      <Execution id="4eeca294-e410-4e81-8539-c9b0bcdc5eb9" />
      <TestMethod codeBase="F:\wd\BatchServicefeaturexunitbvttests\bin\Tests\WATask\TRPFE\TRPFEApiTests.dll" adapterTypeName="Microsoft.VisualStudio.TestTools.TestTypes.Unit.UnitTestAdapter" className="Microsoft.Windows.Azure.Task.TRPFEAPITests.ResourceGroupTests2" name="MoveResourcesNegative" />
    </UnitTest>
    <UnitTest name="CreateAccountWithLongTagsAndProperties" storage="f:\wd\batchservicefeaturexunitbvttests\bin\tests\watask\trpfe\trpfeapitests.dll" id="9b67c4a4-aa4f-4cc1-80eb-9fdb3f576f33">
      <Execution id="2b44f29a-1dfb-49dc-953b-30369f7e3987" />
      <TestMethod codeBase="F:\wd\BatchServicefeaturexunitbvttests\bin\Tests\WATask\TRPFE\TRPFEApiTests.dll" adapterTypeName="Microsoft.VisualStudio.TestTools.TestTypes.Unit.UnitTestAdapter" className="Microsoft.Windows.Azure.Task.TRPFEAPITests.CreateAccountTests" name="CreateAccountWithLongTagsAndProperties" />
    </UnitTest>
    <UnitTest name="CreateAccountAlreadyExistsInDifferentResourceGroup" storage="f:\wd\batchservicefeaturexunitbvttests\bin\tests\watask\trpfe\trpfeapitests.dll" id="b06d16d7-d967-4682-a762-dfe1806cbfa9">
      <Execution id="379d51d8-6530-499b-80a8-441298979197" />
      <TestMethod codeBase="F:\wd\BatchServicefeaturexunitbvttests\bin\Tests\WATask\TRPFE\TRPFEApiTests.dll" adapterTypeName="Microsoft.VisualStudio.TestTools.TestTypes.Unit.UnitTestAdapter" className="Microsoft.Windows.Azure.Task.TRPFEAPITests.CreateAccountTests" name="CreateAccountAlreadyExistsInDifferentResourceGroup" />
    </UnitTest>
    <UnitTest name="UpdateSubscriptionUnsuspendTwice" storage="f:\wd\batchservicefeaturexunitbvttests\bin\tests\watask\trpfe\trpfeapitests.dll" id="9bcd51da-0fa9-42d5-8ea9-b557aca54ab3">
      <Execution id="0f033ed8-a19f-4e62-9037-a535079f977b" />
      <TestMethod codeBase="F:\wd\BatchServicefeaturexunitbvttests\bin\Tests\WATask\TRPFE\TRPFEApiTests.dll" adapterTypeName="Microsoft.VisualStudio.TestTools.TestTypes.Unit.UnitTestAdapter" className="Microsoft.Windows.Azure.Task.TRPFEAPITests.SubscriptionTests3" name="UpdateSubscriptionUnsuspendTwice" />
    </UnitTest>
    <UnitTest name="CreateAccountSubscriptionNotRegistered" storage="f:\wd\batchservicefeaturexunitbvttests\bin\tests\watask\trpfe\trpfeapitests.dll" id="b0ef56ef-c3ff-4aeb-817a-798cc3ae96f7">
      <Execution id="9534d9e6-9acc-4aea-8634-0d6b56b25a1c" />
      <TestMethod codeBase="F:\wd\BatchServicefeaturexunitbvttests\bin\Tests\WATask\TRPFE\TRPFEApiTests.dll" adapterTypeName="Microsoft.VisualStudio.TestTools.TestTypes.Unit.UnitTestAdapter" className="Microsoft.Windows.Azure.Task.TRPFEAPITests.CreateAccountTests" name="CreateAccountSubscriptionNotRegistered" />
    </UnitTest>
    <UnitTest name="CreateAccountPositive" storage="f:\wd\batchservicefeaturexunitbvttests\bin\tests\watask\trpfe\trpfeapitests.dll" id="35c93236-5737-420f-8cd7-582bd53ed855">
      <Execution id="2dfe25e0-6321-4e23-ac3a-f7ece1d6997a" />
      <TestMethod codeBase="F:\wd\BatchServicefeaturexunitbvttests\bin\Tests\WATask\TRPFE\TRPFEApiTests.dll" adapterTypeName="Microsoft.VisualStudio.TestTools.TestTypes.Unit.UnitTestAdapter" className="Microsoft.Windows.Azure.Task.TRPFEAPITests.CreateAccountTests" name="CreateAccountPositive" />
    </UnitTest>
    <UnitTest name="MoveResourcesWithOneAccount" storage="f:\wd\batchservicefeaturexunitbvttests\bin\tests\watask\trpfe\trpfeapitests.dll" id="3af26ffb-180b-4b68-9299-e5e05b4257ca">
      <Execution id="8a2506a5-2d08-41ec-bd49-2484841cc24a" />
      <TestMethod codeBase="F:\wd\BatchServicefeaturexunitbvttests\bin\Tests\WATask\TRPFE\TRPFEApiTests.dll" adapterTypeName="Microsoft.VisualStudio.TestTools.TestTypes.Unit.UnitTestAdapter" className="Microsoft.Windows.Azure.Task.TRPFEAPITests.ResourceGroupTests1" name="MoveResourcesWithOneAccount" />
    </UnitTest>
    <UnitTest name="ListAccountsInEmptyResourceGroup" storage="f:\wd\batchservicefeaturexunitbvttests\bin\tests\watask\trpfe\trpfeapitests.dll" id="927f82f9-649b-4604-8687-7378755dc6ef">
      <Execution id="2b9287e3-9c38-44f0-847f-b5623b6c8cc8" />
      <TestMethod codeBase="F:\wd\BatchServicefeaturexunitbvttests\bin\Tests\WATask\TRPFE\TRPFEApiTests.dll" adapterTypeName="Microsoft.VisualStudio.TestTools.TestTypes.Unit.UnitTestAdapter" className="Microsoft.Windows.Azure.Task.TRPFEAPITests.ResourceGroupTests1" name="ListAccountsInEmptyResourceGroup" />
    </UnitTest>
    <UnitTest name="ListAccountsInResourceGroupWithSkipToken" storage="f:\wd\batchservicefeaturexunitbvttests\bin\tests\watask\trpfe\trpfeapitests.dll" id="173477c0-a5a5-4841-ba63-307d714b54f0">
      <Execution id="f45d0044-ae8f-4599-b0fd-67da8e5f52b3" />
      <TestMethod codeBase="F:\wd\BatchServicefeaturexunitbvttests\bin\Tests\WATask\TRPFE\TRPFEApiTests.dll" adapterTypeName="Microsoft.VisualStudio.TestTools.TestTypes.Unit.UnitTestAdapter" className="Microsoft.Windows.Azure.Task.TRPFEAPITests.ResourceGroupTests1" name="ListAccountsInResourceGroupWithSkipToken" />
    </UnitTest>
    <UnitTest name="ListAccountsInResourceGroupWithTagsAndProperties" storage="f:\wd\batchservicefeaturexunitbvttests\bin\tests\watask\trpfe\trpfeapitests.dll" id="cf3e50b7-d4f0-4083-b1fd-28b8df7ef540">
      <Execution id="fbcb9d6e-9c5e-420d-97d5-c2a1db4e03da" />
      <TestMethod codeBase="F:\wd\BatchServicefeaturexunitbvttests\bin\Tests\WATask\TRPFE\TRPFEApiTests.dll" adapterTypeName="Microsoft.VisualStudio.TestTools.TestTypes.Unit.UnitTestAdapter" className="Microsoft.Windows.Azure.Task.TRPFEAPITests.ResourceGroupTests1" name="ListAccountsInResourceGroupWithTagsAndProperties" />
    </UnitTest>
  </TestDefinitions>
  <TestEntries>
    <TestEntry testId="a5511e8a-b281-4821-870a-e531b0a8759d" executionId="1d7d1ac5-2a33-4059-a84d-2a2840fe75d5" testListId="8c84fa94-04c1-424b-9868-57a2d4851a1d" />
    <TestEntry testId="8bba7360-1968-4502-89c0-3be90fad1f1b" executionId="5c671831-f948-4f70-ba75-e201d14e20e9" testListId="8c84fa94-04c1-424b-9868-57a2d4851a1d" />
    <TestEntry testId="71aa99a3-1c95-45f6-b61f-e1a5fcad67ea" executionId="bd5eef77-f545-4b8e-bf6b-7383dc50c89a" testListId="8c84fa94-04c1-424b-9868-57a2d4851a1d" />
    <TestEntry testId="12f5f5ee-a51d-4d0e-ba52-39a1ab2b8334" executionId="b1bb7f2f-a00d-49db-a098-bc83fe4bfd2f" testListId="8c84fa94-04c1-424b-9868-57a2d4851a1d" />
    <TestEntry testId="9a17acfc-ef5d-4902-9cc9-ddaa71480e46" executionId="94bffaaa-d09a-4bd9-b96b-5611c1d11945" testListId="8c84fa94-04c1-424b-9868-57a2d4851a1d" />
    <TestEntry testId="de8d1b27-1e7f-4fcf-96f1-ee1e9f079d0f" executionId="582c35c0-5335-4061-936e-90ff67c51537" testListId="8c84fa94-04c1-424b-9868-57a2d4851a1d" />
    <TestEntry testId="52ec8578-9e2d-43d7-8cbd-4ceffae02ef9" executionId="4aeb2939-096b-4b51-a3d8-ca732cd693ea" testListId="8c84fa94-04c1-424b-9868-57a2d4851a1d" />
    <TestEntry testId="a491bd4d-436e-4b87-8d78-908af86239a5" executionId="af89d67b-0575-4d7c-bd46-e34b89c777f3" testListId="8c84fa94-04c1-424b-9868-57a2d4851a1d" />
    <TestEntry testId="0ecf5916-4d30-4e18-bfa8-812bb61053a2" executionId="49ba98e3-bb21-44e6-9b4f-40646f1202f4" testListId="8c84fa94-04c1-424b-9868-57a2d4851a1d" />
    <TestEntry testId="3691092b-07d3-4663-a864-b921aa1d6406" executionId="a1077e15-ecc3-431c-b7ed-96d698eec883" testListId="8c84fa94-04c1-424b-9868-57a2d4851a1d" />
    <TestEntry testId="e5a657d8-b80d-49f9-8791-89f92ce57f7e" executionId="b3e46d96-18c2-43a9-a89e-561e36c1e775" testListId="8c84fa94-04c1-424b-9868-57a2d4851a1d" />
    <TestEntry testId="01c726f8-c4a1-404d-bb68-5f92324c6801" executionId="28b85786-930d-4e10-b988-b1b37abdb256" testListId="8c84fa94-04c1-424b-9868-57a2d4851a1d" />
    <TestEntry testId="eb0535f8-9a12-4201-bf7c-ff75613820ff" executionId="726fcde7-a095-4bd9-9c31-f330f64f102c" testListId="8c84fa94-04c1-424b-9868-57a2d4851a1d" />
    <TestEntry testId="4ba3ea5b-6e30-416d-bb6b-df9fc9b2fef1" executionId="a2fd40b6-f935-4d1c-b040-8d7755a3c3d0" testListId="8c84fa94-04c1-424b-9868-57a2d4851a1d" />
    <TestEntry testId="b1bc9b80-37aa-4859-b7f7-1a5ace665626" executionId="260ede7a-23ac-438b-aa77-1dc58d99b9ee" testListId="8c84fa94-04c1-424b-9868-57a2d4851a1d" />
    <TestEntry testId="5ed10667-5d92-44ee-b699-d9c2cacde7d4" executionId="aa2704e2-6332-49b2-b5e6-334e6fccc332" testListId="8c84fa94-04c1-424b-9868-57a2d4851a1d" />
    <TestEntry testId="0168fe39-c2e0-4fa4-abbc-6ba26e8bf1cc" executionId="eb6b845b-8bad-453f-b559-b387ea53e5d7" testListId="8c84fa94-04c1-424b-9868-57a2d4851a1d" />
    <TestEntry testId="3898f48d-1037-4b36-b76f-2db4589056d8" executionId="c1de0700-ba28-41bc-b282-749258b61904" testListId="8c84fa94-04c1-424b-9868-57a2d4851a1d" />
    <TestEntry testId="680d58db-7c72-4e31-a9d8-72d50c1c665c" executionId="864f1b36-c8ba-4b19-99a8-b091f32fdf25" testListId="8c84fa94-04c1-424b-9868-57a2d4851a1d" />
    <TestEntry testId="e5f1ff95-c420-4bdf-9bb2-6b280c37ac5b" executionId="1357096d-a849-4bf4-ad43-6d301ac871bd" testListId="8c84fa94-04c1-424b-9868-57a2d4851a1d" />
    <TestEntry testId="7522b8dd-b330-4b66-932d-cf974ed04cd6" executionId="49921f4e-813a-4871-9145-3dfb7ba0a0f7" testListId="8c84fa94-04c1-424b-9868-57a2d4851a1d" />
    <TestEntry testId="a39ffadb-f289-486a-bf4d-733fc9ca3321" executionId="dc5c4df6-d268-4e3a-8f3c-3279d2ca38ce" testListId="8c84fa94-04c1-424b-9868-57a2d4851a1d" />
    <TestEntry testId="1efbc46e-1ecc-4dc7-9e61-075c04529411" executionId="c946a5ac-b2f9-458c-ab33-adb18593a651" testListId="8c84fa94-04c1-424b-9868-57a2d4851a1d" />
    <TestEntry testId="a44c73c4-c8ff-4a9b-93ee-57eeaa715d79" executionId="fc468b18-63e3-421d-ba0b-8eb49f112a3b" testListId="8c84fa94-04c1-424b-9868-57a2d4851a1d" />
    <TestEntry testId="10659b6e-0fd8-4272-8914-cc8f1eded1fe" executionId="0083ea43-3b18-4c8b-a4f4-a28b230f0a23" testListId="8c84fa94-04c1-424b-9868-57a2d4851a1d" />
    <TestEntry testId="6ce87dd0-a80f-4b95-9219-47e6408c1129" executionId="8019e609-ba25-4adb-8c4f-2beba8aa453f" testListId="8c84fa94-04c1-424b-9868-57a2d4851a1d" />
    <TestEntry testId="9b8ca8da-9a4f-4b51-9dc7-4aefa8a72c27" executionId="8fff5c9d-e196-4992-9ad0-7da58892271b" testListId="8c84fa94-04c1-424b-9868-57a2d4851a1d" />
    <TestEntry testId="594d5662-8ae4-4eb2-8d16-d323098f56ff" executionId="b15c0421-5d53-4911-8d91-a72a889c8195" testListId="8c84fa94-04c1-424b-9868-57a2d4851a1d" />
    <TestEntry testId="e7f02e43-f4f0-4754-9324-55cd35a6d4b5" executionId="45ed9a80-1368-4886-b912-1411984e2a99" testListId="8c84fa94-04c1-424b-9868-57a2d4851a1d" />
    <TestEntry testId="1619794f-097b-4022-9c36-ee94517f8a50" executionId="39c87650-5e3b-4ae4-8648-04fece9816bf" testListId="8c84fa94-04c1-424b-9868-57a2d4851a1d" />
    <TestEntry testId="ed14921b-17b2-41b6-a31a-f6a0d9b7cf01" executionId="588a0a52-2269-4983-9431-5aca4422f11c" testListId="8c84fa94-04c1-424b-9868-57a2d4851a1d" />
    <TestEntry testId="8a94c2f9-fb3a-4a9e-900f-3cc4007d83f0" executionId="74ffdb5b-3ff4-4f25-8263-e20f041d3dae" testListId="8c84fa94-04c1-424b-9868-57a2d4851a1d" />
    <TestEntry testId="784e80bd-7bff-455b-8854-75d456f39bbe" executionId="35def0e6-6d80-481d-bc2c-26f41685e9d4" testListId="8c84fa94-04c1-424b-9868-57a2d4851a1d" />
    <TestEntry testId="6c58e51b-740b-4291-9db5-7470a13ac1a2" executionId="1342252a-2d6b-4862-a00b-e77af4d3efea" testListId="8c84fa94-04c1-424b-9868-57a2d4851a1d" />
    <TestEntry testId="5a9d31c7-2f63-4d98-a518-d5cf6a76b6a8" executionId="ae3afe3e-836e-4e46-a66e-f1120d81274f" testListId="8c84fa94-04c1-424b-9868-57a2d4851a1d" />
    <TestEntry testId="079b2de0-29d5-4132-b6a4-c7b370b03c2d" executionId="3b9566a1-1a35-48f7-94d0-9153e3f714e5" testListId="8c84fa94-04c1-424b-9868-57a2d4851a1d" />
    <TestEntry testId="3fe238e3-7e23-4a64-b40c-3959253d7551" executionId="47404d46-d518-46dc-9b00-838d38a94f80" testListId="8c84fa94-04c1-424b-9868-57a2d4851a1d" />
    <TestEntry testId="1bbfac65-1005-4b58-b401-4f2f10fb0be8" executionId="c482081e-9bfe-47cf-b48c-606af8a0fbc9" testListId="8c84fa94-04c1-424b-9868-57a2d4851a1d" />
    <TestEntry testId="d1901e15-4f70-4805-ad21-9dc8c488e68a" executionId="80889a27-ce62-419e-a883-ac5f04212fcf" testListId="8c84fa94-04c1-424b-9868-57a2d4851a1d" />
    <TestEntry testId="275475d6-53af-4c58-b284-bc11ac39cc5d" executionId="735beb33-9ebb-4800-8dda-ae0527ae35b2" testListId="8c84fa94-04c1-424b-9868-57a2d4851a1d" />
    <TestEntry testId="aba6ef8e-b21c-4a60-b13f-68526fb21f32" executionId="f2229968-f529-46cc-b7e1-0a6e0e0f1ccf" testListId="8c84fa94-04c1-424b-9868-57a2d4851a1d" />
    <TestEntry testId="3c25c93b-628d-4795-aa97-998d45cd365b" executionId="10f64742-ed56-4f56-ade3-d9e9c3df224c" testListId="8c84fa94-04c1-424b-9868-57a2d4851a1d" />
    <TestEntry testId="d71337d6-34f1-4fc2-8949-73a64f83930c" executionId="1972eca6-1d69-456c-8239-8a80e3f40235" testListId="8c84fa94-04c1-424b-9868-57a2d4851a1d" />
    <TestEntry testId="34223bf9-87d9-46e0-945d-c41c37f1c6fc" executionId="2696f3a5-0d37-4085-8ccd-c8b01395aec6" testListId="8c84fa94-04c1-424b-9868-57a2d4851a1d" />
    <TestEntry testId="8de994c1-08e5-42e0-a8f8-597841110eaf" executionId="79d164a5-0244-4a58-90fb-48218f7756c4" testListId="8c84fa94-04c1-424b-9868-57a2d4851a1d" />
    <TestEntry testId="e142a24b-4483-4828-a335-390c015e1560" executionId="606f76cd-5424-4405-94cc-e0ba6267fed8" testListId="8c84fa94-04c1-424b-9868-57a2d4851a1d" />
    <TestEntry testId="689a4a62-285b-49d5-a5a8-aaf0bdf24a3c" executionId="67a34ee0-e06c-4efb-a97b-c55526d68208" testListId="8c84fa94-04c1-424b-9868-57a2d4851a1d" />
    <TestEntry testId="8131e813-6f82-4630-a8dc-b07cb4d83274" executionId="72932e01-4136-4996-a41f-7783c8bbdc50" testListId="8c84fa94-04c1-424b-9868-57a2d4851a1d" />
    <TestEntry testId="75f94f07-4a09-4500-be30-86eb8ca832ba" executionId="aa066614-22cc-48ab-ab4f-5cbaa8e3e7d7" testListId="8c84fa94-04c1-424b-9868-57a2d4851a1d" />
    <TestEntry testId="0b49b5c1-b991-4a5c-9bf2-4da9d60d101e" executionId="ec323906-e634-4d86-bd79-c093a8212400" testListId="8c84fa94-04c1-424b-9868-57a2d4851a1d" />
    <TestEntry testId="540cd391-afad-478a-9ac6-bb2016e281ba" executionId="b652f809-2297-4c38-8da2-01613a77fc57" testListId="8c84fa94-04c1-424b-9868-57a2d4851a1d" />
    <TestEntry testId="ee5c45e0-a73e-4420-b37f-3ac35650f37d" executionId="0d272d94-5326-43cd-8d2d-b1b813c1b072" testListId="8c84fa94-04c1-424b-9868-57a2d4851a1d" />
    <TestEntry testId="9842caa9-495c-48e6-ad88-3e23f003c16b" executionId="d7fa0c44-8650-4eb0-90ca-cf303ae6181e" testListId="8c84fa94-04c1-424b-9868-57a2d4851a1d" />
    <TestEntry testId="77882332-e069-4c2d-b8aa-ec9b7d252162" executionId="7988b819-03e9-4d8d-b6cc-03187f7e5bc1" testListId="8c84fa94-04c1-424b-9868-57a2d4851a1d" />
    <TestEntry testId="a5313e82-79a3-4155-9ddd-9c00d92c9786" executionId="66b7bf5f-ceaa-4bc9-a79c-11b91647192f" testListId="8c84fa94-04c1-424b-9868-57a2d4851a1d" />
    <TestEntry testId="27ee384a-f752-4d6b-bc13-b8e5f40fb2a3" executionId="f0af5619-7f79-49c6-a6b1-c977b03d1dc9" testListId="8c84fa94-04c1-424b-9868-57a2d4851a1d" />
    <TestEntry testId="60646f4f-94c3-49a9-842a-639c93fc5421" executionId="7543d816-094b-4b5c-a020-3d3d4ded2cfd" testListId="8c84fa94-04c1-424b-9868-57a2d4851a1d" />
    <TestEntry testId="2b47c643-685d-4f25-b01b-044bc9397eac" executionId="bbc9442e-6ec2-49ab-b973-8376ed20da01" testListId="8c84fa94-04c1-424b-9868-57a2d4851a1d" />
    <TestEntry testId="2d843b67-791b-4278-9211-98df7790f8b1" executionId="ddc1a641-dc84-4b44-9af9-78bf601fe89c" testListId="8c84fa94-04c1-424b-9868-57a2d4851a1d" />
    <TestEntry testId="8300d68f-5860-409a-8fcd-f396de89fbc9" executionId="f3bee3c6-1235-469f-bced-d6bf4a8955dc" testListId="8c84fa94-04c1-424b-9868-57a2d4851a1d" />
    <TestEntry testId="566e6361-1aff-4c8c-8d21-1d950395b961" executionId="f3acc7a4-85ff-410e-b0ea-c1fe92dfd503" testListId="8c84fa94-04c1-424b-9868-57a2d4851a1d" />
    <TestEntry testId="f16b38ba-4110-4312-b88a-e4c333f9bcc3" executionId="cd0b2742-c9f8-4669-ac59-96e6a1924ee8" testListId="8c84fa94-04c1-424b-9868-57a2d4851a1d" />
    <TestEntry testId="593dfc25-6df8-4249-9985-dee9bcba73f5" executionId="78b8bcf9-31a1-4c75-bcee-d6121394a02e" testListId="8c84fa94-04c1-424b-9868-57a2d4851a1d" />
    <TestEntry testId="10fc9674-5774-4d5f-b237-596e751d3b8a" executionId="ab7945ca-5dc2-4988-a924-17df4718d002" testListId="8c84fa94-04c1-424b-9868-57a2d4851a1d" />
    <TestEntry testId="efc7a140-79fe-42a4-a063-5b9c280eff9b" executionId="d62df301-e658-4b46-8243-9490efcdd8bc" testListId="8c84fa94-04c1-424b-9868-57a2d4851a1d" />
    <TestEntry testId="cab4e3f5-3c48-43bf-b351-6b0825250c01" executionId="d17d83a3-1e3b-45e1-b5a4-d8f0263f5bfb" testListId="8c84fa94-04c1-424b-9868-57a2d4851a1d" />
    <TestEntry testId="f178d6b2-d653-46a1-b80c-f018faf12ea5" executionId="4eeca294-e410-4e81-8539-c9b0bcdc5eb9" testListId="8c84fa94-04c1-424b-9868-57a2d4851a1d" />
    <TestEntry testId="9b67c4a4-aa4f-4cc1-80eb-9fdb3f576f33" executionId="2b44f29a-1dfb-49dc-953b-30369f7e3987" testListId="8c84fa94-04c1-424b-9868-57a2d4851a1d" />
    <TestEntry testId="b06d16d7-d967-4682-a762-dfe1806cbfa9" executionId="379d51d8-6530-499b-80a8-441298979197" testListId="8c84fa94-04c1-424b-9868-57a2d4851a1d" />
    <TestEntry testId="9bcd51da-0fa9-42d5-8ea9-b557aca54ab3" executionId="0f033ed8-a19f-4e62-9037-a535079f977b" testListId="8c84fa94-04c1-424b-9868-57a2d4851a1d" />
    <TestEntry testId="b0ef56ef-c3ff-4aeb-817a-798cc3ae96f7" executionId="9534d9e6-9acc-4aea-8634-0d6b56b25a1c" testListId="8c84fa94-04c1-424b-9868-57a2d4851a1d" />
    <TestEntry testId="35c93236-5737-420f-8cd7-582bd53ed855" executionId="2dfe25e0-6321-4e23-ac3a-f7ece1d6997a" testListId="8c84fa94-04c1-424b-9868-57a2d4851a1d" />
    <TestEntry testId="3af26ffb-180b-4b68-9299-e5e05b4257ca" executionId="8a2506a5-2d08-41ec-bd49-2484841cc24a" testListId="8c84fa94-04c1-424b-9868-57a2d4851a1d" />
    <TestEntry testId="927f82f9-649b-4604-8687-7378755dc6ef" executionId="2b9287e3-9c38-44f0-847f-b5623b6c8cc8" testListId="8c84fa94-04c1-424b-9868-57a2d4851a1d" />
    <TestEntry testId="173477c0-a5a5-4841-ba63-307d714b54f0" executionId="f45d0044-ae8f-4599-b0fd-67da8e5f52b3" testListId="8c84fa94-04c1-424b-9868-57a2d4851a1d" />
    <TestEntry testId="cf3e50b7-d4f0-4083-b1fd-28b8df7ef540" executionId="fbcb9d6e-9c5e-420d-97d5-c2a1db4e03da" testListId="8c84fa94-04c1-424b-9868-57a2d4851a1d" />
  </TestEntries>
  <TestLists>
    <TestList name="Results Not in a List" id="8c84fa94-04c1-424b-9868-57a2d4851a1d" />
    <TestList name="All Loaded Results" id="19431567-8539-422a-85d7-44ee4e166bda" />
  </TestLists>
  <ResultSummary outcome="Failed">
    <Counters total="76" executed="73" passed="72" failed="1" error="0" timeout="0" aborted="0" inconclusive="0" passedButRunAborted="0" notRunnable="0" notExecuted="0" disconnected="0" warning="0" completed="0" inProgress="0" pending="0" />
    <Output>
      <StdOut>Test 'ListAccountsInDefaultSubscription' was skipped in the test run.Test 'ListAccountsInSubscriptionDeletingState' was skipped in the test run.Test 'MigrateSubscriptionMultipleResourceGroups' was skipped in the test run.</StdOut>
    </Output>
  </ResultSummary>
</TestRun>