<?xml version="1.0" encoding="UTF-8"?>
<TestRun id="b3e9f60d-3d4f-48f9-85a2-e78fdab1cbfd" name="WATASK_1@RD00155D44C34F 2016-03-15 09:55:33" runUser="RD00155D44C34F\WATASK_1" xmlns="http://microsoft.com/schemas/VisualStudio/TeamTest/2010">
  <Times creation="2016-03-15T09:55:33.4782501+00:00" queuing="2016-03-15T09:55:33.5152490+00:00" start="2016-03-15T09:55:33.5332482+00:00" finish="2016-03-15T09:58:39.3572494+00:00" />
  <TestSettings name="default" id="c62eab30-9f78-45e8-8d17-7f2d9431d39c">
    <Execution>
      <TestTypeSpecific />
    </Execution>
    <Deployment runDeploymentRoot="WATASK_1_RD00155D44C34F 2016-03-15 09_55_33" />
    <Properties />
  </TestSettings>
  <Results>
    <UnitTestResult executionId="1d7d1ac5-2a33-4059-a84d-2a2840fe75d5" testId="a5511e8a-b281-4821-870a-e531b0a8759d" testName="GetAvailableActions" computerName="RD00155D44C34F" duration="00:00:02.5590000" startTime="2016-03-15T09:55:33.6052389+00:00" endTime="2016-03-15T09:55:33.6052389+00:00" testType="13cdc9d9-ddb5-4fa4-a97d-d965ccfc6d4b" outcome="Passed" testListId="8c84fa94-04c1-424b-9868-57a2d4851a1d" relativeResultsDirectory="1d7d1ac5-2a33-4059-a84d-2a2840fe75d5">
      <Output>
        <StdOut>3/15/2016 9:55:30 AM:TRPFEAPITests, Version=8.5.0.0, Culture=neutral, PublicKeyToken=null: Assembly Init
3/15/2016 9:55:32 AM:SubscriptionTests5: Class Cleanup</StdOut>
      </Output>
    </UnitTestResult>
    <UnitTestResult executionId="5c671831-f948-4f70-ba75-e201d14e20e9" testId="8bba7360-1968-4502-89c0-3be90fad1f1b" testName="ListOperations" computerName="RD00155D44C34F" duration="00:00:02.6440000" startTime="2016-03-15T09:55:33.6222411+00:00" endTime="2016-03-15T09:55:33.6222411+00:00" testType="13cdc9d9-ddb5-4fa4-a97d-d965ccfc6d4b" outcome="Failed" testListId="8c84fa94-04c1-424b-9868-57a2d4851a1d" relativeResultsDirectory="5c671831-f948-4f70-ba75-e201d14e20e9">
      <Output>
        <StdOut>3/15/2016 9:55:30 AM:TRPFEAPITests, Version=8.5.0.0, Culture=neutral, PublicKeyToken=null: Assembly Init
3/15/2016 9:55:32 AM:
Name: Microsoft.Batch/batchAccounts/providers/Microsoft.Insights/diagnosticSettings/read
3/15/2016 9:55:32 AM:Display.Provider: Microsoft Batch
3/15/2016 9:55:32 AM:Display.Resource: Batch Accounts
3/15/2016 9:55:32 AM:Display.Operation: Read diagnostic setting
3/15/2016 9:55:32 AM:Display.Description: Gets the diagnostic setting for the resource
3/15/2016 9:55:32 AM:Origin: system
3/15/2016 9:55:32 AM:Properties: ""
3/15/2016 9:55:32 AM:
Name: Microsoft.Batch/batchAccounts/providers/Microsoft.Insights/diagnosticSettings/write
3/15/2016 9:55:32 AM:Display.Provider: Microsoft Batch
3/15/2016 9:55:32 AM:Display.Resource: Batch Accounts
3/15/2016 9:55:32 AM:Display.Operation: Write diagnostic setting
3/15/2016 9:55:32 AM:Display.Description: Creates or updates the diagnostic setting for the resource
3/15/2016 9:55:32 AM:Origin: system
3/15/2016 9:55:32 AM:Properties: ""
3/15/2016 9:55:32 AM:
Name: Microsoft.Batch/batchAccounts/providers/Microsoft.Insights/logDefinitions/read
3/15/2016 9:55:32 AM:Display.Provider: Microsoft Batch
3/15/2016 9:55:32 AM:Display.Resource: Batch Account Log Definitions
3/15/2016 9:55:32 AM:Display.Operation: Read Batch service log definitions
3/15/2016 9:55:32 AM:Display.Description: Gets the available logs for the Batch service
3/15/2016 9:55:32 AM:Origin: system
3/15/2016 9:55:32 AM:Properties: {"ServiceSpecification":{"LogSpecifications":[{"Name":"ServiceLog","DisplayName":"Service Logs","BlobDuration":"PT1H"}],"MetricSpecifications":null}}
3/15/2016 9:55:32 AM:ProviderTenantTests: Class Cleanup</StdOut>
        <ErrorInfo>
          <Message>Assert.True() Failure
Expected: True
Actual:   False</Message>
          <StackTrace>   at Microsoft.Windows.Azure.Task.TRPFEAPITests.TestBase.ValidateLogOperationDefinitions(Operation logsReadOperation) in x:\bt\625418\repo\src\xstore\watask\FE\TRPFE\Test\APITests\Validators.cs:line 473
   at Microsoft.Windows.Azure.Task.TRPFEAPITests.TestBase.ValidateOperations(OperationList operationList) in x:\bt\625418\repo\src\xstore\watask\FE\TRPFE\Test\APITests\Validators.cs:line 443
   at Microsoft.Windows.Azure.Task.TRPFEAPITests.TestBase.SubmitListOperationsRequest(HttpStatusCode expectedStatusCode) in x:\bt\625418\repo\src\xstore\watask\FE\TRPFE\Test\APITests\HttpWrapper.cs:line 552
   at Microsoft.Windows.Azure.Task.TRPFEAPITests.ProviderTenantTests.ListOperations() in x:\bt\625418\repo\src\xstore\watask\FE\TRPFE\Test\APITests\ProviderTenantTests.cs:line 28</StackTrace>
        </ErrorInfo>
      </Output>
    </UnitTestResult>
    <UnitTestResult executionId="bd5eef77-f545-4b8e-bf6b-7383dc50c89a" testId="71aa99a3-1c95-45f6-b61f-e1a5fcad67ea" testName="DeleteAccountPositive" computerName="RD00155D44C34F" duration="00:00:12.5650000" startTime="2016-03-15T09:55:42.8772488+00:00" endTime="2016-03-15T09:55:42.8772488+00:00" testType="13cdc9d9-ddb5-4fa4-a97d-d965ccfc6d4b" outcome="Passed" testListId="8c84fa94-04c1-424b-9868-57a2d4851a1d" relativeResultsDirectory="bd5eef77-f545-4b8e-bf6b-7383dc50c89a">
      <Output>
        <StdOut>3/15/2016 9:55:30 AM:TRPFEAPITests, Version=8.5.0.0, Culture=neutral, PublicKeyToken=null: Assembly Init
3/15/2016 9:55:35 AM:Sleeping for 15 seconds... polling https://localhost:20204/subscriptions/e514edff-f7db-492c-8306-8f88ea924274/resourceGroups/myresources/providers/Microsoft.Batch/batchAccounts/account772060/operationResults/35d8992f-5918-45d0-96c2-4eed90cf43eb?api-version=2015-09-01
3/15/2016 9:55:39 AM:Returned account: account772060 devfabricregion  Microsoft.WindowsAzure.Task.BatchRPClient.AccountProperties
3/15/2016 9:55:39 AM:Sleeping for 15 seconds... polling https://localhost:20204/subscriptions/e514edff-f7db-492c-8306-8f88ea924274/resourceGroups/myresources/providers/Microsoft.Batch/batchAccounts/account772060/operationResults/87c03032-1d33-45ea-a34e-bd7e15adf75b?api-version=2015-09-01
3/15/2016 9:55:42 AM:DeleteAccountTests: Class Cleanup</StdOut>
      </Output>
    </UnitTestResult>
    <UnitTestResult executionId="b1bb7f2f-a00d-49db-a098-bc83fe4bfd2f" testId="12f5f5ee-a51d-4d0e-ba52-39a1ab2b8334" testName="DeleteNonexistentAccount" computerName="RD00155D44C34F" duration="00:00:00.0500000" startTime="2016-03-15T09:55:44.3812500+00:00" endTime="2016-03-15T09:55:44.3812500+00:00" testType="13cdc9d9-ddb5-4fa4-a97d-d965ccfc6d4b" outcome="Passed" testListId="8c84fa94-04c1-424b-9868-57a2d4851a1d" relativeResultsDirectory="b1bb7f2f-a00d-49db-a098-bc83fe4bfd2f">
      <Output>
        <StdOut>3/15/2016 9:55:42 AM:TRPFEAPITests, Version=8.5.0.0, Culture=neutral, PublicKeyToken=null: Assembly Init
3/15/2016 9:55:42 AM:DeleteAccountTests: Class Cleanup</StdOut>
      </Output>
    </UnitTestResult>
    <UnitTestResult executionId="94bffaaa-d09a-4bd9-b96b-5611c1d11945" testId="9a17acfc-ef5d-4902-9cc9-ddaa71480e46" testName="UpdateSubscriptionUnregisteredPositive" computerName="RD00155D44C34F" duration="00:00:10.4750000" startTime="2016-03-15T09:55:44.3812500+00:00" endTime="2016-03-15T09:55:44.3812500+00:00" testType="13cdc9d9-ddb5-4fa4-a97d-d965ccfc6d4b" outcome="Passed" testListId="8c84fa94-04c1-424b-9868-57a2d4851a1d" relativeResultsDirectory="94bffaaa-d09a-4bd9-b96b-5611c1d11945">
      <Output>
        <StdOut>3/15/2016 9:55:32 AM:TRPFEAPITests, Version=8.5.0.0, Culture=neutral, PublicKeyToken=null: Assembly Init
3/15/2016 9:55:35 AM:Sleeping for 15 seconds... polling https://localhost:20204/subscriptions/656cce41-9207-4f99-8c97-cc1a6cbc58da/resourceGroups/myresources/providers/Microsoft.Batch/batchAccounts/account884926/operationResults/8882d177-d63d-4b2d-ae77-826b67110eda?api-version=2015-09-01
3/15/2016 9:55:39 AM:Returned account: account884926 devfabricregion  Microsoft.WindowsAzure.Task.BatchRPClient.AccountProperties
3/15/2016 9:55:40 AM:HttpStatusCode Accepted received. Sleeping and retrying...
3/15/2016 9:55:43 AM:SubscriptionTests1: Class Cleanup</StdOut>
      </Output>
    </UnitTestResult>
    <UnitTestResult executionId="582c35c0-5335-4061-936e-90ff67c51537" testId="de8d1b27-1e7f-4fcf-96f1-ee1e9f079d0f" testName="UpdateSubscriptionDeleteSuspendedAccount" computerName="RD00155D44C34F" duration="00:00:16.7470000" startTime="2016-03-15T09:55:47.0642489+00:00" endTime="2016-03-15T09:55:47.0642489+00:00" testType="13cdc9d9-ddb5-4fa4-a97d-d965ccfc6d4b" outcome="Passed" testListId="8c84fa94-04c1-424b-9868-57a2d4851a1d" relativeResultsDirectory="582c35c0-5335-4061-936e-90ff67c51537">
      <Output>
        <StdOut>3/15/2016 9:55:30 AM:TRPFEAPITests, Version=8.5.0.0, Culture=neutral, PublicKeyToken=null: Assembly Init
3/15/2016 9:55:35 AM:Sleeping for 15 seconds... polling https://localhost:20204/subscriptions/97f887ba-d3bb-4b14-8f2c-f30bf101bf7a/resourceGroups/myresources/providers/Microsoft.Batch/batchAccounts/account921577/operationResults/dc5987c9-29b5-473f-ae6d-88b861921e06?api-version=2015-09-01
3/15/2016 9:55:39 AM:Returned account: account921577 devfabricregion  Microsoft.WindowsAzure.Task.BatchRPClient.AccountProperties
3/15/2016 9:55:40 AM:HttpStatusCode Accepted received. Sleeping and retrying...
3/15/2016 9:55:43 AM:Request Id : a8b32583-c550-4be3-9d06-d766ae4a763c
3/15/2016 9:55:43 AM:Received status code Conflict as expected
3/15/2016 9:55:43 AM:Sleeping for 15 seconds... polling https://localhost:20204/subscriptions/97f887ba-d3bb-4b14-8f2c-f30bf101bf7a/resourceGroups/myresources/providers/Microsoft.Batch/batchAccounts/account921577/operationResults/079fc633-52a4-44c3-9584-eeb0bd506731?api-version=2015-09-01
3/15/2016 9:55:47 AM:Request Id : 12f67dc4-847e-481e-9bc4-a5d07cf94756
3/15/2016 9:55:47 AM:Received status code NotFound as expected
3/15/2016 9:55:47 AM:SubscriptionTests2: Class Cleanup</StdOut>
      </Output>
    </UnitTestResult>
    <UnitTestResult executionId="4aeb2939-096b-4b51-a3d8-ca732cd693ea" testId="52ec8578-9e2d-43d7-8cbd-4ceffae02ef9" testName="ListAccountsInSubscriptionWithSkipToken" computerName="RD00155D44C34F" duration="00:00:15.3200000" startTime="2016-03-15T09:55:48.5692422+00:00" endTime="2016-03-15T09:55:48.5692422+00:00" testType="13cdc9d9-ddb5-4fa4-a97d-d965ccfc6d4b" outcome="Passed" testListId="8c84fa94-04c1-424b-9868-57a2d4851a1d" relativeResultsDirectory="4aeb2939-096b-4b51-a3d8-ca732cd693ea">
      <Output>
        <StdOut>3/15/2016 9:55:32 AM:TRPFEAPITests, Version=8.5.0.0, Culture=neutral, PublicKeyToken=null: Assembly Init
3/15/2016 9:55:37 AM:Sleeping for 15 seconds... polling https://localhost:20204/subscriptions/9c6fdd69-f3ca-4db8-a7a8-6e8a4f421a0a/resourceGroups/listgroup1/providers/Microsoft.Batch/batchAccounts/aaccount325491/operationResults/5c6e8016-87cb-40ef-86e7-34e9c1def100?api-version=2015-09-01
3/15/2016 9:55:40 AM:Returned account: aaccount325491 devfabricregion  Microsoft.WindowsAzure.Task.BatchRPClient.AccountProperties
3/15/2016 9:55:41 AM:Sleeping for 15 seconds... polling https://localhost:20204/subscriptions/9c6fdd69-f3ca-4db8-a7a8-6e8a4f421a0a/resourceGroups/listgroup1/providers/Microsoft.Batch/batchAccounts/baccount758207/operationResults/049558fd-8575-4099-9d57-5ed5993e52d5?api-version=2015-09-01
3/15/2016 9:55:44 AM:Returned account: baccount758207 devfabricregion  Microsoft.WindowsAzure.Task.BatchRPClient.AccountProperties
3/15/2016 9:55:45 AM:Sleeping for 15 seconds... polling https://localhost:20204/subscriptions/9c6fdd69-f3ca-4db8-a7a8-6e8a4f421a0a/resourceGroups/listgroup2/providers/Microsoft.Batch/batchAccounts/caccount604198/operationResults/770818fe-83ed-440e-b8a8-0342ef152b53?api-version=2015-09-01
3/15/2016 9:55:48 AM:Returned account: caccount604198 devfabricregion  Microsoft.WindowsAzure.Task.BatchRPClient.AccountProperties
3/15/2016 9:55:48 AM:Verifying account: baccount758207 devfabricregion
3/15/2016 9:55:48 AM:Verifying account: caccount604198 devfabricregion
3/15/2016 9:55:48 AM:SubscriptionTests5: Class Cleanup</StdOut>
      </Output>
    </UnitTestResult>
    <UnitTestResult executionId="af89d67b-0575-4d7c-bd46-e34b89c777f3" testId="a491bd4d-436e-4b87-8d78-908af86239a5" testName="GetSubscriptionQuotas" computerName="RD00155D44C34F" duration="00:00:00.1560000" startTime="2016-03-15T09:55:48.5703452+00:00" endTime="2016-03-15T09:55:48.5703452+00:00" testType="13cdc9d9-ddb5-4fa4-a97d-d965ccfc6d4b" outcome="Passed" testListId="8c84fa94-04c1-424b-9868-57a2d4851a1d" relativeResultsDirectory="af89d67b-0575-4d7c-bd46-e34b89c777f3">
      <Output>
        <StdOut>3/15/2016 9:55:48 AM:TRPFEAPITests, Version=8.5.0.0, Culture=neutral, PublicKeyToken=null: Assembly Init
3/15/2016 9:55:48 AM:Request Id : 98ed20d6-21f9-48aa-8d3e-35377a9d2ef1
3/15/2016 9:55:48 AM:Received status code Conflict as expected
3/15/2016 9:55:48 AM:Register a subscription 4c558d62-1afc-429e-adf2-48597d0e7618
3/15/2016 9:55:48 AM:Get account quota for 4c558d62-1afc-429e-adf2-48597d0e7618
3/15/2016 9:55:48 AM:Get account quota for 4c558d62-1afc-429e-adf2-48597d0e7618 after setting the quota to be 11
3/15/2016 9:55:48 AM:SubscriptionTests5: Class Cleanup</StdOut>
      </Output>
    </UnitTestResult>
    <UnitTestResult executionId="49ba98e3-bb21-44e6-9b4f-40646f1202f4" testId="0ecf5916-4d30-4e18-bfa8-812bb61053a2" testName="ListAccountsInDefaultSubscription" computerName="RD00155D44C34F" duration="00:00:00.0010000" startTime="2016-03-15T09:55:48.5712400+00:00" endTime="2016-03-15T09:55:48.5712400+00:00" testType="13cdc9d9-ddb5-4fa4-a97d-d965ccfc6d4b" outcome="NotExecuted" testListId="8c84fa94-04c1-424b-9868-57a2d4851a1d" relativeResultsDirectory="49ba98e3-bb21-44e6-9b4f-40646f1202f4" />
    <UnitTestResult executionId="a1077e15-ecc3-431c-b7ed-96d698eec883" testId="3691092b-07d3-4663-a864-b921aa1d6406" testName="ListAccountsInEmptySubscription" computerName="RD00155D44C34F" duration="00:00:00.0340000" startTime="2016-03-15T09:55:48.5722476+00:00" endTime="2016-03-15T09:55:48.5722476+00:00" testType="13cdc9d9-ddb5-4fa4-a97d-d965ccfc6d4b" outcome="Passed" testListId="8c84fa94-04c1-424b-9868-57a2d4851a1d" relativeResultsDirectory="a1077e15-ecc3-431c-b7ed-96d698eec883">
      <Output>
        <StdOut>3/15/2016 9:55:48 AM:TRPFEAPITests, Version=8.5.0.0, Culture=neutral, PublicKeyToken=null: Assembly Init
3/15/2016 9:55:48 AM:SubscriptionTests5: Class Cleanup</StdOut>
      </Output>
    </UnitTestResult>
    <UnitTestResult executionId="b3e46d96-18c2-43a9-a89e-561e36c1e775" testId="e5a657d8-b80d-49f9-8791-89f92ce57f7e" testName="ListAccountsInSubscriptionDeletingState" computerName="RD00155D44C34F" duration="00:00:00.0010000" startTime="2016-03-15T09:55:48.5722476+00:00" endTime="2016-03-15T09:55:48.5722476+00:00" testType="13cdc9d9-ddb5-4fa4-a97d-d965ccfc6d4b" outcome="NotExecuted" testListId="8c84fa94-04c1-424b-9868-57a2d4851a1d" relativeResultsDirectory="b3e46d96-18c2-43a9-a89e-561e36c1e775" />
    <UnitTestResult executionId="28b85786-930d-4e10-b988-b1b37abdb256" testId="01c726f8-c4a1-404d-bb68-5f92324c6801" testName="UpdateSubscriptionWarnAndSuspendSingleAccount" computerName="RD00155D44C34F" duration="00:00:18.7360000" startTime="2016-03-15T09:55:50.0842488+00:00" endTime="2016-03-15T09:55:50.0842488+00:00" testType="13cdc9d9-ddb5-4fa4-a97d-d965ccfc6d4b" outcome="Passed" testListId="8c84fa94-04c1-424b-9868-57a2d4851a1d" relativeResultsDirectory="28b85786-930d-4e10-b988-b1b37abdb256">
      <Output>
        <StdOut>3/15/2016 9:55:30 AM:TRPFEAPITests, Version=8.5.0.0, Culture=neutral, PublicKeyToken=null: Assembly Init
3/15/2016 9:55:37 AM:Sleeping for 15 seconds... polling https://localhost:20204/subscriptions/d6627ddb-2e98-4df0-9d04-3a04cb243288/resourceGroups/myresources/providers/Microsoft.Batch/batchAccounts/account786103/operationResults/e24f1c12-052e-4ce7-a72c-a2f47e9aab27?api-version=2015-09-01
3/15/2016 9:55:40 AM:Returned account: account786103 devfabricregion  Microsoft.WindowsAzure.Task.BatchRPClient.AccountProperties
3/15/2016 9:55:41 AM:Request Id : 802530e4-ac5e-4e59-8eed-8f29fdb1fd2b
3/15/2016 9:55:41 AM:Received status code Conflict as expected
3/15/2016 9:55:41 AM:Request Id : 294fc34d-2a98-4dc2-9dfb-29b00ebabd0c
3/15/2016 9:55:41 AM:Received status code Conflict as expected
3/15/2016 9:55:41 AM:Returned account: devfabricregion  Microsoft.WindowsAzure.Task.BatchRPClient.AccountProperties
3/15/2016 9:55:42 AM:Sleeping for 15 seconds... polling https://localhost:20204/subscriptions/d6627ddb-2e98-4df0-9d04-3a04cb243288/resourceGroups/myresources/providers/Microsoft.Batch/batchAccounts/account121418/operationResults/344b4edc-4b3f-4f11-9df6-a8827ce1cdb5?api-version=2015-09-01
3/15/2016 9:55:45 AM:Request Id : 97b92e26-12d9-492b-98d8-4e9c1c2f551e
3/15/2016 9:55:45 AM:Received status code Conflict as expected
3/15/2016 9:55:45 AM:HttpStatusCode Accepted received. Sleeping and retrying...
3/15/2016 9:55:48 AM:SubscriptionTests4: Class Cleanup</StdOut>
      </Output>
    </UnitTestResult>
    <UnitTestResult executionId="726fcde7-a095-4bd9-9c31-f330f64f102c" testId="eb0535f8-9a12-4201-bf7c-ff75613820ff" testName="RecreateDeletedAccount" computerName="RD00155D44C34F" duration="00:00:10.5200000" startTime="2016-03-15T09:55:53.4462484+00:00" endTime="2016-03-15T09:55:53.4462484+00:00" testType="13cdc9d9-ddb5-4fa4-a97d-d965ccfc6d4b" outcome="Passed" testListId="8c84fa94-04c1-424b-9868-57a2d4851a1d" relativeResultsDirectory="726fcde7-a095-4bd9-9c31-f330f64f102c">
      <Output>
        <StdOut>3/15/2016 9:55:42 AM:TRPFEAPITests, Version=8.5.0.0, Culture=neutral, PublicKeyToken=null: Assembly Init
3/15/2016 9:55:42 AM:Creating account account399918
3/15/2016 9:55:43 AM:Sleeping for 15 seconds... polling https://localhost:20204/subscriptions/a1d02f63-f808-4608-a2d7-d592ffd90cdf/resourceGroups/myresources/providers/Microsoft.Batch/batchAccounts/account399918/operationResults/02905e08-fcbb-45ba-beb9-419adfcd1623?api-version=2015-09-01
3/15/2016 9:55:46 AM:Returned account: account399918 devfabricregion  Microsoft.WindowsAzure.Task.BatchRPClient.AccountProperties
3/15/2016 9:55:46 AM:Deleting account account399918
3/15/2016 9:55:46 AM:Sleeping for 15 seconds... polling https://localhost:20204/subscriptions/a1d02f63-f808-4608-a2d7-d592ffd90cdf/resourceGroups/myresources/providers/Microsoft.Batch/batchAccounts/account399918/operationResults/461da750-8fa1-4056-a052-6539349f923e?api-version=2015-09-01
3/15/2016 9:55:49 AM:Recreating account account399918
3/15/2016 9:55:50 AM:Sleeping for 15 seconds... polling https://localhost:20204/subscriptions/a1d02f63-f808-4608-a2d7-d592ffd90cdf/resourceGroups/myresources/providers/Microsoft.Batch/batchAccounts/account399918/operationResults/79800ba1-4774-409f-b98e-1b76845e5fc4?api-version=2015-09-01
3/15/2016 9:55:53 AM:Returned account: account399918 devfabricregion  Microsoft.WindowsAzure.Task.BatchRPClient.AccountProperties
3/15/2016 9:55:53 AM:DeleteAccountTests: Class Cleanup</StdOut>
      </Output>
    </UnitTestResult>
    <UnitTestResult executionId="a2fd40b6-f935-4d1c-b040-8d7755a3c3d0" testId="4ba3ea5b-6e30-416d-bb6b-df9fc9b2fef1" testName="UpdateSubscriptionSuspendTwice" computerName="RD00155D44C34F" duration="00:00:08.1930000" startTime="2016-03-15T09:55:55.2522413+00:00" endTime="2016-03-15T09:55:55.2522413+00:00" testType="13cdc9d9-ddb5-4fa4-a97d-d965ccfc6d4b" outcome="Passed" testListId="8c84fa94-04c1-424b-9868-57a2d4851a1d" relativeResultsDirectory="a2fd40b6-f935-4d1c-b040-8d7755a3c3d0">
      <Output>
        <StdOut>3/15/2016 9:55:47 AM:TRPFEAPITests, Version=8.5.0.0, Culture=neutral, PublicKeyToken=null: Assembly Init
3/15/2016 9:55:47 AM:Sleeping for 15 seconds... polling https://localhost:20204/subscriptions/8b7c94b8-7a93-493f-a64f-283ca22f8a83/resourceGroups/myresources/providers/Microsoft.Batch/batchAccounts/account725531/operationResults/018c0b57-4888-4dea-bf8e-d4534ed015a6?api-version=2015-09-01
3/15/2016 9:55:50 AM:Returned account: account725531 devfabricregion  Microsoft.WindowsAzure.Task.BatchRPClient.AccountProperties
3/15/2016 9:55:51 AM:HttpStatusCode Accepted received. Sleeping and retrying...
3/15/2016 9:55:54 AM:Request Id : f6a7477d-b0f7-40cc-ae87-e47c0f213580
3/15/2016 9:55:54 AM:Received status code Conflict as expected
3/15/2016 9:55:55 AM:Request Id : fb9a9f7b-3d85-4d55-bf9a-e02ca0e0ee99
3/15/2016 9:55:55 AM:Received status code Conflict as expected
3/15/2016 9:55:55 AM:SubscriptionTests2: Class Cleanup</StdOut>
      </Output>
    </UnitTestResult>
    <UnitTestResult executionId="260ede7a-23ac-438b-aa77-1dc58d99b9ee" testId="b1bc9b80-37aa-4859-b7f7-1a5ace665626" testName="UpdateSubscriptionSuspendedPositive" computerName="RD00155D44C34F" duration="00:00:12.6010000" startTime="2016-03-15T09:55:56.7562401+00:00" endTime="2016-03-15T09:55:56.7562401+00:00" testType="13cdc9d9-ddb5-4fa4-a97d-d965ccfc6d4b" outcome="Passed" testListId="8c84fa94-04c1-424b-9868-57a2d4851a1d" relativeResultsDirectory="260ede7a-23ac-438b-aa77-1dc58d99b9ee">
      <Output>
        <StdOut>3/15/2016 9:55:43 AM:TRPFEAPITests, Version=8.5.0.0, Culture=neutral, PublicKeyToken=null: Assembly Init
3/15/2016 9:55:44 AM:Sleeping for 15 seconds... polling https://localhost:20204/subscriptions/6c273629-8f70-4b07-8ddf-e0e31580d258/resourceGroups/myresources/providers/Microsoft.Batch/batchAccounts/account388595/operationResults/0b056519-f311-46a9-b029-4fe9ca81f1c3?api-version=2015-09-01
3/15/2016 9:55:47 AM:Returned account: account388595 devfabricregion  Microsoft.WindowsAzure.Task.BatchRPClient.AccountProperties
3/15/2016 9:55:47 AM:HttpStatusCode Accepted received. Sleeping and retrying...
3/15/2016 9:55:51 AM:Request Id : 94d45b67-629c-483a-8fbe-2a6c4d93b445
3/15/2016 9:55:51 AM:Received status code Conflict as expected
3/15/2016 9:55:51 AM:Request Id : 224ecf70-c174-43ee-b842-e0f67752d31f
3/15/2016 9:55:51 AM:Received status code Conflict as expected
3/15/2016 9:55:51 AM:Returned account: devfabricregion  Microsoft.WindowsAzure.Task.BatchRPClient.AccountProperties
3/15/2016 9:55:52 AM:Sleeping for 15 seconds... polling https://localhost:20204/subscriptions/6c273629-8f70-4b07-8ddf-e0e31580d258/resourceGroups/myresources/providers/Microsoft.Batch/batchAccounts/account614993/operationResults/c4916504-49af-4f33-aa9a-9c4552a9e3d2?api-version=2015-09-01
3/15/2016 9:55:56 AM:Request Id : 10acd8ba-f8c2-4017-beb7-2867bbf3d240
3/15/2016 9:55:56 AM:Received status code Conflict as expected
3/15/2016 9:55:56 AM:SubscriptionTests1: Class Cleanup</StdOut>
      </Output>
    </UnitTestResult>
    <UnitTestResult executionId="aa2704e2-6332-49b2-b5e6-334e6fccc332" testId="5ed10667-5d92-44ee-b699-d9c2cacde7d4" testName="UpdateSubscriptionRegisteredPositive" computerName="RD00155D44C34F" duration="00:00:00.0370000" startTime="2016-03-15T09:55:56.7562401+00:00" endTime="2016-03-15T09:55:56.7562401+00:00" testType="13cdc9d9-ddb5-4fa4-a97d-d965ccfc6d4b" outcome="Passed" testListId="8c84fa94-04c1-424b-9868-57a2d4851a1d" relativeResultsDirectory="aa2704e2-6332-49b2-b5e6-334e6fccc332">
      <Output>
        <StdOut>3/15/2016 9:55:56 AM:TRPFEAPITests, Version=8.5.0.0, Culture=neutral, PublicKeyToken=null: Assembly Init
3/15/2016 9:55:56 AM:SubscriptionTests1: Class Cleanup</StdOut>
      </Output>
    </UnitTestResult>
    <UnitTestResult executionId="eb6b845b-8bad-453f-b559-b387ea53e5d7" testId="0168fe39-c2e0-4fa4-abbc-6ba26e8bf1cc" testName="DeleteAccountInWrongSubscription" computerName="RD00155D44C34F" duration="00:00:03.6070000" startTime="2016-03-15T09:55:58.2572385+00:00" endTime="2016-03-15T09:55:58.2572385+00:00" testType="13cdc9d9-ddb5-4fa4-a97d-d965ccfc6d4b" outcome="Passed" testListId="8c84fa94-04c1-424b-9868-57a2d4851a1d" relativeResultsDirectory="eb6b845b-8bad-453f-b559-b387ea53e5d7">
      <Output>
        <StdOut>3/15/2016 9:55:53 AM:TRPFEAPITests, Version=8.5.0.0, Culture=neutral, PublicKeyToken=null: Assembly Init
3/15/2016 9:55:53 AM:Sleeping for 15 seconds... polling https://localhost:20204/subscriptions/a5e9ccc9-3fee-451a-9966-99cb02f985ea/resourceGroups/myresources/providers/Microsoft.Batch/batchAccounts/account937616/operationResults/a66a7b00-5a0c-43f5-9e98-d619e2f3b1e7?api-version=2015-09-01
3/15/2016 9:55:56 AM:Returned account: account937616 devfabricregion  Microsoft.WindowsAzure.Task.BatchRPClient.AccountProperties
3/15/2016 9:55:56 AM:Returned account: devfabricregion  Microsoft.WindowsAzure.Task.BatchRPClient.AccountProperties
3/15/2016 9:55:56 AM:DeleteAccountTests: Class Cleanup</StdOut>
      </Output>
    </UnitTestResult>
    <UnitTestResult executionId="c1de0700-ba28-41bc-b282-749258b61904" testId="3898f48d-1037-4b36-b76f-2db4589056d8" testName="ListAccountsInSubscription" computerName="RD00155D44C34F" duration="00:00:11.6400000" startTime="2016-03-15T09:56:00.0812407+00:00" endTime="2016-03-15T09:56:00.0812407+00:00" testType="13cdc9d9-ddb5-4fa4-a97d-d965ccfc6d4b" outcome="Passed" testListId="8c84fa94-04c1-424b-9868-57a2d4851a1d" relativeResultsDirectory="c1de0700-ba28-41bc-b282-749258b61904">
      <Output>
        <StdOut>3/15/2016 9:55:48 AM:TRPFEAPITests, Version=8.5.0.0, Culture=neutral, PublicKeyToken=null: Assembly Init
3/15/2016 9:55:49 AM:Sleeping for 15 seconds... polling https://localhost:20204/subscriptions/f85f6378-8187-42a2-b4c9-b6b167987a67/resourceGroups/listgroup1/providers/Microsoft.Batch/batchAccounts/aaccount522942/operationResults/d7251ceb-50fe-4413-b709-fbe432ec1ed3?api-version=2015-09-01
3/15/2016 9:55:52 AM:Returned account: aaccount522942 devfabricregion  Microsoft.WindowsAzure.Task.BatchRPClient.AccountProperties
3/15/2016 9:55:53 AM:Sleeping for 15 seconds... polling https://localhost:20204/subscriptions/f85f6378-8187-42a2-b4c9-b6b167987a67/resourceGroups/listgroup1/providers/Microsoft.Batch/batchAccounts/baccount630639/operationResults/4cb1742b-20f8-4694-b294-83bcbecc85e2?api-version=2015-09-01
3/15/2016 9:55:56 AM:Returned account: baccount630639 devfabricregion  Microsoft.WindowsAzure.Task.BatchRPClient.AccountProperties
3/15/2016 9:55:56 AM:Sleeping for 15 seconds... polling https://localhost:20204/subscriptions/f85f6378-8187-42a2-b4c9-b6b167987a67/resourceGroups/listgroup2/providers/Microsoft.Batch/batchAccounts/caccount251716/operationResults/465f8ae3-f00a-44ec-abf7-e673fbaea7a3?api-version=2015-09-01
3/15/2016 9:55:59 AM:Returned account: caccount251716 devfabricregion  Microsoft.WindowsAzure.Task.BatchRPClient.AccountProperties
3/15/2016 9:56:00 AM:Verifying account: aaccount522942 devfabricregion
3/15/2016 9:56:00 AM:Verifying account: baccount630639 devfabricregion
3/15/2016 9:56:00 AM:Verifying account: caccount251716 devfabricregion
3/15/2016 9:56:00 AM:SubscriptionTests5: Class Cleanup</StdOut>
      </Output>
    </UnitTestResult>
    <UnitTestResult executionId="864f1b36-c8ba-4b19-99a8-b091f32fdf25" testId="680d58db-7c72-4e31-a9d8-72d50c1c665c" testName="DeleteAccountInWrongResourceGroup" computerName="RD00155D44C34F" duration="00:00:03.7230000" startTime="2016-03-15T09:56:01.5842506+00:00" endTime="2016-03-15T09:56:01.5842506+00:00" testType="13cdc9d9-ddb5-4fa4-a97d-d965ccfc6d4b" outcome="Passed" testListId="8c84fa94-04c1-424b-9868-57a2d4851a1d" relativeResultsDirectory="864f1b36-c8ba-4b19-99a8-b091f32fdf25">
      <Output>
        <StdOut>3/15/2016 9:55:56 AM:TRPFEAPITests, Version=8.5.0.0, Culture=neutral, PublicKeyToken=null: Assembly Init
3/15/2016 9:55:57 AM:Sleeping for 15 seconds... polling https://localhost:20204/subscriptions/0e983c9e-5f8e-46f9-a832-492989e0a481/resourceGroups/myresources1/providers/Microsoft.Batch/batchAccounts/account882407/operationResults/5215d4af-755c-47ab-a162-aa5c036addc9?api-version=2015-09-01
3/15/2016 9:56:00 AM:Returned account: account882407 devfabricregion  Microsoft.WindowsAzure.Task.BatchRPClient.AccountProperties
3/15/2016 9:56:00 AM:Returned account: devfabricregion  Microsoft.WindowsAzure.Task.BatchRPClient.AccountProperties
3/15/2016 9:56:00 AM:DeleteAccountTests: Class Cleanup</StdOut>
      </Output>
    </UnitTestResult>
    <UnitTestResult executionId="1357096d-a849-4bf4-ad43-6d301ac871bd" testId="e5f1ff95-c420-4bdf-9bb2-6b280c37ac5b" testName="UpdateSubscriptionDeletedPositive" computerName="RD00155D44C34F" duration="00:00:06.9040000" startTime="2016-03-15T09:56:03.0992478+00:00" endTime="2016-03-15T09:56:03.0992478+00:00" testType="13cdc9d9-ddb5-4fa4-a97d-d965ccfc6d4b" outcome="Passed" testListId="8c84fa94-04c1-424b-9868-57a2d4851a1d" relativeResultsDirectory="1357096d-a849-4bf4-ad43-6d301ac871bd">
      <Output>
        <StdOut>3/15/2016 9:55:56 AM:TRPFEAPITests, Version=8.5.0.0, Culture=neutral, PublicKeyToken=null: Assembly Init
3/15/2016 9:55:56 AM:Sleeping for 15 seconds... polling https://localhost:20204/subscriptions/0920a034-b3cb-4398-88a9-9e7299ac7bf8/resourceGroups/myresources/providers/Microsoft.Batch/batchAccounts/account185417/operationResults/9a476fed-2ac9-43e3-b9bd-75a9b28b7644?api-version=2015-09-01
3/15/2016 9:55:59 AM:Returned account: account185417 devfabricregion  Microsoft.WindowsAzure.Task.BatchRPClient.AccountProperties
3/15/2016 9:55:59 AM:HttpStatusCode Accepted received. Sleeping and retrying...
3/15/2016 9:56:02 AM:SubscriptionTests1: Class Cleanup</StdOut>
      </Output>
    </UnitTestResult>
    <UnitTestResult executionId="49921f4e-813a-4871-9145-3dfb7ba0a0f7" testId="7522b8dd-b330-4b66-932d-cf974ed04cd6" testName="UpdateSubscriptionWarnMultipleAccounts" computerName="RD00155D44C34F" duration="00:00:14.2720000" startTime="2016-03-15T09:56:04.6152485+00:00" endTime="2016-03-15T09:56:04.6152485+00:00" testType="13cdc9d9-ddb5-4fa4-a97d-d965ccfc6d4b" outcome="Passed" testListId="8c84fa94-04c1-424b-9868-57a2d4851a1d" relativeResultsDirectory="49921f4e-813a-4871-9145-3dfb7ba0a0f7">
      <Output>
        <StdOut>3/15/2016 9:55:48 AM:TRPFEAPITests, Version=8.5.0.0, Culture=neutral, PublicKeyToken=null: Assembly Init
3/15/2016 9:55:49 AM:Sleeping for 15 seconds... polling https://localhost:20204/subscriptions/856914df-5121-449b-ac30-9c00bbc4a80a/resourceGroups/myresources/providers/Microsoft.Batch/batchAccounts/account897228/operationResults/9125c526-59a5-4bd1-82af-bd5c07cbfe98?api-version=2015-09-01
3/15/2016 9:55:52 AM:Returned account: account897228 devfabricregion  Microsoft.WindowsAzure.Task.BatchRPClient.AccountProperties
3/15/2016 9:55:53 AM:Sleeping for 15 seconds... polling https://localhost:20204/subscriptions/856914df-5121-449b-ac30-9c00bbc4a80a/resourceGroups/myresources/providers/Microsoft.Batch/batchAccounts/account98938/operationResults/c6ddf366-2c9d-4117-b60f-bb07862dc4d9?api-version=2015-09-01
3/15/2016 9:55:56 AM:Returned account: account98938 devfabricregion  Microsoft.WindowsAzure.Task.BatchRPClient.AccountProperties
3/15/2016 9:55:57 AM:Sleeping for 15 seconds... polling https://localhost:20204/subscriptions/856914df-5121-449b-ac30-9c00bbc4a80a/resourceGroups/myresources/providers/Microsoft.Batch/batchAccounts/account690925/operationResults/95cc642a-117a-4527-a479-06d578a0e3ef?api-version=2015-09-01
3/15/2016 9:56:00 AM:Returned account: account690925 devfabricregion  Microsoft.WindowsAzure.Task.BatchRPClient.AccountProperties
3/15/2016 9:56:02 AM:Request Id : fd0255f2-bfc3-410b-85c9-02ab4566f052
3/15/2016 9:56:02 AM:Received status code Conflict as expected
3/15/2016 9:56:02 AM:Request Id : 78ad42d9-aa48-45a8-930b-89b811d88a7e
3/15/2016 9:56:02 AM:Received status code Conflict as expected
3/15/2016 9:56:03 AM:Request Id : e52b911e-b3b9-48fd-9e2f-19951eb4ced6
3/15/2016 9:56:03 AM:Received status code Conflict as expected
3/15/2016 9:56:03 AM:SubscriptionTests4: Class Cleanup</StdOut>
      </Output>
    </UnitTestResult>
    <UnitTestResult executionId="dc5c4df6-d268-4e3a-8f3c-3279d2ca38ce" testId="a39ffadb-f289-486a-bf4d-733fc9ca3321" testName="PatchAccountEmptyTagNameOrValue" computerName="RD00155D44C34F" duration="00:00:03.7290000" startTime="2016-03-15T09:56:04.6152485+00:00" endTime="2016-03-15T09:56:04.6152485+00:00" testType="13cdc9d9-ddb5-4fa4-a97d-d965ccfc6d4b" outcome="Passed" testListId="8c84fa94-04c1-424b-9868-57a2d4851a1d" relativeResultsDirectory="dc5c4df6-d268-4e3a-8f3c-3279d2ca38ce">
      <Output>
        <StdOut>3/15/2016 9:56:00 AM:TRPFEAPITests, Version=8.5.0.0, Culture=neutral, PublicKeyToken=null: Assembly Init
3/15/2016 9:56:00 AM:Sleeping for 15 seconds... polling https://localhost:20204/subscriptions/7f3af809-6359-4190-b081-ae1cb3b43366/resourceGroups/myresources/providers/Microsoft.Batch/batchAccounts/account319800/operationResults/efffe4c4-4b34-4c53-867f-9f359e5c2f30?api-version=2015-09-01
3/15/2016 9:56:03 AM:Returned account: account319800 devfabricregion System.Collections.Generic.Dictionary`2[System.String,System.String] Microsoft.WindowsAzure.Task.BatchRPClient.AccountProperties
3/15/2016 9:56:03 AM:Returned account: devfabricregion System.Collections.Generic.Dictionary`2[System.String,System.String] Microsoft.WindowsAzure.Task.BatchRPClient.AccountProperties
3/15/2016 9:56:03 AM:Returned account: devfabricregion System.Collections.Generic.Dictionary`2[System.String,System.String] Microsoft.WindowsAzure.Task.BatchRPClient.AccountProperties
3/15/2016 9:56:03 AM:PatchAccountTests: Class Cleanup</StdOut>
      </Output>
    </UnitTestResult>
    <UnitTestResult executionId="c946a5ac-b2f9-458c-ab33-adb18593a651" testId="1efbc46e-1ecc-4dc7-9e61-075c04529411" testName="ReplaceAccountKeysWrongSubscription" computerName="RD00155D44C34F" duration="00:00:03.8470000" startTime="2016-03-15T09:56:06.1302482+00:00" endTime="2016-03-15T09:56:06.1302482+00:00" testType="13cdc9d9-ddb5-4fa4-a97d-d965ccfc6d4b" outcome="Passed" testListId="8c84fa94-04c1-424b-9868-57a2d4851a1d" relativeResultsDirectory="c946a5ac-b2f9-458c-ab33-adb18593a651">
      <Output>
        <StdOut>3/15/2016 9:56:00 AM:TRPFEAPITests, Version=8.5.0.0, Culture=neutral, PublicKeyToken=null: Assembly Init
3/15/2016 9:56:01 AM:Sleeping for 15 seconds... polling https://localhost:20204/subscriptions/8adc1aaf-9f77-404c-8cab-4054363d94e9/resourceGroups/myresources/providers/Microsoft.Batch/batchAccounts/account195196/operationResults/b21ea5d8-85bc-48db-ae5d-18dbdb09dcdd?api-version=2015-09-01
3/15/2016 9:56:04 AM:Returned account: account195196 devfabricregion  Microsoft.WindowsAzure.Task.BatchRPClient.AccountProperties
3/15/2016 9:56:04 AM:Request Id : 5ff75e6b-06ee-47f8-8bc7-ca6a0b40f3a0
3/15/2016 9:56:04 AM:Received status code NotFound as expected
3/15/2016 9:56:04 AM:AccountKeyTests: Class Cleanup</StdOut>
      </Output>
    </UnitTestResult>
    <UnitTestResult executionId="fc468b18-63e3-421d-ba0b-8eb49f112a3b" testId="a44c73c4-c8ff-4a9b-93ee-57eeaa715d79" testName="ReplaceAccountKeysAccountDoesNotExist" computerName="RD00155D44C34F" duration="00:00:00.0570000" startTime="2016-03-15T09:56:06.1302482+00:00" endTime="2016-03-15T09:56:06.1302482+00:00" testType="13cdc9d9-ddb5-4fa4-a97d-d965ccfc6d4b" outcome="Passed" testListId="8c84fa94-04c1-424b-9868-57a2d4851a1d" relativeResultsDirectory="fc468b18-63e3-421d-ba0b-8eb49f112a3b">
      <Output>
        <StdOut>3/15/2016 9:56:04 AM:TRPFEAPITests, Version=8.5.0.0, Culture=neutral, PublicKeyToken=null: Assembly Init
3/15/2016 9:56:04 AM:Request Id : 6cdea3b5-f1b0-4958-a147-681fe60ea040
3/15/2016 9:56:04 AM:Received status code NotFound as expected
3/15/2016 9:56:04 AM:AccountKeyTests: Class Cleanup</StdOut>
      </Output>
    </UnitTestResult>
    <UnitTestResult executionId="0083ea43-3b18-4c8b-a4f4-a28b230f0a23" testId="10659b6e-0fd8-4272-8914-cc8f1eded1fe" testName="CreateAccountWithTagsAndProperties" computerName="RD00155D44C34F" duration="00:00:03.8130000" startTime="2016-03-15T09:56:07.6462500+00:00" endTime="2016-03-15T09:56:07.6462500+00:00" testType="13cdc9d9-ddb5-4fa4-a97d-d965ccfc6d4b" outcome="Passed" testListId="8c84fa94-04c1-424b-9868-57a2d4851a1d" relativeResultsDirectory="0083ea43-3b18-4c8b-a4f4-a28b230f0a23">
      <Output>
        <StdOut>3/15/2016 9:56:02 AM:TRPFEAPITests, Version=8.5.0.0, Culture=neutral, PublicKeyToken=null: Assembly Init
3/15/2016 9:56:03 AM:Sleeping for 15 seconds... polling https://localhost:20204/subscriptions/ab044702-40f8-4321-9921-947d9ee90838/resourceGroups/myresources/providers/Microsoft.Batch/batchAccounts/account359225/operationResults/e69acadd-59f5-4274-9a57-2cb82a64165a?api-version=2015-09-01
3/15/2016 9:56:06 AM:Returned account: account359225 devfabricregion System.Collections.Generic.Dictionary`2[System.String,System.String] Microsoft.WindowsAzure.Task.BatchRPClient.AccountProperties
3/15/2016 9:56:06 AM:Returned account: devfabricregion System.Collections.Generic.Dictionary`2[System.String,System.String] Microsoft.WindowsAzure.Task.BatchRPClient.AccountProperties
3/15/2016 9:56:06 AM:CreateAccountTests: Class Cleanup</StdOut>
      </Output>
    </UnitTestResult>
    <UnitTestResult executionId="8019e609-ba25-4adb-8c4f-2beba8aa453f" testId="6ce87dd0-a80f-4b95-9219-47e6408c1129" testName="UpdateSubscriptionDeleteSuspendedSubscription" computerName="RD00155D44C34F" duration="00:00:11.7920000" startTime="2016-03-15T09:56:07.6462500+00:00" endTime="2016-03-15T09:56:07.6462500+00:00" testType="13cdc9d9-ddb5-4fa4-a97d-d965ccfc6d4b" outcome="Passed" testListId="8c84fa94-04c1-424b-9868-57a2d4851a1d" relativeResultsDirectory="8019e609-ba25-4adb-8c4f-2beba8aa453f">
      <Output>
        <StdOut>3/15/2016 9:55:55 AM:TRPFEAPITests, Version=8.5.0.0, Culture=neutral, PublicKeyToken=null: Assembly Init
3/15/2016 9:55:55 AM:Sleeping for 15 seconds... polling https://localhost:20204/subscriptions/a4403d58-1f77-4dd7-a4a4-f26bc62e0eb6/resourceGroups/myresources/providers/Microsoft.Batch/batchAccounts/account313490/operationResults/2eb92f0e-e2d8-4d05-b8c7-759ef637b9bc?api-version=2015-09-01
3/15/2016 9:55:58 AM:Returned account: account313490 devfabricregion  Microsoft.WindowsAzure.Task.BatchRPClient.AccountProperties
3/15/2016 9:55:59 AM:HttpStatusCode Accepted received. Sleeping and retrying...
3/15/2016 9:56:03 AM:Request Id : e7b880ff-aa05-4d10-87ef-f2b1fb4dd269
3/15/2016 9:56:03 AM:Received status code Conflict as expected
3/15/2016 9:56:03 AM:HttpStatusCode Accepted received. Sleeping and retrying...
3/15/2016 9:56:06 AM:SubscriptionTests2: Class Cleanup</StdOut>
      </Output>
    </UnitTestResult>
    <UnitTestResult executionId="8fff5c9d-e196-4992-9ad0-7da58892271b" testId="9b8ca8da-9a4f-4b51-9dc7-4aefa8a72c27" testName="PatchAccountReadOnlyProperties" computerName="RD00155D44C34F" duration="00:00:03.7670000" startTime="2016-03-15T09:56:07.6462500+00:00" endTime="2016-03-15T09:56:07.6462500+00:00" testType="13cdc9d9-ddb5-4fa4-a97d-d965ccfc6d4b" outcome="Passed" testListId="8c84fa94-04c1-424b-9868-57a2d4851a1d" relativeResultsDirectory="8fff5c9d-e196-4992-9ad0-7da58892271b">
      <Output>
        <StdOut>3/15/2016 9:56:03 AM:TRPFEAPITests, Version=8.5.0.0, Culture=neutral, PublicKeyToken=null: Assembly Init
3/15/2016 9:56:04 AM:Sleeping for 15 seconds... polling https://localhost:20204/subscriptions/7fceec02-45f0-4286-851e-31a7aa6b2204/resourceGroups/myresources/providers/Microsoft.Batch/batchAccounts/account702165/operationResults/0ea39495-79fb-4d6c-beab-ba33ce62117c?api-version=2015-09-01
3/15/2016 9:56:07 AM:Returned account: account702165 devfabricregion  Microsoft.WindowsAzure.Task.BatchRPClient.AccountProperties
3/15/2016 9:56:07 AM:Request Id : 29fb1b2a-c21b-48d6-8bf8-ddd88b8768d3
3/15/2016 9:56:07 AM:Received status code BadRequest as expected
3/15/2016 9:56:07 AM:Request Id : 8c186345-2d74-423d-940e-e8424de7117a
3/15/2016 9:56:07 AM:Received status code BadRequest as expected
3/15/2016 9:56:07 AM:Request Id : 2758a2aa-5a12-4ec4-b80f-a35690901d4c
3/15/2016 9:56:07 AM:Received status code BadRequest as expected
3/15/2016 9:56:07 AM:Request Id : 1c82de92-3e07-4d0d-9731-17df3105e60e
3/15/2016 9:56:07 AM:Received status code BadRequest as expected
3/15/2016 9:56:07 AM:PatchAccountTests: Class Cleanup</StdOut>
      </Output>
    </UnitTestResult>
    <UnitTestResult executionId="b15c0421-5d53-4911-8d91-a72a889c8195" testId="594d5662-8ae4-4eb2-8d16-d323098f56ff" testName="PatchAccountNonexistentAccount" computerName="RD00155D44C34F" duration="00:00:00.0300000" startTime="2016-03-15T09:56:07.6462500+00:00" endTime="2016-03-15T09:56:07.6462500+00:00" testType="13cdc9d9-ddb5-4fa4-a97d-d965ccfc6d4b" outcome="Passed" testListId="8c84fa94-04c1-424b-9868-57a2d4851a1d" relativeResultsDirectory="b15c0421-5d53-4911-8d91-a72a889c8195">
      <Output>
        <StdOut>3/15/2016 9:56:07 AM:TRPFEAPITests, Version=8.5.0.0, Culture=neutral, PublicKeyToken=null: Assembly Init
3/15/2016 9:56:07 AM:Request Id : b3e1cff0-e281-4a92-8768-5fc731eaf5ce
3/15/2016 9:56:07 AM:Received status code NotFound as expected
3/15/2016 9:56:07 AM:PatchAccountTests: Class Cleanup</StdOut>
      </Output>
    </UnitTestResult>
    <UnitTestResult executionId="45ed9a80-1368-4886-b912-1411984e2a99" testId="e7f02e43-f4f0-4754-9324-55cd35a6d4b5" testName="GetAccountKeysPositive" computerName="RD00155D44C34F" duration="00:00:03.8630000" startTime="2016-03-15T09:56:09.1492482+00:00" endTime="2016-03-15T09:56:09.1492482+00:00" testType="13cdc9d9-ddb5-4fa4-a97d-d965ccfc6d4b" outcome="Passed" testListId="8c84fa94-04c1-424b-9868-57a2d4851a1d" relativeResultsDirectory="45ed9a80-1368-4886-b912-1411984e2a99">
      <Output>
        <StdOut>3/15/2016 9:56:04 AM:TRPFEAPITests, Version=8.5.0.0, Culture=neutral, PublicKeyToken=null: Assembly Init
3/15/2016 9:56:05 AM:Sleeping for 15 seconds... polling https://localhost:20204/subscriptions/a12971a0-b4e8-43f8-991f-8d8d7ce6fd74/resourceGroups/myresources/providers/Microsoft.Batch/batchAccounts/account285307/operationResults/afc0ee1a-8cb2-446c-b86f-c476e27c62b9?api-version=2015-09-01
3/15/2016 9:56:08 AM:Returned account: account285307 devfabricregion  Microsoft.WindowsAzure.Task.BatchRPClient.AccountProperties
3/15/2016 9:56:08 AM:AccountKeyTests: Class Cleanup</StdOut>
      </Output>
    </UnitTestResult>
    <UnitTestResult executionId="39c87650-5e3b-4ae4-8648-04fece9816bf" testId="1619794f-097b-4022-9c36-ee94517f8a50" testName="PatchAccountPositive" computerName="RD00155D44C34F" duration="00:00:04.2360000" startTime="2016-03-15T09:56:11.8282393+00:00" endTime="2016-03-15T09:56:11.8282393+00:00" testType="13cdc9d9-ddb5-4fa4-a97d-d965ccfc6d4b" outcome="Passed" testListId="8c84fa94-04c1-424b-9868-57a2d4851a1d" relativeResultsDirectory="39c87650-5e3b-4ae4-8648-04fece9816bf">
      <Output>
        <StdOut>3/15/2016 9:56:07 AM:TRPFEAPITests, Version=8.5.0.0, Culture=neutral, PublicKeyToken=null: Assembly Init
3/15/2016 9:56:07 AM:Register a subscription bd09721d-bf6d-450e-adc9-f34d314a5679
3/15/2016 9:56:07 AM:Create an account account170479
3/15/2016 9:56:08 AM:Sleeping for 15 seconds... polling https://localhost:20204/subscriptions/bd09721d-bf6d-450e-adc9-f34d314a5679/resourceGroups/myresources/providers/Microsoft.Batch/batchAccounts/account170479/operationResults/d51b934b-1193-490e-85c4-fc4fdd7a2b4f?api-version=2015-09-01
3/15/2016 9:56:11 AM:Returned account: account170479 devfabricregion System.Collections.Generic.Dictionary`2[System.String,System.String] Microsoft.WindowsAzure.Task.BatchRPClient.AccountProperties
3/15/2016 9:56:11 AM:Patch account account170479
3/15/2016 9:56:11 AM:Returned account: devfabricregion System.Collections.Generic.Dictionary`2[System.String,System.String] Microsoft.WindowsAzure.Task.BatchRPClient.AccountProperties
3/15/2016 9:56:11 AM:Returned account: devfabricregion System.Collections.Generic.Dictionary`2[System.String,System.String] Microsoft.WindowsAzure.Task.BatchRPClient.AccountProperties
3/15/2016 9:56:11 AM:Patch account account170479 for clearing tags
3/15/2016 9:56:11 AM:Returned account: devfabricregion  Microsoft.WindowsAzure.Task.BatchRPClient.AccountProperties
3/15/2016 9:56:11 AM:PatchAccountTests: Class Cleanup</StdOut>
      </Output>
    </UnitTestResult>
    <UnitTestResult executionId="588a0a52-2269-4983-9431-5aca4422f11c" testId="ed14921b-17b2-41b6-a31a-f6a0d9b7cf01" testName="GetAccountKeysWrongSubscription" computerName="RD00155D44C34F" duration="00:00:03.7150000" startTime="2016-03-15T09:56:13.3452499+00:00" endTime="2016-03-15T09:56:13.3452499+00:00" testType="13cdc9d9-ddb5-4fa4-a97d-d965ccfc6d4b" outcome="Passed" testListId="8c84fa94-04c1-424b-9868-57a2d4851a1d" relativeResultsDirectory="588a0a52-2269-4983-9431-5aca4422f11c">
      <Output>
        <StdOut>3/15/2016 9:56:08 AM:TRPFEAPITests, Version=8.5.0.0, Culture=neutral, PublicKeyToken=null: Assembly Init
3/15/2016 9:56:09 AM:Sleeping for 15 seconds... polling https://localhost:20204/subscriptions/b8265fb3-1a03-42a9-aa9b-2c78e1f7731d/resourceGroups/myresources/providers/Microsoft.Batch/batchAccounts/account36477/operationResults/b7f0d386-0b93-4c36-bc5c-d9d4bd0eb729?api-version=2015-09-01
3/15/2016 9:56:12 AM:Returned account: account36477 devfabricregion  Microsoft.WindowsAzure.Task.BatchRPClient.AccountProperties
3/15/2016 9:56:12 AM:Request Id : 3352c9ab-393a-4c73-a02b-145e9aaad5a7
3/15/2016 9:56:12 AM:Received status code NotFound as expected
3/15/2016 9:56:12 AM:AccountKeyTests: Class Cleanup</StdOut>
      </Output>
    </UnitTestResult>
    <UnitTestResult executionId="74ffdb5b-3ff4-4f25-8263-e20f041d3dae" testId="8a94c2f9-fb3a-4a9e-900f-3cc4007d83f0" testName="PatchAccountAlreadyExistsInDifferentResourceGroup" computerName="RD00155D44C34F" duration="00:00:03.7240000" startTime="2016-03-15T09:56:15.5562498+00:00" endTime="2016-03-15T09:56:15.5562498+00:00" testType="13cdc9d9-ddb5-4fa4-a97d-d965ccfc6d4b" outcome="Passed" testListId="8c84fa94-04c1-424b-9868-57a2d4851a1d" relativeResultsDirectory="74ffdb5b-3ff4-4f25-8263-e20f041d3dae">
      <Output>
        <StdOut>3/15/2016 9:56:11 AM:TRPFEAPITests, Version=8.5.0.0, Culture=neutral, PublicKeyToken=null: Assembly Init
3/15/2016 9:56:12 AM:Sleeping for 15 seconds... polling https://localhost:20204/subscriptions/17ffde4c-7dc4-48b0-b61d-64abc23680fc/resourceGroups/myresources1/providers/Microsoft.Batch/batchAccounts/account688874/operationResults/b51493b7-4f90-4e90-bb87-77d38e2825ff?api-version=2015-09-01
3/15/2016 9:56:15 AM:Returned account: account688874 devfabricregion  Microsoft.WindowsAzure.Task.BatchRPClient.AccountProperties
3/15/2016 9:56:15 AM:Request Id : ba426953-7b84-4290-80a6-09fe83769a33
3/15/2016 9:56:15 AM:Received status code NotFound as expected
3/15/2016 9:56:15 AM:PatchAccountTests: Class Cleanup</StdOut>
      </Output>
    </UnitTestResult>
    <UnitTestResult executionId="35def0e6-6d80-481d-bc2c-26f41685e9d4" testId="784e80bd-7bff-455b-8854-75d456f39bbe" testName="ReplaceAccountKeysPositive" computerName="RD00155D44C34F" duration="00:00:04.1190000" startTime="2016-03-15T09:56:17.0662487+00:00" endTime="2016-03-15T09:56:17.0662487+00:00" testType="13cdc9d9-ddb5-4fa4-a97d-d965ccfc6d4b" outcome="Passed" testListId="8c84fa94-04c1-424b-9868-57a2d4851a1d" relativeResultsDirectory="35def0e6-6d80-481d-bc2c-26f41685e9d4">
      <Output>
        <StdOut>3/15/2016 9:56:12 AM:TRPFEAPITests, Version=8.5.0.0, Culture=neutral, PublicKeyToken=null: Assembly Init
3/15/2016 9:56:12 AM:Sleeping for 15 seconds... polling https://localhost:20204/subscriptions/2489c468-7710-4720-87c0-f07d39b28827/resourceGroups/myresources/providers/Microsoft.Batch/batchAccounts/account569697/operationResults/0e2a70da-fbbc-47a5-b09f-07f331743168?api-version=2015-09-01
3/15/2016 9:56:15 AM:Returned account: account569697 devfabricregion  Microsoft.WindowsAzure.Task.BatchRPClient.AccountProperties
3/15/2016 9:56:15 AM:Primary key: Gz4vip4Zv3mp0sn5B8blLovU4fyQTw4WU12SeBDe+NYz//pcEiiD5gsqNZ3H4gFk3uqyjnrQvHw6JUl4GAFNhw==
3/15/2016 9:56:15 AM:Secondary key: 2G6okN2OdKkaqHM+/f7LJo861LwebPIE36l/0lD/y78+iyM2AzW5hczvJf+xr3txVCbR72QVgc0XIG3UFVoQxQ==
3/15/2016 9:56:16 AM:New primary key after regenerating primary: 2sjc8rsBC15aSI3nXmsLWhUZHtmae/UQXj0PAhw43uT6qAsPqxBWB+e/LsrOitDoQPET0Fcrfd7QQ0aJer9uRA==
3/15/2016 9:56:16 AM:New secondary key after regenerating primary: 2G6okN2OdKkaqHM+/f7LJo861LwebPIE36l/0lD/y78+iyM2AzW5hczvJf+xr3txVCbR72QVgc0XIG3UFVoQxQ==
3/15/2016 9:56:16 AM:New primary key after regenerating secondary: 2sjc8rsBC15aSI3nXmsLWhUZHtmae/UQXj0PAhw43uT6qAsPqxBWB+e/LsrOitDoQPET0Fcrfd7QQ0aJer9uRA==
3/15/2016 9:56:16 AM:New secondary key after regenerating secondary: 0U9VxEtCYagfx+QPJzHDyInsefIUhp5MU1ECzr7+VlRsdbdeKLl5G0WYMFEIUnqHgh/gc4NWqzY1h3dI08RGkg==
3/15/2016 9:56:16 AM:AccountKeyTests: Class Cleanup</StdOut>
      </Output>
    </UnitTestResult>
    <UnitTestResult executionId="1342252a-2d6b-4862-a00b-e77af4d3efea" testId="6c58e51b-740b-4291-9db5-7470a13ac1a2" testName="UpdateSubscriptionWarnAndUnsuspendeSingleAccount" computerName="RD00155D44C34F" duration="00:00:15.1580000" startTime="2016-03-15T09:56:18.5832487+00:00" endTime="2016-03-15T09:56:18.5832487+00:00" testType="13cdc9d9-ddb5-4fa4-a97d-d965ccfc6d4b" outcome="Passed" testListId="8c84fa94-04c1-424b-9868-57a2d4851a1d" relativeResultsDirectory="1342252a-2d6b-4862-a00b-e77af4d3efea">
      <Output>
        <StdOut>3/15/2016 9:56:03 AM:TRPFEAPITests, Version=8.5.0.0, Culture=neutral, PublicKeyToken=null: Assembly Init
3/15/2016 9:56:03 AM:Sleeping for 15 seconds... polling https://localhost:20204/subscriptions/b53d5164-a6ec-4e98-a187-e852f2b97cf7/resourceGroups/myresources/providers/Microsoft.Batch/batchAccounts/account297446/operationResults/68434005-82e1-4882-a048-23bfc48a628a?api-version=2015-09-01
3/15/2016 9:56:06 AM:Returned account: account297446 devfabricregion  Microsoft.WindowsAzure.Task.BatchRPClient.AccountProperties
3/15/2016 9:56:07 AM:Request Id : 080b6b18-50da-4b45-a4ff-7c5f985ecfc4
3/15/2016 9:56:07 AM:Received status code Conflict as expected
3/15/2016 9:56:07 AM:Request Id : dd89a159-2c0e-440f-bf59-5d93395241a1
3/15/2016 9:56:07 AM:Received status code Conflict as expected
3/15/2016 9:56:07 AM:Returned account: devfabricregion  Microsoft.WindowsAzure.Task.BatchRPClient.AccountProperties
3/15/2016 9:56:08 AM:Sleeping for 15 seconds... polling https://localhost:20204/subscriptions/b53d5164-a6ec-4e98-a187-e852f2b97cf7/resourceGroups/myresources/providers/Microsoft.Batch/batchAccounts/account923054/operationResults/eb303a88-7572-44d4-9e47-e8a0058bfa8c?api-version=2015-09-01
3/15/2016 9:56:11 AM:Request Id : 6b5d2d52-a212-44e4-b735-8189a4c531e4
3/15/2016 9:56:11 AM:Received status code Conflict as expected
3/15/2016 9:56:11 AM:HttpStatusCode Accepted received. Sleeping and retrying...
3/15/2016 9:56:15 AM:Sleeping for 15 seconds... polling https://localhost:20204/subscriptions/b53d5164-a6ec-4e98-a187-e852f2b97cf7/resourceGroups/myresources/providers/Microsoft.Batch/batchAccounts/account827289/operationResults/539e5281-64cd-4d2a-b64a-7424f827d344?api-version=2015-09-01
3/15/2016 9:56:18 AM:Returned account: account827289 devfabricregion  Microsoft.WindowsAzure.Task.BatchRPClient.AccountProperties
3/15/2016 9:56:18 AM:SubscriptionTests4: Class Cleanup</StdOut>
      </Output>
    </UnitTestResult>
    <UnitTestResult executionId="ae3afe3e-836e-4e46-a66e-f1120d81274f" testId="5a9d31c7-2f63-4d98-a518-d5cf6a76b6a8" testName="MigrateSubscriptionMultipleResourceGroups" computerName="RD00155D44C34F" duration="00:00:00.0010000" startTime="2016-03-15T09:56:18.5832487+00:00" endTime="2016-03-15T09:56:18.5832487+00:00" testType="13cdc9d9-ddb5-4fa4-a97d-d965ccfc6d4b" outcome="NotExecuted" testListId="8c84fa94-04c1-424b-9868-57a2d4851a1d" relativeResultsDirectory="ae3afe3e-836e-4e46-a66e-f1120d81274f" />
    <UnitTestResult executionId="3b9566a1-1a35-48f7-94d0-9153e3f714e5" testId="079b2de0-29d5-4132-b6a4-c7b370b03c2d" testName="PatchAccountAlreadyExistsInDifferentSubscription" computerName="RD00155D44C34F" duration="00:00:03.9130000" startTime="2016-03-15T09:56:20.1012480+00:00" endTime="2016-03-15T09:56:20.1012480+00:00" testType="13cdc9d9-ddb5-4fa4-a97d-d965ccfc6d4b" outcome="Passed" testListId="8c84fa94-04c1-424b-9868-57a2d4851a1d" relativeResultsDirectory="3b9566a1-1a35-48f7-94d0-9153e3f714e5">
      <Output>
        <StdOut>3/15/2016 9:56:15 AM:TRPFEAPITests, Version=8.5.0.0, Culture=neutral, PublicKeyToken=null: Assembly Init
3/15/2016 9:56:16 AM:Sleeping for 15 seconds... polling https://localhost:20204/subscriptions/a4290595-7d6b-46f9-870c-bb71fcb846b3/resourceGroups/myresources/providers/Microsoft.Batch/batchAccounts/account11325/operationResults/05367b6b-264f-4a05-b06a-d2f7a2471b72?api-version=2015-09-01
3/15/2016 9:56:19 AM:Returned account: account11325 devfabricregion  Microsoft.WindowsAzure.Task.BatchRPClient.AccountProperties
3/15/2016 9:56:19 AM:Request Id : 36b53923-ebe9-482e-a22b-9df4c554ea3a
3/15/2016 9:56:19 AM:Received status code NotFound as expected
3/15/2016 9:56:19 AM:PatchAccountTests: Class Cleanup</StdOut>
      </Output>
    </UnitTestResult>
    <UnitTestResult executionId="47404d46-d518-46dc-9b00-838d38a94f80" testId="3fe238e3-7e23-4a64-b40c-3959253d7551" testName="SubmitInvalidRequestTest" computerName="RD00155D44C34F" duration="00:00:00.2480000" startTime="2016-03-15T09:56:20.1012480+00:00" endTime="2016-03-15T09:56:20.1012480+00:00" testType="13cdc9d9-ddb5-4fa4-a97d-d965ccfc6d4b" outcome="Passed" testListId="8c84fa94-04c1-424b-9868-57a2d4851a1d" relativeResultsDirectory="47404d46-d518-46dc-9b00-838d38a94f80">
      <Output>
        <StdOut>3/15/2016 9:56:19 AM:TRPFEAPITests, Version=8.5.0.0, Culture=neutral, PublicKeyToken=null: Assembly Init
3/15/2016 9:56:19 AM:Client Request Id: 022687a0-6e5c-4ad3-8d44-ecd7da542e23
3/15/2016 9:56:19 AM:Using certificate with thumbprint 0EFE03AB2FDE203C1E50110F2983DAC00508EE0C.
3/15/2016 9:56:19 AM:Request Id : ffac018a-1304-40a5-a5ac-5b45b47774b1
3/15/2016 9:56:19 AM:request failed with: The remote server returned an error: (400) Bad Request.
3/15/2016 9:56:19 AM:Response body: {"code":"InvalidUri","message":"The requested URI does not represent any resource on the server.\nRequestId:ffac018a-1304-40a5-a5ac-5b45b47774b1\nTime:2016-03-15T09:56:19.5602499Z","target":"BatchAccount","details":[{"message":"https://localhost:20204/?api-version=2015-09-01"},{"message":"Invalid URI: Missing URI component subscriptions"}]}
3/15/2016 9:56:19 AM:Client Request Id: c009173b-56a8-421f-b2a6-e1aa461430a6
3/15/2016 9:56:19 AM:Using certificate with thumbprint 0EFE03AB2FDE203C1E50110F2983DAC00508EE0C.
3/15/2016 9:56:19 AM:Request Id : 271ba237-01c5-4c73-9944-e1f0e3f6a954
3/15/2016 9:56:19 AM:request failed with: The remote server returned an error: (400) Bad Request.
3/15/2016 9:56:19 AM:Response body: {"code":"InvalidUri","message":"The requested URI does not represent any resource on the server.\nRequestId:271ba237-01c5-4c73-9944-e1f0e3f6a954\nTime:2016-03-15T09:56:19.5672414Z","target":"BatchAccount","details":[{"message":"https://localhost:20204/aaa/?api-version=2015-09-01"},{"message":"Invalid URI: Missing URI component subscriptions"}]}
3/15/2016 9:56:19 AM:Client Request Id: f5166b38-1242-468a-aaf4-d451f0ea528b
3/15/2016 9:56:19 AM:Using certificate with thumbprint 0EFE03AB2FDE203C1E50110F2983DAC00508EE0C.
3/15/2016 9:56:19 AM:Request Id : eb265fb7-554a-4a94-a527-c88dee64429b
3/15/2016 9:56:19 AM:request failed with: The remote server returned an error: (400) Bad Request.
3/15/2016 9:56:19 AM:Response body: {"code":"InvalidUri","message":"The requested URI does not represent any resource on the server.\nRequestId:eb265fb7-554a-4a94-a527-c88dee64429b\nTime:2016-03-15T09:56:19.5772434Z","target":"BatchAccount","details":[{"message":"https://localhost:20204/subscriptions/?api-version=2015-09-01"},{"message":"Invalid URI: Missing URI component subscription"}]}
3/15/2016 9:56:19 AM:Client Request Id: c5a47895-d4ac-4978-8111-2790b22d05a7
3/15/2016 9:56:19 AM:Using certificate with thumbprint 0EFE03AB2FDE203C1E50110F2983DAC00508EE0C.
3/15/2016 9:56:19 AM:Request Id : 9c0a4332-b805-42d7-b872-da1579d34d1b
3/15/2016 9:56:19 AM:request failed with: The remote server returned an error: (400) Bad Request.
3/15/2016 9:56:19 AM:Response body: {"code":"InvalidUri","message":"The requested URI does not represent any resource on the server.\nRequestId:9c0a4332-b805-42d7-b872-da1579d34d1b\nTime:2016-03-15T09:56:19.5822425Z","target":"BatchAccount","details":[{"message":"https://localhost:20204/subscriptions/migratesubscription/aaa?api-version=2015-09-01"},{"message":"Invalid URI: Missing URI component resourceGroups"}]}
3/15/2016 9:56:19 AM:Client Request Id: 612a457a-382c-4074-8936-01812214e209
3/15/2016 9:56:19 AM:Using certificate with thumbprint 0EFE03AB2FDE203C1E50110F2983DAC00508EE0C.
3/15/2016 9:56:19 AM:Request Id : a74e9987-8fd3-4a33-904f-c3590593a0a7
3/15/2016 9:56:19 AM:request failed with: The remote server returned an error: (400) Bad Request.
3/15/2016 9:56:19 AM:Response body: {"code":"InvalidUri","message":"The requested URI does not represent any resource on the server.\nRequestId:a74e9987-8fd3-4a33-904f-c3590593a0a7\nTime:2016-03-15T09:56:19.5872411Z","target":"BatchAccount","details":[{"message":"https://localhost:20204/subscriptions/123456/operationresults/?api-version=2015-09-01"},{"message":"Invalid URI: Missing URI component operationResults"}]}
3/15/2016 9:56:19 AM:Client Request Id: ca2b8338-dabf-4fe5-b082-9a66970c4e51
3/15/2016 9:56:19 AM:Using certificate with thumbprint 0EFE03AB2FDE203C1E50110F2983DAC00508EE0C.
3/15/2016 9:56:19 AM:Request Id : d29d7e74-0c88-44ca-b0fe-853f534d7129
3/15/2016 9:56:19 AM:request failed with: The remote server returned an error: (400) Bad Request.
3/15/2016 9:56:19 AM:Response body: {"code":"InvalidUri","message":"The requested URI does not represent any resource on the server.\nRequestId:d29d7e74-0c88-44ca-b0fe-853f534d7129\nTime:2016-03-15T09:56:19.5922428Z","target":"BatchAccount","details":[{"message":"https://localhost:20204/subscriptions/123456/aaa?api-version=2015-09-01"},{"message":"Invalid URI: Missing URI component resourceGroups"}]}
3/15/2016 9:56:19 AM:Client Request Id: a0f745ed-2e6a-4866-b07c-008974d8b40c
3/15/2016 9:56:19 AM:Using certificate with thumbprint 0EFE03AB2FDE203C1E50110F2983DAC00508EE0C.
3/15/2016 9:56:19 AM:Request Id : aa4fd2b4-8475-4fda-9be4-d1af6427d0eb
3/15/2016 9:56:19 AM:request failed with: The remote server returned an error: (400) Bad Request.
3/15/2016 9:56:19 AM:Response body: {"code":"InvalidUri","message":"The requested URI does not represent any resource on the server.\nRequestId:aa4fd2b4-8475-4fda-9be4-d1af6427d0eb\nTime:2016-03-15T09:56:19.5992506Z","target":"BatchAccount","details":[{"message":"https://localhost:20204/subscriptions/123456/resourceGroups/?api-version=2015-09-01"},{"message":"Invalid URI: Missing URI component resourceGroup"}]}
3/15/2016 9:56:19 AM:Client Request Id: 03e8fd54-ee84-44b6-af9b-26d1a252f0ec
3/15/2016 9:56:19 AM:Using certificate with thumbprint 0EFE03AB2FDE203C1E50110F2983DAC00508EE0C.
3/15/2016 9:56:19 AM:Request Id : 851237e3-4018-4795-939a-0cb9e8c445cd
3/15/2016 9:56:19 AM:request failed with: The remote server returned an error: (400) Bad Request.
3/15/2016 9:56:19 AM:Response body: {"code":"InvalidUri","message":"The requested URI does not represent any resource on the server.\nRequestId:851237e3-4018-4795-939a-0cb9e8c445cd\nTime:2016-03-15T09:56:19.6042497Z","target":"BatchAccount","details":[{"message":"https://localhost:20204/subscriptions/123456/resourceGroups/mygroup/?api-version=2015-09-01"},{"message":"Invalid URI: Missing URI component providers"}]}
3/15/2016 9:56:19 AM:Client Request Id: 383878bb-3e67-4054-9385-3aaf38589d33
3/15/2016 9:56:19 AM:Using certificate with thumbprint 0EFE03AB2FDE203C1E50110F2983DAC00508EE0C.
3/15/2016 9:56:19 AM:Request Id : 8e7e1554-753a-4433-80b3-e371448b7313
3/15/2016 9:56:19 AM:request failed with: The remote server returned an error: (400) Bad Request.
3/15/2016 9:56:19 AM:Response body: {"code":"InvalidUri","message":"The requested URI does not represent any resource on the server.\nRequestId:8e7e1554-753a-4433-80b3-e371448b7313\nTime:2016-03-15T09:56:19.6082424Z","target":"BatchAccount","details":[{"message":"https://localhost:20204/subscriptions/123456/resourceGroups/mygroup/aaa?api-version=2015-09-01"},{"message":"Invalid URI: Missing URI component providers"}]}
3/15/2016 9:56:19 AM:Client Request Id: 83ae961f-b943-47a2-b67d-623c722c5845
3/15/2016 9:56:19 AM:Using certificate with thumbprint 0EFE03AB2FDE203C1E50110F2983DAC00508EE0C.
3/15/2016 9:56:19 AM:Request Id : 9e86c626-fb1d-429f-a088-68bb8030ef19
3/15/2016 9:56:19 AM:request failed with: The remote server returned an error: (400) Bad Request.
3/15/2016 9:56:19 AM:Response body: {"code":"InvalidUri","message":"The requested URI does not represent any resource on the server.\nRequestId:9e86c626-fb1d-429f-a088-68bb8030ef19\nTime:2016-03-15T09:56:19.6182392Z","target":"BatchAccount","details":[{"message":"https://localhost:20204/subscriptions/123456/resourceGroups/mygroup/providers?api-version=2015-09-01"},{"message":"Invalid URI: Missing URI component Microsoft.Batch"}]}
3/15/2016 9:56:19 AM:Client Request Id: 1ad7d8ea-fc5a-4aa8-b715-2bd3c2abe20f
3/15/2016 9:56:19 AM:Using certificate with thumbprint 0EFE03AB2FDE203C1E50110F2983DAC00508EE0C.
3/15/2016 9:56:19 AM:Request Id : c1da06af-9e78-41cc-96be-539a3fe41ea5
3/15/2016 9:56:19 AM:request failed with: The remote server returned an error: (400) Bad Request.
3/15/2016 9:56:19 AM:Response body: {"code":"InvalidUri","message":"The requested URI does not represent any resource on the server.\nRequestId:c1da06af-9e78-41cc-96be-539a3fe41ea5\nTime:2016-03-15T09:56:19.6232394Z","target":"BatchAccount","details":[{"message":"https://localhost:20204/subscriptions/123456/resourceGroups/mygroup/providers/aaa?api-version=2015-09-01"},{"message":"Invalid URI: Missing URI component Microsoft.Batch"}]}
3/15/2016 9:56:19 AM:Client Request Id: eb53da62-2d52-4bf5-967c-6f4f50738ebe
3/15/2016 9:56:19 AM:Using certificate with thumbprint 0EFE03AB2FDE203C1E50110F2983DAC00508EE0C.
3/15/2016 9:56:19 AM:Request Id : 1f58e258-7b46-4caa-bfa1-55b5cb90e967
3/15/2016 9:56:19 AM:request failed with: The remote server returned an error: (400) Bad Request.
3/15/2016 9:56:19 AM:Response body: {"code":"InvalidUri","message":"The requested URI does not represent any resource on the server.\nRequestId:1f58e258-7b46-4caa-bfa1-55b5cb90e967\nTime:2016-03-15T09:56:19.6282392Z","target":"BatchAccount","details":[{"message":"https://localhost:20204/subscriptions/123456/resourceGroups/mygroup/providers/Microsoft.Batch?api-version=2015-09-01"},{"message":"Invalid URI: Missing URI component batchAccounts"}]}
3/15/2016 9:56:19 AM:Client Request Id: 6cf48e67-03cc-4aff-82a9-54bbd3709369
3/15/2016 9:56:19 AM:Using certificate with thumbprint 0EFE03AB2FDE203C1E50110F2983DAC00508EE0C.
3/15/2016 9:56:19 AM:Request Id : b8abfb98-bd06-4ce6-9087-59c682fcacdf
3/15/2016 9:56:19 AM:request failed with: The remote server returned an error: (400) Bad Request.
3/15/2016 9:56:19 AM:Response body: {"code":"InvalidUri","message":"The requested URI does not represent any resource on the server.\nRequestId:b8abfb98-bd06-4ce6-9087-59c682fcacdf\nTime:2016-03-15T09:56:19.6322500Z","target":"BatchAccount","details":[{"message":"https://localhost:20204/subscriptions/123456/resourceGroups/mygroup/providers/Microsoft.Batch/aaa?api-version=2015-09-01"},{"message":"Invalid URI: Missing URI component batchAccounts"}]}
3/15/2016 9:56:19 AM:Client Request Id: 2ff41805-1c9f-4856-a881-24fa79d67735
3/15/2016 9:56:19 AM:Using certificate with thumbprint 0EFE03AB2FDE203C1E50110F2983DAC00508EE0C.
3/15/2016 9:56:19 AM:Request Id : 20c45b71-d4f5-4ca0-8e0e-1c071a836e9e
3/15/2016 9:56:19 AM:request failed with: The remote server returned an error: (400) Bad Request.
3/15/2016 9:56:19 AM:Response body: {"code":"InvalidUri","message":"The requested URI does not represent any resource on the server.\nRequestId:20c45b71-d4f5-4ca0-8e0e-1c071a836e9e\nTime:2016-03-15T09:56:19.6412488Z","target":"BatchAccount","details":[{"message":"https://localhost:20204/subscriptions/123456/resourceGroups/mygroup/providers/Microsoft.Batch/batchAccounts/mytaskacct/changeresourcegroup/aaa?api-version=2015-09-01"},{"message":"Subresources are not allowed for account"}]}
3/15/2016 9:56:19 AM:Client Request Id: 22801c26-15ce-4bb0-80b3-57c8a034beba
3/15/2016 9:56:19 AM:Using certificate with thumbprint 0EFE03AB2FDE203C1E50110F2983DAC00508EE0C.
3/15/2016 9:56:19 AM:Request Id : 1ac6f316-971a-4b7d-9213-75af20a6d1e0
3/15/2016 9:56:19 AM:request failed with: The remote server returned an error: (400) Bad Request.
3/15/2016 9:56:19 AM:Response body: {"code":"InvalidUri","message":"The requested URI does not represent any resource on the server.\nRequestId:1ac6f316-971a-4b7d-9213-75af20a6d1e0\nTime:2016-03-15T09:56:19.6462494Z","target":"BatchAccount","details":[{"message":"https://localhost:20204/subscriptions/123456/resourceGroups/mygroup/providers/Microsoft.Batch/batchAccounts/mytaskacct/getaccountkey/aaa?api-version=2015-09-01"},{"message":"Invalid URI: Missing URI component account"}]}
3/15/2016 9:56:19 AM:Client Request Id: 50aa4fff-3cd6-44a0-a6c9-1e9bdd9bf2f7
3/15/2016 9:56:19 AM:Using certificate with thumbprint 0EFE03AB2FDE203C1E50110F2983DAC00508EE0C.
3/15/2016 9:56:19 AM:Request Id : 14b1ab8f-714c-4ddf-914b-e594dc2d77aa
3/15/2016 9:56:19 AM:request failed with: The remote server returned an error: (400) Bad Request.
3/15/2016 9:56:19 AM:Response body: {"code":"InvalidUri","message":"The requested URI does not represent any resource on the server.\nRequestId:14b1ab8f-714c-4ddf-914b-e594dc2d77aa\nTime:2016-03-15T09:56:19.6502418Z","target":"BatchAccount","details":[{"message":"https://localhost:20204/subscriptions/123456/resourceGroups/mygroup/providers/Microsoft.Batch/batchAccounts/mytaskacct/replaceaccountkeys/aaa?api-version=2015-09-01"},{"message":"Invalid URI: Missing URI component account"}]}
3/15/2016 9:56:19 AM:Client Request Id: 192d52d2-b427-4753-8a2c-ce52e055cda7
3/15/2016 9:56:19 AM:Using certificate with thumbprint 0EFE03AB2FDE203C1E50110F2983DAC00508EE0C.
3/15/2016 9:56:19 AM:Request Id : 06e05ab2-11db-4c38-9451-26254c764d0e
3/15/2016 9:56:19 AM:request failed with: The remote server returned an error: (400) Bad Request.
3/15/2016 9:56:19 AM:Response body: {"code":"InvalidUri","message":"The requested URI does not represent any resource on the server.\nRequestId:06e05ab2-11db-4c38-9451-26254c764d0e\nTime:2016-03-15T09:56:19.6542398Z","target":"BatchAccount","details":[{"message":"https://localhost:20204/subscriptions/123456/resourceGroups/mygroup/providers/Microsoft.Batch/batchAccounts/mytaskacct/setaccountquota/aaa?api-version=2015-09-01"},{"message":"Subresources are not allowed for account"}]}
3/15/2016 9:56:19 AM:Client Request Id: 122e1942-e578-482f-ba03-c06a7f81b000
3/15/2016 9:56:19 AM:Using certificate with thumbprint 0EFE03AB2FDE203C1E50110F2983DAC00508EE0C.
3/15/2016 9:56:19 AM:Request Id : 2d5a1d4e-68d7-484b-9680-c54825c26fd8
3/15/2016 9:56:19 AM:request failed with: The remote server returned an error: (400) Bad Request.
3/15/2016 9:56:19 AM:Response body: {"code":"InvalidUri","message":"The requested URI does not represent any resource on the server.\nRequestId:2d5a1d4e-68d7-484b-9680-c54825c26fd8\nTime:2016-03-15T09:56:19.6622413Z","target":"BatchAccount","details":[{"message":"https://localhost:20204/subscriptions/123456/resourceGroups/mygroup/providers/Microsoft.Batch/batchAccounts/mytaskacct/operationresults/?api-version=2015-09-01"},{"message":"Invalid URI: Missing URI component operationResults"}]}
3/15/2016 9:56:19 AM:InvalidRequestTests: Class Cleanup</StdOut>
      </Output>
    </UnitTestResult>
    <UnitTestResult executionId="c482081e-9bfe-47cf-b48c-606af8a0fbc9" testId="1bbfac65-1005-4b58-b401-4f2f10fb0be8" testName="SubmitUnauthenticatedRequestTest" computerName="RD00155D44C34F" duration="00:00:00.1830000" startTime="2016-03-15T09:56:20.1012480+00:00" endTime="2016-03-15T09:56:20.1012480+00:00" testType="13cdc9d9-ddb5-4fa4-a97d-d965ccfc6d4b" outcome="Passed" testListId="8c84fa94-04c1-424b-9868-57a2d4851a1d" relativeResultsDirectory="c482081e-9bfe-47cf-b48c-606af8a0fbc9">
      <Output>
        <StdOut>3/15/2016 9:56:19 AM:TRPFEAPITests, Version=8.5.0.0, Culture=neutral, PublicKeyToken=null: Assembly Init
3/15/2016 9:56:19 AM:Client Request Id: 7a22af14-5014-4bf9-97c2-9c4ff0969b73
3/15/2016 9:56:19 AM:Request Id : bd6b32e4-5783-4f2f-9696-4f933bb5f3c4
3/15/2016 9:56:19 AM:request failed with: The remote server returned an error: (403) Forbidden.
3/15/2016 9:56:19 AM:Response body: {"code":"AuthenticationFailed","message":"Server failed to authenticate the request. Make sure the value of Authorization header is formed correctly including the signature.\nRequestId:bd6b32e4-5783-4f2f-9696-4f933bb5f3c4\nTime:2016-03-15T09:56:19.7582456Z","target":"BatchAccount"}
3/15/2016 9:56:19 AM:Client Request Id: 5de44520-07d4-4834-883f-de51bb571b1b
3/15/2016 9:56:19 AM:Using certificate with thumbprint B7960F84B2FE63016334208C840F2C445254E904.
3/15/2016 9:56:19 AM:Request Id : 64e5b713-eebe-46ff-ae3a-0dec66783a01
3/15/2016 9:56:19 AM:request failed with: The remote server returned an error: (403) Forbidden.
3/15/2016 9:56:19 AM:Response body: {"code":"AuthenticationFailed","message":"Server failed to authenticate the request. Make sure the value of Authorization header is formed correctly including the signature.\nRequestId:64e5b713-eebe-46ff-ae3a-0dec66783a01\nTime:2016-03-15T09:56:19.8452442Z","target":"BatchAccount"}
3/15/2016 9:56:19 AM:InvalidRequestTests: Class Cleanup</StdOut>
      </Output>
    </UnitTestResult>
    <UnitTestResult executionId="80889a27-ce62-419e-a883-ac5f04212fcf" testId="d1901e15-4f70-4805-ad21-9dc8c488e68a" testName="GetAccountKeysWrongResourceGroup" computerName="RD00155D44C34F" duration="00:00:03.6860000" startTime="2016-03-15T09:56:21.6152485+00:00" endTime="2016-03-15T09:56:21.6152485+00:00" testType="13cdc9d9-ddb5-4fa4-a97d-d965ccfc6d4b" outcome="Passed" testListId="8c84fa94-04c1-424b-9868-57a2d4851a1d" relativeResultsDirectory="80889a27-ce62-419e-a883-ac5f04212fcf">
      <Output>
        <StdOut>3/15/2016 9:56:16 AM:TRPFEAPITests, Version=8.5.0.0, Culture=neutral, PublicKeyToken=null: Assembly Init
3/15/2016 9:56:16 AM:Sleeping for 15 seconds... polling https://localhost:20204/subscriptions/26b3e392-f668-4187-9f86-17f69560f3eb/resourceGroups/myresources1/providers/Microsoft.Batch/batchAccounts/account245713/operationResults/e001aebd-8945-4d55-b695-ac132a11f126?api-version=2015-09-01
3/15/2016 9:56:20 AM:Returned account: account245713 devfabricregion  Microsoft.WindowsAzure.Task.BatchRPClient.AccountProperties
3/15/2016 9:56:20 AM:Request Id : 89f47029-fade-4c96-8678-80ff5b3f41d0
3/15/2016 9:56:20 AM:Received status code NotFound as expected
3/15/2016 9:56:20 AM:AccountKeyTests: Class Cleanup</StdOut>
      </Output>
    </UnitTestResult>
    <UnitTestResult executionId="735beb33-9ebb-4800-8dda-ae0527ae35b2" testId="275475d6-53af-4c58-b284-bc11ac39cc5d" testName="GetAccountKeysDefaultAccounts" computerName="RD00155D44C34F" duration="00:00:00.0780000" startTime="2016-03-15T09:56:21.6152485+00:00" endTime="2016-03-15T09:56:21.6152485+00:00" testType="13cdc9d9-ddb5-4fa4-a97d-d965ccfc6d4b" outcome="Passed" testListId="8c84fa94-04c1-424b-9868-57a2d4851a1d" relativeResultsDirectory="735beb33-9ebb-4800-8dda-ae0527ae35b2">
      <Output>
        <StdOut>3/15/2016 9:56:20 AM:TRPFEAPITests, Version=8.5.0.0, Culture=neutral, PublicKeyToken=null: Assembly Init
3/15/2016 9:56:20 AM:AccountKeyTests: Class Cleanup</StdOut>
      </Output>
    </UnitTestResult>
    <UnitTestResult executionId="f2229968-f529-46cc-b7e1-0a6e0e0f1ccf" testId="aba6ef8e-b21c-4a60-b13f-68526fb21f32" testName="GetAccountKeysAccountDoesNotExist" computerName="RD00155D44C34F" duration="00:00:00.0690000" startTime="2016-03-15T09:56:21.6152485+00:00" endTime="2016-03-15T09:56:21.6152485+00:00" testType="13cdc9d9-ddb5-4fa4-a97d-d965ccfc6d4b" outcome="Passed" testListId="8c84fa94-04c1-424b-9868-57a2d4851a1d" relativeResultsDirectory="f2229968-f529-46cc-b7e1-0a6e0e0f1ccf">
      <Output>
        <StdOut>3/15/2016 9:56:20 AM:TRPFEAPITests, Version=8.5.0.0, Culture=neutral, PublicKeyToken=null: Assembly Init
3/15/2016 9:56:20 AM:Request Id : 204380a6-c90b-40d2-9cc6-f105febb5eee
3/15/2016 9:56:20 AM:Received status code NotFound as expected
3/15/2016 9:56:20 AM:AccountKeyTests: Class Cleanup</StdOut>
      </Output>
    </UnitTestResult>
    <UnitTestResult executionId="10f64742-ed56-4f56-ade3-d9e9c3df224c" testId="3c25c93b-628d-4795-aa97-998d45cd365b" testName="UpdateSubscriptionUnsuspendedPositive" computerName="RD00155D44C34F" duration="00:00:16.1150000" startTime="2016-03-15T09:56:23.1872495+00:00" endTime="2016-03-15T09:56:23.1872495+00:00" testType="13cdc9d9-ddb5-4fa4-a97d-d965ccfc6d4b" outcome="Passed" testListId="8c84fa94-04c1-424b-9868-57a2d4851a1d" relativeResultsDirectory="10f64742-ed56-4f56-ade3-d9e9c3df224c">
      <Output>
        <StdOut>3/15/2016 9:56:06 AM:TRPFEAPITests, Version=8.5.0.0, Culture=neutral, PublicKeyToken=null: Assembly Init
3/15/2016 9:56:07 AM:Sleeping for 15 seconds... polling https://localhost:20204/subscriptions/d08475d8-0190-4f18-8468-f4f465feb6ae/resourceGroups/myresources/providers/Microsoft.Batch/batchAccounts/account787465/operationResults/5c81c34c-1572-4908-817c-50e0059f6c78?api-version=2015-09-01
3/15/2016 9:56:11 AM:Returned account: account787465 devfabricregion  Microsoft.WindowsAzure.Task.BatchRPClient.AccountProperties
3/15/2016 9:56:11 AM:HttpStatusCode Accepted received. Sleeping and retrying...
3/15/2016 9:56:15 AM:Request Id : f867c4c2-224b-4e16-9aca-4268d9516fe4
3/15/2016 9:56:15 AM:Received status code Conflict as expected
3/15/2016 9:56:15 AM:HttpStatusCode Accepted received. Sleeping and retrying...
3/15/2016 9:56:19 AM:Returned account: account787465 devfabricregion  Microsoft.WindowsAzure.Task.BatchRPClient.AccountProperties
3/15/2016 9:56:20 AM:Sleeping for 15 seconds... polling https://localhost:20204/subscriptions/d08475d8-0190-4f18-8468-f4f465feb6ae/resourceGroups/myresources/providers/Microsoft.Batch/batchAccounts/account825031/operationResults/7263d454-8182-4cd3-b173-a465bda57b8c?api-version=2015-09-01
3/15/2016 9:56:23 AM:Returned account: account825031 devfabricregion  Microsoft.WindowsAzure.Task.BatchRPClient.AccountProperties
3/15/2016 9:56:23 AM:SubscriptionTests2: Class Cleanup</StdOut>
      </Output>
    </UnitTestResult>
    <UnitTestResult executionId="1972eca6-1d69-456c-8239-8a80e3f40235" testId="d71337d6-34f1-4fc2-8949-73a64f83930c" testName="GetAccountInWrongResourceGroup" computerName="RD00155D44C34F" duration="00:00:03.8370000" startTime="2016-03-15T09:56:24.7032491+00:00" endTime="2016-03-15T09:56:24.7032491+00:00" testType="13cdc9d9-ddb5-4fa4-a97d-d965ccfc6d4b" outcome="Passed" testListId="8c84fa94-04c1-424b-9868-57a2d4851a1d" relativeResultsDirectory="1972eca6-1d69-456c-8239-8a80e3f40235">
      <Output>
        <StdOut>3/15/2016 9:56:19 AM:TRPFEAPITests, Version=8.5.0.0, Culture=neutral, PublicKeyToken=null: Assembly Init
3/15/2016 9:56:20 AM:Sleeping for 15 seconds... polling https://localhost:20204/subscriptions/28e31772-315c-45b0-98da-e2dc472be9a3/resourceGroups/myresources1/providers/Microsoft.Batch/batchAccounts/account552994/operationResults/ebca52f1-4080-4509-8214-2cb8fb1a17ac?api-version=2015-09-01
3/15/2016 9:56:23 AM:Returned account: account552994 devfabricregion  Microsoft.WindowsAzure.Task.BatchRPClient.AccountProperties
3/15/2016 9:56:23 AM:Request Id : 45b0ab74-df80-406f-81a3-c0f26c564c45
3/15/2016 9:56:23 AM:Received status code NotFound as expected
3/15/2016 9:56:23 AM:GetAccountTests: Class Cleanup</StdOut>
      </Output>
    </UnitTestResult>
    <UnitTestResult executionId="2696f3a5-0d37-4085-8ccd-c8b01395aec6" testId="34223bf9-87d9-46e0-945d-c41c37f1c6fc" testName="ReplaceAccountKeysWrongResourceGroup" computerName="RD00155D44C34F" duration="00:00:03.8570000" startTime="2016-03-15T09:56:24.7032491+00:00" endTime="2016-03-15T09:56:24.7032491+00:00" testType="13cdc9d9-ddb5-4fa4-a97d-d965ccfc6d4b" outcome="Passed" testListId="8c84fa94-04c1-424b-9868-57a2d4851a1d" relativeResultsDirectory="2696f3a5-0d37-4085-8ccd-c8b01395aec6">
      <Output>
        <StdOut>3/15/2016 9:56:20 AM:TRPFEAPITests, Version=8.5.0.0, Culture=neutral, PublicKeyToken=null: Assembly Init
3/15/2016 9:56:20 AM:Sleeping for 15 seconds... polling https://localhost:20204/subscriptions/014aeef5-a871-4d37-be15-2d7b560830ed/resourceGroups/myresources1/providers/Microsoft.Batch/batchAccounts/account268307/operationResults/4958a429-7755-4bec-bd43-26d24d230954?api-version=2015-09-01
3/15/2016 9:56:24 AM:Returned account: account268307 devfabricregion  Microsoft.WindowsAzure.Task.BatchRPClient.AccountProperties
3/15/2016 9:56:24 AM:Request Id : 065759fc-108d-4caf-b5b5-9447382936bb
3/15/2016 9:56:24 AM:Received status code NotFound as expected
3/15/2016 9:56:24 AM:AccountKeyTests: Class Cleanup</StdOut>
      </Output>
    </UnitTestResult>
    <UnitTestResult executionId="79d164a5-0244-4a58-90fb-48218f7756c4" testId="8de994c1-08e5-42e0-a8f8-597841110eaf" testName="GetAccountPositive" computerName="RD00155D44C34F" duration="00:00:03.8680000" startTime="2016-03-15T09:56:27.6102405+00:00" endTime="2016-03-15T09:56:27.6102405+00:00" testType="13cdc9d9-ddb5-4fa4-a97d-d965ccfc6d4b" outcome="Passed" testListId="8c84fa94-04c1-424b-9868-57a2d4851a1d" relativeResultsDirectory="79d164a5-0244-4a58-90fb-48218f7756c4">
      <Output>
        <StdOut>3/15/2016 9:56:23 AM:TRPFEAPITests, Version=8.5.0.0, Culture=neutral, PublicKeyToken=null: Assembly Init
3/15/2016 9:56:24 AM:Sleeping for 15 seconds... polling https://localhost:20204/subscriptions/cbaa3004-01e7-4c2c-82c3-21b398e6c0ad/resourceGroups/myresources/providers/Microsoft.Batch/batchAccounts/account347883/operationResults/f409d9f2-202d-4b52-a0a2-b02b58b9546d?api-version=2015-09-01
3/15/2016 9:56:27 AM:Returned account: account347883 devfabricregion  Microsoft.WindowsAzure.Task.BatchRPClient.AccountProperties
3/15/2016 9:56:27 AM:Returned account: devfabricregion  Microsoft.WindowsAzure.Task.BatchRPClient.AccountProperties
3/15/2016 9:56:27 AM:GetAccountTests: Class Cleanup</StdOut>
      </Output>
    </UnitTestResult>
    <UnitTestResult executionId="606f76cd-5424-4405-94cc-e0ba6267fed8" testId="e142a24b-4483-4828-a335-390c015e1560" testName="ChangeResourceGroupPositive" computerName="RD00155D44C34F" duration="00:00:03.8230000" startTime="2016-03-15T09:56:29.1132486+00:00" endTime="2016-03-15T09:56:29.1132486+00:00" testType="13cdc9d9-ddb5-4fa4-a97d-d965ccfc6d4b" outcome="Passed" testListId="8c84fa94-04c1-424b-9868-57a2d4851a1d" relativeResultsDirectory="606f76cd-5424-4405-94cc-e0ba6267fed8">
      <Output>
        <StdOut>3/15/2016 9:56:24 AM:TRPFEAPITests, Version=8.5.0.0, Culture=neutral, PublicKeyToken=null: Assembly Init
3/15/2016 9:56:24 AM:Sleeping for 15 seconds... polling https://localhost:20204/subscriptions/4169b6ce-f5f8-4f3d-a4b1-626785e86ecd/resourceGroups/myresources1/providers/Microsoft.Batch/batchAccounts/account652580/operationResults/1fc3c7c9-d277-48ad-a116-5a28b4fffb3a?api-version=2015-09-01
3/15/2016 9:56:27 AM:Returned account: account652580 devfabricregion  Microsoft.WindowsAzure.Task.BatchRPClient.AccountProperties
3/15/2016 9:56:27 AM:Request Id : 1a12776e-bf06-45bf-9b32-1144b35fb9ef
3/15/2016 9:56:27 AM:Received status code NotFound as expected
3/15/2016 9:56:27 AM:Returned account: devfabricregion  Microsoft.WindowsAzure.Task.BatchRPClient.AccountProperties
3/15/2016 9:56:27 AM:UpdateAccountTests: Class Cleanup</StdOut>
      </Output>
    </UnitTestResult>
    <UnitTestResult executionId="67a34ee0-e06c-4efb-a97b-c55526d68208" testId="689a4a62-285b-49d5-a5a8-aaf0bdf24a3c" testName="CreateAccountSubscriptionLimitExceeded" computerName="RD00155D44C34F" duration="00:00:21.9880000" startTime="2016-03-15T09:56:29.1132486+00:00" endTime="2016-03-15T09:56:29.1132486+00:00" testType="13cdc9d9-ddb5-4fa4-a97d-d965ccfc6d4b" outcome="Passed" testListId="8c84fa94-04c1-424b-9868-57a2d4851a1d" relativeResultsDirectory="67a34ee0-e06c-4efb-a97b-c55526d68208">
      <Output>
        <StdOut>3/15/2016 9:56:06 AM:TRPFEAPITests, Version=8.5.0.0, Culture=neutral, PublicKeyToken=null: Assembly Init
3/15/2016 9:56:07 AM:Sleeping for 15 seconds... polling https://localhost:20204/subscriptions/1f12a632-978b-47a0-9bd3-9a65643edb97/resourceGroups/myresources/providers/Microsoft.Batch/batchAccounts/account73231/operationResults/08a91ba1-1b78-4ed4-98fd-967d9ae2f7e8?api-version=2015-09-01
3/15/2016 9:56:10 AM:Returned account: account73231 devfabricregion  Microsoft.WindowsAzure.Task.BatchRPClient.AccountProperties
3/15/2016 9:56:10 AM:Sleeping for 15 seconds... polling https://localhost:20204/subscriptions/1f12a632-978b-47a0-9bd3-9a65643edb97/resourceGroups/myresources/providers/Microsoft.Batch/batchAccounts/account37533/operationResults/c9caabc0-6342-41b5-8f61-390042ab3b96?api-version=2015-09-01
3/15/2016 9:56:14 AM:Returned account: account37533 devfabricregion  Microsoft.WindowsAzure.Task.BatchRPClient.AccountProperties
3/15/2016 9:56:14 AM:Sleeping for 15 seconds... polling https://localhost:20204/subscriptions/1f12a632-978b-47a0-9bd3-9a65643edb97/resourceGroups/myresources/providers/Microsoft.Batch/batchAccounts/account109371/operationResults/90f9d036-5587-4cc3-a952-0f7a10c39b6a?api-version=2015-09-01
3/15/2016 9:56:17 AM:Returned account: account109371 devfabricregion  Microsoft.WindowsAzure.Task.BatchRPClient.AccountProperties
3/15/2016 9:56:18 AM:Sleeping for 15 seconds... polling https://localhost:20204/subscriptions/1f12a632-978b-47a0-9bd3-9a65643edb97/resourceGroups/myresources/providers/Microsoft.Batch/batchAccounts/account169778/operationResults/e9a46701-7b07-4892-a123-1ce7971e79db?api-version=2015-09-01
3/15/2016 9:56:21 AM:Returned account: account169778 devfabricregion  Microsoft.WindowsAzure.Task.BatchRPClient.AccountProperties
3/15/2016 9:56:21 AM:Sleeping for 15 seconds... polling https://localhost:20204/subscriptions/1f12a632-978b-47a0-9bd3-9a65643edb97/resourceGroups/myresources/providers/Microsoft.Batch/batchAccounts/account276306/operationResults/b052af5f-ce87-4e1c-b23c-ad6a852fabee?api-version=2015-09-01
3/15/2016 9:56:24 AM:Returned account: account276306 devfabricregion  Microsoft.WindowsAzure.Task.BatchRPClient.AccountProperties
3/15/2016 9:56:25 AM:Sleeping for 15 seconds... polling https://localhost:20204/subscriptions/1f12a632-978b-47a0-9bd3-9a65643edb97/resourceGroups/myresources/providers/Microsoft.Batch/batchAccounts/account384404/operationResults/bdf15e22-0346-4914-9d32-6d23174db672?api-version=2015-09-01
3/15/2016 9:56:28 AM:Request Id : 702d0979-fd05-40e7-890a-baa2f65c9aa2
3/15/2016 9:56:28 AM:Received status code Conflict as expected
3/15/2016 9:56:28 AM:CreateAccountTests: Class Cleanup</StdOut>
      </Output>
    </UnitTestResult>
    <UnitTestResult executionId="72932e01-4136-4996-a41f-7783c8bbdc50" testId="8131e813-6f82-4630-a8dc-b07cb4d83274" testName="ListAccountsInTwoResourceGroups" computerName="RD00155D44C34F" duration="00:00:11.1150000" startTime="2016-03-15T09:56:30.6302488+00:00" endTime="2016-03-15T09:56:30.6302488+00:00" testType="13cdc9d9-ddb5-4fa4-a97d-d965ccfc6d4b" outcome="Passed" testListId="8c84fa94-04c1-424b-9868-57a2d4851a1d" relativeResultsDirectory="72932e01-4136-4996-a41f-7783c8bbdc50">
      <Output>
        <StdOut>3/15/2016 9:56:18 AM:TRPFEAPITests, Version=8.5.0.0, Culture=neutral, PublicKeyToken=null: Assembly Init
3/15/2016 9:56:19 AM:Sleeping for 15 seconds... polling https://localhost:20204/subscriptions/496d3830-7087-4ef7-8528-5d608c8c5a16/resourceGroups/listgroup1/providers/Microsoft.Batch/batchAccounts/account112483/operationResults/e79b8c9f-9f22-4f23-a6d2-0f250f8723dc?api-version=2015-09-01
3/15/2016 9:56:22 AM:Returned account: account112483 devfabricregion  Microsoft.WindowsAzure.Task.BatchRPClient.AccountProperties
3/15/2016 9:56:22 AM:Sleeping for 15 seconds... polling https://localhost:20204/subscriptions/496d3830-7087-4ef7-8528-5d608c8c5a16/resourceGroups/listgroup1/providers/Microsoft.Batch/batchAccounts/account223528/operationResults/f0b9e032-436e-47a3-ac8e-3a1c9490743a?api-version=2015-09-01
3/15/2016 9:56:25 AM:Returned account: account223528 devfabricregion  Microsoft.WindowsAzure.Task.BatchRPClient.AccountProperties
3/15/2016 9:56:26 AM:Sleeping for 15 seconds... polling https://localhost:20204/subscriptions/496d3830-7087-4ef7-8528-5d608c8c5a16/resourceGroups/listgroup2/providers/Microsoft.Batch/batchAccounts/account954257/operationResults/e61ae7b9-c8ff-4e09-bc44-f28bf43ff536?api-version=2015-09-01
3/15/2016 9:56:29 AM:Returned account: account954257 devfabricregion  Microsoft.WindowsAzure.Task.BatchRPClient.AccountProperties
3/15/2016 9:56:29 AM:Verifying account: account112483 devfabricregion
3/15/2016 9:56:29 AM:Verifying account: account223528 devfabricregion
3/15/2016 9:56:29 AM:Verifying account: account954257 devfabricregion
3/15/2016 9:56:29 AM:ResourceGroupTests1: Class Cleanup</StdOut>
      </Output>
    </UnitTestResult>
    <UnitTestResult executionId="aa066614-22cc-48ab-ab4f-5cbaa8e3e7d7" testId="75f94f07-4a09-4500-be30-86eb8ca832ba" testName="GetAccountInWrongSubscription" computerName="RD00155D44C34F" duration="00:00:03.7470000" startTime="2016-03-15T09:56:32.1462489+00:00" endTime="2016-03-15T09:56:32.1462489+00:00" testType="13cdc9d9-ddb5-4fa4-a97d-d965ccfc6d4b" outcome="Passed" testListId="8c84fa94-04c1-424b-9868-57a2d4851a1d" relativeResultsDirectory="aa066614-22cc-48ab-ab4f-5cbaa8e3e7d7">
      <Output>
        <StdOut>3/15/2016 9:56:27 AM:TRPFEAPITests, Version=8.5.0.0, Culture=neutral, PublicKeyToken=null: Assembly Init
3/15/2016 9:56:28 AM:Sleeping for 15 seconds... polling https://localhost:20204/subscriptions/806d7a88-62c5-4450-a8b2-7821ea1648bc/resourceGroups/myresources/providers/Microsoft.Batch/batchAccounts/account992965/operationResults/199e04ee-dc9f-4b49-9e5e-c265c5037d41?api-version=2015-09-01
3/15/2016 9:56:31 AM:Returned account: account992965 devfabricregion  Microsoft.WindowsAzure.Task.BatchRPClient.AccountProperties
3/15/2016 9:56:31 AM:Request Id : 45ab05d6-2085-4fec-b049-9557ad0fcdea
3/15/2016 9:56:31 AM:Received status code NotFound as expected
3/15/2016 9:56:31 AM:GetAccountTests: Class Cleanup</StdOut>
      </Output>
    </UnitTestResult>
    <UnitTestResult executionId="ec323906-e634-4d86-bd79-c093a8212400" testId="0b49b5c1-b991-4a5c-9bf2-4da9d60d101e" testName="GetNonexistentAccount" computerName="RD00155D44C34F" duration="00:00:00.0500000" startTime="2016-03-15T09:56:32.1462489+00:00" endTime="2016-03-15T09:56:32.1462489+00:00" testType="13cdc9d9-ddb5-4fa4-a97d-d965ccfc6d4b" outcome="Passed" testListId="8c84fa94-04c1-424b-9868-57a2d4851a1d" relativeResultsDirectory="ec323906-e634-4d86-bd79-c093a8212400">
      <Output>
        <StdOut>3/15/2016 9:56:31 AM:TRPFEAPITests, Version=8.5.0.0, Culture=neutral, PublicKeyToken=null: Assembly Init
3/15/2016 9:56:31 AM:Request Id : 1b5f54db-13c7-4b2f-9b6f-7d76b76b1f8e
3/15/2016 9:56:31 AM:Received status code NotFound as expected
3/15/2016 9:56:31 AM:GetAccountTests: Class Cleanup</StdOut>
      </Output>
    </UnitTestResult>
    <UnitTestResult executionId="b652f809-2297-4c38-8da2-01613a77fc57" testId="540cd391-afad-478a-9ac6-bb2016e281ba" testName="GetAccountInDefaultResourceGroup" computerName="RD00155D44C34F" duration="00:00:00.0620000" startTime="2016-03-15T09:56:32.1462489+00:00" endTime="2016-03-15T09:56:32.1462489+00:00" testType="13cdc9d9-ddb5-4fa4-a97d-d965ccfc6d4b" outcome="Passed" testListId="8c84fa94-04c1-424b-9868-57a2d4851a1d" relativeResultsDirectory="b652f809-2297-4c38-8da2-01613a77fc57">
      <Output>
        <StdOut>3/15/2016 9:56:31 AM:TRPFEAPITests, Version=8.5.0.0, Culture=neutral, PublicKeyToken=null: Assembly Init
3/15/2016 9:56:31 AM:Returned account: DevFabricRegion  Microsoft.WindowsAzure.Task.BatchRPClient.AccountProperties
3/15/2016 9:56:31 AM:Returned account: DevFabricRegion  Microsoft.WindowsAzure.Task.BatchRPClient.AccountProperties
3/15/2016 9:56:31 AM:Returned account: DevFabricRegion  Microsoft.WindowsAzure.Task.BatchRPClient.AccountProperties
3/15/2016 9:56:31 AM:GetAccountTests: Class Cleanup</StdOut>
      </Output>
    </UnitTestResult>
    <UnitTestResult executionId="0d272d94-5326-43cd-8d2d-b1b813c1b072" testId="ee5c45e0-a73e-4420-b37f-3ac35650f37d" testName="CreateAccountAlreadyExistsInDifferentSubscription" computerName="RD00155D44C34F" duration="00:00:04.4740000" startTime="2016-03-15T09:56:33.6612483+00:00" endTime="2016-03-15T09:56:33.6612483+00:00" testType="13cdc9d9-ddb5-4fa4-a97d-d965ccfc6d4b" outcome="Passed" testListId="8c84fa94-04c1-424b-9868-57a2d4851a1d" relativeResultsDirectory="0d272d94-5326-43cd-8d2d-b1b813c1b072">
      <Output>
        <StdOut>3/15/2016 9:56:28 AM:TRPFEAPITests, Version=8.5.0.0, Culture=neutral, PublicKeyToken=null: Assembly Init
3/15/2016 9:56:29 AM:Sleeping for 15 seconds... polling https://localhost:20204/subscriptions/145720ce-3c2a-4c6f-bdf2-0c7e0ac2dd0c/resourceGroups/myresources/providers/Microsoft.Batch/batchAccounts/account602094/operationResults/c1c42aa5-b404-438c-9f37-ade34f1b532d?api-version=2015-09-01
3/15/2016 9:56:32 AM:Returned account: account602094 devfabricregion  Microsoft.WindowsAzure.Task.BatchRPClient.AccountProperties
3/15/2016 9:56:33 AM:Request Id : c489d939-750f-46da-a233-11db8847d188
3/15/2016 9:56:33 AM:Received status code Conflict as expected
3/15/2016 9:56:33 AM:CreateAccountTests: Class Cleanup</StdOut>
      </Output>
    </UnitTestResult>
    <UnitTestResult executionId="d7fa0c44-8650-4eb0-90ca-cf303ae6181e" testId="9842caa9-495c-48e6-ad88-3e23f003c16b" testName="CreateAccountReadOnlyProperties" computerName="RD00155D44C34F" duration="00:00:00.0530000" startTime="2016-03-15T09:56:33.6622477+00:00" endTime="2016-03-15T09:56:33.6622477+00:00" testType="13cdc9d9-ddb5-4fa4-a97d-d965ccfc6d4b" outcome="Passed" testListId="8c84fa94-04c1-424b-9868-57a2d4851a1d" relativeResultsDirectory="d7fa0c44-8650-4eb0-90ca-cf303ae6181e">
      <Output>
        <StdOut>3/15/2016 9:56:33 AM:TRPFEAPITests, Version=8.5.0.0, Culture=neutral, PublicKeyToken=null: Assembly Init
3/15/2016 9:56:33 AM:Request Id : 37e7c138-745a-4173-8858-e7884b4a406b
3/15/2016 9:56:33 AM:Received status code BadRequest as expected
3/15/2016 9:56:33 AM:Request Id : bd25fa99-df92-42c4-bb11-2bf492b4af8e
3/15/2016 9:56:33 AM:Received status code BadRequest as expected
3/15/2016 9:56:33 AM:Request Id : 7225c646-d48b-4437-b5cc-4d8c119b283b
3/15/2016 9:56:33 AM:Received status code BadRequest as expected
3/15/2016 9:56:33 AM:Request Id : 7b57d8fe-2549-4cbe-8f0c-38f091b2694b
3/15/2016 9:56:33 AM:Received status code BadRequest as expected
3/15/2016 9:56:33 AM:CreateAccountTests: Class Cleanup</StdOut>
      </Output>
    </UnitTestResult>
    <UnitTestResult executionId="7988b819-03e9-4d8d-b6cc-03187f7e5bc1" testId="77882332-e069-4c2d-b8aa-ec9b7d252162" testName="CreateAccountInvalidAccountName" computerName="RD00155D44C34F" duration="00:00:00.0470000" startTime="2016-03-15T09:56:33.6622477+00:00" endTime="2016-03-15T09:56:33.6622477+00:00" testType="13cdc9d9-ddb5-4fa4-a97d-d965ccfc6d4b" outcome="Passed" testListId="8c84fa94-04c1-424b-9868-57a2d4851a1d" relativeResultsDirectory="7988b819-03e9-4d8d-b6cc-03187f7e5bc1">
      <Output>
        <StdOut>3/15/2016 9:56:33 AM:TRPFEAPITests, Version=8.5.0.0, Culture=neutral, PublicKeyToken=null: Assembly Init
3/15/2016 9:56:33 AM:Request Id : 7492376a-f754-4497-a98e-2714aba73a98
3/15/2016 9:56:33 AM:Received status code BadRequest as expected
3/15/2016 9:56:33 AM:Request Id : 2979f7a5-454a-4273-bb75-ed2fc013e51b
3/15/2016 9:56:33 AM:Received status code BadRequest as expected
3/15/2016 9:56:33 AM:Request Id : 204f662d-65a3-4000-b4ee-61958b1806d6
3/15/2016 9:56:33 AM:Received status code BadRequest as expected
3/15/2016 9:56:33 AM:Request Id : 867045dc-69bf-4213-b210-5ac8c024f03b
3/15/2016 9:56:33 AM:Received status code BadRequest as expected
3/15/2016 9:56:33 AM:Request Id : 5bccea8d-a4a2-40cd-95b3-df254f2e00ba
3/15/2016 9:56:33 AM:Received status code BadRequest as expected
3/15/2016 9:56:33 AM:CreateAccountTests: Class Cleanup</StdOut>
      </Output>
    </UnitTestResult>
    <UnitTestResult executionId="66b7bf5f-ceaa-4bc9-a79c-11b91647192f" testId="a5313e82-79a3-4155-9ddd-9c00d92c9786" testName="GetAccountQuotas" computerName="RD00155D44C34F" duration="00:00:03.9260000" startTime="2016-03-15T09:56:36.6772501+00:00" endTime="2016-03-15T09:56:36.6772501+00:00" testType="13cdc9d9-ddb5-4fa4-a97d-d965ccfc6d4b" outcome="Passed" testListId="8c84fa94-04c1-424b-9868-57a2d4851a1d" relativeResultsDirectory="66b7bf5f-ceaa-4bc9-a79c-11b91647192f">
      <Output>
        <StdOut>3/15/2016 9:56:31 AM:TRPFEAPITests, Version=8.5.0.0, Culture=neutral, PublicKeyToken=null: Assembly Init
3/15/2016 9:56:32 AM:Sleeping for 15 seconds... polling https://localhost:20204/subscriptions/765f4be4-a360-4d60-868b-3c6783ce59fd/resourceGroups/myresources/providers/Microsoft.Batch/batchAccounts/account46161/operationResults/a0967424-d31f-44f9-8277-96a70ae3bd75?api-version=2015-09-01
3/15/2016 9:56:35 AM:Returned account: account46161 devfabricregion  Microsoft.WindowsAzure.Task.BatchRPClient.AccountProperties
3/15/2016 9:56:35 AM:Returned account: devfabricregion  Microsoft.WindowsAzure.Task.BatchRPClient.AccountProperties
3/15/2016 9:56:35 AM:GetAccountTests: Class Cleanup</StdOut>
      </Output>
    </UnitTestResult>
    <UnitTestResult executionId="f0af5619-7f79-49c6-a6b1-c977b03d1dc9" testId="27ee384a-f752-4d6b-bc13-b8e5f40fb2a3" testName="CreateAccountWithEmptyTagsAndProperties" computerName="RD00155D44C34F" duration="00:00:03.6540000" startTime="2016-03-15T09:56:38.1792419+00:00" endTime="2016-03-15T09:56:38.1792419+00:00" testType="13cdc9d9-ddb5-4fa4-a97d-d965ccfc6d4b" outcome="Passed" testListId="8c84fa94-04c1-424b-9868-57a2d4851a1d" relativeResultsDirectory="f0af5619-7f79-49c6-a6b1-c977b03d1dc9">
      <Output>
        <StdOut>3/15/2016 9:56:33 AM:TRPFEAPITests, Version=8.5.0.0, Culture=neutral, PublicKeyToken=null: Assembly Init
3/15/2016 9:56:33 AM:Sleeping for 15 seconds... polling https://localhost:20204/subscriptions/4de7b323-4423-4dfd-a686-86b7bea0b459/resourceGroups/myresources/providers/Microsoft.Batch/batchAccounts/account803754/operationResults/83c70417-787a-4f80-9f64-49219885ea7c?api-version=2015-09-01
3/15/2016 9:56:36 AM:Returned account: account803754 devfabricregion System.Collections.Generic.Dictionary`2[System.String,System.String] Microsoft.WindowsAzure.Task.BatchRPClient.AccountProperties
3/15/2016 9:56:37 AM:Returned account: devfabricregion System.Collections.Generic.Dictionary`2[System.String,System.String] Microsoft.WindowsAzure.Task.BatchRPClient.AccountProperties
3/15/2016 9:56:37 AM:CreateAccountTests: Class Cleanup</StdOut>
      </Output>
    </UnitTestResult>
    <UnitTestResult executionId="7543d816-094b-4b5c-a020-3d3d4ded2cfd" testId="60646f4f-94c3-49a9-842a-639c93fc5421" testName="CreateAccountDnsNameAlreadyTakenInDifferentGeoRegion" computerName="RD00155D44C34F" duration="00:00:03.6940000" startTime="2016-03-15T09:56:40.7592525+00:00" endTime="2016-03-15T09:56:40.7592525+00:00" testType="13cdc9d9-ddb5-4fa4-a97d-d965ccfc6d4b" outcome="Passed" testListId="8c84fa94-04c1-424b-9868-57a2d4851a1d" relativeResultsDirectory="7543d816-094b-4b5c-a020-3d3d4ded2cfd">
      <Output>
        <StdOut>3/15/2016 9:56:37 AM:TRPFEAPITests, Version=8.5.0.0, Culture=neutral, PublicKeyToken=null: Assembly Init
3/15/2016 9:56:37 AM:Sleeping for 15 seconds... polling https://localhost:20204/subscriptions/94663658-76c0-456c-96c6-df2ac54a6157/resourceGroups/myresources/providers/Microsoft.Batch/batchAccounts/nametaken/operationResults/44e9766a-0e4a-4607-8e17-8c98307c80e3?api-version=2015-09-01
3/15/2016 9:56:40 AM:Request Id : 08fdf0e0-d46f-48fc-85f0-118fd67c7744
3/15/2016 9:56:40 AM:Received status code Conflict as expected
3/15/2016 9:56:40 AM:CreateAccountTests: Class Cleanup</StdOut>
      </Output>
    </UnitTestResult>
    <UnitTestResult executionId="bbc9442e-6ec2-49ab-b973-8376ed20da01" testId="2b47c643-685d-4f25-b01b-044bc9397eac" testName="ListAccountsInResourceGroupPositive" computerName="RD00155D44C34F" duration="00:00:11.2500000" startTime="2016-03-15T09:56:42.2712489+00:00" endTime="2016-03-15T09:56:42.2712489+00:00" testType="13cdc9d9-ddb5-4fa4-a97d-d965ccfc6d4b" outcome="Passed" testListId="8c84fa94-04c1-424b-9868-57a2d4851a1d" relativeResultsDirectory="bbc9442e-6ec2-49ab-b973-8376ed20da01">
      <Output>
        <StdOut>3/15/2016 9:56:29 AM:TRPFEAPITests, Version=8.5.0.0, Culture=neutral, PublicKeyToken=null: Assembly Init
3/15/2016 9:56:30 AM:Sleeping for 15 seconds... polling https://localhost:20204/subscriptions/1bf7ee2f-580a-450e-a806-0e4d9343516b/resourceGroups/listgroup/providers/Microsoft.Batch/batchAccounts/account128650/operationResults/26f46a4e-3251-40aa-b00d-a4ac2c55a8d4?api-version=2015-09-01
3/15/2016 9:56:33 AM:Returned account: account128650 devfabricregion  Microsoft.WindowsAzure.Task.BatchRPClient.AccountProperties
3/15/2016 9:56:33 AM:Sleeping for 15 seconds... polling https://localhost:20204/subscriptions/1bf7ee2f-580a-450e-a806-0e4d9343516b/resourceGroups/listgroup/providers/Microsoft.Batch/batchAccounts/account272505/operationResults/8a59433d-2c6f-4112-a1d5-aa59f0b1de38?api-version=2015-09-01
3/15/2016 9:56:36 AM:Returned account: account272505 devfabricregion  Microsoft.WindowsAzure.Task.BatchRPClient.AccountProperties
3/15/2016 9:56:37 AM:Sleeping for 15 seconds... polling https://localhost:20204/subscriptions/1bf7ee2f-580a-450e-a806-0e4d9343516b/resourceGroups/listgroup/providers/Microsoft.Batch/batchAccounts/account419971/operationResults/32aba6f8-432e-4b14-aed6-bb799aec6de5?api-version=2015-09-01
3/15/2016 9:56:40 AM:Returned account: account419971 devfabricregion  Microsoft.WindowsAzure.Task.BatchRPClient.AccountProperties
3/15/2016 9:56:40 AM:Verifying account: account128650 devfabricregion
3/15/2016 9:56:40 AM:Verifying account: account272505 devfabricregion
3/15/2016 9:56:40 AM:Verifying account: account419971 devfabricregion
3/15/2016 9:56:40 AM:ResourceGroupTests1: Class Cleanup</StdOut>
      </Output>
    </UnitTestResult>
    <UnitTestResult executionId="ddc1a641-dc84-4b44-9af9-78bf601fe89c" testId="2d843b67-791b-4278-9211-98df7790f8b1" testName="UpdateSubscriptionUnsuspendMultipleAccounts" computerName="RD00155D44C34F" duration="00:00:21.4220000" startTime="2016-03-15T09:56:44.5942494+00:00" endTime="2016-03-15T09:56:44.5942494+00:00" testType="13cdc9d9-ddb5-4fa4-a97d-d965ccfc6d4b" outcome="Passed" testListId="8c84fa94-04c1-424b-9868-57a2d4851a1d" relativeResultsDirectory="ddc1a641-dc84-4b44-9af9-78bf601fe89c">
      <Output>
        <StdOut>3/15/2016 9:56:23 AM:TRPFEAPITests, Version=8.5.0.0, Culture=neutral, PublicKeyToken=null: Assembly Init
3/15/2016 9:56:23 AM:Sleeping for 15 seconds... polling https://localhost:20204/subscriptions/b8d6789b-3e43-4eb9-9fde-f27ca4942ef7/resourceGroups/myresources/providers/Microsoft.Batch/batchAccounts/account225827/operationResults/74ea160c-99ef-44bc-940a-acb62c481e3f?api-version=2015-09-01
3/15/2016 9:56:26 AM:Returned account: account225827 devfabricregion  Microsoft.WindowsAzure.Task.BatchRPClient.AccountProperties
3/15/2016 9:56:27 AM:Sleeping for 15 seconds... polling https://localhost:20204/subscriptions/b8d6789b-3e43-4eb9-9fde-f27ca4942ef7/resourceGroups/myresources/providers/Microsoft.Batch/batchAccounts/account619652/operationResults/5097377f-c5dd-4f95-bf28-1311c46f704b?api-version=2015-09-01
3/15/2016 9:56:30 AM:Returned account: account619652 devfabricregion  Microsoft.WindowsAzure.Task.BatchRPClient.AccountProperties
3/15/2016 9:56:31 AM:Sleeping for 15 seconds... polling https://localhost:20204/subscriptions/b8d6789b-3e43-4eb9-9fde-f27ca4942ef7/resourceGroups/myresources/providers/Microsoft.Batch/batchAccounts/account971048/operationResults/a2e1f9ca-6d48-414f-8bfd-68af145ca949?api-version=2015-09-01
3/15/2016 9:56:34 AM:Returned account: account971048 devfabricregion  Microsoft.WindowsAzure.Task.BatchRPClient.AccountProperties
3/15/2016 9:56:34 AM:HttpStatusCode Accepted received. Sleeping and retrying...
3/15/2016 9:56:38 AM:Request Id : 0be285d6-6d2b-410a-9495-7d6adb788f55
3/15/2016 9:56:38 AM:Received status code Conflict as expected
3/15/2016 9:56:38 AM:Request Id : 91241ace-b37b-4433-881b-eff47c835b70
3/15/2016 9:56:38 AM:Received status code Conflict as expected
3/15/2016 9:56:39 AM:Request Id : db0cfa94-a501-46c3-978e-30407680a9d3
3/15/2016 9:56:39 AM:Received status code Conflict as expected
3/15/2016 9:56:39 AM:HttpStatusCode Accepted received. Sleeping and retrying...
3/15/2016 9:56:43 AM:Returned account: account225827 devfabricregion  Microsoft.WindowsAzure.Task.BatchRPClient.AccountProperties
3/15/2016 9:56:44 AM:Returned account: account619652 devfabricregion  Microsoft.WindowsAzure.Task.BatchRPClient.AccountProperties
3/15/2016 9:56:44 AM:Returned account: account971048 devfabricregion  Microsoft.WindowsAzure.Task.BatchRPClient.AccountProperties
3/15/2016 9:56:44 AM:SubscriptionTests3: Class Cleanup</StdOut>
      </Output>
    </UnitTestResult>
    <UnitTestResult executionId="f3bee3c6-1235-469f-bced-d6bf4a8955dc" testId="8300d68f-5860-409a-8fcd-f396de89fbc9" testName="CreateAccountSubscriptionLimitExceededParallel" computerName="RD00155D44C34F" duration="00:00:04.5560000" startTime="2016-03-15T09:56:46.1092485+00:00" endTime="2016-03-15T09:56:46.1092485+00:00" testType="13cdc9d9-ddb5-4fa4-a97d-d965ccfc6d4b" outcome="Passed" testListId="8c84fa94-04c1-424b-9868-57a2d4851a1d" relativeResultsDirectory="f3bee3c6-1235-469f-bced-d6bf4a8955dc">
      <Output>
        <StdOut>3/15/2016 9:56:40 AM:TRPFEAPITests, Version=8.5.0.0, Culture=neutral, PublicKeyToken=null: Assembly Init
3/15/2016 9:56:40 AM:Creating account account882586...
3/15/2016 9:56:40 AM:Creating account account474652...
3/15/2016 9:56:40 AM:Creating account account748666...
3/15/2016 9:56:40 AM:Creating account account98554...
3/15/2016 9:56:40 AM:Creating account account966389...
3/15/2016 9:56:40 AM:Creating account account883370...
3/15/2016 9:56:40 AM:Creating account account163255...
3/15/2016 9:56:42 AM:Sleeping for 15 seconds... polling https://localhost:20204/subscriptions/74b67df5-215b-4fa8-a5ec-e46bb71c2d77/resourceGroups/myresources/providers/Microsoft.Batch/batchAccounts/account966389/operationResults/ca9cd622-a510-4ac5-8a10-b74f4c590ba7?api-version=2015-09-01
3/15/2016 9:56:42 AM:Sleeping for 15 seconds... polling https://localhost:20204/subscriptions/74b67df5-215b-4fa8-a5ec-e46bb71c2d77/resourceGroups/myresources/providers/Microsoft.Batch/batchAccounts/account163255/operationResults/f3a96bcd-cd13-45d3-96f3-87aecc35d5d9?api-version=2015-09-01
3/15/2016 9:56:42 AM:Sleeping for 15 seconds... polling https://localhost:20204/subscriptions/74b67df5-215b-4fa8-a5ec-e46bb71c2d77/resourceGroups/myresources/providers/Microsoft.Batch/batchAccounts/account882586/operationResults/078c9c4b-6f14-4ff5-8ad6-bff123f8af78?api-version=2015-09-01
3/15/2016 9:56:42 AM:Sleeping for 15 seconds... polling https://localhost:20204/subscriptions/74b67df5-215b-4fa8-a5ec-e46bb71c2d77/resourceGroups/myresources/providers/Microsoft.Batch/batchAccounts/account883370/operationResults/4e1cea11-41eb-4ddc-8990-40747e13ad90?api-version=2015-09-01
3/15/2016 9:56:42 AM:Sleeping for 15 seconds... polling https://localhost:20204/subscriptions/74b67df5-215b-4fa8-a5ec-e46bb71c2d77/resourceGroups/myresources/providers/Microsoft.Batch/batchAccounts/account98554/operationResults/def177f4-e23a-4497-b9d7-70c2959ee762?api-version=2015-09-01
3/15/2016 9:56:42 AM:Sleeping for 15 seconds... polling https://localhost:20204/subscriptions/74b67df5-215b-4fa8-a5ec-e46bb71c2d77/resourceGroups/myresources/providers/Microsoft.Batch/batchAccounts/account748666/operationResults/555c7bf2-8898-41c6-a197-c0eadead0303?api-version=2015-09-01
3/15/2016 9:56:42 AM:Sleeping for 15 seconds... polling https://localhost:20204/subscriptions/74b67df5-215b-4fa8-a5ec-e46bb71c2d77/resourceGroups/myresources/providers/Microsoft.Batch/batchAccounts/account474652/operationResults/231759f9-85b3-4757-820e-9740cd7220b9?api-version=2015-09-01
3/15/2016 9:56:45 AM:Returned account: account966389 devfabricregion  Microsoft.WindowsAzure.Task.BatchRPClient.AccountProperties
3/15/2016 9:56:45 AM:Account account966389 created.
3/15/2016 9:56:45 AM:Returned account: account163255 devfabricregion  Microsoft.WindowsAzure.Task.BatchRPClient.AccountProperties
3/15/2016 9:56:45 AM:Account account163255 created.
3/15/2016 9:56:45 AM:Returned account: account882586 devfabricregion  Microsoft.WindowsAzure.Task.BatchRPClient.AccountProperties
3/15/2016 9:56:45 AM:Account account882586 created.
3/15/2016 9:56:45 AM:Request Id : 460df4f5-d03b-44cc-86d3-fe5d34a4754d
3/15/2016 9:56:45 AM:Received status code Conflict as expected
3/15/2016 9:56:45 AM:Returned account: account883370 devfabricregion  Microsoft.WindowsAzure.Task.BatchRPClient.AccountProperties
3/15/2016 9:56:45 AM:Account account883370 created.
3/15/2016 9:56:45 AM:Returned account: account98554 devfabricregion  Microsoft.WindowsAzure.Task.BatchRPClient.AccountProperties
3/15/2016 9:56:45 AM:Account account98554 created.
3/15/2016 9:56:45 AM:Request Id : 3738608f-df77-45bd-8156-91b6e60b9931
3/15/2016 9:56:45 AM:Received status code Conflict as expected
3/15/2016 9:56:45 AM:CreateAccountTests: Class Cleanup</StdOut>
      </Output>
    </UnitTestResult>
    <UnitTestResult executionId="f3acc7a4-85ff-410e-b0ea-c1fe92dfd503" testId="566e6361-1aff-4c8c-8d21-1d950395b961" testName="CreateAccountUpdateExistingAccount" computerName="RD00155D44C34F" duration="00:00:04.2170000" startTime="2016-03-15T09:56:49.5422492+00:00" endTime="2016-03-15T09:56:49.5422492+00:00" testType="13cdc9d9-ddb5-4fa4-a97d-d965ccfc6d4b" outcome="Passed" testListId="8c84fa94-04c1-424b-9868-57a2d4851a1d" relativeResultsDirectory="f3acc7a4-85ff-410e-b0ea-c1fe92dfd503">
      <Output>
        <StdOut>3/15/2016 9:56:45 AM:TRPFEAPITests, Version=8.5.0.0, Culture=neutral, PublicKeyToken=null: Assembly Init
3/15/2016 9:56:45 AM:Register subId e9b2c600-a17d-4789-981b-ee5ffaf603ae...
3/15/2016 9:56:45 AM:Create account account30456...
3/15/2016 9:56:45 AM:Sleeping for 15 seconds... polling https://localhost:20204/subscriptions/e9b2c600-a17d-4789-981b-ee5ffaf603ae/resourceGroups/myresources/providers/Microsoft.Batch/batchAccounts/account30456/operationResults/89dd5275-0015-41f0-9359-fb46ef4ba59e?api-version=2015-09-01
3/15/2016 9:56:48 AM:Returned account: account30456 devfabricregion System.Collections.Generic.Dictionary`2[System.String,System.String] Microsoft.WindowsAzure.Task.BatchRPClient.AccountProperties
3/15/2016 9:56:48 AM:Get account account30456...
3/15/2016 9:56:48 AM:Returned account: devfabricregion System.Collections.Generic.Dictionary`2[System.String,System.String] Microsoft.WindowsAzure.Task.BatchRPClient.AccountProperties
3/15/2016 9:56:48 AM:Put account account30456...
3/15/2016 9:56:49 AM:Returned account: account30456 devfabricregion System.Collections.Generic.Dictionary`2[System.String,System.String] Microsoft.WindowsAzure.Task.BatchRPClient.AccountProperties
3/15/2016 9:56:49 AM:Get account account30456...
3/15/2016 9:56:49 AM:Returned account: devfabricregion System.Collections.Generic.Dictionary`2[System.String,System.String] Microsoft.WindowsAzure.Task.BatchRPClient.AccountProperties
3/15/2016 9:56:49 AM:CreateAccountTests: Class Cleanup</StdOut>
      </Output>
    </UnitTestResult>
    <UnitTestResult executionId="cd0b2742-c9f8-4669-ac59-96e6a1924ee8" testId="f16b38ba-4110-4312-b88a-e4c333f9bcc3" testName="UpdateSubscriptionSuspendMultipleAccounts" computerName="RD00155D44C34F" duration="00:00:16.2940000" startTime="2016-03-15T09:57:00.9002508+00:00" endTime="2016-03-15T09:57:00.9002508+00:00" testType="13cdc9d9-ddb5-4fa4-a97d-d965ccfc6d4b" outcome="Passed" testListId="8c84fa94-04c1-424b-9868-57a2d4851a1d" relativeResultsDirectory="cd0b2742-c9f8-4669-ac59-96e6a1924ee8">
      <Output>
        <StdOut>3/15/2016 9:56:44 AM:TRPFEAPITests, Version=8.5.0.0, Culture=neutral, PublicKeyToken=null: Assembly Init
3/15/2016 9:56:45 AM:Sleeping for 15 seconds... polling https://localhost:20204/subscriptions/fc55165c-42a8-4e2b-b391-6ecbba4bd64a/resourceGroups/myresources/providers/Microsoft.Batch/batchAccounts/account710546/operationResults/82c9542b-dbb3-4f69-8c33-c0df129d8bb1?api-version=2015-09-01
3/15/2016 9:56:48 AM:Returned account: account710546 devfabricregion  Microsoft.WindowsAzure.Task.BatchRPClient.AccountProperties
3/15/2016 9:56:49 AM:Sleeping for 15 seconds... polling https://localhost:20204/subscriptions/fc55165c-42a8-4e2b-b391-6ecbba4bd64a/resourceGroups/myresources/providers/Microsoft.Batch/batchAccounts/account281020/operationResults/d1d95cc4-c58e-456c-924b-660439c17b39?api-version=2015-09-01
3/15/2016 9:56:52 AM:Returned account: account281020 devfabricregion  Microsoft.WindowsAzure.Task.BatchRPClient.AccountProperties
3/15/2016 9:56:52 AM:Sleeping for 15 seconds... polling https://localhost:20204/subscriptions/fc55165c-42a8-4e2b-b391-6ecbba4bd64a/resourceGroups/myresources/providers/Microsoft.Batch/batchAccounts/account999296/operationResults/5769f496-56db-418f-b927-56de522ea508?api-version=2015-09-01
3/15/2016 9:56:55 AM:Returned account: account999296 devfabricregion  Microsoft.WindowsAzure.Task.BatchRPClient.AccountProperties
3/15/2016 9:56:55 AM:HttpStatusCode Accepted received. Sleeping and retrying...
3/15/2016 9:56:59 AM:Request Id : 02d01cb0-1d8b-4bdd-a814-9ceb6a78802c
3/15/2016 9:56:59 AM:Received status code Conflict as expected
3/15/2016 9:57:00 AM:Request Id : 30e6a858-1f5a-489e-8066-b80703002c61
3/15/2016 9:57:00 AM:Received status code Conflict as expected
3/15/2016 9:57:00 AM:Request Id : bd407d4a-4f20-45ae-b2c9-3be4ee42cab9
3/15/2016 9:57:00 AM:Received status code Conflict as expected
3/15/2016 9:57:00 AM:SubscriptionTests3: Class Cleanup</StdOut>
      </Output>
    </UnitTestResult>
    <UnitTestResult executionId="78b8bcf9-31a1-4c75-bcee-d6121394a02e" testId="593dfc25-6df8-4249-9985-dee9bcba73f5" testName="MoveResourcesWithMultipleAccounts" computerName="RD00155D44C34F" duration="00:01:45.1410000" startTime="2016-03-15T09:57:15.4652493+00:00" endTime="2016-03-15T09:57:15.4652493+00:00" testType="13cdc9d9-ddb5-4fa4-a97d-d965ccfc6d4b" outcome="Passed" testListId="8c84fa94-04c1-424b-9868-57a2d4851a1d" relativeResultsDirectory="78b8bcf9-31a1-4c75-bcee-d6121394a02e">
      <Output>
        <StdOut>3/15/2016 9:55:30 AM:TRPFEAPITests, Version=8.5.0.0, Culture=neutral, PublicKeyToken=null: Assembly Init
3/15/2016 9:55:31 AM:Register a subscription 0971b7cf-92b4-495d-b7e3-320043ae20c7
3/15/2016 9:55:34 AM:Register a subscription c114802b-919d-4e73-a6cc-59caa6057cc4
3/15/2016 9:55:36 AM:Create account account968857
3/15/2016 9:55:37 AM:Sleeping for 15 seconds... polling https://localhost:20204/subscriptions/0971b7cf-92b4-495d-b7e3-320043ae20c7/resourceGroups/myresources/providers/Microsoft.Batch/batchAccounts/account968857/operationResults/69cd9844-5179-464c-856c-6a4826df95c6?api-version=2015-09-01
3/15/2016 9:55:40 AM:Returned account: account968857 devfabricregion System.Collections.Generic.Dictionary`2[System.String,System.String] Microsoft.WindowsAzure.Task.BatchRPClient.AccountProperties
3/15/2016 9:55:41 AM:Sleeping for 15 seconds... polling https://localhost:20204/subscriptions/0971b7cf-92b4-495d-b7e3-320043ae20c7/resourceGroups/myresources/providers/Microsoft.Batch/batchAccounts/account580616/operationResults/a3d8e5ea-3e22-45d3-ad8c-70bbfa760f97?api-version=2015-09-01
3/15/2016 9:55:44 AM:Returned account: account580616 devfabricregion System.Collections.Generic.Dictionary`2[System.String,System.String] Microsoft.WindowsAzure.Task.BatchRPClient.AccountProperties
3/15/2016 9:55:45 AM:Sleeping for 15 seconds... polling https://localhost:20204/subscriptions/0971b7cf-92b4-495d-b7e3-320043ae20c7/resourceGroups/myresources/providers/Microsoft.Batch/batchAccounts/account207764/operationResults/1c39ef2f-c002-4371-a5f1-1ed41d90aeab?api-version=2015-09-01
3/15/2016 9:55:48 AM:Returned account: account207764 devfabricregion System.Collections.Generic.Dictionary`2[System.String,System.String] Microsoft.WindowsAzure.Task.BatchRPClient.AccountProperties
3/15/2016 9:55:48 AM:Sleeping for 15 seconds... polling https://localhost:20204/subscriptions/0971b7cf-92b4-495d-b7e3-320043ae20c7/resourceGroups/myresources/providers/Microsoft.Batch/batchAccounts/account774032/operationResults/099e5dc5-17b2-428c-9f8f-991dcf00bac8?api-version=2015-09-01
3/15/2016 9:55:51 AM:Returned account: account774032 devfabricregion System.Collections.Generic.Dictionary`2[System.String,System.String] Microsoft.WindowsAzure.Task.BatchRPClient.AccountProperties
3/15/2016 9:55:51 AM:MoveResources to c114802b-919d-4e73-a6cc-59caa6057cc4/otherResources
3/15/2016 9:55:53 AM:Sleeping for 15 seconds... polling https://localhost:20204/subscriptions/0971b7cf-92b4-495d-b7e3-320043ae20c7/resourceGroups/myresources/operationResults/2b935e50-76b8-4ca2-9c99-ae8146d6f5b1?api-version=2015-09-01
3/15/2016 9:55:56 AM:Sleeping for 15 seconds... polling https://localhost:20204/subscriptions/0971b7cf-92b4-495d-b7e3-320043ae20c7/resourceGroups/myresources/operationResults/2b935e50-76b8-4ca2-9c99-ae8146d6f5b1?api-version=2015-09-01
3/15/2016 9:55:59 AM:Sleeping for 15 seconds... polling https://localhost:20204/subscriptions/0971b7cf-92b4-495d-b7e3-320043ae20c7/resourceGroups/myresources/operationResults/2b935e50-76b8-4ca2-9c99-ae8146d6f5b1?api-version=2015-09-01
3/15/2016 9:56:02 AM:Sleeping for 15 seconds... polling https://localhost:20204/subscriptions/0971b7cf-92b4-495d-b7e3-320043ae20c7/resourceGroups/myresources/operationResults/2b935e50-76b8-4ca2-9c99-ae8146d6f5b1?api-version=2015-09-01
3/15/2016 9:56:06 AM:Sleeping for 15 seconds... polling https://localhost:20204/subscriptions/0971b7cf-92b4-495d-b7e3-320043ae20c7/resourceGroups/myresources/operationResults/2b935e50-76b8-4ca2-9c99-ae8146d6f5b1?api-version=2015-09-01
3/15/2016 9:56:09 AM:Sleeping for 15 seconds... polling https://localhost:20204/subscriptions/0971b7cf-92b4-495d-b7e3-320043ae20c7/resourceGroups/myresources/operationResults/2b935e50-76b8-4ca2-9c99-ae8146d6f5b1?api-version=2015-09-01
3/15/2016 9:56:12 AM:Sleeping for 15 seconds... polling https://localhost:20204/subscriptions/0971b7cf-92b4-495d-b7e3-320043ae20c7/resourceGroups/myresources/operationResults/2b935e50-76b8-4ca2-9c99-ae8146d6f5b1?api-version=2015-09-01
3/15/2016 9:56:15 AM:Sleeping for 15 seconds... polling https://localhost:20204/subscriptions/0971b7cf-92b4-495d-b7e3-320043ae20c7/resourceGroups/myresources/operationResults/2b935e50-76b8-4ca2-9c99-ae8146d6f5b1?api-version=2015-09-01
3/15/2016 9:56:18 AM:Sleeping for 15 seconds... polling https://localhost:20204/subscriptions/0971b7cf-92b4-495d-b7e3-320043ae20c7/resourceGroups/myresources/operationResults/2b935e50-76b8-4ca2-9c99-ae8146d6f5b1?api-version=2015-09-01
3/15/2016 9:56:21 AM:Sleeping for 15 seconds... polling https://localhost:20204/subscriptions/0971b7cf-92b4-495d-b7e3-320043ae20c7/resourceGroups/myresources/operationResults/2b935e50-76b8-4ca2-9c99-ae8146d6f5b1?api-version=2015-09-01
3/15/2016 9:56:24 AM:Verifying account: account207764 devfabricregion
3/15/2016 9:56:24 AM:Verifying account: account580616 devfabricregion
3/15/2016 9:56:24 AM:Verifying account: account968857 devfabricregion
3/15/2016 9:56:24 AM:Sleep for 10 second
3/15/2016 9:56:34 AM:MoveResource one account account774032 to c114802b-919d-4e73-a6cc-59caa6057cc4/otherResources
3/15/2016 9:56:34 AM:Request Id : f581b07a-662c-45fb-9b7e-0345d9ca2227
3/15/2016 9:56:34 AM:Received status code Conflict as expected
3/15/2016 9:56:34 AM:Sleep for 10 second
3/15/2016 9:56:44 AM:MoveResource one account account968857 to 0971b7cf-92b4-495d-b7e3-320043ae20c7/myresources
3/15/2016 9:56:44 AM:Sleeping for 15 seconds... polling https://localhost:20204/subscriptions/c114802b-919d-4e73-a6cc-59caa6057cc4/resourceGroups/otherResources/operationResults/bb862990-9a1d-4466-b314-1be4e99adba6?api-version=2015-09-01
3/15/2016 9:56:47 AM:Sleeping for 15 seconds... polling https://localhost:20204/subscriptions/c114802b-919d-4e73-a6cc-59caa6057cc4/resourceGroups/otherResources/operationResults/bb862990-9a1d-4466-b314-1be4e99adba6?api-version=2015-09-01
3/15/2016 9:56:50 AM:Sleeping for 15 seconds... polling https://localhost:20204/subscriptions/c114802b-919d-4e73-a6cc-59caa6057cc4/resourceGroups/otherResources/operationResults/bb862990-9a1d-4466-b314-1be4e99adba6?api-version=2015-09-01
3/15/2016 9:56:53 AM:Sleeping for 15 seconds... polling https://localhost:20204/subscriptions/c114802b-919d-4e73-a6cc-59caa6057cc4/resourceGroups/otherResources/operationResults/bb862990-9a1d-4466-b314-1be4e99adba6?api-version=2015-09-01
3/15/2016 9:56:57 AM:Sleeping for 15 seconds... polling https://localhost:20204/subscriptions/c114802b-919d-4e73-a6cc-59caa6057cc4/resourceGroups/otherResources/operationResults/bb862990-9a1d-4466-b314-1be4e99adba6?api-version=2015-09-01
3/15/2016 9:57:00 AM:Sleeping for 15 seconds... polling https://localhost:20204/subscriptions/c114802b-919d-4e73-a6cc-59caa6057cc4/resourceGroups/otherResources/operationResults/bb862990-9a1d-4466-b314-1be4e99adba6?api-version=2015-09-01
3/15/2016 9:57:03 AM:Sleeping for 15 seconds... polling https://localhost:20204/subscriptions/c114802b-919d-4e73-a6cc-59caa6057cc4/resourceGroups/otherResources/operationResults/bb862990-9a1d-4466-b314-1be4e99adba6?api-version=2015-09-01
3/15/2016 9:57:06 AM:Sleeping for 15 seconds... polling https://localhost:20204/subscriptions/c114802b-919d-4e73-a6cc-59caa6057cc4/resourceGroups/otherResources/operationResults/bb862990-9a1d-4466-b314-1be4e99adba6?api-version=2015-09-01
3/15/2016 9:57:09 AM:Sleeping for 15 seconds... polling https://localhost:20204/subscriptions/c114802b-919d-4e73-a6cc-59caa6057cc4/resourceGroups/otherResources/operationResults/bb862990-9a1d-4466-b314-1be4e99adba6?api-version=2015-09-01
3/15/2016 9:57:12 AM:Sleeping for 15 seconds... polling https://localhost:20204/subscriptions/c114802b-919d-4e73-a6cc-59caa6057cc4/resourceGroups/otherResources/operationResults/bb862990-9a1d-4466-b314-1be4e99adba6?api-version=2015-09-01
3/15/2016 9:57:15 AM:Verifying account: account774032 devfabricregion
3/15/2016 9:57:15 AM:Verifying account: account968857 devfabricregion
3/15/2016 9:57:15 AM:ResourceGroupTests2: Class Cleanup</StdOut>
      </Output>
    </UnitTestResult>
    <UnitTestResult executionId="ab7945ca-5dc2-4988-a924-17df4718d002" testId="10fc9674-5774-4d5f-b237-596e751d3b8a" testName="UpdateSubscriptionDeleteMultipleAccounts" computerName="RD00155D44C34F" duration="00:00:14.8860000" startTime="2016-03-15T09:57:16.9772492+00:00" endTime="2016-03-15T09:57:16.9772492+00:00" testType="13cdc9d9-ddb5-4fa4-a97d-d965ccfc6d4b" outcome="Passed" testListId="8c84fa94-04c1-424b-9868-57a2d4851a1d" relativeResultsDirectory="ab7945ca-5dc2-4988-a924-17df4718d002">
      <Output>
        <StdOut>3/15/2016 9:57:00 AM:TRPFEAPITests, Version=8.5.0.0, Culture=neutral, PublicKeyToken=null: Assembly Init
3/15/2016 9:57:01 AM:Sleeping for 15 seconds... polling https://localhost:20204/subscriptions/01a27b72-a056-4013-9fc3-69d453ff97f2/resourceGroups/myresources/providers/Microsoft.Batch/batchAccounts/account89209/operationResults/a88ee278-54c9-4ebb-bd56-7820ceedd749?api-version=2015-09-01
3/15/2016 9:57:04 AM:Returned account: account89209 devfabricregion  Microsoft.WindowsAzure.Task.BatchRPClient.AccountProperties
3/15/2016 9:57:05 AM:Sleeping for 15 seconds... polling https://localhost:20204/subscriptions/01a27b72-a056-4013-9fc3-69d453ff97f2/resourceGroups/myresources/providers/Microsoft.Batch/batchAccounts/account898835/operationResults/1ce8014f-58ca-4ef1-b4ea-1ac2776fae27?api-version=2015-09-01
3/15/2016 9:57:08 AM:Returned account: account898835 devfabricregion  Microsoft.WindowsAzure.Task.BatchRPClient.AccountProperties
3/15/2016 9:57:09 AM:Sleeping for 15 seconds... polling https://localhost:20204/subscriptions/01a27b72-a056-4013-9fc3-69d453ff97f2/resourceGroups/myresources/providers/Microsoft.Batch/batchAccounts/account785882/operationResults/0645443f-37ec-4e47-8bc2-54207c4742dc?api-version=2015-09-01
3/15/2016 9:57:12 AM:Returned account: account785882 devfabricregion  Microsoft.WindowsAzure.Task.BatchRPClient.AccountProperties
3/15/2016 9:57:12 AM:HttpStatusCode Accepted received. Sleeping and retrying...
3/15/2016 9:57:15 AM:SubscriptionTests3: Class Cleanup</StdOut>
      </Output>
    </UnitTestResult>
    <UnitTestResult executionId="d62df301-e658-4b46-8243-9490efcdd8bc" testId="efc7a140-79fe-42a4-a063-5b9c280eff9b" testName="CreateAccountSubscriptionLimitExceededDeleteThenCreateAgain" computerName="RD00155D44C34F" duration="00:00:29.2330000" startTime="2016-03-15T09:57:18.7682440+00:00" endTime="2016-03-15T09:57:18.7682440+00:00" testType="13cdc9d9-ddb5-4fa4-a97d-d965ccfc6d4b" outcome="Passed" testListId="8c84fa94-04c1-424b-9868-57a2d4851a1d" relativeResultsDirectory="d62df301-e658-4b46-8243-9490efcdd8bc">
      <Output>
        <StdOut>3/15/2016 9:56:49 AM:TRPFEAPITests, Version=8.5.0.0, Culture=neutral, PublicKeyToken=null: Assembly Init
3/15/2016 9:56:50 AM:Sleeping for 15 seconds... polling https://localhost:20204/subscriptions/ce769ddf-466b-4dc8-a86a-0e7ee5707ac0/resourceGroups/myresources/providers/Microsoft.Batch/batchAccounts/account689286/operationResults/e18e5421-7b18-4cbe-9e87-002445e5dc20?api-version=2015-09-01
3/15/2016 9:56:53 AM:Returned account: account689286 devfabricregion  Microsoft.WindowsAzure.Task.BatchRPClient.AccountProperties
3/15/2016 9:56:53 AM:Sleeping for 15 seconds... polling https://localhost:20204/subscriptions/ce769ddf-466b-4dc8-a86a-0e7ee5707ac0/resourceGroups/myresources/providers/Microsoft.Batch/batchAccounts/account529860/operationResults/13e38f9c-34a6-45a5-9d25-533be8bb93dc?api-version=2015-09-01
3/15/2016 9:56:57 AM:Returned account: account529860 devfabricregion  Microsoft.WindowsAzure.Task.BatchRPClient.AccountProperties
3/15/2016 9:56:57 AM:Sleeping for 15 seconds... polling https://localhost:20204/subscriptions/ce769ddf-466b-4dc8-a86a-0e7ee5707ac0/resourceGroups/myresources/providers/Microsoft.Batch/batchAccounts/account686787/operationResults/a70904f1-4eae-4395-be1d-6db980686812?api-version=2015-09-01
3/15/2016 9:57:00 AM:Returned account: account686787 devfabricregion  Microsoft.WindowsAzure.Task.BatchRPClient.AccountProperties
3/15/2016 9:57:01 AM:Sleeping for 15 seconds... polling https://localhost:20204/subscriptions/ce769ddf-466b-4dc8-a86a-0e7ee5707ac0/resourceGroups/myresources/providers/Microsoft.Batch/batchAccounts/account861684/operationResults/780fc10a-5ec0-4d45-aeee-cf6d104e1f49?api-version=2015-09-01
3/15/2016 9:57:04 AM:Returned account: account861684 devfabricregion  Microsoft.WindowsAzure.Task.BatchRPClient.AccountProperties
3/15/2016 9:57:05 AM:Sleeping for 15 seconds... polling https://localhost:20204/subscriptions/ce769ddf-466b-4dc8-a86a-0e7ee5707ac0/resourceGroups/myresources/providers/Microsoft.Batch/batchAccounts/account804172/operationResults/735a4f0b-da12-4f58-8733-1867a0f82206?api-version=2015-09-01
3/15/2016 9:57:08 AM:Returned account: account804172 devfabricregion  Microsoft.WindowsAzure.Task.BatchRPClient.AccountProperties
3/15/2016 9:57:08 AM:Sleeping for 15 seconds... polling https://localhost:20204/subscriptions/ce769ddf-466b-4dc8-a86a-0e7ee5707ac0/resourceGroups/myresources/providers/Microsoft.Batch/batchAccounts/account157228/operationResults/9c1fdbfd-cabb-4c14-b37b-0d5a7274c1ca?api-version=2015-09-01
3/15/2016 9:57:12 AM:Request Id : 68fdc599-dac8-4d9c-905d-34f5afbd037c
3/15/2016 9:57:12 AM:Received status code Conflict as expected
3/15/2016 9:57:12 AM:Sleeping for 15 seconds... polling https://localhost:20204/subscriptions/ce769ddf-466b-4dc8-a86a-0e7ee5707ac0/resourceGroups/myresources/providers/Microsoft.Batch/batchAccounts/account804172/operationResults/a807f68d-7933-4271-8d83-d28068cb82a2?api-version=2015-09-01
3/15/2016 9:57:15 AM:Sleeping for 15 seconds... polling https://localhost:20204/subscriptions/ce769ddf-466b-4dc8-a86a-0e7ee5707ac0/resourceGroups/myresources/providers/Microsoft.Batch/batchAccounts/account157228/operationResults/0f21161c-085d-48b0-8376-1c49a31e9322?api-version=2015-09-01
3/15/2016 9:57:18 AM:Returned account: account157228 devfabricregion  Microsoft.WindowsAzure.Task.BatchRPClient.AccountProperties
3/15/2016 9:57:18 AM:CreateAccountTests: Class Cleanup</StdOut>
      </Output>
    </UnitTestResult>
    <UnitTestResult executionId="d17d83a3-1e3b-45e1-b5a4-d8f0263f5bfb" testId="cab4e3f5-3c48-43bf-b351-6b0825250c01" testName="CreateAccountInvalidGeoRegion" computerName="RD00155D44C34F" duration="00:00:00.0770000" startTime="2016-03-15T09:57:20.2742498+00:00" endTime="2016-03-15T09:57:20.2742498+00:00" testType="13cdc9d9-ddb5-4fa4-a97d-d965ccfc6d4b" outcome="Passed" testListId="8c84fa94-04c1-424b-9868-57a2d4851a1d" relativeResultsDirectory="d17d83a3-1e3b-45e1-b5a4-d8f0263f5bfb">
      <Output>
        <StdOut>3/15/2016 9:57:18 AM:TRPFEAPITests, Version=8.5.0.0, Culture=neutral, PublicKeyToken=null: Assembly Init
3/15/2016 9:57:18 AM:Request Id : 38c5e51e-cd7a-460b-9bc5-8893fe90156b
3/15/2016 9:57:18 AM:Received status code Conflict as expected
3/15/2016 9:57:18 AM:Request Id : d1f91fe3-e4e9-497f-b9fa-5a7df5d50c9b
3/15/2016 9:57:18 AM:Received status code BadRequest as expected
3/15/2016 9:57:18 AM:Request Id : 91b602eb-2790-4748-a736-d4909ffba50a
3/15/2016 9:57:18 AM:Received status code BadRequest as expected
3/15/2016 9:57:18 AM:CreateAccountTests: Class Cleanup</StdOut>
      </Output>
    </UnitTestResult>
    <UnitTestResult executionId="4eeca294-e410-4e81-8539-c9b0bcdc5eb9" testId="f178d6b2-d653-46a1-b80c-f018faf12ea5" testName="MoveResourcesNegative" computerName="RD00155D44C34F" duration="00:00:05.1380000" startTime="2016-03-15T09:57:21.7872409+00:00" endTime="2016-03-15T09:57:21.7872409+00:00" testType="13cdc9d9-ddb5-4fa4-a97d-d965ccfc6d4b" outcome="Passed" testListId="8c84fa94-04c1-424b-9868-57a2d4851a1d" relativeResultsDirectory="4eeca294-e410-4e81-8539-c9b0bcdc5eb9">
      <Output>
        <StdOut>3/15/2016 9:57:15 AM:TRPFEAPITests, Version=8.5.0.0, Culture=neutral, PublicKeyToken=null: Assembly Init
3/15/2016 9:57:15 AM:Register a subscription 0c1318f2-37f1-485b-8cfa-6c57fde7438a
3/15/2016 9:57:15 AM:Create account account680498
3/15/2016 9:57:17 AM:Sleeping for 15 seconds... polling https://localhost:20204/subscriptions/0c1318f2-37f1-485b-8cfa-6c57fde7438a/resourceGroups/myresources/providers/Microsoft.Batch/batchAccounts/account680498/operationResults/046e9866-2a82-4bf8-bfeb-39d675c18bf6?api-version=2015-09-01
3/15/2016 9:57:20 AM:Returned account: account680498 devfabricregion System.Collections.Generic.Dictionary`2[System.String,System.String] Microsoft.WindowsAzure.Task.BatchRPClient.AccountProperties
3/15/2016 9:57:20 AM:MoveResource account680498 to ec5c4471-fcfb-4a1b-8215-ead2e939352d/otherResources
3/15/2016 9:57:20 AM:Request Id : 1dd95f21-fa62-4ae0-bae3-9faf877048f7
3/15/2016 9:57:20 AM:Received status code BadRequest as expected
3/15/2016 9:57:20 AM:MoveResource two accounts account680498,account680498  to ec5c4471-fcfb-4a1b-8215-ead2e939352d/otherResources
3/15/2016 9:57:20 AM:Request Id : 1432bb1b-095f-4497-bbde-a17140800159
3/15/2016 9:57:20 AM:Received status code BadRequest as expected
3/15/2016 9:57:20 AM:MoveResource two accounts account680498,account636201  to ec5c4471-fcfb-4a1b-8215-ead2e939352d/otherResources
3/15/2016 9:57:20 AM:Request Id : 6a304742-91bd-4b64-ac40-1c4f1e0c8521
3/15/2016 9:57:20 AM:Received status code Conflict as expected
3/15/2016 9:57:20 AM:ResourceGroupTests2: Class Cleanup</StdOut>
      </Output>
    </UnitTestResult>
    <UnitTestResult executionId="2b44f29a-1dfb-49dc-953b-30369f7e3987" testId="9b67c4a4-aa4f-4cc1-80eb-9fdb3f576f33" testName="CreateAccountWithLongTagsAndProperties" computerName="RD00155D44C34F" duration="00:00:03.6440000" startTime="2016-03-15T09:57:23.3022428+00:00" endTime="2016-03-15T09:57:23.3022428+00:00" testType="13cdc9d9-ddb5-4fa4-a97d-d965ccfc6d4b" outcome="Passed" testListId="8c84fa94-04c1-424b-9868-57a2d4851a1d" relativeResultsDirectory="2b44f29a-1dfb-49dc-953b-30369f7e3987">
      <Output>
        <StdOut>3/15/2016 9:57:18 AM:TRPFEAPITests, Version=8.5.0.0, Culture=neutral, PublicKeyToken=null: Assembly Init
3/15/2016 9:57:19 AM:Sleeping for 15 seconds... polling https://localhost:20204/subscriptions/d1b38ba4-f111-4586-af07-b2fdd6307a65/resourceGroups/myresources/providers/Microsoft.Batch/batchAccounts/account582629/operationResults/fe73fc6f-8f0f-4dc2-87b6-65683d1049c5?api-version=2015-09-01
3/15/2016 9:57:22 AM:Returned account: account582629 devfabricregion System.Collections.Generic.Dictionary`2[System.String,System.String] Microsoft.WindowsAzure.Task.BatchRPClient.AccountProperties
3/15/2016 9:57:22 AM:Returned account: devfabricregion System.Collections.Generic.Dictionary`2[System.String,System.String] Microsoft.WindowsAzure.Task.BatchRPClient.AccountProperties
3/15/2016 9:57:22 AM:CreateAccountTests: Class Cleanup</StdOut>
      </Output>
    </UnitTestResult>
    <UnitTestResult executionId="379d51d8-6530-499b-80a8-441298979197" testId="b06d16d7-d967-4682-a762-dfe1806cbfa9" testName="CreateAccountAlreadyExistsInDifferentResourceGroup" computerName="RD00155D44C34F" duration="00:00:04.1580000" startTime="2016-03-15T09:57:26.6592533+00:00" endTime="2016-03-15T09:57:26.6592533+00:00" testType="13cdc9d9-ddb5-4fa4-a97d-d965ccfc6d4b" outcome="Passed" testListId="8c84fa94-04c1-424b-9868-57a2d4851a1d" relativeResultsDirectory="379d51d8-6530-499b-80a8-441298979197">
      <Output>
        <StdOut>3/15/2016 9:57:22 AM:TRPFEAPITests, Version=8.5.0.0, Culture=neutral, PublicKeyToken=null: Assembly Init
3/15/2016 9:57:23 AM:Sleeping for 15 seconds... polling https://localhost:20204/subscriptions/8f29eb36-6496-43c5-a05b-249f209f06e0/resourceGroups/myresources1/providers/Microsoft.Batch/batchAccounts/account877381/operationResults/7f0241cb-f567-4ef0-97d0-0a58aff42224?api-version=2015-09-01
3/15/2016 9:57:26 AM:Returned account: account877381 devfabricregion  Microsoft.WindowsAzure.Task.BatchRPClient.AccountProperties
3/15/2016 9:57:26 AM:Request Id : aefae270-6ba3-4fdb-85c9-a4c5e95e9fd6
3/15/2016 9:57:26 AM:Received status code Conflict as expected
3/15/2016 9:57:26 AM:CreateAccountTests: Class Cleanup</StdOut>
      </Output>
    </UnitTestResult>
    <UnitTestResult executionId="0f033ed8-a19f-4e62-9037-a535079f977b" testId="9bcd51da-0fa9-42d5-8ea9-b557aca54ab3" testName="UpdateSubscriptionUnsuspendTwice" computerName="RD00155D44C34F" duration="00:00:13.4640000" startTime="2016-03-15T09:57:29.6622407+00:00" endTime="2016-03-15T09:57:29.6622407+00:00" testType="13cdc9d9-ddb5-4fa4-a97d-d965ccfc6d4b" outcome="Passed" testListId="8c84fa94-04c1-424b-9868-57a2d4851a1d" relativeResultsDirectory="0f033ed8-a19f-4e62-9037-a535079f977b">
      <Output>
        <StdOut>3/15/2016 9:57:15 AM:TRPFEAPITests, Version=8.5.0.0, Culture=neutral, PublicKeyToken=null: Assembly Init
3/15/2016 9:57:17 AM:Sleeping for 15 seconds... polling https://localhost:20204/subscriptions/76e1652e-21bf-4c9f-9f07-05eb692e4829/resourceGroups/myresources/providers/Microsoft.Batch/batchAccounts/account315370/operationResults/d41b8540-67ae-4d97-b3d2-a11c7a7dbda3?api-version=2015-09-01
3/15/2016 9:57:20 AM:Returned account: account315370 devfabricregion  Microsoft.WindowsAzure.Task.BatchRPClient.AccountProperties
3/15/2016 9:57:20 AM:HttpStatusCode Accepted received. Sleeping and retrying...
3/15/2016 9:57:24 AM:Request Id : 4749c3ac-da4c-4924-85d6-06cb0c96bd9c
3/15/2016 9:57:24 AM:Received status code Conflict as expected
3/15/2016 9:57:24 AM:HttpStatusCode Accepted received. Sleeping and retrying...
3/15/2016 9:57:28 AM:Returned account: account315370 devfabricregion  Microsoft.WindowsAzure.Task.BatchRPClient.AccountProperties
3/15/2016 9:57:29 AM:Returned account: account315370 devfabricregion  Microsoft.WindowsAzure.Task.BatchRPClient.AccountProperties
3/15/2016 9:57:29 AM:SubscriptionTests3: Class Cleanup</StdOut>
      </Output>
    </UnitTestResult>
    <UnitTestResult executionId="9534d9e6-9acc-4aea-8634-0d6b56b25a1c" testId="b0ef56ef-c3ff-4aeb-817a-798cc3ae96f7" testName="CreateAccountSubscriptionNotRegistered" computerName="RD00155D44C34F" duration="00:00:15.9070000" startTime="2016-03-15T09:57:42.5592498+00:00" endTime="2016-03-15T09:57:42.5592498+00:00" testType="13cdc9d9-ddb5-4fa4-a97d-d965ccfc6d4b" outcome="Passed" testListId="8c84fa94-04c1-424b-9868-57a2d4851a1d" relativeResultsDirectory="9534d9e6-9acc-4aea-8634-0d6b56b25a1c">
      <Output>
        <StdOut>3/15/2016 9:57:26 AM:TRPFEAPITests, Version=8.5.0.0, Culture=neutral, PublicKeyToken=null: Assembly Init
3/15/2016 9:57:27 AM:Sleeping for 15 seconds... polling https://localhost:20204/subscriptions/312a68de-6289-4fa8-bf5a-df694cdcab54/resourceGroups/myresources/providers/Microsoft.Batch/batchAccounts/account353715/operationResults/7c9111f0-cd83-4dae-b9e7-92017ee0204f?api-version=2015-09-01
3/15/2016 9:57:30 AM:Request Id : 29936a74-13b4-47db-af4c-cdfc2fe5dfdf
3/15/2016 9:57:30 AM:Received status code Conflict as expected
3/15/2016 9:57:31 AM:Sleeping for 15 seconds... polling https://localhost:20204/subscriptions/312a68de-6289-4fa8-bf5a-df694cdcab54/resourceGroups/myresources/providers/Microsoft.Batch/batchAccounts/account353715/operationResults/8c7b4429-f7ed-4ef8-8eba-6090bab24c9e?api-version=2015-09-01
3/15/2016 9:57:35 AM:Request Id : d41185c2-f621-40a3-8602-08969b5f8c1e
3/15/2016 9:57:35 AM:Received status code Conflict as expected
3/15/2016 9:57:35 AM:Sleeping for 15 seconds... polling https://localhost:20204/subscriptions/312a68de-6289-4fa8-bf5a-df694cdcab54/resourceGroups/myresources/providers/Microsoft.Batch/batchAccounts/account353715/operationResults/e5f584d9-4af9-4214-86e6-06b4b9c4883a?api-version=2015-09-01
3/15/2016 9:57:38 AM:Request Id : 06d305d3-3e69-4a35-8735-ef468e4ab5b8
3/15/2016 9:57:38 AM:Received status code Conflict as expected
3/15/2016 9:57:39 AM:Sleeping for 15 seconds... polling https://localhost:20204/subscriptions/312a68de-6289-4fa8-bf5a-df694cdcab54/resourceGroups/myresources/providers/Microsoft.Batch/batchAccounts/account353715/operationResults/48b8f58a-ba32-4824-af95-132885118626?api-version=2015-09-01
3/15/2016 9:57:42 AM:Request Id : 2e497525-3e62-40c8-a15e-079fc4367c65
3/15/2016 9:57:42 AM:Received status code Conflict as expected
3/15/2016 9:57:42 AM:CreateAccountTests: Class Cleanup</StdOut>
      </Output>
    </UnitTestResult>
    <UnitTestResult executionId="2dfe25e0-6321-4e23-ac3a-f7ece1d6997a" testId="35c93236-5737-420f-8cd7-582bd53ed855" testName="CreateAccountPositive" computerName="RD00155D44C34F" duration="00:00:03.7040000" startTime="2016-03-15T09:57:47.0692476+00:00" endTime="2016-03-15T09:57:47.0692476+00:00" testType="13cdc9d9-ddb5-4fa4-a97d-d965ccfc6d4b" outcome="Passed" testListId="8c84fa94-04c1-424b-9868-57a2d4851a1d" relativeResultsDirectory="2dfe25e0-6321-4e23-ac3a-f7ece1d6997a">
      <Output>
        <StdOut>3/15/2016 9:57:42 AM:TRPFEAPITests, Version=8.5.0.0, Culture=neutral, PublicKeyToken=null: Assembly Init
3/15/2016 9:57:43 AM:Sleeping for 15 seconds... polling https://localhost:20204/subscriptions/74acd1db-bee0-4b9a-b193-70848a9ccb45/resourceGroups/myresources/providers/Microsoft.Batch/batchAccounts/account966822/operationResults/026faa63-bc74-4e7a-884a-58020637bf99?api-version=2015-09-01
3/15/2016 9:57:46 AM:Returned account: account966822 devfabricregion  Microsoft.WindowsAzure.Task.BatchRPClient.AccountProperties
3/15/2016 9:57:46 AM:CreateAccountTests: Class Cleanup</StdOut>
      </Output>
    </UnitTestResult>
    <UnitTestResult executionId="8a2506a5-2d08-41ec-bd49-2484841cc24a" testId="3af26ffb-180b-4b68-9299-e5e05b4257ca" testName="MoveResourcesWithOneAccount" computerName="RD00155D44C34F" duration="00:01:35.6880000" startTime="2016-03-15T09:58:16.5382496+00:00" endTime="2016-03-15T09:58:16.5382496+00:00" testType="13cdc9d9-ddb5-4fa4-a97d-d965ccfc6d4b" outcome="Passed" testListId="8c84fa94-04c1-424b-9868-57a2d4851a1d" relativeResultsDirectory="8a2506a5-2d08-41ec-bd49-2484841cc24a">
      <Output>
        <StdOut>3/15/2016 9:56:40 AM:TRPFEAPITests, Version=8.5.0.0, Culture=neutral, PublicKeyToken=null: Assembly Init
3/15/2016 9:56:40 AM:Register a subscription ffef7cb4-f4d3-47e7-9037-080a11bc341d
3/15/2016 9:56:40 AM:Register a subscription 411e8156-988f-487e-b3d9-19bb89287ee7
3/15/2016 9:56:40 AM:Create account account52614
3/15/2016 9:56:42 AM:Sleeping for 15 seconds... polling https://localhost:20204/subscriptions/ffef7cb4-f4d3-47e7-9037-080a11bc341d/resourceGroups/myresources/providers/Microsoft.Batch/batchAccounts/account52614/operationResults/2145499d-8a87-462d-a0d0-bda3fae6f2cc?api-version=2015-09-01
3/15/2016 9:56:45 AM:Returned account: account52614 devfabricregion System.Collections.Generic.Dictionary`2[System.String,System.String] Microsoft.WindowsAzure.Task.BatchRPClient.AccountProperties
3/15/2016 9:56:45 AM:MoveResource account52614 to ffef7cb4-f4d3-47e7-9037-080a11bc341d/otherResources
3/15/2016 9:56:45 AM:Sleeping for 15 seconds... polling https://localhost:20204/subscriptions/ffef7cb4-f4d3-47e7-9037-080a11bc341d/resourceGroups/myresources/operationResults/4beea28f-571b-454b-bf94-0847e0c5c401?api-version=2015-09-01
3/15/2016 9:56:48 AM:Sleeping for 15 seconds... polling https://localhost:20204/subscriptions/ffef7cb4-f4d3-47e7-9037-080a11bc341d/resourceGroups/myresources/operationResults/4beea28f-571b-454b-bf94-0847e0c5c401?api-version=2015-09-01
3/15/2016 9:56:51 AM:Sleeping for 15 seconds... polling https://localhost:20204/subscriptions/ffef7cb4-f4d3-47e7-9037-080a11bc341d/resourceGroups/myresources/operationResults/4beea28f-571b-454b-bf94-0847e0c5c401?api-version=2015-09-01
3/15/2016 9:56:54 AM:Sleeping for 15 seconds... polling https://localhost:20204/subscriptions/ffef7cb4-f4d3-47e7-9037-080a11bc341d/resourceGroups/myresources/operationResults/4beea28f-571b-454b-bf94-0847e0c5c401?api-version=2015-09-01
3/15/2016 9:56:57 AM:Sleeping for 15 seconds... polling https://localhost:20204/subscriptions/ffef7cb4-f4d3-47e7-9037-080a11bc341d/resourceGroups/myresources/operationResults/4beea28f-571b-454b-bf94-0847e0c5c401?api-version=2015-09-01
3/15/2016 9:57:00 AM:Sleeping for 15 seconds... polling https://localhost:20204/subscriptions/ffef7cb4-f4d3-47e7-9037-080a11bc341d/resourceGroups/myresources/operationResults/4beea28f-571b-454b-bf94-0847e0c5c401?api-version=2015-09-01
3/15/2016 9:57:03 AM:Sleeping for 15 seconds... polling https://localhost:20204/subscriptions/ffef7cb4-f4d3-47e7-9037-080a11bc341d/resourceGroups/myresources/operationResults/4beea28f-571b-454b-bf94-0847e0c5c401?api-version=2015-09-01
3/15/2016 9:57:06 AM:Sleeping for 15 seconds... polling https://localhost:20204/subscriptions/ffef7cb4-f4d3-47e7-9037-080a11bc341d/resourceGroups/myresources/operationResults/4beea28f-571b-454b-bf94-0847e0c5c401?api-version=2015-09-01
3/15/2016 9:57:09 AM:Sleeping for 15 seconds... polling https://localhost:20204/subscriptions/ffef7cb4-f4d3-47e7-9037-080a11bc341d/resourceGroups/myresources/operationResults/4beea28f-571b-454b-bf94-0847e0c5c401?api-version=2015-09-01
3/15/2016 9:57:12 AM:Sleeping for 15 seconds... polling https://localhost:20204/subscriptions/ffef7cb4-f4d3-47e7-9037-080a11bc341d/resourceGroups/myresources/operationResults/4beea28f-571b-454b-bf94-0847e0c5c401?api-version=2015-09-01
3/15/2016 9:57:15 AM:Sleep for 10 second
3/15/2016 9:57:25 AM:MoveResource account52614 to 411e8156-988f-487e-b3d9-19bb89287ee7/otherResources
3/15/2016 9:57:25 AM:Request Id : 95c05ea6-a469-4e3e-bbd5-3842fcb16bad
3/15/2016 9:57:25 AM:Received status code NotFound as expected
3/15/2016 9:57:25 AM:Sleep for 10 second
3/15/2016 9:57:35 AM:MoveResource account52614 to 411e8156-988f-487e-b3d9-19bb89287ee7/otherResources
3/15/2016 9:57:36 AM:Sleeping for 15 seconds... polling https://localhost:20204/subscriptions/ffef7cb4-f4d3-47e7-9037-080a11bc341d/resourceGroups/otherResources/operationResults/b03dd542-49a4-49f5-befe-db82a44f2ffd?api-version=2015-09-01
3/15/2016 9:57:39 AM:Sleeping for 15 seconds... polling https://localhost:20204/subscriptions/ffef7cb4-f4d3-47e7-9037-080a11bc341d/resourceGroups/otherResources/operationResults/b03dd542-49a4-49f5-befe-db82a44f2ffd?api-version=2015-09-01
3/15/2016 9:57:42 AM:Sleeping for 15 seconds... polling https://localhost:20204/subscriptions/ffef7cb4-f4d3-47e7-9037-080a11bc341d/resourceGroups/otherResources/operationResults/b03dd542-49a4-49f5-befe-db82a44f2ffd?api-version=2015-09-01
3/15/2016 9:57:45 AM:Sleeping for 15 seconds... polling https://localhost:20204/subscriptions/ffef7cb4-f4d3-47e7-9037-080a11bc341d/resourceGroups/otherResources/operationResults/b03dd542-49a4-49f5-befe-db82a44f2ffd?api-version=2015-09-01
3/15/2016 9:57:48 AM:Sleeping for 15 seconds... polling https://localhost:20204/subscriptions/ffef7cb4-f4d3-47e7-9037-080a11bc341d/resourceGroups/otherResources/operationResults/b03dd542-49a4-49f5-befe-db82a44f2ffd?api-version=2015-09-01
3/15/2016 9:57:51 AM:Sleeping for 15 seconds... polling https://localhost:20204/subscriptions/ffef7cb4-f4d3-47e7-9037-080a11bc341d/resourceGroups/otherResources/operationResults/b03dd542-49a4-49f5-befe-db82a44f2ffd?api-version=2015-09-01
3/15/2016 9:57:54 AM:Sleeping for 15 seconds... polling https://localhost:20204/subscriptions/ffef7cb4-f4d3-47e7-9037-080a11bc341d/resourceGroups/otherResources/operationResults/b03dd542-49a4-49f5-befe-db82a44f2ffd?api-version=2015-09-01
3/15/2016 9:57:57 AM:Sleeping for 15 seconds... polling https://localhost:20204/subscriptions/ffef7cb4-f4d3-47e7-9037-080a11bc341d/resourceGroups/otherResources/operationResults/b03dd542-49a4-49f5-befe-db82a44f2ffd?api-version=2015-09-01
3/15/2016 9:58:00 AM:Sleeping for 15 seconds... polling https://localhost:20204/subscriptions/ffef7cb4-f4d3-47e7-9037-080a11bc341d/resourceGroups/otherResources/operationResults/b03dd542-49a4-49f5-befe-db82a44f2ffd?api-version=2015-09-01
3/15/2016 9:58:03 AM:Sleeping for 15 seconds... polling https://localhost:20204/subscriptions/ffef7cb4-f4d3-47e7-9037-080a11bc341d/resourceGroups/otherResources/operationResults/b03dd542-49a4-49f5-befe-db82a44f2ffd?api-version=2015-09-01
3/15/2016 9:58:06 AM:Sleep for 10 second
3/15/2016 9:58:16 AM:Verifying account: account52614 devfabricregion
3/15/2016 9:58:16 AM:ResourceGroupTests1: Class Cleanup</StdOut>
      </Output>
    </UnitTestResult>
    <UnitTestResult executionId="2b9287e3-9c38-44f0-847f-b5623b6c8cc8" testId="927f82f9-649b-4604-8687-7378755dc6ef" testName="ListAccountsInEmptyResourceGroup" computerName="RD00155D44C34F" duration="00:00:00.0250000" startTime="2016-03-15T09:58:18.0422413+00:00" endTime="2016-03-15T09:58:18.0422413+00:00" testType="13cdc9d9-ddb5-4fa4-a97d-d965ccfc6d4b" outcome="Passed" testListId="8c84fa94-04c1-424b-9868-57a2d4851a1d" relativeResultsDirectory="2b9287e3-9c38-44f0-847f-b5623b6c8cc8">
      <Output>
        <StdOut>3/15/2016 9:58:16 AM:TRPFEAPITests, Version=8.5.0.0, Culture=neutral, PublicKeyToken=null: Assembly Init
3/15/2016 9:58:16 AM:ResourceGroupTests1: Class Cleanup</StdOut>
      </Output>
    </UnitTestResult>
    <UnitTestResult executionId="f45d0044-ae8f-4599-b0fd-67da8e5f52b3" testId="173477c0-a5a5-4841-ba63-307d714b54f0" testName="ListAccountsInResourceGroupWithSkipToken" computerName="RD00155D44C34F" duration="00:00:11.2230000" startTime="2016-03-15T09:58:27.7932521+00:00" endTime="2016-03-15T09:58:27.7932521+00:00" testType="13cdc9d9-ddb5-4fa4-a97d-d965ccfc6d4b" outcome="Passed" testListId="8c84fa94-04c1-424b-9868-57a2d4851a1d" relativeResultsDirectory="f45d0044-ae8f-4599-b0fd-67da8e5f52b3">
      <Output>
        <StdOut>3/15/2016 9:58:16 AM:TRPFEAPITests, Version=8.5.0.0, Culture=neutral, PublicKeyToken=null: Assembly Init
3/15/2016 9:58:17 AM:Sleeping for 15 seconds... polling https://localhost:20204/subscriptions/885509cb-2917-464c-bb38-d49e9c1e51f6/resourceGroups/listgroup/providers/Microsoft.Batch/batchAccounts/aaccount373985/operationResults/6c453058-661d-425f-b3bf-15b265bbb545?api-version=2015-09-01
3/15/2016 9:58:20 AM:Returned account: aaccount373985 devfabricregion  Microsoft.WindowsAzure.Task.BatchRPClient.AccountProperties
3/15/2016 9:58:20 AM:Sleeping for 15 seconds... polling https://localhost:20204/subscriptions/885509cb-2917-464c-bb38-d49e9c1e51f6/resourceGroups/listgroup/providers/Microsoft.Batch/batchAccounts/baccount704571/operationResults/ac7a8253-afae-4808-8c8d-2d422894827f?api-version=2015-09-01
3/15/2016 9:58:23 AM:Returned account: baccount704571 devfabricregion  Microsoft.WindowsAzure.Task.BatchRPClient.AccountProperties
3/15/2016 9:58:24 AM:Sleeping for 15 seconds... polling https://localhost:20204/subscriptions/885509cb-2917-464c-bb38-d49e9c1e51f6/resourceGroups/listgroup/providers/Microsoft.Batch/batchAccounts/caccount936319/operationResults/e3c653c8-df83-4fe1-b364-00d3a17a1e74?api-version=2015-09-01
3/15/2016 9:58:27 AM:Returned account: caccount936319 devfabricregion  Microsoft.WindowsAzure.Task.BatchRPClient.AccountProperties
3/15/2016 9:58:27 AM:Verifying account: baccount704571 devfabricregion
3/15/2016 9:58:27 AM:Verifying account: caccount936319 devfabricregion
3/15/2016 9:58:27 AM:ResourceGroupTests1: Class Cleanup</StdOut>
      </Output>
    </UnitTestResult>
    <UnitTestResult executionId="fbcb9d6e-9c5e-420d-97d5-c2a1db4e03da" testId="cf3e50b7-d4f0-4083-b1fd-28b8df7ef540" testName="ListAccountsInResourceGroupWithTagsAndProperties" computerName="RD00155D44C34F" duration="00:00:11.4370000" startTime="2016-03-15T09:58:39.3502496+00:00" endTime="2016-03-15T09:58:39.3502496+00:00" testType="13cdc9d9-ddb5-4fa4-a97d-d965ccfc6d4b" outcome="Passed" testListId="8c84fa94-04c1-424b-9868-57a2d4851a1d" relativeResultsDirectory="fbcb9d6e-9c5e-420d-97d5-c2a1db4e03da">
      <Output>
        <StdOut>3/15/2016 9:58:27 AM:TRPFEAPITests, Version=8.5.0.0, Culture=neutral, PublicKeyToken=null: Assembly Init
3/15/2016 9:58:28 AM:Sleeping for 15 seconds... polling https://localhost:20204/subscriptions/2cd52017-6ed5-4b98-990e-90267cc6fbf0/resourceGroups/listgroup/providers/Microsoft.Batch/batchAccounts/account499322/operationResults/67425a9e-731b-4e87-8be3-6d630cd01620?api-version=2015-09-01
3/15/2016 9:58:31 AM:Returned account: account499322 devfabricregion System.Collections.Generic.Dictionary`2[System.String,System.String] Microsoft.WindowsAzure.Task.BatchRPClient.AccountProperties
3/15/2016 9:58:32 AM:Sleeping for 15 seconds... polling https://localhost:20204/subscriptions/2cd52017-6ed5-4b98-990e-90267cc6fbf0/resourceGroups/listgroup/providers/Microsoft.Batch/batchAccounts/account518070/operationResults/bf6a872c-9ad7-4934-99a4-64f8cb662a9e?api-version=2015-09-01
3/15/2016 9:58:35 AM:Returned account: account518070 devfabricregion System.Collections.Generic.Dictionary`2[System.String,System.String] Microsoft.WindowsAzure.Task.BatchRPClient.AccountProperties
3/15/2016 9:58:36 AM:Sleeping for 15 seconds... polling https://localhost:20204/subscriptions/2cd52017-6ed5-4b98-990e-90267cc6fbf0/resourceGroups/listgroup/providers/Microsoft.Batch/batchAccounts/account232677/operationResults/63fde26e-595a-4982-9c65-1a28710bd854?api-version=2015-09-01
3/15/2016 9:58:39 AM:Returned account: account232677 devfabricregion System.Collections.Generic.Dictionary`2[System.String,System.String] Microsoft.WindowsAzure.Task.BatchRPClient.AccountProperties
3/15/2016 9:58:39 AM:Verifying account: account232677 devfabricregion
3/15/2016 9:58:39 AM:Verifying account: account499322 devfabricregion
3/15/2016 9:58:39 AM:Verifying account: account518070 devfabricregion
3/15/2016 9:58:39 AM:ResourceGroupTests1: Class Cleanup</StdOut>
      </Output>
    </UnitTestResult>
  </Results>
  <TestDefinitions>
    <UnitTest name="GetAvailableActions" storage="f:\wd\batchservicefeaturexunitbvttests\bin\tests\watask\trpfe\trpfeapitests.dll" id="a5511e8a-b281-4821-870a-e531b0a8759d">
      <Execution id="1d7d1ac5-2a33-4059-a84d-2a2840fe75d5" />
      <TestMethod codeBase="F:\wd\BatchServicefeaturexunitbvttests\bin\Tests\WATask\TRPFE\TRPFEApiTests.dll" adapterTypeName="Microsoft.VisualStudio.TestTools.TestTypes.Unit.UnitTestAdapter" className="Microsoft.Windows.Azure.Task.TRPFEAPITests.SubscriptionTests5" name="GetAvailableActions" />
    </UnitTest>
    <UnitTest name="ListOperations" storage="f:\wd\batchservicefeaturexunitbvttests\bin\tests\watask\trpfe\trpfeapitests.dll" id="8bba7360-1968-4502-89c0-3be90fad1f1b">
      <Execution id="5c671831-f948-4f70-ba75-e201d14e20e9" />
      <TestMethod codeBase="F:\wd\BatchServicefeaturexunitbvttests\bin\Tests\WATask\TRPFE\TRPFEApiTests.dll" adapterTypeName="Microsoft.VisualStudio.TestTools.TestTypes.Unit.UnitTestAdapter" className="Microsoft.Windows.Azure.Task.TRPFEAPITests.ProviderTenantTests" name="ListOperations" />
    </UnitTest>
    <UnitTest name="DeleteAccountPositive" storage="f:\wd\batchservicefeaturexunitbvttests\bin\tests\watask\trpfe\trpfeapitests.dll" id="71aa99a3-1c95-45f6-b61f-e1a5fcad67ea">
      <Execution id="bd5eef77-f545-4b8e-bf6b-7383dc50c89a" />
      <TestMethod codeBase="F:\wd\BatchServicefeaturexunitbvttests\bin\Tests\WATask\TRPFE\TRPFEApiTests.dll" adapterTypeName="Microsoft.VisualStudio.TestTools.TestTypes.Unit.UnitTestAdapter" className="Microsoft.Windows.Azure.Task.TRPFEAPITests.DeleteAccountTests" name="DeleteAccountPositive" />
    </UnitTest>
    <UnitTest name="DeleteNonexistentAccount" storage="f:\wd\batchservicefeaturexunitbvttests\bin\tests\watask\trpfe\trpfeapitests.dll" id="12f5f5ee-a51d-4d0e-ba52-39a1ab2b8334">
      <Execution id="b1bb7f2f-a00d-49db-a098-bc83fe4bfd2f" />
      <TestMethod codeBase="F:\wd\BatchServicefeaturexunitbvttests\bin\Tests\WATask\TRPFE\TRPFEApiTests.dll" adapterTypeName="Microsoft.VisualStudio.TestTools.TestTypes.Unit.UnitTestAdapter" className="Microsoft.Windows.Azure.Task.TRPFEAPITests.DeleteAccountTests" name="DeleteNonexistentAccount" />
    </UnitTest>
    <UnitTest name="UpdateSubscriptionUnregisteredPositive" storage="f:\wd\batchservicefeaturexunitbvttests\bin\tests\watask\trpfe\trpfeapitests.dll" id="9a17acfc-ef5d-4902-9cc9-ddaa71480e46">
      <Execution id="94bffaaa-d09a-4bd9-b96b-5611c1d11945" />
      <TestMethod codeBase="F:\wd\BatchServicefeaturexunitbvttests\bin\Tests\WATask\TRPFE\TRPFEApiTests.dll" adapterTypeName="Microsoft.VisualStudio.TestTools.TestTypes.Unit.UnitTestAdapter" className="Microsoft.Windows.Azure.Task.TRPFEAPITests.SubscriptionTests1" name="UpdateSubscriptionUnregisteredPositive" />
    </UnitTest>
    <UnitTest name="UpdateSubscriptionDeleteSuspendedAccount" storage="f:\wd\batchservicefeaturexunitbvttests\bin\tests\watask\trpfe\trpfeapitests.dll" id="de8d1b27-1e7f-4fcf-96f1-ee1e9f079d0f">
      <Execution id="582c35c0-5335-4061-936e-90ff67c51537" />
      <TestMethod codeBase="F:\wd\BatchServicefeaturexunitbvttests\bin\Tests\WATask\TRPFE\TRPFEApiTests.dll" adapterTypeName="Microsoft.VisualStudio.TestTools.TestTypes.Unit.UnitTestAdapter" className="Microsoft.Windows.Azure.Task.TRPFEAPITests.SubscriptionTests2" name="UpdateSubscriptionDeleteSuspendedAccount" />
    </UnitTest>
    <UnitTest name="ListAccountsInSubscriptionWithSkipToken" storage="f:\wd\batchservicefeaturexunitbvttests\bin\tests\watask\trpfe\trpfeapitests.dll" id="52ec8578-9e2d-43d7-8cbd-4ceffae02ef9">
      <Execution id="4aeb2939-096b-4b51-a3d8-ca732cd693ea" />
      <TestMethod codeBase="F:\wd\BatchServicefeaturexunitbvttests\bin\Tests\WATask\TRPFE\TRPFEApiTests.dll" adapterTypeName="Microsoft.VisualStudio.TestTools.TestTypes.Unit.UnitTestAdapter" className="Microsoft.Windows.Azure.Task.TRPFEAPITests.SubscriptionTests5" name="ListAccountsInSubscriptionWithSkipToken" />
    </UnitTest>
    <UnitTest name="GetSubscriptionQuotas" storage="f:\wd\batchservicefeaturexunitbvttests\bin\tests\watask\trpfe\trpfeapitests.dll" id="a491bd4d-436e-4b87-8d78-908af86239a5">
      <Execution id="af89d67b-0575-4d7c-bd46-e34b89c777f3" />
      <TestMethod codeBase="F:\wd\BatchServicefeaturexunitbvttests\bin\Tests\WATask\TRPFE\TRPFEApiTests.dll" adapterTypeName="Microsoft.VisualStudio.TestTools.TestTypes.Unit.UnitTestAdapter" className="Microsoft.Windows.Azure.Task.TRPFEAPITests.SubscriptionTests5" name="GetSubscriptionQuotas" />
    </UnitTest>
    <UnitTest name="ListAccountsInDefaultSubscription" storage="f:\wd\batchservicefeaturexunitbvttests\bin\tests\watask\trpfe\trpfeapitests.dll" id="0ecf5916-4d30-4e18-bfa8-812bb61053a2">
      <Execution id="49ba98e3-bb21-44e6-9b4f-40646f1202f4" />
      <TestMethod codeBase="F:\wd\BatchServicefeaturexunitbvttests\bin\Tests\WATask\TRPFE\TRPFEApiTests.dll" adapterTypeName="Microsoft.VisualStudio.TestTools.TestTypes.Unit.UnitTestAdapter" className="Microsoft.Windows.Azure.Task.TRPFEAPITests.SubscriptionTests5" name="ListAccountsInDefaultSubscription" />
    </UnitTest>
    <UnitTest name="ListAccountsInEmptySubscription" storage="f:\wd\batchservicefeaturexunitbvttests\bin\tests\watask\trpfe\trpfeapitests.dll" id="3691092b-07d3-4663-a864-b921aa1d6406">
      <Execution id="a1077e15-ecc3-431c-b7ed-96d698eec883" />
      <TestMethod codeBase="F:\wd\BatchServicefeaturexunitbvttests\bin\Tests\WATask\TRPFE\TRPFEApiTests.dll" adapterTypeName="Microsoft.VisualStudio.TestTools.TestTypes.Unit.UnitTestAdapter" className="Microsoft.Windows.Azure.Task.TRPFEAPITests.SubscriptionTests5" name="ListAccountsInEmptySubscription" />
    </UnitTest>
    <UnitTest name="ListAccountsInSubscriptionDeletingState" storage="f:\wd\batchservicefeaturexunitbvttests\bin\tests\watask\trpfe\trpfeapitests.dll" id="e5a657d8-b80d-49f9-8791-89f92ce57f7e">
      <Execution id="b3e46d96-18c2-43a9-a89e-561e36c1e775" />
      <TestMethod codeBase="F:\wd\BatchServicefeaturexunitbvttests\bin\Tests\WATask\TRPFE\TRPFEApiTests.dll" adapterTypeName="Microsoft.VisualStudio.TestTools.TestTypes.Unit.UnitTestAdapter" className="Microsoft.Windows.Azure.Task.TRPFEAPITests.SubscriptionTests5" name="ListAccountsInSubscriptionDeletingState" />
    </UnitTest>
    <UnitTest name="UpdateSubscriptionWarnAndSuspendSingleAccount" storage="f:\wd\batchservicefeaturexunitbvttests\bin\tests\watask\trpfe\trpfeapitests.dll" id="01c726f8-c4a1-404d-bb68-5f92324c6801">
      <Execution id="28b85786-930d-4e10-b988-b1b37abdb256" />
      <TestMethod codeBase="F:\wd\BatchServicefeaturexunitbvttests\bin\Tests\WATask\TRPFE\TRPFEApiTests.dll" adapterTypeName="Microsoft.VisualStudio.TestTools.TestTypes.Unit.UnitTestAdapter" className="Microsoft.Windows.Azure.Task.TRPFEAPITests.SubscriptionTests4" name="UpdateSubscriptionWarnAndSuspendSingleAccount" />
    </UnitTest>
    <UnitTest name="RecreateDeletedAccount" storage="f:\wd\batchservicefeaturexunitbvttests\bin\tests\watask\trpfe\trpfeapitests.dll" id="eb0535f8-9a12-4201-bf7c-ff75613820ff">
      <Execution id="726fcde7-a095-4bd9-9c31-f330f64f102c" />
      <TestMethod codeBase="F:\wd\BatchServicefeaturexunitbvttests\bin\Tests\WATask\TRPFE\TRPFEApiTests.dll" adapterTypeName="Microsoft.VisualStudio.TestTools.TestTypes.Unit.UnitTestAdapter" className="Microsoft.Windows.Azure.Task.TRPFEAPITests.DeleteAccountTests" name="RecreateDeletedAccount" />
    </UnitTest>
    <UnitTest name="UpdateSubscriptionSuspendTwice" storage="f:\wd\batchservicefeaturexunitbvttests\bin\tests\watask\trpfe\trpfeapitests.dll" id="4ba3ea5b-6e30-416d-bb6b-df9fc9b2fef1">
      <Execution id="a2fd40b6-f935-4d1c-b040-8d7755a3c3d0" />
      <TestMethod codeBase="F:\wd\BatchServicefeaturexunitbvttests\bin\Tests\WATask\TRPFE\TRPFEApiTests.dll" adapterTypeName="Microsoft.VisualStudio.TestTools.TestTypes.Unit.UnitTestAdapter" className="Microsoft.Windows.Azure.Task.TRPFEAPITests.SubscriptionTests2" name="UpdateSubscriptionSuspendTwice" />
    </UnitTest>
    <UnitTest name="UpdateSubscriptionSuspendedPositive" storage="f:\wd\batchservicefeaturexunitbvttests\bin\tests\watask\trpfe\trpfeapitests.dll" id="b1bc9b80-37aa-4859-b7f7-1a5ace665626">
      <Execution id="260ede7a-23ac-438b-aa77-1dc58d99b9ee" />
      <TestMethod codeBase="F:\wd\BatchServicefeaturexunitbvttests\bin\Tests\WATask\TRPFE\TRPFEApiTests.dll" adapterTypeName="Microsoft.VisualStudio.TestTools.TestTypes.Unit.UnitTestAdapter" className="Microsoft.Windows.Azure.Task.TRPFEAPITests.SubscriptionTests1" name="UpdateSubscriptionSuspendedPositive" />
    </UnitTest>
    <UnitTest name="UpdateSubscriptionRegisteredPositive" storage="f:\wd\batchservicefeaturexunitbvttests\bin\tests\watask\trpfe\trpfeapitests.dll" id="5ed10667-5d92-44ee-b699-d9c2cacde7d4">
      <Execution id="aa2704e2-6332-49b2-b5e6-334e6fccc332" />
      <TestMethod codeBase="F:\wd\BatchServicefeaturexunitbvttests\bin\Tests\WATask\TRPFE\TRPFEApiTests.dll" adapterTypeName="Microsoft.VisualStudio.TestTools.TestTypes.Unit.UnitTestAdapter" className="Microsoft.Windows.Azure.Task.TRPFEAPITests.SubscriptionTests1" name="UpdateSubscriptionRegisteredPositive" />
    </UnitTest>
    <UnitTest name="DeleteAccountInWrongSubscription" storage="f:\wd\batchservicefeaturexunitbvttests\bin\tests\watask\trpfe\trpfeapitests.dll" id="0168fe39-c2e0-4fa4-abbc-6ba26e8bf1cc">
      <Execution id="eb6b845b-8bad-453f-b559-b387ea53e5d7" />
      <TestMethod codeBase="F:\wd\BatchServicefeaturexunitbvttests\bin\Tests\WATask\TRPFE\TRPFEApiTests.dll" adapterTypeName="Microsoft.VisualStudio.TestTools.TestTypes.Unit.UnitTestAdapter" className="Microsoft.Windows.Azure.Task.TRPFEAPITests.DeleteAccountTests" name="DeleteAccountInWrongSubscription" />
    </UnitTest>
    <UnitTest name="ListAccountsInSubscription" storage="f:\wd\batchservicefeaturexunitbvttests\bin\tests\watask\trpfe\trpfeapitests.dll" id="3898f48d-1037-4b36-b76f-2db4589056d8">
      <Execution id="c1de0700-ba28-41bc-b282-749258b61904" />
      <TestMethod codeBase="F:\wd\BatchServicefeaturexunitbvttests\bin\Tests\WATask\TRPFE\TRPFEApiTests.dll" adapterTypeName="Microsoft.VisualStudio.TestTools.TestTypes.Unit.UnitTestAdapter" className="Microsoft.Windows.Azure.Task.TRPFEAPITests.SubscriptionTests5" name="ListAccountsInSubscription" />
    </UnitTest>
    <UnitTest name="DeleteAccountInWrongResourceGroup" storage="f:\wd\batchservicefeaturexunitbvttests\bin\tests\watask\trpfe\trpfeapitests.dll" id="680d58db-7c72-4e31-a9d8-72d50c1c665c">
      <Execution id="864f1b36-c8ba-4b19-99a8-b091f32fdf25" />
      <TestMethod codeBase="F:\wd\BatchServicefeaturexunitbvttests\bin\Tests\WATask\TRPFE\TRPFEApiTests.dll" adapterTypeName="Microsoft.VisualStudio.TestTools.TestTypes.Unit.UnitTestAdapter" className="Microsoft.Windows.Azure.Task.TRPFEAPITests.DeleteAccountTests" name="DeleteAccountInWrongResourceGroup" />
    </UnitTest>
    <UnitTest name="UpdateSubscriptionDeletedPositive" storage="f:\wd\batchservicefeaturexunitbvttests\bin\tests\watask\trpfe\trpfeapitests.dll" id="e5f1ff95-c420-4bdf-9bb2-6b280c37ac5b">
      <Execution id="1357096d-a849-4bf4-ad43-6d301ac871bd" />
      <TestMethod codeBase="F:\wd\BatchServicefeaturexunitbvttests\bin\Tests\WATask\TRPFE\TRPFEApiTests.dll" adapterTypeName="Microsoft.VisualStudio.TestTools.TestTypes.Unit.UnitTestAdapter" className="Microsoft.Windows.Azure.Task.TRPFEAPITests.SubscriptionTests1" name="UpdateSubscriptionDeletedPositive" />
    </UnitTest>
    <UnitTest name="UpdateSubscriptionWarnMultipleAccounts" storage="f:\wd\batchservicefeaturexunitbvttests\bin\tests\watask\trpfe\trpfeapitests.dll" id="7522b8dd-b330-4b66-932d-cf974ed04cd6">
      <Execution id="49921f4e-813a-4871-9145-3dfb7ba0a0f7" />
      <TestMethod codeBase="F:\wd\BatchServicefeaturexunitbvttests\bin\Tests\WATask\TRPFE\TRPFEApiTests.dll" adapterTypeName="Microsoft.VisualStudio.TestTools.TestTypes.Unit.UnitTestAdapter" className="Microsoft.Windows.Azure.Task.TRPFEAPITests.SubscriptionTests4" name="UpdateSubscriptionWarnMultipleAccounts" />
    </UnitTest>
    <UnitTest name="PatchAccountEmptyTagNameOrValue" storage="f:\wd\batchservicefeaturexunitbvttests\bin\tests\watask\trpfe\trpfeapitests.dll" id="a39ffadb-f289-486a-bf4d-733fc9ca3321">
      <Execution id="dc5c4df6-d268-4e3a-8f3c-3279d2ca38ce" />
      <TestMethod codeBase="F:\wd\BatchServicefeaturexunitbvttests\bin\Tests\WATask\TRPFE\TRPFEApiTests.dll" adapterTypeName="Microsoft.VisualStudio.TestTools.TestTypes.Unit.UnitTestAdapter" className="Microsoft.Windows.Azure.Task.TRPFEAPITests.PatchAccountTests" name="PatchAccountEmptyTagNameOrValue" />
    </UnitTest>
    <UnitTest name="ReplaceAccountKeysWrongSubscription" storage="f:\wd\batchservicefeaturexunitbvttests\bin\tests\watask\trpfe\trpfeapitests.dll" id="1efbc46e-1ecc-4dc7-9e61-075c04529411">
      <Execution id="c946a5ac-b2f9-458c-ab33-adb18593a651" />
      <TestMethod codeBase="F:\wd\BatchServicefeaturexunitbvttests\bin\Tests\WATask\TRPFE\TRPFEApiTests.dll" adapterTypeName="Microsoft.VisualStudio.TestTools.TestTypes.Unit.UnitTestAdapter" className="Microsoft.Windows.Azure.Task.TRPFEAPITests.AccountKeyTests" name="ReplaceAccountKeysWrongSubscription" />
    </UnitTest>
    <UnitTest name="ReplaceAccountKeysAccountDoesNotExist" storage="f:\wd\batchservicefeaturexunitbvttests\bin\tests\watask\trpfe\trpfeapitests.dll" id="a44c73c4-c8ff-4a9b-93ee-57eeaa715d79">
      <Execution id="fc468b18-63e3-421d-ba0b-8eb49f112a3b" />
      <TestMethod codeBase="F:\wd\BatchServicefeaturexunitbvttests\bin\Tests\WATask\TRPFE\TRPFEApiTests.dll" adapterTypeName="Microsoft.VisualStudio.TestTools.TestTypes.Unit.UnitTestAdapter" className="Microsoft.Windows.Azure.Task.TRPFEAPITests.AccountKeyTests" name="ReplaceAccountKeysAccountDoesNotExist" />
    </UnitTest>
    <UnitTest name="CreateAccountWithTagsAndProperties" storage="f:\wd\batchservicefeaturexunitbvttests\bin\tests\watask\trpfe\trpfeapitests.dll" id="10659b6e-0fd8-4272-8914-cc8f1eded1fe">
      <Execution id="0083ea43-3b18-4c8b-a4f4-a28b230f0a23" />
      <TestMethod codeBase="F:\wd\BatchServicefeaturexunitbvttests\bin\Tests\WATask\TRPFE\TRPFEApiTests.dll" adapterTypeName="Microsoft.VisualStudio.TestTools.TestTypes.Unit.UnitTestAdapter" className="Microsoft.Windows.Azure.Task.TRPFEAPITests.CreateAccountTests" name="CreateAccountWithTagsAndProperties" />
    </UnitTest>
    <UnitTest name="UpdateSubscriptionDeleteSuspendedSubscription" storage="f:\wd\batchservicefeaturexunitbvttests\bin\tests\watask\trpfe\trpfeapitests.dll" id="6ce87dd0-a80f-4b95-9219-47e6408c1129">
      <Execution id="8019e609-ba25-4adb-8c4f-2beba8aa453f" />
      <TestMethod codeBase="F:\wd\BatchServicefeaturexunitbvttests\bin\Tests\WATask\TRPFE\TRPFEApiTests.dll" adapterTypeName="Microsoft.VisualStudio.TestTools.TestTypes.Unit.UnitTestAdapter" className="Microsoft.Windows.Azure.Task.TRPFEAPITests.SubscriptionTests2" name="UpdateSubscriptionDeleteSuspendedSubscription" />
    </UnitTest>
    <UnitTest name="PatchAccountReadOnlyProperties" storage="f:\wd\batchservicefeaturexunitbvttests\bin\tests\watask\trpfe\trpfeapitests.dll" id="9b8ca8da-9a4f-4b51-9dc7-4aefa8a72c27">
      <Execution id="8fff5c9d-e196-4992-9ad0-7da58892271b" />
      <TestMethod codeBase="F:\wd\BatchServicefeaturexunitbvttests\bin\Tests\WATask\TRPFE\TRPFEApiTests.dll" adapterTypeName="Microsoft.VisualStudio.TestTools.TestTypes.Unit.UnitTestAdapter" className="Microsoft.Windows.Azure.Task.TRPFEAPITests.PatchAccountTests" name="PatchAccountReadOnlyProperties" />
    </UnitTest>
    <UnitTest name="PatchAccountNonexistentAccount" storage="f:\wd\batchservicefeaturexunitbvttests\bin\tests\watask\trpfe\trpfeapitests.dll" id="594d5662-8ae4-4eb2-8d16-d323098f56ff">
      <Execution id="b15c0421-5d53-4911-8d91-a72a889c8195" />
      <TestMethod codeBase="F:\wd\BatchServicefeaturexunitbvttests\bin\Tests\WATask\TRPFE\TRPFEApiTests.dll" adapterTypeName="Microsoft.VisualStudio.TestTools.TestTypes.Unit.UnitTestAdapter" className="Microsoft.Windows.Azure.Task.TRPFEAPITests.PatchAccountTests" name="PatchAccountNonexistentAccount" />
    </UnitTest>
    <UnitTest name="GetAccountKeysPositive" storage="f:\wd\batchservicefeaturexunitbvttests\bin\tests\watask\trpfe\trpfeapitests.dll" id="e7f02e43-f4f0-4754-9324-55cd35a6d4b5">
      <Execution id="45ed9a80-1368-4886-b912-1411984e2a99" />
      <TestMethod codeBase="F:\wd\BatchServicefeaturexunitbvttests\bin\Tests\WATask\TRPFE\TRPFEApiTests.dll" adapterTypeName="Microsoft.VisualStudio.TestTools.TestTypes.Unit.UnitTestAdapter" className="Microsoft.Windows.Azure.Task.TRPFEAPITests.AccountKeyTests" name="GetAccountKeysPositive" />
    </UnitTest>
    <UnitTest name="PatchAccountPositive" storage="f:\wd\batchservicefeaturexunitbvttests\bin\tests\watask\trpfe\trpfeapitests.dll" id="1619794f-097b-4022-9c36-ee94517f8a50">
      <Execution id="39c87650-5e3b-4ae4-8648-04fece9816bf" />
      <TestMethod codeBase="F:\wd\BatchServicefeaturexunitbvttests\bin\Tests\WATask\TRPFE\TRPFEApiTests.dll" adapterTypeName="Microsoft.VisualStudio.TestTools.TestTypes.Unit.UnitTestAdapter" className="Microsoft.Windows.Azure.Task.TRPFEAPITests.PatchAccountTests" name="PatchAccountPositive" />
    </UnitTest>
    <UnitTest name="GetAccountKeysWrongSubscription" storage="f:\wd\batchservicefeaturexunitbvttests\bin\tests\watask\trpfe\trpfeapitests.dll" id="ed14921b-17b2-41b6-a31a-f6a0d9b7cf01">
      <Execution id="588a0a52-2269-4983-9431-5aca4422f11c" />
      <TestMethod codeBase="F:\wd\BatchServicefeaturexunitbvttests\bin\Tests\WATask\TRPFE\TRPFEApiTests.dll" adapterTypeName="Microsoft.VisualStudio.TestTools.TestTypes.Unit.UnitTestAdapter" className="Microsoft.Windows.Azure.Task.TRPFEAPITests.AccountKeyTests" name="GetAccountKeysWrongSubscription" />
    </UnitTest>
    <UnitTest name="PatchAccountAlreadyExistsInDifferentResourceGroup" storage="f:\wd\batchservicefeaturexunitbvttests\bin\tests\watask\trpfe\trpfeapitests.dll" id="8a94c2f9-fb3a-4a9e-900f-3cc4007d83f0">
      <Execution id="74ffdb5b-3ff4-4f25-8263-e20f041d3dae" />
      <TestMethod codeBase="F:\wd\BatchServicefeaturexunitbvttests\bin\Tests\WATask\TRPFE\TRPFEApiTests.dll" adapterTypeName="Microsoft.VisualStudio.TestTools.TestTypes.Unit.UnitTestAdapter" className="Microsoft.Windows.Azure.Task.TRPFEAPITests.PatchAccountTests" name="PatchAccountAlreadyExistsInDifferentResourceGroup" />
    </UnitTest>
    <UnitTest name="ReplaceAccountKeysPositive" storage="f:\wd\batchservicefeaturexunitbvttests\bin\tests\watask\trpfe\trpfeapitests.dll" id="784e80bd-7bff-455b-8854-75d456f39bbe">
      <Execution id="35def0e6-6d80-481d-bc2c-26f41685e9d4" />
      <TestMethod codeBase="F:\wd\BatchServicefeaturexunitbvttests\bin\Tests\WATask\TRPFE\TRPFEApiTests.dll" adapterTypeName="Microsoft.VisualStudio.TestTools.TestTypes.Unit.UnitTestAdapter" className="Microsoft.Windows.Azure.Task.TRPFEAPITests.AccountKeyTests" name="ReplaceAccountKeysPositive" />
    </UnitTest>
    <UnitTest name="UpdateSubscriptionWarnAndUnsuspendeSingleAccount" storage="f:\wd\batchservicefeaturexunitbvttests\bin\tests\watask\trpfe\trpfeapitests.dll" id="6c58e51b-740b-4291-9db5-7470a13ac1a2">
      <Execution id="1342252a-2d6b-4862-a00b-e77af4d3efea" />
      <TestMethod codeBase="F:\wd\BatchServicefeaturexunitbvttests\bin\Tests\WATask\TRPFE\TRPFEApiTests.dll" adapterTypeName="Microsoft.VisualStudio.TestTools.TestTypes.Unit.UnitTestAdapter" className="Microsoft.Windows.Azure.Task.TRPFEAPITests.SubscriptionTests4" name="UpdateSubscriptionWarnAndUnsuspendeSingleAccount" />
    </UnitTest>
    <UnitTest name="MigrateSubscriptionMultipleResourceGroups" storage="f:\wd\batchservicefeaturexunitbvttests\bin\tests\watask\trpfe\trpfeapitests.dll" id="5a9d31c7-2f63-4d98-a518-d5cf6a76b6a8">
      <Execution id="ae3afe3e-836e-4e46-a66e-f1120d81274f" />
      <TestMethod codeBase="F:\wd\BatchServicefeaturexunitbvttests\bin\Tests\WATask\TRPFE\TRPFEApiTests.dll" adapterTypeName="Microsoft.VisualStudio.TestTools.TestTypes.Unit.UnitTestAdapter" className="Microsoft.Windows.Azure.Task.TRPFEAPITests.SubscriptionTests4" name="MigrateSubscriptionMultipleResourceGroups" />
    </UnitTest>
    <UnitTest name="PatchAccountAlreadyExistsInDifferentSubscription" storage="f:\wd\batchservicefeaturexunitbvttests\bin\tests\watask\trpfe\trpfeapitests.dll" id="079b2de0-29d5-4132-b6a4-c7b370b03c2d">
      <Execution id="3b9566a1-1a35-48f7-94d0-9153e3f714e5" />
      <TestMethod codeBase="F:\wd\BatchServicefeaturexunitbvttests\bin\Tests\WATask\TRPFE\TRPFEApiTests.dll" adapterTypeName="Microsoft.VisualStudio.TestTools.TestTypes.Unit.UnitTestAdapter" className="Microsoft.Windows.Azure.Task.TRPFEAPITests.PatchAccountTests" name="PatchAccountAlreadyExistsInDifferentSubscription" />
    </UnitTest>
    <UnitTest name="SubmitInvalidRequestTest" storage="f:\wd\batchservicefeaturexunitbvttests\bin\tests\watask\trpfe\trpfeapitests.dll" id="3fe238e3-7e23-4a64-b40c-3959253d7551">
      <Execution id="47404d46-d518-46dc-9b00-838d38a94f80" />
      <TestMethod codeBase="F:\wd\BatchServicefeaturexunitbvttests\bin\Tests\WATask\TRPFE\TRPFEApiTests.dll" adapterTypeName="Microsoft.VisualStudio.TestTools.TestTypes.Unit.UnitTestAdapter" className="Microsoft.Windows.Azure.Task.TRPFEAPITests.InvalidRequestTests" name="SubmitInvalidRequestTest" />
    </UnitTest>
    <UnitTest name="SubmitUnauthenticatedRequestTest" storage="f:\wd\batchservicefeaturexunitbvttests\bin\tests\watask\trpfe\trpfeapitests.dll" id="1bbfac65-1005-4b58-b401-4f2f10fb0be8">
      <Execution id="c482081e-9bfe-47cf-b48c-606af8a0fbc9" />
      <TestMethod codeBase="F:\wd\BatchServicefeaturexunitbvttests\bin\Tests\WATask\TRPFE\TRPFEApiTests.dll" adapterTypeName="Microsoft.VisualStudio.TestTools.TestTypes.Unit.UnitTestAdapter" className="Microsoft.Windows.Azure.Task.TRPFEAPITests.InvalidRequestTests" name="SubmitUnauthenticatedRequestTest" />
    </UnitTest>
    <UnitTest name="GetAccountKeysWrongResourceGroup" storage="f:\wd\batchservicefeaturexunitbvttests\bin\tests\watask\trpfe\trpfeapitests.dll" id="d1901e15-4f70-4805-ad21-9dc8c488e68a">
      <Execution id="80889a27-ce62-419e-a883-ac5f04212fcf" />
      <TestMethod codeBase="F:\wd\BatchServicefeaturexunitbvttests\bin\Tests\WATask\TRPFE\TRPFEApiTests.dll" adapterTypeName="Microsoft.VisualStudio.TestTools.TestTypes.Unit.UnitTestAdapter" className="Microsoft.Windows.Azure.Task.TRPFEAPITests.AccountKeyTests" name="GetAccountKeysWrongResourceGroup" />
    </UnitTest>
    <UnitTest name="GetAccountKeysDefaultAccounts" storage="f:\wd\batchservicefeaturexunitbvttests\bin\tests\watask\trpfe\trpfeapitests.dll" id="275475d6-53af-4c58-b284-bc11ac39cc5d">
      <Execution id="735beb33-9ebb-4800-8dda-ae0527ae35b2" />
      <TestMethod codeBase="F:\wd\BatchServicefeaturexunitbvttests\bin\Tests\WATask\TRPFE\TRPFEApiTests.dll" adapterTypeName="Microsoft.VisualStudio.TestTools.TestTypes.Unit.UnitTestAdapter" className="Microsoft.Windows.Azure.Task.TRPFEAPITests.AccountKeyTests" name="GetAccountKeysDefaultAccounts" />
    </UnitTest>
    <UnitTest name="GetAccountKeysAccountDoesNotExist" storage="f:\wd\batchservicefeaturexunitbvttests\bin\tests\watask\trpfe\trpfeapitests.dll" id="aba6ef8e-b21c-4a60-b13f-68526fb21f32">
      <Execution id="f2229968-f529-46cc-b7e1-0a6e0e0f1ccf" />
      <TestMethod codeBase="F:\wd\BatchServicefeaturexunitbvttests\bin\Tests\WATask\TRPFE\TRPFEApiTests.dll" adapterTypeName="Microsoft.VisualStudio.TestTools.TestTypes.Unit.UnitTestAdapter" className="Microsoft.Windows.Azure.Task.TRPFEAPITests.AccountKeyTests" name="GetAccountKeysAccountDoesNotExist" />
    </UnitTest>
    <UnitTest name="UpdateSubscriptionUnsuspendedPositive" storage="f:\wd\batchservicefeaturexunitbvttests\bin\tests\watask\trpfe\trpfeapitests.dll" id="3c25c93b-628d-4795-aa97-998d45cd365b">
      <Execution id="10f64742-ed56-4f56-ade3-d9e9c3df224c" />
      <TestMethod codeBase="F:\wd\BatchServicefeaturexunitbvttests\bin\Tests\WATask\TRPFE\TRPFEApiTests.dll" adapterTypeName="Microsoft.VisualStudio.TestTools.TestTypes.Unit.UnitTestAdapter" className="Microsoft.Windows.Azure.Task.TRPFEAPITests.SubscriptionTests2" name="UpdateSubscriptionUnsuspendedPositive" />
    </UnitTest>
    <UnitTest name="GetAccountInWrongResourceGroup" storage="f:\wd\batchservicefeaturexunitbvttests\bin\tests\watask\trpfe\trpfeapitests.dll" id="d71337d6-34f1-4fc2-8949-73a64f83930c">
      <Execution id="1972eca6-1d69-456c-8239-8a80e3f40235" />
      <TestMethod codeBase="F:\wd\BatchServicefeaturexunitbvttests\bin\Tests\WATask\TRPFE\TRPFEApiTests.dll" adapterTypeName="Microsoft.VisualStudio.TestTools.TestTypes.Unit.UnitTestAdapter" className="Microsoft.Windows.Azure.Task.TRPFEAPITests.GetAccountTests" name="GetAccountInWrongResourceGroup" />
    </UnitTest>
    <UnitTest name="ReplaceAccountKeysWrongResourceGroup" storage="f:\wd\batchservicefeaturexunitbvttests\bin\tests\watask\trpfe\trpfeapitests.dll" id="34223bf9-87d9-46e0-945d-c41c37f1c6fc">
      <Execution id="2696f3a5-0d37-4085-8ccd-c8b01395aec6" />
      <TestMethod codeBase="F:\wd\BatchServicefeaturexunitbvttests\bin\Tests\WATask\TRPFE\TRPFEApiTests.dll" adapterTypeName="Microsoft.VisualStudio.TestTools.TestTypes.Unit.UnitTestAdapter" className="Microsoft.Windows.Azure.Task.TRPFEAPITests.AccountKeyTests" name="ReplaceAccountKeysWrongResourceGroup" />
    </UnitTest>
    <UnitTest name="GetAccountPositive" storage="f:\wd\batchservicefeaturexunitbvttests\bin\tests\watask\trpfe\trpfeapitests.dll" id="8de994c1-08e5-42e0-a8f8-597841110eaf">
      <Execution id="79d164a5-0244-4a58-90fb-48218f7756c4" />
      <TestMethod codeBase="F:\wd\BatchServicefeaturexunitbvttests\bin\Tests\WATask\TRPFE\TRPFEApiTests.dll" adapterTypeName="Microsoft.VisualStudio.TestTools.TestTypes.Unit.UnitTestAdapter" className="Microsoft.Windows.Azure.Task.TRPFEAPITests.GetAccountTests" name="GetAccountPositive" />
    </UnitTest>
    <UnitTest name="ChangeResourceGroupPositive" storage="f:\wd\batchservicefeaturexunitbvttests\bin\tests\watask\trpfe\trpfeapitests.dll" id="e142a24b-4483-4828-a335-390c015e1560">
      <Execution id="606f76cd-5424-4405-94cc-e0ba6267fed8" />
      <TestMethod codeBase="F:\wd\BatchServicefeaturexunitbvttests\bin\Tests\WATask\TRPFE\TRPFEApiTests.dll" adapterTypeName="Microsoft.VisualStudio.TestTools.TestTypes.Unit.UnitTestAdapter" className="Microsoft.Windows.Azure.Task.TRPFEAPITests.UpdateAccountTests" name="ChangeResourceGroupPositive" />
    </UnitTest>
    <UnitTest name="CreateAccountSubscriptionLimitExceeded" storage="f:\wd\batchservicefeaturexunitbvttests\bin\tests\watask\trpfe\trpfeapitests.dll" id="689a4a62-285b-49d5-a5a8-aaf0bdf24a3c">
      <Execution id="67a34ee0-e06c-4efb-a97b-c55526d68208" />
      <TestMethod codeBase="F:\wd\BatchServicefeaturexunitbvttests\bin\Tests\WATask\TRPFE\TRPFEApiTests.dll" adapterTypeName="Microsoft.VisualStudio.TestTools.TestTypes.Unit.UnitTestAdapter" className="Microsoft.Windows.Azure.Task.TRPFEAPITests.CreateAccountTests" name="CreateAccountSubscriptionLimitExceeded" />
    </UnitTest>
    <UnitTest name="ListAccountsInTwoResourceGroups" storage="f:\wd\batchservicefeaturexunitbvttests\bin\tests\watask\trpfe\trpfeapitests.dll" id="8131e813-6f82-4630-a8dc-b07cb4d83274">
      <Execution id="72932e01-4136-4996-a41f-7783c8bbdc50" />
      <TestMethod codeBase="F:\wd\BatchServicefeaturexunitbvttests\bin\Tests\WATask\TRPFE\TRPFEApiTests.dll" adapterTypeName="Microsoft.VisualStudio.TestTools.TestTypes.Unit.UnitTestAdapter" className="Microsoft.Windows.Azure.Task.TRPFEAPITests.ResourceGroupTests1" name="ListAccountsInTwoResourceGroups" />
    </UnitTest>
    <UnitTest name="GetAccountInWrongSubscription" storage="f:\wd\batchservicefeaturexunitbvttests\bin\tests\watask\trpfe\trpfeapitests.dll" id="75f94f07-4a09-4500-be30-86eb8ca832ba">
      <Execution id="aa066614-22cc-48ab-ab4f-5cbaa8e3e7d7" />
      <TestMethod codeBase="F:\wd\BatchServicefeaturexunitbvttests\bin\Tests\WATask\TRPFE\TRPFEApiTests.dll" adapterTypeName="Microsoft.VisualStudio.TestTools.TestTypes.Unit.UnitTestAdapter" className="Microsoft.Windows.Azure.Task.TRPFEAPITests.GetAccountTests" name="GetAccountInWrongSubscription" />
    </UnitTest>
    <UnitTest name="GetNonexistentAccount" storage="f:\wd\batchservicefeaturexunitbvttests\bin\tests\watask\trpfe\trpfeapitests.dll" id="0b49b5c1-b991-4a5c-9bf2-4da9d60d101e">
      <Execution id="ec323906-e634-4d86-bd79-c093a8212400" />
      <TestMethod codeBase="F:\wd\BatchServicefeaturexunitbvttests\bin\Tests\WATask\TRPFE\TRPFEApiTests.dll" adapterTypeName="Microsoft.VisualStudio.TestTools.TestTypes.Unit.UnitTestAdapter" className="Microsoft.Windows.Azure.Task.TRPFEAPITests.GetAccountTests" name="GetNonexistentAccount" />
    </UnitTest>
    <UnitTest name="GetAccountInDefaultResourceGroup" storage="f:\wd\batchservicefeaturexunitbvttests\bin\tests\watask\trpfe\trpfeapitests.dll" id="540cd391-afad-478a-9ac6-bb2016e281ba">
      <Execution id="b652f809-2297-4c38-8da2-01613a77fc57" />
      <TestMethod codeBase="F:\wd\BatchServicefeaturexunitbvttests\bin\Tests\WATask\TRPFE\TRPFEApiTests.dll" adapterTypeName="Microsoft.VisualStudio.TestTools.TestTypes.Unit.UnitTestAdapter" className="Microsoft.Windows.Azure.Task.TRPFEAPITests.GetAccountTests" name="GetAccountInDefaultResourceGroup" />
    </UnitTest>
    <UnitTest name="CreateAccountAlreadyExistsInDifferentSubscription" storage="f:\wd\batchservicefeaturexunitbvttests\bin\tests\watask\trpfe\trpfeapitests.dll" id="ee5c45e0-a73e-4420-b37f-3ac35650f37d">
      <Execution id="0d272d94-5326-43cd-8d2d-b1b813c1b072" />
      <TestMethod codeBase="F:\wd\BatchServicefeaturexunitbvttests\bin\Tests\WATask\TRPFE\TRPFEApiTests.dll" adapterTypeName="Microsoft.VisualStudio.TestTools.TestTypes.Unit.UnitTestAdapter" className="Microsoft.Windows.Azure.Task.TRPFEAPITests.CreateAccountTests" name="CreateAccountAlreadyExistsInDifferentSubscription" />
    </UnitTest>
    <UnitTest name="CreateAccountReadOnlyProperties" storage="f:\wd\batchservicefeaturexunitbvttests\bin\tests\watask\trpfe\trpfeapitests.dll" id="9842caa9-495c-48e6-ad88-3e23f003c16b">
      <Execution id="d7fa0c44-8650-4eb0-90ca-cf303ae6181e" />
      <TestMethod codeBase="F:\wd\BatchServicefeaturexunitbvttests\bin\Tests\WATask\TRPFE\TRPFEApiTests.dll" adapterTypeName="Microsoft.VisualStudio.TestTools.TestTypes.Unit.UnitTestAdapter" className="Microsoft.Windows.Azure.Task.TRPFEAPITests.CreateAccountTests" name="CreateAccountReadOnlyProperties" />
    </UnitTest>
    <UnitTest name="CreateAccountInvalidAccountName" storage="f:\wd\batchservicefeaturexunitbvttests\bin\tests\watask\trpfe\trpfeapitests.dll" id="77882332-e069-4c2d-b8aa-ec9b7d252162">
      <Execution id="7988b819-03e9-4d8d-b6cc-03187f7e5bc1" />
      <TestMethod codeBase="F:\wd\BatchServicefeaturexunitbvttests\bin\Tests\WATask\TRPFE\TRPFEApiTests.dll" adapterTypeName="Microsoft.VisualStudio.TestTools.TestTypes.Unit.UnitTestAdapter" className="Microsoft.Windows.Azure.Task.TRPFEAPITests.CreateAccountTests" name="CreateAccountInvalidAccountName" />
    </UnitTest>
    <UnitTest name="GetAccountQuotas" storage="f:\wd\batchservicefeaturexunitbvttests\bin\tests\watask\trpfe\trpfeapitests.dll" id="a5313e82-79a3-4155-9ddd-9c00d92c9786">
      <Execution id="66b7bf5f-ceaa-4bc9-a79c-11b91647192f" />
      <TestMethod codeBase="F:\wd\BatchServicefeaturexunitbvttests\bin\Tests\WATask\TRPFE\TRPFEApiTests.dll" adapterTypeName="Microsoft.VisualStudio.TestTools.TestTypes.Unit.UnitTestAdapter" className="Microsoft.Windows.Azure.Task.TRPFEAPITests.GetAccountTests" name="GetAccountQuotas" />
    </UnitTest>
    <UnitTest name="CreateAccountWithEmptyTagsAndProperties" storage="f:\wd\batchservicefeaturexunitbvttests\bin\tests\watask\trpfe\trpfeapitests.dll" id="27ee384a-f752-4d6b-bc13-b8e5f40fb2a3">
      <Execution id="f0af5619-7f79-49c6-a6b1-c977b03d1dc9" />
      <TestMethod codeBase="F:\wd\BatchServicefeaturexunitbvttests\bin\Tests\WATask\TRPFE\TRPFEApiTests.dll" adapterTypeName="Microsoft.VisualStudio.TestTools.TestTypes.Unit.UnitTestAdapter" className="Microsoft.Windows.Azure.Task.TRPFEAPITests.CreateAccountTests" name="CreateAccountWithEmptyTagsAndProperties" />
    </UnitTest>
    <UnitTest name="CreateAccountDnsNameAlreadyTakenInDifferentGeoRegion" storage="f:\wd\batchservicefeaturexunitbvttests\bin\tests\watask\trpfe\trpfeapitests.dll" id="60646f4f-94c3-49a9-842a-639c93fc5421">
      <Execution id="7543d816-094b-4b5c-a020-3d3d4ded2cfd" />
      <TestMethod codeBase="F:\wd\BatchServicefeaturexunitbvttests\bin\Tests\WATask\TRPFE\TRPFEApiTests.dll" adapterTypeName="Microsoft.VisualStudio.TestTools.TestTypes.Unit.UnitTestAdapter" className="Microsoft.Windows.Azure.Task.TRPFEAPITests.CreateAccountTests" name="CreateAccountDnsNameAlreadyTakenInDifferentGeoRegion" />
    </UnitTest>
    <UnitTest name="ListAccountsInResourceGroupPositive" storage="f:\wd\batchservicefeaturexunitbvttests\bin\tests\watask\trpfe\trpfeapitests.dll" id="2b47c643-685d-4f25-b01b-044bc9397eac">
      <Execution id="bbc9442e-6ec2-49ab-b973-8376ed20da01" />
      <TestMethod codeBase="F:\wd\BatchServicefeaturexunitbvttests\bin\Tests\WATask\TRPFE\TRPFEApiTests.dll" adapterTypeName="Microsoft.VisualStudio.TestTools.TestTypes.Unit.UnitTestAdapter" className="Microsoft.Windows.Azure.Task.TRPFEAPITests.ResourceGroupTests1" name="ListAccountsInResourceGroupPositive" />
    </UnitTest>
    <UnitTest name="UpdateSubscriptionUnsuspendMultipleAccounts" storage="f:\wd\batchservicefeaturexunitbvttests\bin\tests\watask\trpfe\trpfeapitests.dll" id="2d843b67-791b-4278-9211-98df7790f8b1">
      <Execution id="ddc1a641-dc84-4b44-9af9-78bf601fe89c" />
      <TestMethod codeBase="F:\wd\BatchServicefeaturexunitbvttests\bin\Tests\WATask\TRPFE\TRPFEApiTests.dll" adapterTypeName="Microsoft.VisualStudio.TestTools.TestTypes.Unit.UnitTestAdapter" className="Microsoft.Windows.Azure.Task.TRPFEAPITests.SubscriptionTests3" name="UpdateSubscriptionUnsuspendMultipleAccounts" />
    </UnitTest>
    <UnitTest name="CreateAccountSubscriptionLimitExceededParallel" storage="f:\wd\batchservicefeaturexunitbvttests\bin\tests\watask\trpfe\trpfeapitests.dll" id="8300d68f-5860-409a-8fcd-f396de89fbc9">
      <Execution id="f3bee3c6-1235-469f-bced-d6bf4a8955dc" />
      <TestMethod codeBase="F:\wd\BatchServicefeaturexunitbvttests\bin\Tests\WATask\TRPFE\TRPFEApiTests.dll" adapterTypeName="Microsoft.VisualStudio.TestTools.TestTypes.Unit.UnitTestAdapter" className="Microsoft.Windows.Azure.Task.TRPFEAPITests.CreateAccountTests" name="CreateAccountSubscriptionLimitExceededParallel" />
    </UnitTest>
    <UnitTest name="CreateAccountUpdateExistingAccount" storage="f:\wd\batchservicefeaturexunitbvttests\bin\tests\watask\trpfe\trpfeapitests.dll" id="566e6361-1aff-4c8c-8d21-1d950395b961">
      <Execution id="f3acc7a4-85ff-410e-b0ea-c1fe92dfd503" />
      <TestMethod codeBase="F:\wd\BatchServicefeaturexunitbvttests\bin\Tests\WATask\TRPFE\TRPFEApiTests.dll" adapterTypeName="Microsoft.VisualStudio.TestTools.TestTypes.Unit.UnitTestAdapter" className="Microsoft.Windows.Azure.Task.TRPFEAPITests.CreateAccountTests" name="CreateAccountUpdateExistingAccount" />
    </UnitTest>
    <UnitTest name="UpdateSubscriptionSuspendMultipleAccounts" storage="f:\wd\batchservicefeaturexunitbvttests\bin\tests\watask\trpfe\trpfeapitests.dll" id="f16b38ba-4110-4312-b88a-e4c333f9bcc3">
      <Execution id="cd0b2742-c9f8-4669-ac59-96e6a1924ee8" />
      <TestMethod codeBase="F:\wd\BatchServicefeaturexunitbvttests\bin\Tests\WATask\TRPFE\TRPFEApiTests.dll" adapterTypeName="Microsoft.VisualStudio.TestTools.TestTypes.Unit.UnitTestAdapter" className="Microsoft.Windows.Azure.Task.TRPFEAPITests.SubscriptionTests3" name="UpdateSubscriptionSuspendMultipleAccounts" />
    </UnitTest>
    <UnitTest name="MoveResourcesWithMultipleAccounts" storage="f:\wd\batchservicefeaturexunitbvttests\bin\tests\watask\trpfe\trpfeapitests.dll" id="593dfc25-6df8-4249-9985-dee9bcba73f5">
      <Execution id="78b8bcf9-31a1-4c75-bcee-d6121394a02e" />
      <TestMethod codeBase="F:\wd\BatchServicefeaturexunitbvttests\bin\Tests\WATask\TRPFE\TRPFEApiTests.dll" adapterTypeName="Microsoft.VisualStudio.TestTools.TestTypes.Unit.UnitTestAdapter" className="Microsoft.Windows.Azure.Task.TRPFEAPITests.ResourceGroupTests2" name="MoveResourcesWithMultipleAccounts" />
    </UnitTest>
    <UnitTest name="UpdateSubscriptionDeleteMultipleAccounts" storage="f:\wd\batchservicefeaturexunitbvttests\bin\tests\watask\trpfe\trpfeapitests.dll" id="10fc9674-5774-4d5f-b237-596e751d3b8a">
      <Execution id="ab7945ca-5dc2-4988-a924-17df4718d002" />
      <TestMethod codeBase="F:\wd\BatchServicefeaturexunitbvttests\bin\Tests\WATask\TRPFE\TRPFEApiTests.dll" adapterTypeName="Microsoft.VisualStudio.TestTools.TestTypes.Unit.UnitTestAdapter" className="Microsoft.Windows.Azure.Task.TRPFEAPITests.SubscriptionTests3" name="UpdateSubscriptionDeleteMultipleAccounts" />
    </UnitTest>
    <UnitTest name="CreateAccountSubscriptionLimitExceededDeleteThenCreateAgain" storage="f:\wd\batchservicefeaturexunitbvttests\bin\tests\watask\trpfe\trpfeapitests.dll" id="efc7a140-79fe-42a4-a063-5b9c280eff9b">
      <Execution id="d62df301-e658-4b46-8243-9490efcdd8bc" />
      <TestMethod codeBase="F:\wd\BatchServicefeaturexunitbvttests\bin\Tests\WATask\TRPFE\TRPFEApiTests.dll" adapterTypeName="Microsoft.VisualStudio.TestTools.TestTypes.Unit.UnitTestAdapter" className="Microsoft.Windows.Azure.Task.TRPFEAPITests.CreateAccountTests" name="CreateAccountSubscriptionLimitExceededDeleteThenCreateAgain" />
    </UnitTest>
    <UnitTest name="CreateAccountInvalidGeoRegion" storage="f:\wd\batchservicefeaturexunitbvttests\bin\tests\watask\trpfe\trpfeapitests.dll" id="cab4e3f5-3c48-43bf-b351-6b0825250c01">
      <Execution id="d17d83a3-1e3b-45e1-b5a4-d8f0263f5bfb" />
      <TestMethod codeBase="F:\wd\BatchServicefeaturexunitbvttests\bin\Tests\WATask\TRPFE\TRPFEApiTests.dll" adapterTypeName="Microsoft.VisualStudio.TestTools.TestTypes.Unit.UnitTestAdapter" className="Microsoft.Windows.Azure.Task.TRPFEAPITests.CreateAccountTests" name="CreateAccountInvalidGeoRegion" />
    </UnitTest>
    <UnitTest name="MoveResourcesNegative" storage="f:\wd\batchservicefeaturexunitbvttests\bin\tests\watask\trpfe\trpfeapitests.dll" id="f178d6b2-d653-46a1-b80c-f018faf12ea5">
      <Execution id="4eeca294-e410-4e81-8539-c9b0bcdc5eb9" />
      <TestMethod codeBase="F:\wd\BatchServicefeaturexunitbvttests\bin\Tests\WATask\TRPFE\TRPFEApiTests.dll" adapterTypeName="Microsoft.VisualStudio.TestTools.TestTypes.Unit.UnitTestAdapter" className="Microsoft.Windows.Azure.Task.TRPFEAPITests.ResourceGroupTests2" name="MoveResourcesNegative" />
    </UnitTest>
    <UnitTest name="CreateAccountWithLongTagsAndProperties" storage="f:\wd\batchservicefeaturexunitbvttests\bin\tests\watask\trpfe\trpfeapitests.dll" id="9b67c4a4-aa4f-4cc1-80eb-9fdb3f576f33">
      <Execution id="2b44f29a-1dfb-49dc-953b-30369f7e3987" />
      <TestMethod codeBase="F:\wd\BatchServicefeaturexunitbvttests\bin\Tests\WATask\TRPFE\TRPFEApiTests.dll" adapterTypeName="Microsoft.VisualStudio.TestTools.TestTypes.Unit.UnitTestAdapter" className="Microsoft.Windows.Azure.Task.TRPFEAPITests.CreateAccountTests" name="CreateAccountWithLongTagsAndProperties" />
    </UnitTest>
    <UnitTest name="CreateAccountAlreadyExistsInDifferentResourceGroup" storage="f:\wd\batchservicefeaturexunitbvttests\bin\tests\watask\trpfe\trpfeapitests.dll" id="b06d16d7-d967-4682-a762-dfe1806cbfa9">
      <Execution id="379d51d8-6530-499b-80a8-441298979197" />
      <TestMethod codeBase="F:\wd\BatchServicefeaturexunitbvttests\bin\Tests\WATask\TRPFE\TRPFEApiTests.dll" adapterTypeName="Microsoft.VisualStudio.TestTools.TestTypes.Unit.UnitTestAdapter" className="Microsoft.Windows.Azure.Task.TRPFEAPITests.CreateAccountTests" name="CreateAccountAlreadyExistsInDifferentResourceGroup" />
    </UnitTest>
    <UnitTest name="UpdateSubscriptionUnsuspendTwice" storage="f:\wd\batchservicefeaturexunitbvttests\bin\tests\watask\trpfe\trpfeapitests.dll" id="9bcd51da-0fa9-42d5-8ea9-b557aca54ab3">
      <Execution id="0f033ed8-a19f-4e62-9037-a535079f977b" />
      <TestMethod codeBase="F:\wd\BatchServicefeaturexunitbvttests\bin\Tests\WATask\TRPFE\TRPFEApiTests.dll" adapterTypeName="Microsoft.VisualStudio.TestTools.TestTypes.Unit.UnitTestAdapter" className="Microsoft.Windows.Azure.Task.TRPFEAPITests.SubscriptionTests3" name="UpdateSubscriptionUnsuspendTwice" />
    </UnitTest>
    <UnitTest name="CreateAccountSubscriptionNotRegistered" storage="f:\wd\batchservicefeaturexunitbvttests\bin\tests\watask\trpfe\trpfeapitests.dll" id="b0ef56ef-c3ff-4aeb-817a-798cc3ae96f7">
      <Execution id="9534d9e6-9acc-4aea-8634-0d6b56b25a1c" />
      <TestMethod codeBase="F:\wd\BatchServicefeaturexunitbvttests\bin\Tests\WATask\TRPFE\TRPFEApiTests.dll" adapterTypeName="Microsoft.VisualStudio.TestTools.TestTypes.Unit.UnitTestAdapter" className="Microsoft.Windows.Azure.Task.TRPFEAPITests.CreateAccountTests" name="CreateAccountSubscriptionNotRegistered" />
    </UnitTest>
    <UnitTest name="CreateAccountPositive" storage="f:\wd\batchservicefeaturexunitbvttests\bin\tests\watask\trpfe\trpfeapitests.dll" id="35c93236-5737-420f-8cd7-582bd53ed855">
      <Execution id="2dfe25e0-6321-4e23-ac3a-f7ece1d6997a" />
      <TestMethod codeBase="F:\wd\BatchServicefeaturexunitbvttests\bin\Tests\WATask\TRPFE\TRPFEApiTests.dll" adapterTypeName="Microsoft.VisualStudio.TestTools.TestTypes.Unit.UnitTestAdapter" className="Microsoft.Windows.Azure.Task.TRPFEAPITests.CreateAccountTests" name="CreateAccountPositive" />
    </UnitTest>
    <UnitTest name="MoveResourcesWithOneAccount" storage="f:\wd\batchservicefeaturexunitbvttests\bin\tests\watask\trpfe\trpfeapitests.dll" id="3af26ffb-180b-4b68-9299-e5e05b4257ca">
      <Execution id="8a2506a5-2d08-41ec-bd49-2484841cc24a" />
      <TestMethod codeBase="F:\wd\BatchServicefeaturexunitbvttests\bin\Tests\WATask\TRPFE\TRPFEApiTests.dll" adapterTypeName="Microsoft.VisualStudio.TestTools.TestTypes.Unit.UnitTestAdapter" className="Microsoft.Windows.Azure.Task.TRPFEAPITests.ResourceGroupTests1" name="MoveResourcesWithOneAccount" />
    </UnitTest>
    <UnitTest name="ListAccountsInEmptyResourceGroup" storage="f:\wd\batchservicefeaturexunitbvttests\bin\tests\watask\trpfe\trpfeapitests.dll" id="927f82f9-649b-4604-8687-7378755dc6ef">
      <Execution id="2b9287e3-9c38-44f0-847f-b5623b6c8cc8" />
      <TestMethod codeBase="F:\wd\BatchServicefeaturexunitbvttests\bin\Tests\WATask\TRPFE\TRPFEApiTests.dll" adapterTypeName="Microsoft.VisualStudio.TestTools.TestTypes.Unit.UnitTestAdapter" className="Microsoft.Windows.Azure.Task.TRPFEAPITests.ResourceGroupTests1" name="ListAccountsInEmptyResourceGroup" />
    </UnitTest>
    <UnitTest name="ListAccountsInResourceGroupWithSkipToken" storage="f:\wd\batchservicefeaturexunitbvttests\bin\tests\watask\trpfe\trpfeapitests.dll" id="173477c0-a5a5-4841-ba63-307d714b54f0">
      <Execution id="f45d0044-ae8f-4599-b0fd-67da8e5f52b3" />
      <TestMethod codeBase="F:\wd\BatchServicefeaturexunitbvttests\bin\Tests\WATask\TRPFE\TRPFEApiTests.dll" adapterTypeName="Microsoft.VisualStudio.TestTools.TestTypes.Unit.UnitTestAdapter" className="Microsoft.Windows.Azure.Task.TRPFEAPITests.ResourceGroupTests1" name="ListAccountsInResourceGroupWithSkipToken" />
    </UnitTest>
    <UnitTest name="ListAccountsInResourceGroupWithTagsAndProperties" storage="f:\wd\batchservicefeaturexunitbvttests\bin\tests\watask\trpfe\trpfeapitests.dll" id="cf3e50b7-d4f0-4083-b1fd-28b8df7ef540">
      <Execution id="fbcb9d6e-9c5e-420d-97d5-c2a1db4e03da" />
      <TestMethod codeBase="F:\wd\BatchServicefeaturexunitbvttests\bin\Tests\WATask\TRPFE\TRPFEApiTests.dll" adapterTypeName="Microsoft.VisualStudio.TestTools.TestTypes.Unit.UnitTestAdapter" className="Microsoft.Windows.Azure.Task.TRPFEAPITests.ResourceGroupTests1" name="ListAccountsInResourceGroupWithTagsAndProperties" />
    </UnitTest>
  </TestDefinitions>
  <TestEntries>
    <TestEntry testId="a5511e8a-b281-4821-870a-e531b0a8759d" executionId="1d7d1ac5-2a33-4059-a84d-2a2840fe75d5" testListId="8c84fa94-04c1-424b-9868-57a2d4851a1d" />
    <TestEntry testId="8bba7360-1968-4502-89c0-3be90fad1f1b" executionId="5c671831-f948-4f70-ba75-e201d14e20e9" testListId="8c84fa94-04c1-424b-9868-57a2d4851a1d" />
    <TestEntry testId="71aa99a3-1c95-45f6-b61f-e1a5fcad67ea" executionId="bd5eef77-f545-4b8e-bf6b-7383dc50c89a" testListId="8c84fa94-04c1-424b-9868-57a2d4851a1d" />
    <TestEntry testId="12f5f5ee-a51d-4d0e-ba52-39a1ab2b8334" executionId="b1bb7f2f-a00d-49db-a098-bc83fe4bfd2f" testListId="8c84fa94-04c1-424b-9868-57a2d4851a1d" />
    <TestEntry testId="9a17acfc-ef5d-4902-9cc9-ddaa71480e46" executionId="94bffaaa-d09a-4bd9-b96b-5611c1d11945" testListId="8c84fa94-04c1-424b-9868-57a2d4851a1d" />
    <TestEntry testId="de8d1b27-1e7f-4fcf-96f1-ee1e9f079d0f" executionId="582c35c0-5335-4061-936e-90ff67c51537" testListId="8c84fa94-04c1-424b-9868-57a2d4851a1d" />
    <TestEntry testId="52ec8578-9e2d-43d7-8cbd-4ceffae02ef9" executionId="4aeb2939-096b-4b51-a3d8-ca732cd693ea" testListId="8c84fa94-04c1-424b-9868-57a2d4851a1d" />
    <TestEntry testId="a491bd4d-436e-4b87-8d78-908af86239a5" executionId="af89d67b-0575-4d7c-bd46-e34b89c777f3" testListId="8c84fa94-04c1-424b-9868-57a2d4851a1d" />
    <TestEntry testId="0ecf5916-4d30-4e18-bfa8-812bb61053a2" executionId="49ba98e3-bb21-44e6-9b4f-40646f1202f4" testListId="8c84fa94-04c1-424b-9868-57a2d4851a1d" />
    <TestEntry testId="3691092b-07d3-4663-a864-b921aa1d6406" executionId="a1077e15-ecc3-431c-b7ed-96d698eec883" testListId="8c84fa94-04c1-424b-9868-57a2d4851a1d" />
    <TestEntry testId="e5a657d8-b80d-49f9-8791-89f92ce57f7e" executionId="b3e46d96-18c2-43a9-a89e-561e36c1e775" testListId="8c84fa94-04c1-424b-9868-57a2d4851a1d" />
    <TestEntry testId="01c726f8-c4a1-404d-bb68-5f92324c6801" executionId="28b85786-930d-4e10-b988-b1b37abdb256" testListId="8c84fa94-04c1-424b-9868-57a2d4851a1d" />
    <TestEntry testId="eb0535f8-9a12-4201-bf7c-ff75613820ff" executionId="726fcde7-a095-4bd9-9c31-f330f64f102c" testListId="8c84fa94-04c1-424b-9868-57a2d4851a1d" />
    <TestEntry testId="4ba3ea5b-6e30-416d-bb6b-df9fc9b2fef1" executionId="a2fd40b6-f935-4d1c-b040-8d7755a3c3d0" testListId="8c84fa94-04c1-424b-9868-57a2d4851a1d" />
    <TestEntry testId="b1bc9b80-37aa-4859-b7f7-1a5ace665626" executionId="260ede7a-23ac-438b-aa77-1dc58d99b9ee" testListId="8c84fa94-04c1-424b-9868-57a2d4851a1d" />
    <TestEntry testId="5ed10667-5d92-44ee-b699-d9c2cacde7d4" executionId="aa2704e2-6332-49b2-b5e6-334e6fccc332" testListId="8c84fa94-04c1-424b-9868-57a2d4851a1d" />
    <TestEntry testId="0168fe39-c2e0-4fa4-abbc-6ba26e8bf1cc" executionId="eb6b845b-8bad-453f-b559-b387ea53e5d7" testListId="8c84fa94-04c1-424b-9868-57a2d4851a1d" />
    <TestEntry testId="3898f48d-1037-4b36-b76f-2db4589056d8" executionId="c1de0700-ba28-41bc-b282-749258b61904" testListId="8c84fa94-04c1-424b-9868-57a2d4851a1d" />
    <TestEntry testId="680d58db-7c72-4e31-a9d8-72d50c1c665c" executionId="864f1b36-c8ba-4b19-99a8-b091f32fdf25" testListId="8c84fa94-04c1-424b-9868-57a2d4851a1d" />
    <TestEntry testId="e5f1ff95-c420-4bdf-9bb2-6b280c37ac5b" executionId="1357096d-a849-4bf4-ad43-6d301ac871bd" testListId="8c84fa94-04c1-424b-9868-57a2d4851a1d" />
    <TestEntry testId="7522b8dd-b330-4b66-932d-cf974ed04cd6" executionId="49921f4e-813a-4871-9145-3dfb7ba0a0f7" testListId="8c84fa94-04c1-424b-9868-57a2d4851a1d" />
    <TestEntry testId="a39ffadb-f289-486a-bf4d-733fc9ca3321" executionId="dc5c4df6-d268-4e3a-8f3c-3279d2ca38ce" testListId="8c84fa94-04c1-424b-9868-57a2d4851a1d" />
    <TestEntry testId="1efbc46e-1ecc-4dc7-9e61-075c04529411" executionId="c946a5ac-b2f9-458c-ab33-adb18593a651" testListId="8c84fa94-04c1-424b-9868-57a2d4851a1d" />
    <TestEntry testId="a44c73c4-c8ff-4a9b-93ee-57eeaa715d79" executionId="fc468b18-63e3-421d-ba0b-8eb49f112a3b" testListId="8c84fa94-04c1-424b-9868-57a2d4851a1d" />
    <TestEntry testId="10659b6e-0fd8-4272-8914-cc8f1eded1fe" executionId="0083ea43-3b18-4c8b-a4f4-a28b230f0a23" testListId="8c84fa94-04c1-424b-9868-57a2d4851a1d" />
    <TestEntry testId="6ce87dd0-a80f-4b95-9219-47e6408c1129" executionId="8019e609-ba25-4adb-8c4f-2beba8aa453f" testListId="8c84fa94-04c1-424b-9868-57a2d4851a1d" />
    <TestEntry testId="9b8ca8da-9a4f-4b51-9dc7-4aefa8a72c27" executionId="8fff5c9d-e196-4992-9ad0-7da58892271b" testListId="8c84fa94-04c1-424b-9868-57a2d4851a1d" />
    <TestEntry testId="594d5662-8ae4-4eb2-8d16-d323098f56ff" executionId="b15c0421-5d53-4911-8d91-a72a889c8195" testListId="8c84fa94-04c1-424b-9868-57a2d4851a1d" />
    <TestEntry testId="e7f02e43-f4f0-4754-9324-55cd35a6d4b5" executionId="45ed9a80-1368-4886-b912-1411984e2a99" testListId="8c84fa94-04c1-424b-9868-57a2d4851a1d" />
    <TestEntry testId="1619794f-097b-4022-9c36-ee94517f8a50" executionId="39c87650-5e3b-4ae4-8648-04fece9816bf" testListId="8c84fa94-04c1-424b-9868-57a2d4851a1d" />
    <TestEntry testId="ed14921b-17b2-41b6-a31a-f6a0d9b7cf01" executionId="588a0a52-2269-4983-9431-5aca4422f11c" testListId="8c84fa94-04c1-424b-9868-57a2d4851a1d" />
    <TestEntry testId="8a94c2f9-fb3a-4a9e-900f-3cc4007d83f0" executionId="74ffdb5b-3ff4-4f25-8263-e20f041d3dae" testListId="8c84fa94-04c1-424b-9868-57a2d4851a1d" />
    <TestEntry testId="784e80bd-7bff-455b-8854-75d456f39bbe" executionId="35def0e6-6d80-481d-bc2c-26f41685e9d4" testListId="8c84fa94-04c1-424b-9868-57a2d4851a1d" />
    <TestEntry testId="6c58e51b-740b-4291-9db5-7470a13ac1a2" executionId="1342252a-2d6b-4862-a00b-e77af4d3efea" testListId="8c84fa94-04c1-424b-9868-57a2d4851a1d" />
    <TestEntry testId="5a9d31c7-2f63-4d98-a518-d5cf6a76b6a8" executionId="ae3afe3e-836e-4e46-a66e-f1120d81274f" testListId="8c84fa94-04c1-424b-9868-57a2d4851a1d" />
    <TestEntry testId="079b2de0-29d5-4132-b6a4-c7b370b03c2d" executionId="3b9566a1-1a35-48f7-94d0-9153e3f714e5" testListId="8c84fa94-04c1-424b-9868-57a2d4851a1d" />
    <TestEntry testId="3fe238e3-7e23-4a64-b40c-3959253d7551" executionId="47404d46-d518-46dc-9b00-838d38a94f80" testListId="8c84fa94-04c1-424b-9868-57a2d4851a1d" />
    <TestEntry testId="1bbfac65-1005-4b58-b401-4f2f10fb0be8" executionId="c482081e-9bfe-47cf-b48c-606af8a0fbc9" testListId="8c84fa94-04c1-424b-9868-57a2d4851a1d" />
    <TestEntry testId="d1901e15-4f70-4805-ad21-9dc8c488e68a" executionId="80889a27-ce62-419e-a883-ac5f04212fcf" testListId="8c84fa94-04c1-424b-9868-57a2d4851a1d" />
    <TestEntry testId="275475d6-53af-4c58-b284-bc11ac39cc5d" executionId="735beb33-9ebb-4800-8dda-ae0527ae35b2" testListId="8c84fa94-04c1-424b-9868-57a2d4851a1d" />
    <TestEntry testId="aba6ef8e-b21c-4a60-b13f-68526fb21f32" executionId="f2229968-f529-46cc-b7e1-0a6e0e0f1ccf" testListId="8c84fa94-04c1-424b-9868-57a2d4851a1d" />
    <TestEntry testId="3c25c93b-628d-4795-aa97-998d45cd365b" executionId="10f64742-ed56-4f56-ade3-d9e9c3df224c" testListId="8c84fa94-04c1-424b-9868-57a2d4851a1d" />
    <TestEntry testId="d71337d6-34f1-4fc2-8949-73a64f83930c" executionId="1972eca6-1d69-456c-8239-8a80e3f40235" testListId="8c84fa94-04c1-424b-9868-57a2d4851a1d" />
    <TestEntry testId="34223bf9-87d9-46e0-945d-c41c37f1c6fc" executionId="2696f3a5-0d37-4085-8ccd-c8b01395aec6" testListId="8c84fa94-04c1-424b-9868-57a2d4851a1d" />
    <TestEntry testId="8de994c1-08e5-42e0-a8f8-597841110eaf" executionId="79d164a5-0244-4a58-90fb-48218f7756c4" testListId="8c84fa94-04c1-424b-9868-57a2d4851a1d" />
    <TestEntry testId="e142a24b-4483-4828-a335-390c015e1560" executionId="606f76cd-5424-4405-94cc-e0ba6267fed8" testListId="8c84fa94-04c1-424b-9868-57a2d4851a1d" />
    <TestEntry testId="689a4a62-285b-49d5-a5a8-aaf0bdf24a3c" executionId="67a34ee0-e06c-4efb-a97b-c55526d68208" testListId="8c84fa94-04c1-424b-9868-57a2d4851a1d" />
    <TestEntry testId="8131e813-6f82-4630-a8dc-b07cb4d83274" executionId="72932e01-4136-4996-a41f-7783c8bbdc50" testListId="8c84fa94-04c1-424b-9868-57a2d4851a1d" />
    <TestEntry testId="75f94f07-4a09-4500-be30-86eb8ca832ba" executionId="aa066614-22cc-48ab-ab4f-5cbaa8e3e7d7" testListId="8c84fa94-04c1-424b-9868-57a2d4851a1d" />
    <TestEntry testId="0b49b5c1-b991-4a5c-9bf2-4da9d60d101e" executionId="ec323906-e634-4d86-bd79-c093a8212400" testListId="8c84fa94-04c1-424b-9868-57a2d4851a1d" />
    <TestEntry testId="540cd391-afad-478a-9ac6-bb2016e281ba" executionId="b652f809-2297-4c38-8da2-01613a77fc57" testListId="8c84fa94-04c1-424b-9868-57a2d4851a1d" />
    <TestEntry testId="ee5c45e0-a73e-4420-b37f-3ac35650f37d" executionId="0d272d94-5326-43cd-8d2d-b1b813c1b072" testListId="8c84fa94-04c1-424b-9868-57a2d4851a1d" />
    <TestEntry testId="9842caa9-495c-48e6-ad88-3e23f003c16b" executionId="d7fa0c44-8650-4eb0-90ca-cf303ae6181e" testListId="8c84fa94-04c1-424b-9868-57a2d4851a1d" />
    <TestEntry testId="77882332-e069-4c2d-b8aa-ec9b7d252162" executionId="7988b819-03e9-4d8d-b6cc-03187f7e5bc1" testListId="8c84fa94-04c1-424b-9868-57a2d4851a1d" />
    <TestEntry testId="a5313e82-79a3-4155-9ddd-9c00d92c9786" executionId="66b7bf5f-ceaa-4bc9-a79c-11b91647192f" testListId="8c84fa94-04c1-424b-9868-57a2d4851a1d" />
    <TestEntry testId="27ee384a-f752-4d6b-bc13-b8e5f40fb2a3" executionId="f0af5619-7f79-49c6-a6b1-c977b03d1dc9" testListId="8c84fa94-04c1-424b-9868-57a2d4851a1d" />
    <TestEntry testId="60646f4f-94c3-49a9-842a-639c93fc5421" executionId="7543d816-094b-4b5c-a020-3d3d4ded2cfd" testListId="8c84fa94-04c1-424b-9868-57a2d4851a1d" />
    <TestEntry testId="2b47c643-685d-4f25-b01b-044bc9397eac" executionId="bbc9442e-6ec2-49ab-b973-8376ed20da01" testListId="8c84fa94-04c1-424b-9868-57a2d4851a1d" />
    <TestEntry testId="2d843b67-791b-4278-9211-98df7790f8b1" executionId="ddc1a641-dc84-4b44-9af9-78bf601fe89c" testListId="8c84fa94-04c1-424b-9868-57a2d4851a1d" />
    <TestEntry testId="8300d68f-5860-409a-8fcd-f396de89fbc9" executionId="f3bee3c6-1235-469f-bced-d6bf4a8955dc" testListId="8c84fa94-04c1-424b-9868-57a2d4851a1d" />
    <TestEntry testId="566e6361-1aff-4c8c-8d21-1d950395b961" executionId="f3acc7a4-85ff-410e-b0ea-c1fe92dfd503" testListId="8c84fa94-04c1-424b-9868-57a2d4851a1d" />
    <TestEntry testId="f16b38ba-4110-4312-b88a-e4c333f9bcc3" executionId="cd0b2742-c9f8-4669-ac59-96e6a1924ee8" testListId="8c84fa94-04c1-424b-9868-57a2d4851a1d" />
    <TestEntry testId="593dfc25-6df8-4249-9985-dee9bcba73f5" executionId="78b8bcf9-31a1-4c75-bcee-d6121394a02e" testListId="8c84fa94-04c1-424b-9868-57a2d4851a1d" />
    <TestEntry testId="10fc9674-5774-4d5f-b237-596e751d3b8a" executionId="ab7945ca-5dc2-4988-a924-17df4718d002" testListId="8c84fa94-04c1-424b-9868-57a2d4851a1d" />
    <TestEntry testId="efc7a140-79fe-42a4-a063-5b9c280eff9b" executionId="d62df301-e658-4b46-8243-9490efcdd8bc" testListId="8c84fa94-04c1-424b-9868-57a2d4851a1d" />
    <TestEntry testId="cab4e3f5-3c48-43bf-b351-6b0825250c01" executionId="d17d83a3-1e3b-45e1-b5a4-d8f0263f5bfb" testListId="8c84fa94-04c1-424b-9868-57a2d4851a1d" />
    <TestEntry testId="f178d6b2-d653-46a1-b80c-f018faf12ea5" executionId="4eeca294-e410-4e81-8539-c9b0bcdc5eb9" testListId="8c84fa94-04c1-424b-9868-57a2d4851a1d" />
    <TestEntry testId="9b67c4a4-aa4f-4cc1-80eb-9fdb3f576f33" executionId="2b44f29a-1dfb-49dc-953b-30369f7e3987" testListId="8c84fa94-04c1-424b-9868-57a2d4851a1d" />
    <TestEntry testId="b06d16d7-d967-4682-a762-dfe1806cbfa9" executionId="379d51d8-6530-499b-80a8-441298979197" testListId="8c84fa94-04c1-424b-9868-57a2d4851a1d" />
    <TestEntry testId="9bcd51da-0fa9-42d5-8ea9-b557aca54ab3" executionId="0f033ed8-a19f-4e62-9037-a535079f977b" testListId="8c84fa94-04c1-424b-9868-57a2d4851a1d" />
    <TestEntry testId="b0ef56ef-c3ff-4aeb-817a-798cc3ae96f7" executionId="9534d9e6-9acc-4aea-8634-0d6b56b25a1c" testListId="8c84fa94-04c1-424b-9868-57a2d4851a1d" />
    <TestEntry testId="35c93236-5737-420f-8cd7-582bd53ed855" executionId="2dfe25e0-6321-4e23-ac3a-f7ece1d6997a" testListId="8c84fa94-04c1-424b-9868-57a2d4851a1d" />
    <TestEntry testId="3af26ffb-180b-4b68-9299-e5e05b4257ca" executionId="8a2506a5-2d08-41ec-bd49-2484841cc24a" testListId="8c84fa94-04c1-424b-9868-57a2d4851a1d" />
    <TestEntry testId="927f82f9-649b-4604-8687-7378755dc6ef" executionId="2b9287e3-9c38-44f0-847f-b5623b6c8cc8" testListId="8c84fa94-04c1-424b-9868-57a2d4851a1d" />
    <TestEntry testId="173477c0-a5a5-4841-ba63-307d714b54f0" executionId="f45d0044-ae8f-4599-b0fd-67da8e5f52b3" testListId="8c84fa94-04c1-424b-9868-57a2d4851a1d" />
    <TestEntry testId="cf3e50b7-d4f0-4083-b1fd-28b8df7ef540" executionId="fbcb9d6e-9c5e-420d-97d5-c2a1db4e03da" testListId="8c84fa94-04c1-424b-9868-57a2d4851a1d" />
  </TestEntries>
  <TestLists>
    <TestList name="Results Not in a List" id="8c84fa94-04c1-424b-9868-57a2d4851a1d" />
    <TestList name="All Loaded Results" id="19431567-8539-422a-85d7-44ee4e166bda" />
  </TestLists>
  <ResultSummary outcome="Failed">
    <Counters total="76" executed="73" passed="72" failed="1" error="0" timeout="0" aborted="0" inconclusive="0" passedButRunAborted="0" notRunnable="0" notExecuted="0" disconnected="0" warning="0" completed="0" inProgress="0" pending="0" />
    <Output>
      <StdOut>Test 'ListAccountsInDefaultSubscription' was skipped in the test run.Test 'ListAccountsInSubscriptionDeletingState' was skipped in the test run.Test 'MigrateSubscriptionMultipleResourceGroups' was skipped in the test run.</StdOut>
    </Output>
  </ResultSummary>
</TestRun>