<?xml version="1.0" encoding="UTF-8"?>
<TestRun id="f81f15c9-7ab6-43f8-a11c-2edb6ca6a04f" name="dafell@BATCH-JENKINS 2016-04-11 23:59:50" runUser="SOUTHPACIFIC\dafell" xmlns="http://microsoft.com/schemas/VisualStudio/TeamTest/2010">
  <Times creation="2016-04-11T23:59:50.6567277+00:00" queuing="2016-04-11T23:59:50.6577271+00:00" start="2016-04-11T23:59:50.6627271+00:00" finish="2016-04-12T00:00:04.0112376+00:00" />
  <TestSettings name="default" id="e4f79868-fd6e-4488-965e-293d21c44ae4">
    <Execution>
      <TestTypeSpecific />
    </Execution>
    <Deployment runDeploymentRoot="dafell_BATCH-JENKINS 2016-04-11 23_59_50" />
    <Properties />
  </TestSettings>
  <Results>
    <UnitTestResult executionId="e1b04ed7-edaa-4a3d-93aa-277eccf066a0" testId="3c99158a-0a63-4f71-af35-fb660be4ff8e" testName="CanSerialiseApplicationPackageStatus(serialisationEnvironment: ResourceProvider)" computerName="BATCH-JENKINS" duration="00:00:00.5180000" startTime="2016-04-11T23:59:50.6917497+00:00" endTime="2016-04-11T23:59:50.6917497+00:00" testType="13cdc9d9-ddb5-4fa4-a97d-d965ccfc6d4b" outcome="Passed" testListId="8c84fa94-04c1-424b-9868-57a2d4851a1d" relativeResultsDirectory="e1b04ed7-edaa-4a3d-93aa-277eccf066a0" />
    <UnitTestResult executionId="c3fc309f-7e88-4221-b333-f26ecf081176" testId="9c9cb65f-e5a0-4183-b475-e982ec1df1bb" testName="CanSerialiseApplicationName(serialisationEnvironment: ResourceProvider)" computerName="BATCH-JENKINS" duration="00:00:00.0010000" startTime="2016-04-11T23:59:50.6997293+00:00" endTime="2016-04-11T23:59:50.6997293+00:00" testType="13cdc9d9-ddb5-4fa4-a97d-d965ccfc6d4b" outcome="Passed" testListId="8c84fa94-04c1-424b-9868-57a2d4851a1d" relativeResultsDirectory="c3fc309f-7e88-4221-b333-f26ecf081176" />
    <UnitTestResult executionId="071c24d3-3c45-4e3d-a2ac-c7929f40e7df" testId="db155ac8-20ae-4200-ab25-cb1b7c235b88" testName="CanSerialiseApplicationPackageTimestamp(serialisationEnvironment: ResourceProvider)" computerName="BATCH-JENKINS" duration="00:00:00.0220000" startTime="2016-04-11T23:59:50.6997293+00:00" endTime="2016-04-11T23:59:50.6997293+00:00" testType="13cdc9d9-ddb5-4fa4-a97d-d965ccfc6d4b" outcome="Passed" testListId="8c84fa94-04c1-424b-9868-57a2d4851a1d" relativeResultsDirectory="071c24d3-3c45-4e3d-a2ac-c7929f40e7df" />
    <UnitTestResult executionId="a7032e81-67e1-43e5-9a56-9d2ce18798b9" testId="2b6607c8-1ed1-4001-b702-06720afe6027" testName="CanSerialiseApplicationPackageVersion(serialisationEnvironment: ResourceProvider)" computerName="BATCH-JENKINS" duration="00:00:00.0020000" startTime="2016-04-11T23:59:50.6997293+00:00" endTime="2016-04-11T23:59:50.6997293+00:00" testType="13cdc9d9-ddb5-4fa4-a97d-d965ccfc6d4b" outcome="Passed" testListId="8c84fa94-04c1-424b-9868-57a2d4851a1d" relativeResultsDirectory="a7032e81-67e1-43e5-9a56-9d2ce18798b9" />
    <UnitTestResult executionId="33916864-055d-49fc-a9c3-bb2806b57e7b" testId="0fb57ceb-c64e-4c84-a566-1e5ff5248257" testName="CanSerialiseApplicationsList(serialisationEnvironment: ResourceProvider)" computerName="BATCH-JENKINS" duration="00:00:00.0040000" startTime="2016-04-11T23:59:50.6997293+00:00" endTime="2016-04-11T23:59:50.6997293+00:00" testType="13cdc9d9-ddb5-4fa4-a97d-d965ccfc6d4b" outcome="Passed" testListId="8c84fa94-04c1-424b-9868-57a2d4851a1d" relativeResultsDirectory="33916864-055d-49fc-a9c3-bb2806b57e7b" />
    <UnitTestResult executionId="cd8a0137-604e-4fd5-83cb-37593f34903a" testId="71da9301-fac3-4c4a-a5cc-ffd2dcdb005d" testName="CanSerialiseEmptyApplicationsList(serialisationEnvironment: ResourceProvider)" computerName="BATCH-JENKINS" duration="00:00:00.0010000" startTime="2016-04-11T23:59:50.6997293+00:00" endTime="2016-04-11T23:59:50.6997293+00:00" testType="13cdc9d9-ddb5-4fa4-a97d-d965ccfc6d4b" outcome="Passed" testListId="8c84fa94-04c1-424b-9868-57a2d4851a1d" relativeResultsDirectory="cd8a0137-604e-4fd5-83cb-37593f34903a" />
    <UnitTestResult executionId="98470076-0442-4d7e-a396-f48887865e8d" testId="12828c57-25ea-4c73-b9cf-e43bc49141f0" testName="CanSerialiseApplicationSettingsAllowUpdates(serialisationEnvironment: ResourceProvider)" computerName="BATCH-JENKINS" duration="00:00:00.0060000" startTime="2016-04-11T23:59:50.6997293+00:00" endTime="2016-04-11T23:59:50.6997293+00:00" testType="13cdc9d9-ddb5-4fa4-a97d-d965ccfc6d4b" outcome="Passed" testListId="8c84fa94-04c1-424b-9868-57a2d4851a1d" relativeResultsDirectory="98470076-0442-4d7e-a396-f48887865e8d" />
    <UnitTestResult executionId="aec23f0a-8f6f-4aa5-8bf0-7858f8c8750c" testId="04efb071-955e-45c7-b6bc-63f81ccfd89b" testName="CanSerialiseApplicationPackageFormat(serialisationEnvironment: ResourceProvider)" computerName="BATCH-JENKINS" duration="00:00:00.0020000" startTime="2016-04-11T23:59:50.6997293+00:00" endTime="2016-04-11T23:59:50.6997293+00:00" testType="13cdc9d9-ddb5-4fa4-a97d-d965ccfc6d4b" outcome="Passed" testListId="8c84fa94-04c1-424b-9868-57a2d4851a1d" relativeResultsDirectory="aec23f0a-8f6f-4aa5-8bf0-7858f8c8750c" />
    <UnitTestResult executionId="c4f80831-26f8-4792-826f-11317624beb9" testId="78f7447b-f2a0-4396-b42f-a32f7a9e1473" testName="CanSerialiseApplicationSettingsDefaultVersion(serialisationEnvironment: ResourceProvider)" computerName="BATCH-JENKINS" duration="00:00:00.0010000" startTime="2016-04-11T23:59:50.7007554+00:00" endTime="2016-04-11T23:59:50.7007554+00:00" testType="13cdc9d9-ddb5-4fa4-a97d-d965ccfc6d4b" outcome="Passed" testListId="8c84fa94-04c1-424b-9868-57a2d4851a1d" relativeResultsDirectory="c4f80831-26f8-4792-826f-11317624beb9" />
    <UnitTestResult executionId="354e1ae3-378c-4818-853a-292f96ee9f55" testId="c8ff5c21-a745-4d37-a472-441c9bad29f3" testName="Microsoft.Azure.Batch.AppPackageUnitTests.Tests.Commands.AppPackages.UpdateApplicationUnitTests_TrpfeUnitTest.IfDisplayNameIsTooLong_ThrowsAppropriateException" computerName="BATCH-JENKINS" duration="00:00:01.5640000" startTime="2016-04-11T23:59:52.1382617+00:00" endTime="2016-04-11T23:59:52.1382617+00:00" testType="13cdc9d9-ddb5-4fa4-a97d-d965ccfc6d4b" outcome="Passed" testListId="8c84fa94-04c1-424b-9868-57a2d4851a1d" relativeResultsDirectory="354e1ae3-378c-4818-853a-292f96ee9f55">
      <Output>
        <StdOut>Initialization: Ensuring table and account records exist
Initialization: Done
Status  : --
           --&gt; Request: PATCH https://localhost:1234/subscriptions/d40314ea-79f4-4adc-be70-d8d56fcda7d2/resourceGroups/devfabric-test/providers/Microsoft.Batch/batchAccounts/msbatchtest/applications/blender?api-version=2015-12-01. Content length: 1043, RequestId: e9998f71-83e1-4618-954a-d3b043bbe95e
Verbose :  --&gt; --
          {"displayName":"aaaaaaaaaaaaaaaaaaaaaaaaaaaaaaaaaaaaaaaaaaaaaaaaaaaaaaaaaaaaaaaaaaaaaaaaaaaaaaaaaaaaaaaaaaaaaaaaaaaaaaaaaaaaaaaaaaaaaaaaaaaaaaaaaaaaaaaaaaaaaaaaaaaaaaaaaaaaaaaaaaaaaaaaaaaaaaaaaaaaaaaaaaaaaaaaaaaaaaaaaaaaaaaaaaaaaaaaaaaaaaaaaaaaaaaaaaaaaaaaaaaaaaaaaaaaaaaaaaaaaaaaaaaaaaaaaaaaaaaaaaaaaaaaaaaaaaaaaaaaaaaaaaaaaaaaaaaaaaaaaaaaaaaaaaaaaaaaaaaaaaaaaaaaaaaaaaaaaaaaaaaaaaaaaaaaaaaaaaaaaaaaaaaaaaaaaaaaaaaaaaaaaaaaaaaaaaaaaaaaaaaaaaaaaaaaaaaaaaaaaaaaaaaaaaaaaaaaaaaaaaaaaaaaaaaaaaaaaaaaaaaaaaaaaaaaaaaaaaaaaaaaaaaaaaaaaaaaaaaaaaaaaaaaaaaaaaaaaaaaaaaaaaaaaaaaaaaaaaaaaaaaaaaaaaaaaaaaaaaaaaaaaaaaaaaaaaaaaaaaaaaaaaaaaaaaaaaaaaaaaaaaaaaaaaaaaaaaaaaaaaaaaaaaaaaaaaaaaaaaaaaaaaaaaaaaaaaaaaaaaaaaaaaaaaaaaaaaaaaaaaaaaaaaaaaaaaaaaaaaaaaaaaaaaaaaaaaaaaaaaaaaaaaaaaaaaaaaaaaaaaaaaaaaaaaaaaaaaaaaaaaaaaaaaaaaaaaaaaaaaaaaaaaaaaaaaaaaaaaaaaaaaaaaaaaaaaaaaaaaaaaaaaaaaaaaaaaaaaaaaaaaaaaaaaaaaaaaaaaaaaaaaaaaaaaaaaaaaaaaaaaaaaaaaaaaaaaaaaaaaaaaaaaaaaaaaaaaaaaaaaaaaaaaaaaaaaaaaaaaaaaaaaaaaaaaaaaaaaaaaaaaaaaaaaaaaaaaaaaaaaaaaaaaaaaaaaaaaaaaaaaaa"}
Status  :  &lt;-- Response: 400 The value provided for one of the property in the request body is invalid.. Content length: 1288, RequestId: 
          --</StdOut>
      </Output>
    </UnitTestResult>
    <UnitTestResult executionId="f4b6463d-f68d-4c5f-a264-903ec2151c8f" testId="0a2cb0e0-e54b-4f5c-b27c-4730548669b0" testName="Microsoft.Azure.Batch.AppPackageUnitTests.Tests.Commands.AppPackages.UpdateApplicationUnitTests_TrpfeUnitTest.IfSetsDefaultVersion_ToExistingActivePackage_DefaultVersionIsSet" computerName="BATCH-JENKINS" duration="00:00:00.1060000" startTime="2016-04-11T23:59:52.1382617+00:00" endTime="2016-04-11T23:59:52.1382617+00:00" testType="13cdc9d9-ddb5-4fa4-a97d-d965ccfc6d4b" outcome="Passed" testListId="8c84fa94-04c1-424b-9868-57a2d4851a1d" relativeResultsDirectory="f4b6463d-f68d-4c5f-a264-903ec2151c8f">
      <Output>
        <StdOut>Initialization: Ensuring table and account records exist
Initialization: Done
Status  : --
           --&gt; Request: PATCH https://localhost:1234/subscriptions/c0800d1c-b6ca-44a4-b6a7-36dafcbf9c41/resourceGroups/devfabric-test/providers/Microsoft.Batch/batchAccounts/msbatchtest/applications/blender?api-version=2015-12-01. Content length: 24, RequestId: fc499401-ddca-4a45-88d5-e75338e126c5
Verbose :  --&gt; --
          {"defaultVersion":"2.7"}
Status  :  &lt;-- Response: 204 No Content. Content length: 0, RequestId: 
          --</StdOut>
      </Output>
    </UnitTestResult>
    <UnitTestResult executionId="f6e4354f-3cf8-488c-91f9-c949bed00482" testId="4dcfac27-3f71-471d-ab46-09304b4d8cb9" testName="Microsoft.Azure.Batch.AppPackageUnitTests.Tests.Commands.AppPackages.UpdateApplicationUnitTests_TrpfeUnitTest.IfSetsDisplayName_Null_DisplayNameIs_Nulled" computerName="BATCH-JENKINS" duration="00:00:00.0250000" startTime="2016-04-11T23:59:52.4972371+00:00" endTime="2016-04-11T23:59:52.4972371+00:00" testType="13cdc9d9-ddb5-4fa4-a97d-d965ccfc6d4b" outcome="Passed" testListId="8c84fa94-04c1-424b-9868-57a2d4851a1d" relativeResultsDirectory="f6e4354f-3cf8-488c-91f9-c949bed00482">
      <Output>
        <StdOut>Initialization: Ensuring table and account records exist
Initialization: Done
Status  : --
           --&gt; Request: PATCH https://localhost:1234/subscriptions/80317b88-b9af-4e7c-87ee-1a8d8406d36b/resourceGroups/devfabric-test/providers/Microsoft.Batch/batchAccounts/msbatchtest/applications/blender?api-version=2015-12-01. Content length: 20, RequestId: a435bbb0-2441-4edb-8058-93aed86e3c8f
Verbose :  --&gt; --
          {"displayName":null}
Status  :  &lt;-- Response: 204 No Content. Content length: 0, RequestId: 
          --</StdOut>
      </Output>
    </UnitTestResult>
    <UnitTestResult executionId="c4b65b43-988c-4516-bb01-da569d06d139" testId="fb9ba008-3b02-4c90-97d2-aab28e6db76a" testName="Microsoft.Azure.Batch.AppPackageUnitTests.Tests.Commands.AppPackages.UpdateApplicationUnitTests_TrpfeUnitTest.IfAllowUpdatesIsSpecifiedAsNull_ThenItIsNotChanged" computerName="BATCH-JENKINS" duration="00:00:00.0260000" startTime="2016-04-11T23:59:52.4972371+00:00" endTime="2016-04-11T23:59:52.4972371+00:00" testType="13cdc9d9-ddb5-4fa4-a97d-d965ccfc6d4b" outcome="Passed" testListId="8c84fa94-04c1-424b-9868-57a2d4851a1d" relativeResultsDirectory="c4b65b43-988c-4516-bb01-da569d06d139">
      <Output>
        <StdOut>Initialization: Ensuring table and account records exist
Initialization: Done
Status  : --
           --&gt; Request: PATCH https://localhost:1234/subscriptions/3c61c55c-8ba1-4cbc-8c81-558e794cc29b/resourceGroups/devfabric-test/providers/Microsoft.Batch/batchAccounts/msbatchtest/applications/blender?api-version=2015-12-01. Content length: 21, RequestId: b5967771-7163-45cb-b212-fb2ef2494dff
Verbose :  --&gt; --
          {"allowUpdates":null}
Status  :  &lt;-- Response: 204 No Content. Content length: 0, RequestId: 
          --</StdOut>
      </Output>
    </UnitTestResult>
    <UnitTestResult executionId="9a5caaf1-3b54-40c6-9003-50c50986365b" testId="4779ecff-fa81-4fb1-8bd5-c51fdfba31c7" testName="Microsoft.Azure.Batch.AppPackageUnitTests.Tests.Commands.AppPackages.UpdateApplicationUnitTests_TrpfeUnitTest.IfAllowUpdatesIsInitiallyFalse_AndItIsNotSpecified_ThenItIsNotChanged" computerName="BATCH-JENKINS" duration="00:00:00.0280000" startTime="2016-04-11T23:59:52.4972371+00:00" endTime="2016-04-11T23:59:52.4972371+00:00" testType="13cdc9d9-ddb5-4fa4-a97d-d965ccfc6d4b" outcome="Passed" testListId="8c84fa94-04c1-424b-9868-57a2d4851a1d" relativeResultsDirectory="9a5caaf1-3b54-40c6-9003-50c50986365b">
      <Output>
        <StdOut>Initialization: Ensuring table and account records exist
Initialization: Done
Status  : --
           --&gt; Request: PATCH https://localhost:1234/subscriptions/2549f092-b1ba-4bd6-9fd0-426b0e17bc6c/resourceGroups/devfabric-test/providers/Microsoft.Batch/batchAccounts/msbatchtest/applications/vray?api-version=2015-12-01. Content length: 2, RequestId: 98ec7890-cd20-42a6-b4fd-979a7d15d2ef
Verbose :  --&gt; --
          {}
Status  :  &lt;-- Response: 204 No Content. Content length: 0, RequestId: 
          --</StdOut>
      </Output>
    </UnitTestResult>
    <UnitTestResult executionId="ec50013b-9d90-4757-9124-f215e4a95bbe" testId="c5c10b91-3854-4755-a9a6-750ce5bdac3f" testName="Microsoft.Azure.Batch.AppPackageUnitTests.Tests.Commands.AppPackages.UpdateApplicationUnitTests_TrpfeUnitTest.IfSetsDefaultVersionNull_ExistingDefaultVersionIsNulled" computerName="BATCH-JENKINS" duration="00:00:00.0250000" startTime="2016-04-11T23:59:52.4972371+00:00" endTime="2016-04-11T23:59:52.4972371+00:00" testType="13cdc9d9-ddb5-4fa4-a97d-d965ccfc6d4b" outcome="Passed" testListId="8c84fa94-04c1-424b-9868-57a2d4851a1d" relativeResultsDirectory="ec50013b-9d90-4757-9124-f215e4a95bbe">
      <Output>
        <StdOut>Initialization: Ensuring table and account records exist
Initialization: Done
Status  : --
           --&gt; Request: PATCH https://localhost:1234/subscriptions/886569b7-a705-409c-b60b-32775034bca3/resourceGroups/devfabric-test/providers/Microsoft.Batch/batchAccounts/msbatchtest/applications/blender?api-version=2015-12-01. Content length: 23, RequestId: efd58c42-7bde-4d86-8362-3c3a5f7f894c
Verbose :  --&gt; --
          {"defaultVersion":null}
Status  :  &lt;-- Response: 204 No Content. Content length: 0, RequestId: 
          --</StdOut>
      </Output>
    </UnitTestResult>
    <UnitTestResult executionId="95ec142e-3fe0-44cd-b852-6009b519771d" testId="1547f5f4-0fc1-4b2d-ab12-4a9c5d9d7fa4" testName="Microsoft.Azure.Batch.AppPackageUnitTests.Tests.Commands.AppPackages.UpdateApplicationUnitTests_TrpfeUnitTest.IfSetsAllowUpdates_False_AllowUpdatesIsSet_False" computerName="BATCH-JENKINS" duration="00:00:00.0220000" startTime="2016-04-11T23:59:52.4982372+00:00" endTime="2016-04-11T23:59:52.4982372+00:00" testType="13cdc9d9-ddb5-4fa4-a97d-d965ccfc6d4b" outcome="Passed" testListId="8c84fa94-04c1-424b-9868-57a2d4851a1d" relativeResultsDirectory="95ec142e-3fe0-44cd-b852-6009b519771d">
      <Output>
        <StdOut>Initialization: Ensuring table and account records exist
Initialization: Done
Status  : --
           --&gt; Request: PATCH https://localhost:1234/subscriptions/3e75631d-f1d3-4a34-89d1-6ff44fd74631/resourceGroups/devfabric-test/providers/Microsoft.Batch/batchAccounts/msbatchtest/applications/blender?api-version=2015-12-01. Content length: 22, RequestId: db27ebb7-ba3f-4bf3-8a85-04c2a9095130
Verbose :  --&gt; --
          {"allowUpdates":false}
Status  :  &lt;-- Response: 204 No Content. Content length: 0, RequestId: 
          --</StdOut>
      </Output>
    </UnitTestResult>
    <UnitTestResult executionId="aa9d0254-c839-46bf-af0c-0be43af766d7" testId="6b681360-5ac5-4daf-acbb-1c704513a0fb" testName="Microsoft.Azure.Batch.AppPackageUnitTests.Tests.Commands.AppPackages.UpdateApplicationUnitTests_TrpfeUnitTest.IfApplicationDoesntExist_CorrectExceptionIsThrown" computerName="BATCH-JENKINS" duration="00:00:00.0430000" startTime="2016-04-11T23:59:52.4982372+00:00" endTime="2016-04-11T23:59:52.4982372+00:00" testType="13cdc9d9-ddb5-4fa4-a97d-d965ccfc6d4b" outcome="Passed" testListId="8c84fa94-04c1-424b-9868-57a2d4851a1d" relativeResultsDirectory="aa9d0254-c839-46bf-af0c-0be43af766d7">
      <Output>
        <StdOut>Initialization: Ensuring table and account records exist
Initialization: Done
Status  : --
           --&gt; Request: PATCH https://localhost:1234/subscriptions/fa18dffb-424c-4bbc-9115-5980563bb44e/resourceGroups/devfabric-test/providers/Microsoft.Batch/batchAccounts/msbatchtest/applications/blender?api-version=2015-12-01. Content length: 24, RequestId: cf9401b3-8307-4aaf-8deb-14c845958cb7
Verbose :  --&gt; --
          {"defaultVersion":"2.8"}
Status  :  &lt;-- Response: 404 The specified application does not exist.. Content length: 108, RequestId: 
          --</StdOut>
      </Output>
    </UnitTestResult>
    <UnitTestResult executionId="fc928e32-5a71-4d33-89b0-8b6411956f13" testId="3f34b7c0-e60d-4405-a467-6ffb5222e964" testName="Microsoft.Azure.Batch.AppPackageUnitTests.Tests.Commands.AppPackages.UpdateApplicationUnitTests_TrpfeUnitTest.IfSetsDefaultVersion_ToPackageThatDoesntExist_CorrectExceptionIsThrown" computerName="BATCH-JENKINS" duration="00:00:00.0250000" startTime="2016-04-11T23:59:52.4992376+00:00" endTime="2016-04-11T23:59:52.4992376+00:00" testType="13cdc9d9-ddb5-4fa4-a97d-d965ccfc6d4b" outcome="Passed" testListId="8c84fa94-04c1-424b-9868-57a2d4851a1d" relativeResultsDirectory="fc928e32-5a71-4d33-89b0-8b6411956f13">
      <Output>
        <StdOut>Initialization: Ensuring table and account records exist
Initialization: Done
Status  : --
           --&gt; Request: PATCH https://localhost:1234/subscriptions/81a6edc6-d18d-44e8-af1f-a4aa05ba303f/resourceGroups/devfabric-test/providers/Microsoft.Batch/batchAccounts/msbatchtest/applications/blender?api-version=2015-12-01. Content length: 24, RequestId: 1aebd174-65d6-46ca-8faa-9945269dc1cc
Verbose :  --&gt; --
          {"defaultVersion":"2.8"}
Status  :  &lt;-- Response: 409 The application package corresponding to the requested default version was not found.. Content length: 164, RequestId: 
          --</StdOut>
      </Output>
    </UnitTestResult>
    <UnitTestResult executionId="f44d735a-007c-4faa-b886-3f49ef41e4b5" testId="64011535-0a79-48cc-b953-80ed36bc71c1" testName="Microsoft.Azure.Batch.AppPackageUnitTests.Tests.Commands.AppPackages.UpdateApplicationUnitTests_TrpfeUnitTest.IfSetsDisplayName_EmptyString_DisplayNameIs_Nulled" computerName="BATCH-JENKINS" duration="00:00:00.0240000" startTime="2016-04-11T23:59:52.5002369+00:00" endTime="2016-04-11T23:59:52.5002369+00:00" testType="13cdc9d9-ddb5-4fa4-a97d-d965ccfc6d4b" outcome="Passed" testListId="8c84fa94-04c1-424b-9868-57a2d4851a1d" relativeResultsDirectory="f44d735a-007c-4faa-b886-3f49ef41e4b5">
      <Output>
        <StdOut>Initialization: Ensuring table and account records exist
Initialization: Done
Status  : --
           --&gt; Request: PATCH https://localhost:1234/subscriptions/1339b38f-96cb-4ced-b081-610b56c4f137/resourceGroups/devfabric-test/providers/Microsoft.Batch/batchAccounts/msbatchtest/applications/blender?api-version=2015-12-01. Content length: 18, RequestId: 141cebf8-14f3-492f-9713-ab9848f85109
Verbose :  --&gt; --
          {"displayName":""}
Status  :  &lt;-- Response: 204 No Content. Content length: 0, RequestId: 
          --</StdOut>
      </Output>
    </UnitTestResult>
    <UnitTestResult executionId="f61b20ca-04cc-4ffd-9662-4be4c7e16b7b" testId="3d25a8bd-a1df-4549-9a28-440587c6ac81" testName="Microsoft.Azure.Batch.AppPackageUnitTests.Tests.Commands.AppPackages.UpdateApplicationUnitTests_TrpfeUnitTest.IfChangesDisplayName_DisplayNameIsChanged" computerName="BATCH-JENKINS" duration="00:00:00.0220000" startTime="2016-04-11T23:59:52.5012374+00:00" endTime="2016-04-11T23:59:52.5012374+00:00" testType="13cdc9d9-ddb5-4fa4-a97d-d965ccfc6d4b" outcome="Passed" testListId="8c84fa94-04c1-424b-9868-57a2d4851a1d" relativeResultsDirectory="f61b20ca-04cc-4ffd-9662-4be4c7e16b7b">
      <Output>
        <StdOut>Initialization: Ensuring table and account records exist
Initialization: Done
Status  : --
           --&gt; Request: PATCH https://localhost:1234/subscriptions/4e07f7ec-051e-4cbd-a805-45826a036052/resourceGroups/devfabric-test/providers/Microsoft.Batch/batchAccounts/msbatchtest/applications/blender?api-version=2015-12-01. Content length: 34, RequestId: 0700257a-6c53-49e5-bba6-c0f1ab643600
Verbose :  --&gt; --
          {"displayName":"Blender Animator"}
Status  :  &lt;-- Response: 204 No Content. Content length: 0, RequestId: 
          --</StdOut>
      </Output>
    </UnitTestResult>
    <UnitTestResult executionId="78bbb642-cf9e-40b4-98e0-73a3c6dd6435" testId="cb813745-a786-4520-a5a6-cd86649f1db7" testName="Microsoft.Azure.Batch.AppPackageUnitTests.Tests.Commands.AppPackages.UpdateApplicationUnitTests_TrpfeUnitTest.IfSetsDefaultVersion_ToPendingApplicationPackage_CorrectExceptionIsThrown" computerName="BATCH-JENKINS" duration="00:00:00.0230000" startTime="2016-04-11T23:59:52.8792370+00:00" endTime="2016-04-11T23:59:52.8792370+00:00" testType="13cdc9d9-ddb5-4fa4-a97d-d965ccfc6d4b" outcome="Passed" testListId="8c84fa94-04c1-424b-9868-57a2d4851a1d" relativeResultsDirectory="78bbb642-cf9e-40b4-98e0-73a3c6dd6435">
      <Output>
        <StdOut>Initialization: Ensuring table and account records exist
Initialization: Done
Status  : --
           --&gt; Request: PATCH https://localhost:1234/subscriptions/ff44149f-7cc6-46ae-a6ed-ae071c81985c/resourceGroups/devfabric-test/providers/Microsoft.Batch/batchAccounts/msbatchtest/applications/blender?api-version=2015-12-01. Content length: 24, RequestId: 52e2c12e-1a1f-40cf-be2b-36c8b2275f67
Verbose :  --&gt; --
          {"defaultVersion":"2.7"}
Status  :  &lt;-- Response: 409 The application package corresponding to the requested default version is not active.. Content length: 165, RequestId: 
          --</StdOut>
      </Output>
    </UnitTestResult>
    <UnitTestResult executionId="ed01d0bb-083e-444d-9ced-0a3147a06d90" testId="28dc76cc-7c2f-42ae-891d-5bd1fc030a7b" testName="Microsoft.Azure.Batch.AppPackageUnitTests.Tests.Commands.AppPackages.UpdateApplicationUnitTests_TrpfeUnitTest.IfSetsDefaultVersion_EmptyString_ExistingDefaultVersionIsNulled" computerName="BATCH-JENKINS" duration="00:00:00.0240000" startTime="2016-04-11T23:59:52.8802371+00:00" endTime="2016-04-11T23:59:52.8802371+00:00" testType="13cdc9d9-ddb5-4fa4-a97d-d965ccfc6d4b" outcome="Passed" testListId="8c84fa94-04c1-424b-9868-57a2d4851a1d" relativeResultsDirectory="ed01d0bb-083e-444d-9ced-0a3147a06d90">
      <Output>
        <StdOut>Initialization: Ensuring table and account records exist
Initialization: Done
Status  : --
           --&gt; Request: PATCH https://localhost:1234/subscriptions/4046f119-74c8-43c1-8625-5ce282969cf3/resourceGroups/devfabric-test/providers/Microsoft.Batch/batchAccounts/msbatchtest/applications/blender?api-version=2015-12-01. Content length: 21, RequestId: 17784a7d-0e01-454e-8ac1-e4767be3efa0
Verbose :  --&gt; --
          {"defaultVersion":""}
Status  :  &lt;-- Response: 204 No Content. Content length: 0, RequestId: 
          --</StdOut>
      </Output>
    </UnitTestResult>
    <UnitTestResult executionId="da1b50a4-f581-49c4-9815-4c1b443ec7fc" testId="3da29019-556c-4f3b-adbf-6bb807679fc8" testName="Microsoft.Azure.Batch.AppPackageUnitTests.Tests.Commands.AppPackages.UpdateApplicationUnitTests_TrpfeUnitTest.IfSetsAllowUpdates_True_AllowUpdatesIsSet_True" computerName="BATCH-JENKINS" duration="00:00:00.0220000" startTime="2016-04-11T23:59:52.8812373+00:00" endTime="2016-04-11T23:59:52.8812373+00:00" testType="13cdc9d9-ddb5-4fa4-a97d-d965ccfc6d4b" outcome="Passed" testListId="8c84fa94-04c1-424b-9868-57a2d4851a1d" relativeResultsDirectory="da1b50a4-f581-49c4-9815-4c1b443ec7fc">
      <Output>
        <StdOut>Initialization: Ensuring table and account records exist
Initialization: Done
Status  : --
           --&gt; Request: PATCH https://localhost:1234/subscriptions/facc314c-d858-496b-bc21-afd6d7b9d94b/resourceGroups/devfabric-test/providers/Microsoft.Batch/batchAccounts/msbatchtest/applications/blender?api-version=2015-12-01. Content length: 21, RequestId: 7b1b9a58-a1e9-4cfa-8626-093db5f706e5
Verbose :  --&gt; --
          {"allowUpdates":true}
Status  :  &lt;-- Response: 204 No Content. Content length: 0, RequestId: 
          --</StdOut>
      </Output>
    </UnitTestResult>
    <UnitTestResult executionId="5dbece91-07e8-4430-a0b1-56fd52abfe5e" testId="7d887c27-592f-4ada-a4cc-de14b645fdaa" testName="Microsoft.Azure.Batch.AppPackageUnitTests.Tests.Commands.AppPackages.UpdateApplicationUnitTests_TrpfeUnitTest.IfAllowUpdatesIsInitiallyTrue_AndItIsNotSpecified_ThenItIsNotChanged" computerName="BATCH-JENKINS" duration="00:00:00.0240000" startTime="2016-04-11T23:59:52.8822366+00:00" endTime="2016-04-11T23:59:52.8822366+00:00" testType="13cdc9d9-ddb5-4fa4-a97d-d965ccfc6d4b" outcome="Passed" testListId="8c84fa94-04c1-424b-9868-57a2d4851a1d" relativeResultsDirectory="5dbece91-07e8-4430-a0b1-56fd52abfe5e">
      <Output>
        <StdOut>Initialization: Ensuring table and account records exist
Initialization: Done
Status  : --
           --&gt; Request: PATCH https://localhost:1234/subscriptions/b7f63da9-7b19-4457-aac5-6205b785c93e/resourceGroups/devfabric-test/providers/Microsoft.Batch/batchAccounts/msbatchtest/applications/blender?api-version=2015-12-01. Content length: 2, RequestId: 740f9cad-0d99-4363-bf76-48eb2d4880f9
Verbose :  --&gt; --
          {}
Status  :  &lt;-- Response: 204 No Content. Content length: 0, RequestId: 
          --</StdOut>
      </Output>
    </UnitTestResult>
    <UnitTestResult executionId="aa3ca35e-3f91-4c0c-b8ff-5e2da7b409bd" testId="b82097ff-5a69-4f91-b79f-1830420b01f9" testName="Microsoft.Azure.Batch.AppPackageUnitTests.Tests.Commands.AppPackages.ActivateApplicationPackageUnitTests_TrpfeUnitTest.WhenActivateIsCalled_BeforeUploadingBlob_CorrectExceptionIsThrown" computerName="BATCH-JENKINS" duration="00:00:00.0500000" startTime="2016-04-11T23:59:52.8832367+00:00" endTime="2016-04-11T23:59:52.8832367+00:00" testType="13cdc9d9-ddb5-4fa4-a97d-d965ccfc6d4b" outcome="Passed" testListId="8c84fa94-04c1-424b-9868-57a2d4851a1d" relativeResultsDirectory="aa3ca35e-3f91-4c0c-b8ff-5e2da7b409bd">
      <Output>
        <StdOut>Initialization: Ensuring table and account records exist
Initialization: Done
Status  : --
           --&gt; Request: POST https://localhost:1234/subscriptions/b410b275-38cd-4f9f-92d6-d7f2be3e7eac/resourceGroups/devfabric-test/providers/Microsoft.Batch/batchAccounts/msbatchtest/applications/blender/versions/2.7/activate?api-version=2015-12-01. Content length: 16, RequestId: 00b30910-c887-4d19-b769-3f3cfdeb0fc7
Verbose :  --&gt; --
          {"format":"zip"}
Status  :  &lt;-- Response: 409 No blob could be found for the specified application package.. Content length: 139, RequestId: 
          --</StdOut>
      </Output>
    </UnitTestResult>
    <UnitTestResult executionId="9e870534-aaf7-44c3-855a-76ae76c513f1" testId="7e45c9e6-e19f-4b4f-a0b3-3a4ee7a173f5" testName="Microsoft.Azure.Batch.AppPackageUnitTests.Tests.Commands.AppPackages.ActivateApplicationPackageUnitTests_TrpfeUnitTest.WhenUnknownFormatIsProvided_CorrectExceptionIsThrown" computerName="BATCH-JENKINS" duration="00:00:00.0240000" startTime="2016-04-11T23:59:52.8842375+00:00" endTime="2016-04-11T23:59:52.8842375+00:00" testType="13cdc9d9-ddb5-4fa4-a97d-d965ccfc6d4b" outcome="Passed" testListId="8c84fa94-04c1-424b-9868-57a2d4851a1d" relativeResultsDirectory="9e870534-aaf7-44c3-855a-76ae76c513f1">
      <Output>
        <StdOut>Initialization: Ensuring table and account records exist
Initialization: Done
Status  : --
           --&gt; Request: POST https://localhost:1234/subscriptions/9ca0f627-4cd8-4362-947c-e4b3eef4c78c/resourceGroups/devfabric-test/providers/Microsoft.Batch/batchAccounts/msbatchtest/applications/blender/versions/2.7/activate?api-version=2015-12-01. Content length: 28, RequestId: 9a8f6c98-87f9-457d-80ab-821f379c158f
Verbose :  --&gt; --
          {"format":"compressomagiko"}
Status  :  &lt;-- Response: 400 The value provided for one of the property in the request body is invalid.. Content length: 288, RequestId: 
          --</StdOut>
      </Output>
    </UnitTestResult>
    <UnitTestResult executionId="d7844294-e3ae-4ebb-b709-c7b86704a783" testId="12e38cbc-b9df-4364-abf4-1319fb0763ff" testName="Microsoft.Azure.Batch.AppPackageUnitTests.Tests.Commands.AppPackages.ActivateApplicationPackageUnitTests_TrpfeUnitTest.WhenActivateIsCalled_OnAnActivePackage_AndAllowUpdatesIsTrue_ANewBlobSnapshotIsActivated" computerName="BATCH-JENKINS" duration="00:00:00.0630000" startTime="2016-04-11T23:59:52.8852373+00:00" endTime="2016-04-11T23:59:52.8852373+00:00" testType="13cdc9d9-ddb5-4fa4-a97d-d965ccfc6d4b" outcome="Passed" testListId="8c84fa94-04c1-424b-9868-57a2d4851a1d" relativeResultsDirectory="d7844294-e3ae-4ebb-b709-c7b86704a783">
      <Output>
        <StdOut>Initialization: Ensuring table and account records exist
Initialization: Done
Status  : --
           --&gt; Request: POST https://localhost:1234/subscriptions/746b4686-2db0-4e7f-b1c8-b870c1be95f9/resourceGroups/devfabric-test/providers/Microsoft.Batch/batchAccounts/msbatchtest/applications/blender/versions/2.7/activate?api-version=2015-12-01. Content length: 16, RequestId: 0afe2c80-ce57-4400-923b-db05bd1b7809
Verbose :  --&gt; --
          {"format":"zip"}
Status  :  &lt;-- Response: 204 No Content. Content length: 0, RequestId: 
          --</StdOut>
      </Output>
    </UnitTestResult>
    <UnitTestResult executionId="1bed7a88-dcca-472a-bca2-0ff249cbe48e" testId="ef8b7d10-5671-479d-b724-abde8e46318d" testName="Microsoft.Azure.Batch.AppPackageUnitTests.Tests.Commands.AppPackages.ActivateApplicationPackageUnitTests_TrpfeUnitTest.WhenFormatIsMissing_CorrectExceptionIsThrown" computerName="BATCH-JENKINS" duration="00:00:00.0160000" startTime="2016-04-11T23:59:52.8862374+00:00" endTime="2016-04-11T23:59:52.8862374+00:00" testType="13cdc9d9-ddb5-4fa4-a97d-d965ccfc6d4b" outcome="Passed" testListId="8c84fa94-04c1-424b-9868-57a2d4851a1d" relativeResultsDirectory="1bed7a88-dcca-472a-bca2-0ff249cbe48e">
      <Output>
        <StdOut>Initialization: Ensuring table and account records exist
Initialization: Done
Status  : --
           --&gt; Request: POST https://localhost:1234/subscriptions/c53d6ed5-f3f9-480d-b653-3214e9faff3b/resourceGroups/devfabric-test/providers/Microsoft.Batch/batchAccounts/msbatchtest/applications/blender/versions/2.7/activate?api-version=2015-12-01. Content length: 2, RequestId: a3c4ec8d-cce3-4f15-b345-7c1a98d68ad9
Verbose :  --&gt; --
          {}
Status  :  &lt;-- Response: 400 The value provided for one of the property in the request body is invalid.. Content length: 258, RequestId: 
          --</StdOut>
      </Output>
    </UnitTestResult>
    <UnitTestResult executionId="b2f0199c-737f-47cd-85dd-f52c86595440" testId="4916e9a3-e15b-4a42-9f45-0886fb3bcebf" testName="Microsoft.Azure.Batch.AppPackageUnitTests.Tests.Commands.AppPackages.ActivateApplicationPackageUnitTests_TrpfeUnitTest.WhenActivateIsCalled_OnANonExistingPackage_CorrectExceptionIsThrown" computerName="BATCH-JENKINS" duration="00:00:00.0170000" startTime="2016-04-11T23:59:52.8872368+00:00" endTime="2016-04-11T23:59:52.8872368+00:00" testType="13cdc9d9-ddb5-4fa4-a97d-d965ccfc6d4b" outcome="Passed" testListId="8c84fa94-04c1-424b-9868-57a2d4851a1d" relativeResultsDirectory="b2f0199c-737f-47cd-85dd-f52c86595440">
      <Output>
        <StdOut>Initialization: Ensuring table and account records exist
Initialization: Done
Status  : --
           --&gt; Request: POST https://localhost:1234/subscriptions/7b4bfd98-7f60-406c-9848-9b64e66db506/resourceGroups/devfabric-test/providers/Microsoft.Batch/batchAccounts/msbatchtest/applications/blender/versions/2.7/activate?api-version=2015-12-01. Content length: 16, RequestId: 6ae506ea-8dd9-422c-a1cf-c319d77cbffe
Verbose :  --&gt; --
          {"format":"zip"}
Status  :  &lt;-- Response: 404 The specified application package does not exist.. Content length: 123, RequestId: 
          --</StdOut>
      </Output>
    </UnitTestResult>
    <UnitTestResult executionId="26857ca8-8c14-4826-80af-bba2f786a9f0" testId="a5bab61e-aa80-4350-bff2-1c80239eb896" testName="Microsoft.Azure.Batch.AppPackageUnitTests.Tests.Commands.AppPackages.ActivateApplicationPackageUnitTests_TrpfeUnitTest.WhenFormatIsSetToNull_CorrectExceptionIsThrown" computerName="BATCH-JENKINS" duration="00:00:00.0170000" startTime="2016-04-11T23:59:53.1512381+00:00" endTime="2016-04-11T23:59:53.1512381+00:00" testType="13cdc9d9-ddb5-4fa4-a97d-d965ccfc6d4b" outcome="Passed" testListId="8c84fa94-04c1-424b-9868-57a2d4851a1d" relativeResultsDirectory="26857ca8-8c14-4826-80af-bba2f786a9f0">
      <Output>
        <StdOut>Initialization: Ensuring table and account records exist
Initialization: Done
Status  : --
           --&gt; Request: POST https://localhost:1234/subscriptions/385674d4-69ce-4e35-8c10-2e4a1a6feb20/resourceGroups/devfabric-test/providers/Microsoft.Batch/batchAccounts/msbatchtest/applications/blender/versions/2.7/activate?api-version=2015-12-01. Content length: 15, RequestId: 05487cbf-ff47-4124-a359-95865ddd1f4c
Verbose :  --&gt; --
          {"format":null}
Status  :  &lt;-- Response: 400 The value provided for one of the property in the request body is invalid.. Content length: 258, RequestId: 
          --</StdOut>
      </Output>
    </UnitTestResult>
    <UnitTestResult executionId="a122b6a2-236e-4e32-84a4-6906cf923c1d" testId="41dfed72-8d5c-4114-b4dc-b5c2ac2990a9" testName="Microsoft.Azure.Batch.AppPackageUnitTests.Tests.Commands.AppPackages.ActivateApplicationPackageUnitTests_TrpfeUnitTest.CanActivate_PendingPackage_WhenAllowUpdatesIsFalse" computerName="BATCH-JENKINS" duration="00:00:00.0260000" startTime="2016-04-11T23:59:53.1522375+00:00" endTime="2016-04-11T23:59:53.1522375+00:00" testType="13cdc9d9-ddb5-4fa4-a97d-d965ccfc6d4b" outcome="Passed" testListId="8c84fa94-04c1-424b-9868-57a2d4851a1d" relativeResultsDirectory="a122b6a2-236e-4e32-84a4-6906cf923c1d">
      <Output>
        <StdOut>Initialization: Ensuring table and account records exist
Initialization: Done
Status  : --
           --&gt; Request: POST https://localhost:1234/subscriptions/627b8375-35f0-421f-9c67-7a6aa8e81654/resourceGroups/devfabric-test/providers/Microsoft.Batch/batchAccounts/msbatchtest/applications/blender/versions/2.7/activate?api-version=2015-12-01. Content length: 16, RequestId: adca9818-cf85-4474-8b2e-7b904fe72d3d
Verbose :  --&gt; --
          {"format":"zip"}
Status  :  &lt;-- Response: 204 No Content. Content length: 0, RequestId: 
          --</StdOut>
      </Output>
    </UnitTestResult>
    <UnitTestResult executionId="e312de43-b221-44b6-846b-cfbc7094ccf7" testId="d9721bf3-7e24-4abd-9431-d91a8a094b4b" testName="Microsoft.Azure.Batch.AppPackageUnitTests.Tests.Commands.AppPackages.ActivateApplicationPackageUnitTests_TrpfeUnitTest.WhenActivateIsCalled_OnAnActivePackage_AndAllowUpdatesIsFalse_CorrectExceptionIsThrown" computerName="BATCH-JENKINS" duration="00:00:00.0240000" startTime="2016-04-11T23:59:53.1532376+00:00" endTime="2016-04-11T23:59:53.1532376+00:00" testType="13cdc9d9-ddb5-4fa4-a97d-d965ccfc6d4b" outcome="Passed" testListId="8c84fa94-04c1-424b-9868-57a2d4851a1d" relativeResultsDirectory="e312de43-b221-44b6-846b-cfbc7094ccf7">
      <Output>
        <StdOut>Initialization: Ensuring table and account records exist
Initialization: Done
Status  : --
           --&gt; Request: POST https://localhost:1234/subscriptions/82427819-03a3-4592-bd00-e0f764b6ee57/resourceGroups/devfabric-test/providers/Microsoft.Batch/batchAccounts/msbatchtest/applications/blender/versions/2.7/activate?api-version=2015-12-01. Content length: 16, RequestId: 85d1f37e-01f9-4926-b68d-6a941b1c6088
Verbose :  --&gt; --
          {"format":"zip"}
Status  :  &lt;-- Response: 409 The settings for the specified application forbid package updates.. Content length: 150, RequestId: 
          --</StdOut>
      </Output>
    </UnitTestResult>
    <UnitTestResult executionId="1f59a46e-623b-47d3-8a61-e13306967209" testId="0a9f984c-3fba-4962-970b-b0a63fdc32ab" testName="Microsoft.Azure.Batch.AppPackageUnitTests.Tests.Commands.AppPackages.ActivateApplicationPackageUnitTests_TrpfeUnitTest.WhenActivateIsCalled_OnAPendingPackage_ANewBlobSnapshotIsActivated_AndRecordSetToActive" computerName="BATCH-JENKINS" duration="00:00:00.0250000" startTime="2016-04-11T23:59:53.1542379+00:00" endTime="2016-04-11T23:59:53.1542379+00:00" testType="13cdc9d9-ddb5-4fa4-a97d-d965ccfc6d4b" outcome="Passed" testListId="8c84fa94-04c1-424b-9868-57a2d4851a1d" relativeResultsDirectory="1f59a46e-623b-47d3-8a61-e13306967209">
      <Output>
        <StdOut>Initialization: Ensuring table and account records exist
Initialization: Done
Status  : --
           --&gt; Request: POST https://localhost:1234/subscriptions/541535cd-5f0e-4273-bb18-f0f4bd13c6c5/resourceGroups/devfabric-test/providers/Microsoft.Batch/batchAccounts/msbatchtest/applications/blender/versions/2.7/activate?api-version=2015-12-01. Content length: 16, RequestId: eeb59f42-4dd7-45b1-9d80-3e471b269ef2
Verbose :  --&gt; --
          {"format":"zip"}
Status  :  &lt;-- Response: 204 No Content. Content length: 0, RequestId: 
          --</StdOut>
      </Output>
    </UnitTestResult>
    <UnitTestResult executionId="2f140c2c-911c-4b13-adbb-762702f28f1c" testId="5e029ce0-fc17-4a2c-ac7d-ea0e14c3e4d7" testName="CanSerialiseId(serialisationEnvironment: ResourceProvider)" computerName="BATCH-JENKINS" duration="00:00:00.0050000" startTime="2016-04-11T23:59:53.1552374+00:00" endTime="2016-04-11T23:59:53.1552374+00:00" testType="13cdc9d9-ddb5-4fa4-a97d-d965ccfc6d4b" outcome="Passed" testListId="8c84fa94-04c1-424b-9868-57a2d4851a1d" relativeResultsDirectory="2f140c2c-911c-4b13-adbb-762702f28f1c" />
    <UnitTestResult executionId="d4154de8-da4f-4e64-8d2b-619ee418d50b" testId="4824c3e7-50fe-4d6b-bc4f-4cc2d5dcc6bc" testName="CanSerialiseStorageUrl(serialisationEnvironment: ResourceProvider)" computerName="BATCH-JENKINS" duration="00:00:00.0010000" startTime="2016-04-11T23:59:53.1562366+00:00" endTime="2016-04-11T23:59:53.1562366+00:00" testType="13cdc9d9-ddb5-4fa4-a97d-d965ccfc6d4b" outcome="Passed" testListId="8c84fa94-04c1-424b-9868-57a2d4851a1d" relativeResultsDirectory="d4154de8-da4f-4e64-8d2b-619ee418d50b" />
    <UnitTestResult executionId="fcd675df-9187-4741-a122-aca661e7b4e0" testId="52661197-8c68-4f39-85aa-307279a9ae00" testName="CanSerialiseVersion(serialisationEnvironment: ResourceProvider)" computerName="BATCH-JENKINS" duration="00:00:00.0010000" startTime="2016-04-11T23:59:53.1562366+00:00" endTime="2016-04-11T23:59:53.1562366+00:00" testType="13cdc9d9-ddb5-4fa4-a97d-d965ccfc6d4b" outcome="Passed" testListId="8c84fa94-04c1-424b-9868-57a2d4851a1d" relativeResultsDirectory="fcd675df-9187-4741-a122-aca661e7b4e0" />
    <UnitTestResult executionId="7868c141-d96c-48a3-8074-1ee84301e0bb" testId="20664800-dea1-4817-8685-ccb56371312a" testName="CanSerialiseStorageUrlExpiry(serialisationEnvironment: ResourceProvider)" computerName="BATCH-JENKINS" duration="00:00:00.0040000" startTime="2016-04-11T23:59:53.1572371+00:00" endTime="2016-04-11T23:59:53.1572371+00:00" testType="13cdc9d9-ddb5-4fa4-a97d-d965ccfc6d4b" outcome="Passed" testListId="8c84fa94-04c1-424b-9868-57a2d4851a1d" relativeResultsDirectory="7868c141-d96c-48a3-8074-1ee84301e0bb" />
    <UnitTestResult executionId="3f869857-b4bb-433b-956b-15b1ff127296" testId="2a4297ad-4dea-49be-a5d1-3b257c357aa1" testName="Microsoft.Azure.Batch.AppPackageUnitTests.Tests.UniqueApplicationPackageBlobPathProviderTests.TestGeneratedContainerNameWithRegex(containerPrefix: &quot;app&quot;, applicationId: &quot;--------------------------------------------------&quot;...)" computerName="BATCH-JENKINS" duration="00:00:00.0010000" startTime="2016-04-11T23:59:53.1582371+00:00" endTime="2016-04-11T23:59:53.1582371+00:00" testType="13cdc9d9-ddb5-4fa4-a97d-d965ccfc6d4b" outcome="Passed" testListId="8c84fa94-04c1-424b-9868-57a2d4851a1d" relativeResultsDirectory="3f869857-b4bb-433b-956b-15b1ff127296" />
    <UnitTestResult executionId="647a6336-3ca0-4eb7-b9c3-e2a796fc8116" testId="f52c7744-fba7-4236-aaf1-6180f66e2b56" testName="Microsoft.Azure.Batch.AppPackageUnitTests.Tests.UniqueApplicationPackageBlobPathProviderTests.TestGeneratedContainerNameWithRegex(containerPrefix: &quot;app&quot;, applicationId: &quot;--StartsWith-DoubleDash&quot;)" computerName="BATCH-JENKINS" duration="00:00:00.0010000" startTime="2016-04-11T23:59:53.3222375+00:00" endTime="2016-04-11T23:59:53.3222375+00:00" testType="13cdc9d9-ddb5-4fa4-a97d-d965ccfc6d4b" outcome="Passed" testListId="8c84fa94-04c1-424b-9868-57a2d4851a1d" relativeResultsDirectory="647a6336-3ca0-4eb7-b9c3-e2a796fc8116" />
    <UnitTestResult executionId="845591bc-7a83-4c65-b4eb-ecf00ac0910a" testId="05fcc600-d048-4ce2-aacb-b44c314dcdc2" testName="Microsoft.Azure.Batch.AppPackageUnitTests.Tests.UniqueApplicationPackageBlobPathProviderTests.TestGeneratedContainerNameWithRegex(containerPrefix: &quot;app&quot;, applicationId: &quot;-_-Maximum-Length_ApplicationId_WithBoth-UnderScor&quot;...)" computerName="BATCH-JENKINS" duration="00:00:00.0010000" startTime="2016-04-11T23:59:53.3232367+00:00" endTime="2016-04-11T23:59:53.3232367+00:00" testType="13cdc9d9-ddb5-4fa4-a97d-d965ccfc6d4b" outcome="Passed" testListId="8c84fa94-04c1-424b-9868-57a2d4851a1d" relativeResultsDirectory="845591bc-7a83-4c65-b4eb-ecf00ac0910a" />
    <UnitTestResult executionId="cb087ea3-8e0a-42eb-8ded-6452ec307218" testId="a3a50489-ec52-4f76-9b8d-baf8c9f947aa" testName="Microsoft.Azure.Batch.AppPackageUnitTests.Tests.UniqueApplicationPackageBlobPathProviderTests.TestGeneratedContainerNameWithRegex(containerPrefix: &quot;app&quot;, applicationId: &quot;ApplicationId&quot;)" computerName="BATCH-JENKINS" duration="00:00:00.0010000" startTime="2016-04-11T23:59:53.3242376+00:00" endTime="2016-04-11T23:59:53.3242376+00:00" testType="13cdc9d9-ddb5-4fa4-a97d-d965ccfc6d4b" outcome="Passed" testListId="8c84fa94-04c1-424b-9868-57a2d4851a1d" relativeResultsDirectory="cb087ea3-8e0a-42eb-8ded-6452ec307218" />
    <UnitTestResult executionId="cc0c3d54-9c7d-4afe-8e93-626e17875aa8" testId="f8dc4df6-490e-43d0-ae0e-b0a09e3c12e8" testName="Microsoft.Azure.Batch.AppPackageUnitTests.Tests.UniqueApplicationPackageBlobPathProviderTests.TestGeneratedContainerNameWithRegex(containerPrefix: &quot;app&quot;, applicationId: &quot;-StartsWith-SingleDash&quot;)" computerName="BATCH-JENKINS" duration="00:00:00.0010000" startTime="2016-04-11T23:59:53.3252372+00:00" endTime="2016-04-11T23:59:53.3252372+00:00" testType="13cdc9d9-ddb5-4fa4-a97d-d965ccfc6d4b" outcome="Passed" testListId="8c84fa94-04c1-424b-9868-57a2d4851a1d" relativeResultsDirectory="cc0c3d54-9c7d-4afe-8e93-626e17875aa8" />
    <UnitTestResult executionId="b2e8e1b2-47db-4d88-9dcc-dc3c187a86a9" testId="74a267c6-ccb1-40fb-a17f-3a8a969e7fe1" testName="Microsoft.Azure.Batch.AppPackageUnitTests.Tests.UniqueApplicationPackageBlobPathProviderTests.TestGeneratedContainerNameWithRegex(containerPrefix: &quot;app&quot;, applicationId: &quot;---&quot;)" computerName="BATCH-JENKINS" duration="00:00:00.0010000" startTime="2016-04-11T23:59:53.3262372+00:00" endTime="2016-04-11T23:59:53.3262372+00:00" testType="13cdc9d9-ddb5-4fa4-a97d-d965ccfc6d4b" outcome="Passed" testListId="8c84fa94-04c1-424b-9868-57a2d4851a1d" relativeResultsDirectory="b2e8e1b2-47db-4d88-9dcc-dc3c187a86a9" />
    <UnitTestResult executionId="8b5278bc-bc6e-41d4-8a61-10257bc38700" testId="cce03404-4f79-40c3-8508-bbfce1e3d85d" testName="Microsoft.Azure.Batch.AppPackageUnitTests.Tests.UniqueApplicationPackageBlobPathProviderTests.TestGeneratedContainerNameWithRegex(containerPrefix: &quot;app&quot;, applicationId: &quot;MixOf-Dashes_AndUnderScore_-_&quot;)" computerName="BATCH-JENKINS" duration="00:00:00.0010000" startTime="2016-04-11T23:59:53.3272368+00:00" endTime="2016-04-11T23:59:53.3272368+00:00" testType="13cdc9d9-ddb5-4fa4-a97d-d965ccfc6d4b" outcome="Passed" testListId="8c84fa94-04c1-424b-9868-57a2d4851a1d" relativeResultsDirectory="8b5278bc-bc6e-41d4-8a61-10257bc38700" />
    <UnitTestResult executionId="ac81b043-eb05-4ba4-838a-84e7884219ba" testId="c7b055ad-0276-48bb-b07f-99e0c6612d15" testName="Microsoft.Azure.Batch.AppPackageUnitTests.Tests.UniqueApplicationPackageBlobPathProviderTests.TestGeneratedContainerNameWithRegex(containerPrefix: &quot;app&quot;, applicationId: &quot;-_-maximum-length_applicationid_withboth-underscor&quot;...)" computerName="BATCH-JENKINS" duration="00:00:00.0010000" startTime="2016-04-11T23:59:53.3292372+00:00" endTime="2016-04-11T23:59:53.3292372+00:00" testType="13cdc9d9-ddb5-4fa4-a97d-d965ccfc6d4b" outcome="Passed" testListId="8c84fa94-04c1-424b-9868-57a2d4851a1d" relativeResultsDirectory="ac81b043-eb05-4ba4-838a-84e7884219ba" />
    <UnitTestResult executionId="cf6dbf3c-5afe-4600-b6a5-79c832f3d094" testId="2f01d465-6729-4302-bdc3-cea4473f9555" testName="Microsoft.Azure.Batch.AppPackageUnitTests.Tests.UniqueApplicationPackageBlobPathProviderTests.TestGeneratedContainerNameWithRegex(containerPrefix: &quot;app&quot;, applicationId: &quot;EndsWith_SingleUnderscore_&quot;)" computerName="BATCH-JENKINS" duration="00:00:00.0010000" startTime="2016-04-11T23:59:53.3302377+00:00" endTime="2016-04-11T23:59:53.3302377+00:00" testType="13cdc9d9-ddb5-4fa4-a97d-d965ccfc6d4b" outcome="Passed" testListId="8c84fa94-04c1-424b-9868-57a2d4851a1d" relativeResultsDirectory="cf6dbf3c-5afe-4600-b6a5-79c832f3d094" />
    <UnitTestResult executionId="ed94d38a-f942-4015-9414-ab2cdddb6729" testId="578b4ca1-dbad-4e8b-9a83-9177963d6966" testName="Microsoft.Azure.Batch.AppPackageUnitTests.Tests.UniqueApplicationPackageBlobPathProviderTests.TestGeneratedContainerNameWithRegex(containerPrefix: &quot;app&quot;, applicationId: &quot;MaximumLengthApplicationIdWithOnlyAlphaNumericChar&quot;...)" computerName="BATCH-JENKINS" duration="00:00:00.0010000" startTime="2016-04-11T23:59:53.3312373+00:00" endTime="2016-04-11T23:59:53.3312373+00:00" testType="13cdc9d9-ddb5-4fa4-a97d-d965ccfc6d4b" outcome="Passed" testListId="8c84fa94-04c1-424b-9868-57a2d4851a1d" relativeResultsDirectory="ed94d38a-f942-4015-9414-ab2cdddb6729" />
    <UnitTestResult executionId="26926885-2acf-4786-9398-835b539003c7" testId="94188028-71d4-4938-8e4e-b2d71121d36d" testName="Microsoft.Azure.Batch.AppPackageUnitTests.Tests.UniqueApplicationPackageBlobPathProviderTests.TestGeneratedContainerNameWithRegex(containerPrefix: &quot;app&quot;, applicationId: &quot;Includes_Underscore&quot;)" computerName="BATCH-JENKINS" duration="00:00:00.0010000" startTime="2016-04-11T23:59:53.4872612+00:00" endTime="2016-04-11T23:59:53.4872612+00:00" testType="13cdc9d9-ddb5-4fa4-a97d-d965ccfc6d4b" outcome="Passed" testListId="8c84fa94-04c1-424b-9868-57a2d4851a1d" relativeResultsDirectory="26926885-2acf-4786-9398-835b539003c7" />
    <UnitTestResult executionId="dbd36339-4a0d-45eb-a427-16c588290f69" testId="d7646a9c-23b2-4e45-a37f-9ac258c45bfd" testName="Microsoft.Azure.Batch.AppPackageUnitTests.Tests.UniqueApplicationPackageBlobPathProviderTests.TestGeneratedContainerNameWithRegex(containerPrefix: &quot;app&quot;, applicationId: &quot;Includes-Dash&quot;)" computerName="BATCH-JENKINS" duration="00:00:00.0010000" startTime="2016-04-11T23:59:53.4882367+00:00" endTime="2016-04-11T23:59:53.4882367+00:00" testType="13cdc9d9-ddb5-4fa4-a97d-d965ccfc6d4b" outcome="Passed" testListId="8c84fa94-04c1-424b-9868-57a2d4851a1d" relativeResultsDirectory="dbd36339-4a0d-45eb-a427-16c588290f69" />
    <UnitTestResult executionId="f52611a7-bff5-43b6-baf4-f3425c0210bc" testId="9c8c1f60-910d-42d8-8236-1bfba0d5514f" testName="Microsoft.Azure.Batch.AppPackageUnitTests.Tests.UniqueApplicationPackageBlobPathProviderTests.TestGeneratedContainerNameWithRegex(containerPrefix: &quot;app&quot;, applicationId: &quot;MixOf-Dashes_AndUnderScore1_-_&quot;)" computerName="BATCH-JENKINS" duration="00:00:00.0010000" startTime="2016-04-11T23:59:53.4892371+00:00" endTime="2016-04-11T23:59:53.4892371+00:00" testType="13cdc9d9-ddb5-4fa4-a97d-d965ccfc6d4b" outcome="Passed" testListId="8c84fa94-04c1-424b-9868-57a2d4851a1d" relativeResultsDirectory="f52611a7-bff5-43b6-baf4-f3425c0210bc" />
    <UnitTestResult executionId="b99c5fc5-2ce4-4147-9aaf-6f92854e00f4" testId="adbc68aa-21f1-4542-b942-9b59bc236f14" testName="Microsoft.Azure.Batch.AppPackageUnitTests.Tests.UniqueApplicationPackageBlobPathProviderTests.TestGeneratedContainerNameWithRegex(containerPrefix: &quot;app&quot;, applicationId: &quot;EndsWith-DoubleDash--&quot;)" computerName="BATCH-JENKINS" duration="00:00:00.0010000" startTime="2016-04-11T23:59:53.4892371+00:00" endTime="2016-04-11T23:59:53.4892371+00:00" testType="13cdc9d9-ddb5-4fa4-a97d-d965ccfc6d4b" outcome="Passed" testListId="8c84fa94-04c1-424b-9868-57a2d4851a1d" relativeResultsDirectory="b99c5fc5-2ce4-4147-9aaf-6f92854e00f4" />
    <UnitTestResult executionId="ec9ff8e8-0b88-4046-8971-edc577890fcb" testId="4071c6b3-e02c-48e8-8a5e-9eb8b7f67802" testName="Microsoft.Azure.Batch.AppPackageUnitTests.Tests.UniqueApplicationPackageBlobPathProviderTests.TestGeneratedContainerNameWithRegex(containerPrefix: &quot;app&quot;, applicationId: &quot;Includes__DoubleUnderscore&quot;)" computerName="BATCH-JENKINS" duration="00:00:00.0010000" startTime="2016-04-11T23:59:53.4902361+00:00" endTime="2016-04-11T23:59:53.4902361+00:00" testType="13cdc9d9-ddb5-4fa4-a97d-d965ccfc6d4b" outcome="Passed" testListId="8c84fa94-04c1-424b-9868-57a2d4851a1d" relativeResultsDirectory="ec9ff8e8-0b88-4046-8971-edc577890fcb" />
    <UnitTestResult executionId="b036570f-af68-4566-90df-e8ff9843d559" testId="08341de4-fef7-46b7-9952-632243424727" testName="Microsoft.Azure.Batch.AppPackageUnitTests.Tests.UniqueApplicationPackageBlobPathProviderTests.TestGeneratedContainerNameWithRegex(containerPrefix: &quot;app&quot;, applicationId: &quot;_StartsWith_SingleUnderscore&quot;)" computerName="BATCH-JENKINS" duration="00:00:00.0010000" startTime="2016-04-11T23:59:53.4912375+00:00" endTime="2016-04-11T23:59:53.4912375+00:00" testType="13cdc9d9-ddb5-4fa4-a97d-d965ccfc6d4b" outcome="Passed" testListId="8c84fa94-04c1-424b-9868-57a2d4851a1d" relativeResultsDirectory="b036570f-af68-4566-90df-e8ff9843d559" />
    <UnitTestResult executionId="924013dc-2555-4ad0-be4e-bf7b1a7774de" testId="7e82e282-d8a9-419a-9893-719dd04412c8" testName="Microsoft.Azure.Batch.AppPackageUnitTests.Tests.UniqueApplicationPackageBlobPathProviderTests.TestGeneratedContainerNameWithRegex(containerPrefix: &quot;app&quot;, applicationId: &quot;EndsWith-SingleDash-&quot;)" computerName="BATCH-JENKINS" duration="00:00:00.0010000" startTime="2016-04-11T23:59:53.4922367+00:00" endTime="2016-04-11T23:59:53.4922367+00:00" testType="13cdc9d9-ddb5-4fa4-a97d-d965ccfc6d4b" outcome="Passed" testListId="8c84fa94-04c1-424b-9868-57a2d4851a1d" relativeResultsDirectory="924013dc-2555-4ad0-be4e-bf7b1a7774de" />
    <UnitTestResult executionId="51875324-2752-4e58-b2df-952f008846d1" testId="8f8af098-ad9e-4628-b6a7-60f40ff0c61e" testName="Microsoft.Azure.Batch.AppPackageUnitTests.Tests.UniqueApplicationPackageBlobPathProviderTests.TestGeneratedContainerNameWithRegex(containerPrefix: &quot;app&quot;, applicationId: &quot;EndsWith_DoubleUnderscore__&quot;)" computerName="BATCH-JENKINS" duration="00:00:00.0010000" startTime="2016-04-11T23:59:53.4932370+00:00" endTime="2016-04-11T23:59:53.4932370+00:00" testType="13cdc9d9-ddb5-4fa4-a97d-d965ccfc6d4b" outcome="Passed" testListId="8c84fa94-04c1-424b-9868-57a2d4851a1d" relativeResultsDirectory="51875324-2752-4e58-b2df-952f008846d1" />
    <UnitTestResult executionId="18b11f69-83a2-45e5-8975-5fcf77e67b13" testId="16d81fe0-ceac-49fd-874d-856c08ea9f18" testName="Microsoft.Azure.Batch.AppPackageUnitTests.Tests.UniqueApplicationPackageBlobPathProviderTests.TestGeneratedContainerNameWithRegex(containerPrefix: &quot;app&quot;, applicationId: &quot;__StartsWith_DoubleUnderscore&quot;)" computerName="BATCH-JENKINS" duration="00:00:00.0010000" startTime="2016-04-11T23:59:53.4942372+00:00" endTime="2016-04-11T23:59:53.4942372+00:00" testType="13cdc9d9-ddb5-4fa4-a97d-d965ccfc6d4b" outcome="Passed" testListId="8c84fa94-04c1-424b-9868-57a2d4851a1d" relativeResultsDirectory="18b11f69-83a2-45e5-8975-5fcf77e67b13" />
    <UnitTestResult executionId="f4cca644-6307-4c76-9108-1bed75d99b84" testId="2303d0f9-d3a9-4d05-933a-509fcecb13ab" testName="Microsoft.Azure.Batch.AppPackageUnitTests.Tests.UniqueApplicationPackageBlobPathProviderTests.TestGeneratedContainerNameWithRegex(containerPrefix: &quot;app&quot;, applicationId: &quot;--&quot;)" computerName="BATCH-JENKINS" duration="00:00:00.0010000" startTime="2016-04-11T23:59:53.8272376+00:00" endTime="2016-04-11T23:59:53.8272376+00:00" testType="13cdc9d9-ddb5-4fa4-a97d-d965ccfc6d4b" outcome="Passed" testListId="8c84fa94-04c1-424b-9868-57a2d4851a1d" relativeResultsDirectory="f4cca644-6307-4c76-9108-1bed75d99b84" />
    <UnitTestResult executionId="1b12fec7-16a8-4f0c-a480-fe17a51dae05" testId="97ba70d9-dc71-41ed-8eff-044f30618106" testName="Microsoft.Azure.Batch.AppPackageUnitTests.Tests.UniqueApplicationPackageBlobPathProviderTests.TestGeneratedContainerNameWithRegex(containerPrefix: &quot;app&quot;, applicationId: &quot;-&quot;)" computerName="BATCH-JENKINS" duration="00:00:00.0010000" startTime="2016-04-11T23:59:53.8282380+00:00" endTime="2016-04-11T23:59:53.8282380+00:00" testType="13cdc9d9-ddb5-4fa4-a97d-d965ccfc6d4b" outcome="Passed" testListId="8c84fa94-04c1-424b-9868-57a2d4851a1d" relativeResultsDirectory="1b12fec7-16a8-4f0c-a480-fe17a51dae05" />
    <UnitTestResult executionId="c87f68e5-4fd4-459a-bcea-354c7a9631a4" testId="ff8b8095-e390-4378-bdb0-3b73427e0f3c" testName="Microsoft.Azure.Batch.AppPackageUnitTests.Tests.UniqueApplicationPackageBlobPathProviderTests.NoHashesCollide" computerName="BATCH-JENKINS" duration="00:00:00.0030000" startTime="2016-04-11T23:59:53.8292386+00:00" endTime="2016-04-11T23:59:53.8292386+00:00" testType="13cdc9d9-ddb5-4fa4-a97d-d965ccfc6d4b" outcome="Passed" testListId="8c84fa94-04c1-424b-9868-57a2d4851a1d" relativeResultsDirectory="c87f68e5-4fd4-459a-bcea-354c7a9631a4" />
    <UnitTestResult executionId="ab3951bc-bb7b-4abd-bcc0-1ca2f8fc9873" testId="c0eaebd8-401e-4c7a-a1c9-1db042c5f0f5" testName="Microsoft.Azure.Batch.AppPackageUnitTests.Tests.Commands.AutoStorage.AutoStorageApiTests_UnitTest.AutoStoragePropertiesCanBeSetMultipleTimesOnExistingAccount" computerName="BATCH-JENKINS" duration="00:00:00.3770000" startTime="2016-04-11T23:59:53.8302372+00:00" endTime="2016-04-11T23:59:53.8302372+00:00" testType="13cdc9d9-ddb5-4fa4-a97d-d965ccfc6d4b" outcome="Passed" testListId="8c84fa94-04c1-424b-9868-57a2d4851a1d" relativeResultsDirectory="ab3951bc-bb7b-4abd-bcc0-1ca2f8fc9873">
      <Output>
        <StdOut>Initialization: Ensuring table and account records exist
Initialization: Done
Info    : Setting auto storage on account 'msbatchtest'
Status  : --
           --&gt; Request: PATCH https://localhost:1234/subscriptions/d7891f0b-797e-45de-a347-a8aeceb44e77/resourceGroups/devfabric-test/providers/Microsoft.Batch/batchAccounts/msbatchtest?api-version=2015-12-01. Content length: 199, RequestId: ed8f648e-7331-4e08-bb27-27573c74974a
Verbose :  --&gt; --
          {"Properties":{"AutoStorage":{"StorageAccountId":"/subscriptions/d7891f0b-797e-45de-a347-a8aeceb44e77/resourceGroups/myResourceGroup/providers/Microsoft.ClassicStorage/storageAccounts/testaccount"}}}
Status  :  &lt;-- Response: 200 OK. Content length: 571, RequestId: 
          --</StdOut>
      </Output>
    </UnitTestResult>
    <UnitTestResult executionId="f36ff0d8-2cb4-41ef-8cfd-96705e179490" testId="f0313c6d-e5c6-43f4-902f-e3a4a39ab731" testName="Microsoft.Azure.Batch.AppPackageUnitTests.Tests.Commands.AutoStorage.AutoStorageApiTests_UnitTest.AutoStoragePropertyIsReturnedOnGetAccountsForSubscriptionRequest" computerName="BATCH-JENKINS" duration="00:00:00.0690000" startTime="2016-04-11T23:59:53.8312479+00:00" endTime="2016-04-11T23:59:53.8312479+00:00" testType="13cdc9d9-ddb5-4fa4-a97d-d965ccfc6d4b" outcome="Passed" testListId="8c84fa94-04c1-424b-9868-57a2d4851a1d" relativeResultsDirectory="f36ff0d8-2cb4-41ef-8cfd-96705e179490">
      <Output>
        <StdOut>Info    : Setting auto storage on account 'msbatchtest'
Status  : --
           --&gt; Request: GET https://localhost:1234/subscriptions/d7891f0b-797e-45de-a347-a8aeceb44e77/providers/Microsoft.Batch/batchAccounts?api-version=2015-12-01. Content length: 0, RequestId: 36e931ea-7fe7-42e2-bed3-e765006020e1
Status  :  &lt;-- Response: 200 OK. Content length: 583, RequestId: 
          --
Status  : --
           --&gt; Request: GET https://localhost:1234/subscriptions/d7891f0b-797e-45de-a347-a8aeceb44e77/resourceGroups/devfabric-test/providers/Microsoft.Batch/batchAccounts?api-version=2015-12-01. Content length: 0, RequestId: 323545f4-e4ea-416b-8f4e-0147f394a2d3
Status  :  &lt;-- Response: 200 OK. Content length: 583, RequestId: 
          --</StdOut>
      </Output>
    </UnitTestResult>
    <UnitTestResult executionId="f1f3a882-26f0-4c82-8692-fa9d3e99ff53" testId="a1d23653-a0c3-4e8d-b153-5482d41fb1d1" testName="Microsoft.Azure.Batch.AppPackageUnitTests.Tests.Commands.AutoStorage.AutoStorageApiTests_UnitTest.AutoStorageReturnsErrorWhenAccountIsInvalid" computerName="BATCH-JENKINS" duration="00:00:00.0170000" startTime="2016-04-11T23:59:53.8322373+00:00" endTime="2016-04-11T23:59:53.8322373+00:00" testType="13cdc9d9-ddb5-4fa4-a97d-d965ccfc6d4b" outcome="Passed" testListId="8c84fa94-04c1-424b-9868-57a2d4851a1d" relativeResultsDirectory="f1f3a882-26f0-4c82-8692-fa9d3e99ff53">
      <Output>
        <StdOut>Status  : --
           --&gt; Request: PATCH https://localhost:1234/subscriptions/d7891f0b-797e-45de-a347-a8aeceb44e77/resourceGroups/devfabric-test/providers/Microsoft.Batch/batchAccounts/msbatchtest?api-version=2015-12-01. Content length: 83, RequestId: e951b78c-d4c6-4a5e-a11f-dd103dfc3449
Verbose :  --&gt; --
          {"Properties":{"AutoStorage":{"StorageAccountId":"/subscriptions/thisisnotvalid"}}}
Status  :  &lt;-- Response: 400 Storage account not recognized as a valid storage account.. Content length: 129, RequestId: 
          --</StdOut>
      </Output>
    </UnitTestResult>
    <UnitTestResult executionId="a2701758-f4da-4ea2-b5a1-64a97ccc3f76" testId="3a9e0b89-ea37-45c3-b65b-25d64a3f114e" testName="Microsoft.Azure.Batch.AppPackageUnitTests.Tests.Commands.AutoStorage.AutoStorageApiTests_UnitTest.PatchWithMissingAutoStoragePropertyDoesNotChangeAutoStorageOnAccount" computerName="BATCH-JENKINS" duration="00:00:00.0490000" startTime="2016-04-11T23:59:53.8332364+00:00" endTime="2016-04-11T23:59:53.8332364+00:00" testType="13cdc9d9-ddb5-4fa4-a97d-d965ccfc6d4b" outcome="Passed" testListId="8c84fa94-04c1-424b-9868-57a2d4851a1d" relativeResultsDirectory="a2701758-f4da-4ea2-b5a1-64a97ccc3f76">
      <Output>
        <StdOut>Info    : Setting auto storage on account 'msbatchtest'
Status  : --
           --&gt; Request: PATCH https://localhost:1234/subscriptions/d7891f0b-797e-45de-a347-a8aeceb44e77/resourceGroups/devfabric-test/providers/Microsoft.Batch/batchAccounts/msbatchtest?api-version=2015-12-01. Content length: 17, RequestId: a7af039a-defd-4e4c-a972-b1c58e9bc948
Verbose :  --&gt; --
          {"properties":{}}
Status  :  &lt;-- Response: 200 OK. Content length: 571, RequestId: 
          --
Status  : --
           --&gt; Request: GET https://localhost:1234/subscriptions/d7891f0b-797e-45de-a347-a8aeceb44e77/resourceGroups/devfabric-test/providers/Microsoft.Batch/batchAccounts/msbatchtest?api-version=2015-12-01. Content length: 0, RequestId: 937cf4ae-b0c5-45fa-b63e-c25750db8ba8
Status  :  &lt;-- Response: 200 OK. Content length: 571, RequestId: 
          --</StdOut>
      </Output>
    </UnitTestResult>
    <UnitTestResult executionId="f780c5dd-3698-4940-a0be-ae5447df2415" testId="46cf3399-49ca-42d8-b431-2d2dd45f1638" testName="Microsoft.Azure.Batch.AppPackageUnitTests.Tests.Commands.AutoStorage.AutoStorageApiTests_UnitTest.AutoStoragePropertyIsReturnedOnAccountRecord" computerName="BATCH-JENKINS" duration="00:00:00.0250000" startTime="2016-04-11T23:59:53.8342366+00:00" endTime="2016-04-11T23:59:53.8342366+00:00" testType="13cdc9d9-ddb5-4fa4-a97d-d965ccfc6d4b" outcome="Passed" testListId="8c84fa94-04c1-424b-9868-57a2d4851a1d" relativeResultsDirectory="f780c5dd-3698-4940-a0be-ae5447df2415">
      <Output>
        <StdOut>Info    : Setting auto storage on account 'msbatchtest'
Status  : --
           --&gt; Request: GET https://localhost:1234/subscriptions/d7891f0b-797e-45de-a347-a8aeceb44e77/resourceGroups/devfabric-test/providers/Microsoft.Batch/batchAccounts/msbatchtest?api-version=2015-12-01. Content length: 0, RequestId: a19e62cd-2b5d-4f47-9e30-e3e7007c9e79
Status  :  &lt;-- Response: 200 OK. Content length: 571, RequestId: 
          --
Info    : Removing auto storage from account 'msbatchtest'
Status  : --
           --&gt; Request: GET https://localhost:1234/subscriptions/d7891f0b-797e-45de-a347-a8aeceb44e77/resourceGroups/devfabric-test/providers/Microsoft.Batch/batchAccounts/msbatchtest?api-version=2015-12-01. Content length: 0, RequestId: 34ad1b34-22e5-4471-bbd6-462fcedc5abd
Status  :  &lt;-- Response: 200 OK. Content length: 343, RequestId: 
          --</StdOut>
      </Output>
    </UnitTestResult>
    <UnitTestResult executionId="8f5a6402-1b02-47f9-9d76-d14e06e2515a" testId="f75f3d3f-ab0d-46a9-a48b-0eff06105e0e" testName="Microsoft.Azure.Batch.AppPackageUnitTests.Tests.Commands.AutoStorage.AutoStorageApiTests_UnitTest.AutoStoragePropertiesCanBeChangedOnAccountWithAutoStorageAccountAlreadySet" computerName="BATCH-JENKINS" duration="00:00:00.0140000" startTime="2016-04-11T23:59:53.8352375+00:00" endTime="2016-04-11T23:59:53.8352375+00:00" testType="13cdc9d9-ddb5-4fa4-a97d-d965ccfc6d4b" outcome="Passed" testListId="8c84fa94-04c1-424b-9868-57a2d4851a1d" relativeResultsDirectory="8f5a6402-1b02-47f9-9d76-d14e06e2515a">
      <Output>
        <StdOut>Info    : Setting auto storage on account 'msbatchtest'
Status  : --
           --&gt; Request: GET https://localhost:1234/subscriptions/d7891f0b-797e-45de-a347-a8aeceb44e77/providers/Microsoft.Batch/batchAccounts?api-version=2015-12-01. Content length: 0, RequestId: ac51f228-0a55-425b-9c8b-452b696033fb
Status  :  &lt;-- Response: 200 OK. Content length: 583, RequestId: 
          --
Status  : --
           --&gt; Request: GET https://localhost:1234/subscriptions/d7891f0b-797e-45de-a347-a8aeceb44e77/resourceGroups/devfabric-test/providers/Microsoft.Batch/batchAccounts?api-version=2015-12-01. Content length: 0, RequestId: bdb47ab6-25b4-4dfe-8580-abdec29d7edf
Status  :  &lt;-- Response: 200 OK. Content length: 583, RequestId: 
          --</StdOut>
      </Output>
    </UnitTestResult>
    <UnitTestResult executionId="32e12328-fc73-4484-bfaf-25e7aed5e042" testId="55d2a05e-cb9d-415a-8161-2d09e57c824d" testName="Microsoft.Azure.Batch.AppPackageUnitTests.Tests.Commands.AutoStorage.AutoStorageApiTests_UnitTest.PatchWithNullAutoStoragePropertyRemovesAutoStorageFromAccount" computerName="BATCH-JENKINS" duration="00:00:00.0190000" startTime="2016-04-11T23:59:54.2192375+00:00" endTime="2016-04-11T23:59:54.2192375+00:00" testType="13cdc9d9-ddb5-4fa4-a97d-d965ccfc6d4b" outcome="Passed" testListId="8c84fa94-04c1-424b-9868-57a2d4851a1d" relativeResultsDirectory="32e12328-fc73-4484-bfaf-25e7aed5e042">
      <Output>
        <StdOut>Info    : Setting auto storage on account 'msbatchtest'
Status  : --
           --&gt; Request: PATCH https://localhost:1234/subscriptions/d7891f0b-797e-45de-a347-a8aeceb44e77/resourceGroups/devfabric-test/providers/Microsoft.Batch/batchAccounts/msbatchtest?api-version=2015-12-01. Content length: 35, RequestId: 732ff9be-4b7a-4c26-a961-fe01355c44f0
Verbose :  --&gt; --
          {"properties":{"autoStorage":null}}
Status  :  &lt;-- Response: 200 OK. Content length: 343, RequestId: 
          --
Status  : --
           --&gt; Request: GET https://localhost:1234/subscriptions/d7891f0b-797e-45de-a347-a8aeceb44e77/resourceGroups/devfabric-test/providers/Microsoft.Batch/batchAccounts/msbatchtest?api-version=2015-12-01. Content length: 0, RequestId: f3f0f9fa-6f19-44ea-8ada-9d71b65b06fa
Status  :  &lt;-- Response: 200 OK. Content length: 343, RequestId: 
          --</StdOut>
      </Output>
    </UnitTestResult>
    <UnitTestResult executionId="95510405-f99d-4e76-88f2-c54529e38c9c" testId="de37970e-eed2-476f-83d4-a98ee2cf52ea" testName="Microsoft.Azure.Batch.AppPackageUnitTests.Tests.Commands.AutoStorage.AutoStorageApiTests_UnitTest.AutoStorageReturnsErrorWhenAccountIsForDifferentSubscription" computerName="BATCH-JENKINS" duration="00:00:00.0100000" startTime="2016-04-11T23:59:54.2202375+00:00" endTime="2016-04-11T23:59:54.2202375+00:00" testType="13cdc9d9-ddb5-4fa4-a97d-d965ccfc6d4b" outcome="Passed" testListId="8c84fa94-04c1-424b-9868-57a2d4851a1d" relativeResultsDirectory="95510405-f99d-4e76-88f2-c54529e38c9c">
      <Output>
        <StdOut>Status  : --
           --&gt; Request: PATCH https://localhost:1234/subscriptions/d7891f0b-797e-45de-a347-a8aeceb44e77/resourceGroups/devfabric-test/providers/Microsoft.Batch/batchAccounts/msbatchtest?api-version=2015-12-01. Content length: 186, RequestId: 520c5481-d704-4eb5-a988-46c761a461c8
Verbose :  --&gt; --
          {"Properties":{"AutoStorage":{"StorageAccountId":"/subscriptions/26ac8005-ee88-4b4a-a78b-312ea00c2bac/resourceGroups/devfabric-test/providers/Microsoft.Storage/storageAccounts/abc123"}}}
Status  :  &lt;-- Response: 400 Storage account subscription must match account subscription.. Content length: 145, RequestId: 
          --</StdOut>
      </Output>
    </UnitTestResult>
    <UnitTestResult executionId="5d4634e3-7843-40e7-966a-d19ad8e8d17a" testId="c1d018f2-3887-4d45-8649-ff6e4cf793aa" testName="Microsoft.Azure.Batch.AppPackageUnitTests.Tests.Commands.AutoStorage.SyncAutoStorageKeysApiTests_UnitTest.ReturnsConflictWhenAutoStorageNotEnabled" computerName="BATCH-JENKINS" duration="00:00:00.0310000" startTime="2016-04-11T23:59:54.2212375+00:00" endTime="2016-04-11T23:59:54.2212375+00:00" testType="13cdc9d9-ddb5-4fa4-a97d-d965ccfc6d4b" outcome="Passed" testListId="8c84fa94-04c1-424b-9868-57a2d4851a1d" relativeResultsDirectory="5d4634e3-7843-40e7-966a-d19ad8e8d17a">
      <Output>
        <StdOut>Info    : Removing auto storage from account 'msbatchtest'
Status  : --
           --&gt; Request: POST https://localhost:1234/subscriptions/d7891f0b-797e-45de-a347-a8aeceb44e77/resourceGroups/devfabric-test/providers/Microsoft.Batch/batchAccounts/msbatchtest/syncAutoStorageKeys?api-version=2015-12-01. Content length: 0, RequestId: 590703d9-07f3-458b-9147-4c32e65d5699
Status  :  &lt;-- Response: 409 The specified account is not enabled for auto storage.. Content length: 133, RequestId: 
          --</StdOut>
      </Output>
    </UnitTestResult>
    <UnitTestResult executionId="7b663dd0-8939-4cc9-8c30-d8a40910efa2" testId="a9e6b126-b355-48c1-ac59-d32041ef308d" testName="Microsoft.Azure.Batch.AppPackageUnitTests.Tests.Commands.AutoStorage.SyncAutoStorageKeysApiTests_UnitTest.UpdatesAutoStorageKeys" computerName="BATCH-JENKINS" duration="00:00:00.0670000" startTime="2016-04-11T23:59:54.2212375+00:00" endTime="2016-04-11T23:59:54.2212375+00:00" testType="13cdc9d9-ddb5-4fa4-a97d-d965ccfc6d4b" outcome="Passed" testListId="8c84fa94-04c1-424b-9868-57a2d4851a1d" relativeResultsDirectory="7b663dd0-8939-4cc9-8c30-d8a40910efa2">
      <Output>
        <StdOut>Info    : Removing auto storage from account 'msbatchtest'
Info    : Setting auto storage on account 'msbatchtest'
Status  : --
           --&gt; Request: POST https://localhost:1234/subscriptions/d7891f0b-797e-45de-a347-a8aeceb44e77/resourceGroups/devfabric-test/providers/Microsoft.Batch/batchAccounts/msbatchtest/syncAutoStorageKeys?api-version=2015-12-01. Content length: 0, RequestId: c7e30c3c-1db3-4144-8fd9-310eb142f4ca
Status  :  &lt;-- Response: 204 No Content. Content length: 0, RequestId: 
          --</StdOut>
      </Output>
    </UnitTestResult>
    <UnitTestResult executionId="0be68e1e-9858-45a0-b9f4-bf569bae3c2e" testId="1c49e41b-9dd3-40ee-abb5-38769ce9e8e7" testName="Microsoft.Azure.Batch.AppPackageUnitTests.Tests.Commands.AutoStorage.SyncAutoStorageKeysApiTests_UnitTest.ReturnsBadRequestWhenTenantIdNotPresentOnRequest" computerName="BATCH-JENKINS" duration="00:00:00.0140000" startTime="2016-04-11T23:59:54.2222378+00:00" endTime="2016-04-11T23:59:54.2222378+00:00" testType="13cdc9d9-ddb5-4fa4-a97d-d965ccfc6d4b" outcome="Passed" testListId="8c84fa94-04c1-424b-9868-57a2d4851a1d" relativeResultsDirectory="0be68e1e-9858-45a0-b9f4-bf569bae3c2e">
      <Output>
        <StdOut>Info    : Removing auto storage from account 'msbatchtest'
Status  : --
           --&gt; Request: POST https://localhost:1234/subscriptions/d7891f0b-797e-45de-a347-a8aeceb44e77/resourceGroups/devfabric-test/providers/Microsoft.Batch/batchAccounts/msbatchtest/syncAutoStorageKeys?api-version=2015-12-01. Content length: 0, RequestId: 1c97d596-adf7-426d-9960-9d9fb9cd401c
Status  :  &lt;-- Response: 400 An HTTP header that's mandatory for this request is not specified.. Content length: 183, RequestId: 
          --</StdOut>
      </Output>
    </UnitTestResult>
    <UnitTestResult executionId="403b95cb-d527-4195-9b05-37df2114f9d9" testId="e03e0ea3-c285-461a-a2f4-e0b884fab47a" testName="Microsoft.Azure.Batch.AppPackageUnitTests.Tests.Commands.AutoStorage.AutoStorageCreateAccount_UnitTests.AccountCanBeCreatedWithAutoStoragePropertiesSet" computerName="BATCH-JENKINS" duration="00:00:00.1630000" startTime="2016-04-11T23:59:54.2222378+00:00" endTime="2016-04-11T23:59:54.2222378+00:00" testType="13cdc9d9-ddb5-4fa4-a97d-d965ccfc6d4b" outcome="Passed" testListId="8c84fa94-04c1-424b-9868-57a2d4851a1d" relativeResultsDirectory="403b95cb-d527-4195-9b05-37df2114f9d9">
      <Output>
        <StdOut>Status  : --
           --&gt; Request: PUT https://localhost:1234/subscriptions/d7891f0b-797e-45de-a347-a8aeceb44e77/resourceGroups/devfabric-test/providers/Microsoft.Batch/batchAccounts/account489184?api-version=2015-12-01. Content length: 250, RequestId: f5cd90b6-47cb-4d50-81d1-fd89ab44e603
Verbose :  --&gt; --
          {"Name":"account489184","Location":"southcentralus","Properties":{"AutoStorage":{"StorageAccountId":"/subscriptions/d7891f0b-797e-45de-a347-a8aeceb44e77/resourceGroups/myResourceGroup/providers/Microsoft.ClassicStorage/storageAccounts/testaccount"}}}
Status  :  &lt;-- Response: 200 OK. Content length: 605, RequestId: 
          --
Status  : --
           --&gt; Request: GET https://localhost:1234/subscriptions/d7891f0b-797e-45de-a347-a8aeceb44e77/resourceGroups/devfabric-test/providers/Microsoft.Batch/batchAccounts/account489184?api-version=2015-12-01. Content length: 0, RequestId: 44530173-10f9-488e-a233-3985a8f409b0
Status  :  &lt;-- Response: 200 OK. Content length: 605, RequestId: 
          --
Status  : --
           --&gt; Request: DELETE https://localhost:1234/subscriptions/d7891f0b-797e-45de-a347-a8aeceb44e77/resourceGroups/devfabric-test/providers/Microsoft.Batch/batchAccounts/account489184?api-version=2015-12-01. Content length: 0, RequestId: 013b9b6a-d417-4506-8deb-44f4efd3d39a
Status  :  &lt;-- Response: 200 OK. Content length: 0, RequestId: 
          --</StdOut>
      </Output>
    </UnitTestResult>
    <UnitTestResult executionId="7661fc8d-770b-4108-ae53-62c73d34448e" testId="bc475630-9dcd-4461-aad4-dceb5da554cf" testName="Microsoft.Azure.Batch.AppPackageUnitTests.Tests.Commands.AutoStorage.AutoStorageCreateAccount_UnitTests.OverwritingAccountWithAutoStorageSetUpdatesAutoStorageValues" computerName="BATCH-JENKINS" duration="00:00:00.0440000" startTime="2016-04-11T23:59:54.2232378+00:00" endTime="2016-04-11T23:59:54.2232378+00:00" testType="13cdc9d9-ddb5-4fa4-a97d-d965ccfc6d4b" outcome="Passed" testListId="8c84fa94-04c1-424b-9868-57a2d4851a1d" relativeResultsDirectory="7661fc8d-770b-4108-ae53-62c73d34448e">
      <Output>
        <StdOut>Status  : --
           --&gt; Request: PUT https://localhost:1234/subscriptions/d7891f0b-797e-45de-a347-a8aeceb44e77/resourceGroups/devfabric-test/providers/Microsoft.Batch/batchAccounts/account832877?api-version=2015-12-01. Content length: 250, RequestId: afaeedbb-b562-4f41-ab3e-922403894b22
Verbose :  --&gt; --
          {"Name":"account832877","Location":"southcentralus","Properties":{"AutoStorage":{"StorageAccountId":"/subscriptions/d7891f0b-797e-45de-a347-a8aeceb44e77/resourceGroups/myResourceGroup/providers/Microsoft.ClassicStorage/storageAccounts/testaccount"}}}
Status  :  &lt;-- Response: 200 OK. Content length: 605, RequestId: 
          --
Info    : corrupting auto storage values
Status  : --
           --&gt; Request: PUT https://localhost:1234/subscriptions/d7891f0b-797e-45de-a347-a8aeceb44e77/resourceGroups/devfabric-test/providers/Microsoft.Batch/batchAccounts/account832877?api-version=2015-12-01. Content length: 250, RequestId: 9f2dede9-c5ec-40c6-ad48-8180442b9456
Verbose :  --&gt; --
          {"Name":"account832877","Location":"southcentralus","Properties":{"AutoStorage":{"StorageAccountId":"/subscriptions/d7891f0b-797e-45de-a347-a8aeceb44e77/resourceGroups/myResourceGroup/providers/Microsoft.ClassicStorage/storageAccounts/testaccount"}}}
Status  :  &lt;-- Response: 200 OK. Content length: 605, RequestId: 
          --
Status  : --
           --&gt; Request: GET https://localhost:1234/subscriptions/d7891f0b-797e-45de-a347-a8aeceb44e77/resourceGroups/devfabric-test/providers/Microsoft.Batch/batchAccounts/account832877?api-version=2015-12-01. Content length: 0, RequestId: f33da578-e594-4ffd-b409-afe4dea54767
Status  :  &lt;-- Response: 200 OK. Content length: 605, RequestId: 
          --
Status  : --
           --&gt; Request: DELETE https://localhost:1234/subscriptions/d7891f0b-797e-45de-a347-a8aeceb44e77/resourceGroups/devfabric-test/providers/Microsoft.Batch/batchAccounts/account832877?api-version=2015-12-01. Content length: 0, RequestId: dfe50987-37f2-4090-a25a-a3f53134a0fd
Status  :  &lt;-- Response: 200 OK. Content length: 0, RequestId: 
          --</StdOut>
      </Output>
    </UnitTestResult>
    <UnitTestResult executionId="e3d78593-2164-4053-b31d-2e403fc3a30c" testId="69d1cb06-c737-468b-ad06-ec3c7221918d" testName="Microsoft.Azure.Batch.AppPackageUnitTests.Tests.Commands.AutoStorage.AutoStorageCreateAccount_UnitTests.AutoStorageCanBeAddedToExistingAccount" computerName="BATCH-JENKINS" duration="00:00:00.0180000" startTime="2016-04-11T23:59:54.2242377+00:00" endTime="2016-04-11T23:59:54.2242377+00:00" testType="13cdc9d9-ddb5-4fa4-a97d-d965ccfc6d4b" outcome="Passed" testListId="8c84fa94-04c1-424b-9868-57a2d4851a1d" relativeResultsDirectory="e3d78593-2164-4053-b31d-2e403fc3a30c">
      <Output>
        <StdOut>Info    : Removing auto storage from account 'msbatchtest'
Status  : --
           --&gt; Request: PUT https://localhost:1234/subscriptions/d7891f0b-797e-45de-a347-a8aeceb44e77/resourceGroups/devfabric-test/providers/Microsoft.Batch/batchAccounts/msbatchtest?api-version=2015-12-01. Content length: 248, RequestId: 37a8554b-1c14-4e15-9632-4f863b7b0db3
Verbose :  --&gt; --
          {"Name":"msbatchtest","Location":"southcentralus","Properties":{"AutoStorage":{"StorageAccountId":"/subscriptions/d7891f0b-797e-45de-a347-a8aeceb44e77/resourceGroups/myResourceGroup/providers/Microsoft.ClassicStorage/storageAccounts/testaccount"}}}
Status  :  &lt;-- Response: 200 OK. Content length: 599, RequestId: 
          --
Status  : --
           --&gt; Request: GET https://localhost:1234/subscriptions/d7891f0b-797e-45de-a347-a8aeceb44e77/resourceGroups/devfabric-test/providers/Microsoft.Batch/batchAccounts/msbatchtest?api-version=2015-12-01. Content length: 0, RequestId: 2d6f989f-50f4-476b-a0ef-960ef53790ba
Status  :  &lt;-- Response: 200 OK. Content length: 599, RequestId: 
          --</StdOut>
      </Output>
    </UnitTestResult>
    <UnitTestResult executionId="57344d56-e2b7-450e-85d3-0ef3c7dabe94" testId="1cba8926-30d2-4eae-94db-3da119f77241" testName="Microsoft.Azure.Batch.AppPackageUnitTests.Tests.Commands.AppPackages.DeleteApplicationUnitTests_TrpfeUnitTest.IfThereIsNoApplication_CorrectExceptionIsThrown" computerName="BATCH-JENKINS" duration="00:00:00.0510000" startTime="2016-04-11T23:59:54.2252373+00:00" endTime="2016-04-11T23:59:54.2252373+00:00" testType="13cdc9d9-ddb5-4fa4-a97d-d965ccfc6d4b" outcome="Passed" testListId="8c84fa94-04c1-424b-9868-57a2d4851a1d" relativeResultsDirectory="57344d56-e2b7-450e-85d3-0ef3c7dabe94">
      <Output>
        <StdOut>Initialization: Ensuring table and account records exist
Initialization: Done
Status  : --
           --&gt; Request: DELETE https://localhost:1234/subscriptions/0f4e1fee-04c9-4a73-85d2-08c43d0f6514/resourceGroups/devfabric-test/providers/Microsoft.Batch/batchAccounts/msbatchtest/applications/blender?api-version=2015-12-01. Content length: 0, RequestId: ca3565b3-8de4-485d-bcde-2980957c5bbd
Status  :  &lt;-- Response: 404 The specified application does not exist.. Content length: 108, RequestId: 
          --</StdOut>
      </Output>
    </UnitTestResult>
    <UnitTestResult executionId="dc3cbf5d-0e88-41d5-9946-d112c8aa48d9" testId="8e25c7db-9df1-488a-92a0-7638818ec17a" testName="Microsoft.Azure.Batch.AppPackageUnitTests.Tests.Commands.AppPackages.DeleteApplicationUnitTests_TrpfeUnitTest.IfThereIsOneApplication_WithNoApplicationPackages_ThenAppropriateContainerIsDeleted" computerName="BATCH-JENKINS" duration="00:00:00.0390000" startTime="2016-04-11T23:59:54.5192568+00:00" endTime="2016-04-11T23:59:54.5192568+00:00" testType="13cdc9d9-ddb5-4fa4-a97d-d965ccfc6d4b" outcome="Passed" testListId="8c84fa94-04c1-424b-9868-57a2d4851a1d" relativeResultsDirectory="dc3cbf5d-0e88-41d5-9946-d112c8aa48d9">
      <Output>
        <StdOut>Initialization: Ensuring table and account records exist
Initialization: Done
Status  : --
           --&gt; Request: DELETE https://localhost:1234/subscriptions/92f8c187-8036-4f7d-bfaa-81e5d2cd1ada/resourceGroups/devfabric-test/providers/Microsoft.Batch/batchAccounts/msbatchtest/applications/blender?api-version=2015-12-01. Content length: 0, RequestId: c5dc9ef2-3d3c-4c68-9e19-7cc0c93bc71e
Status  :  &lt;-- Response: 204 No Content. Content length: 0, RequestId: 
          --</StdOut>
      </Output>
    </UnitTestResult>
    <UnitTestResult executionId="683ad25b-8dc1-403b-a209-3fc30a74ef68" testId="0b59123b-1377-4778-a3cf-0e9fd40fae96" testName="Microsoft.Azure.Batch.AppPackageUnitTests.Tests.Commands.AppPackages.DeleteApplicationUnitTests_TrpfeUnitTest.IfApplicationHasPackages_CorrectExceptionIsThrown" computerName="BATCH-JENKINS" duration="00:00:00.0220000" startTime="2016-04-11T23:59:54.5202379+00:00" endTime="2016-04-11T23:59:54.5202379+00:00" testType="13cdc9d9-ddb5-4fa4-a97d-d965ccfc6d4b" outcome="Passed" testListId="8c84fa94-04c1-424b-9868-57a2d4851a1d" relativeResultsDirectory="683ad25b-8dc1-403b-a209-3fc30a74ef68">
      <Output>
        <StdOut>Initialization: Ensuring table and account records exist
Initialization: Done
Status  : --
           --&gt; Request: DELETE https://localhost:1234/subscriptions/bb25313d-cd4e-471c-8db0-1a6bfea14b80/resourceGroups/devfabric-test/providers/Microsoft.Batch/batchAccounts/msbatchtest/applications/blender?api-version=2015-12-01. Content length: 0, RequestId: c3c76153-67ff-4283-a229-2061f4c64870
Status  :  &lt;-- Response: 409 The list of application packages for the specified application is not empty.. Content length: 151, RequestId: 
          --</StdOut>
      </Output>
    </UnitTestResult>
    <UnitTestResult executionId="bf6dc7e1-a755-4944-8cf8-cb48d326c56b" testId="d8de43fe-b533-45bf-b9d0-41e79a1f15ad" testName="Microsoft.Azure.Batch.AppPackageUnitTests.Tests.Commands.AppPackages.DeleteApplicationUnitTests_TrpfeUnitTest.IfThereIsOneApplication_WithNoApplicationPackages_ThenItIsDeleted" computerName="BATCH-JENKINS" duration="00:00:00.0230000" startTime="2016-04-11T23:59:54.5212374+00:00" endTime="2016-04-11T23:59:54.5212374+00:00" testType="13cdc9d9-ddb5-4fa4-a97d-d965ccfc6d4b" outcome="Passed" testListId="8c84fa94-04c1-424b-9868-57a2d4851a1d" relativeResultsDirectory="bf6dc7e1-a755-4944-8cf8-cb48d326c56b">
      <Output>
        <StdOut>Initialization: Ensuring table and account records exist
Initialization: Done
Status  : --
           --&gt; Request: DELETE https://localhost:1234/subscriptions/4216ece4-cda1-4984-a50d-7e76c18dbb5a/resourceGroups/devfabric-test/providers/Microsoft.Batch/batchAccounts/msbatchtest/applications/blender?api-version=2015-12-01. Content length: 0, RequestId: 711de94a-0e9e-41cb-80cd-0789a4d51343
Status  :  &lt;-- Response: 204 No Content. Content length: 0, RequestId: 
          --</StdOut>
      </Output>
    </UnitTestResult>
    <UnitTestResult executionId="21bdad15-6cc4-4099-baf6-c753dc4834b3" testId="b7ac2d9f-e181-444b-a0cb-fb743b87fa21" testName="Microsoft.Azure.Batch.AppPackageUnitTests.Tests.TRPFE.AddApplicationUnitTests.Returns409WhenMaxApplicationVersionsReached" computerName="BATCH-JENKINS" duration="00:00:00.0470000" startTime="2016-04-11T23:59:54.5222378+00:00" endTime="2016-04-11T23:59:54.5222378+00:00" testType="13cdc9d9-ddb5-4fa4-a97d-d965ccfc6d4b" outcome="Passed" testListId="8c84fa94-04c1-424b-9868-57a2d4851a1d" relativeResultsDirectory="21bdad15-6cc4-4099-baf6-c753dc4834b3" />
    <UnitTestResult executionId="108cc02c-e869-4d24-99e3-c41c6821eed5" testId="ae00149a-bc7d-4b8a-b1cd-4924cc245b87" testName="Microsoft.Azure.Batch.AppPackageUnitTests.Tests.TRPFE.AddApplicationUnitTests.ApplicationsCanBeAddedUntilLimitReached" computerName="BATCH-JENKINS" duration="00:00:00.0310000" startTime="2016-04-11T23:59:54.5232368+00:00" endTime="2016-04-11T23:59:54.5232368+00:00" testType="13cdc9d9-ddb5-4fa4-a97d-d965ccfc6d4b" outcome="Passed" testListId="8c84fa94-04c1-424b-9868-57a2d4851a1d" relativeResultsDirectory="108cc02c-e869-4d24-99e3-c41c6821eed5" />
    <UnitTestResult executionId="db8bf3bb-dd26-43ef-966f-9ac772ac9d0b" testId="ee217710-fef5-4356-ac87-08a93b5ad0a0" testName="Microsoft.Azure.Batch.AppPackageUnitTests.Tests.Commands.AppPackages.GetApplicationUnitTests_TrpfeUnitTest.AllPackages_AreReturnedWithOriginalCasePreserved" computerName="BATCH-JENKINS" duration="00:00:00.0560000" startTime="2016-04-11T23:59:54.5242373+00:00" endTime="2016-04-11T23:59:54.5242373+00:00" testType="13cdc9d9-ddb5-4fa4-a97d-d965ccfc6d4b" outcome="Passed" testListId="8c84fa94-04c1-424b-9868-57a2d4851a1d" relativeResultsDirectory="db8bf3bb-dd26-43ef-966f-9ac772ac9d0b">
      <Output>
        <StdOut>Initialization: Ensuring table and account records exist
Initialization: Done
Status  : --
           --&gt; Request: GET https://localhost:1234/subscriptions/aabec19c-2596-4879-bf17-1b09cf7cba0b/resourceGroups/devfabric-test/providers/Microsoft.Batch/batchAccounts/msbatchtest/applications/blender?api-version=2015-12-01. Content length: 0, RequestId: 9095298c-bddc-43f0-9d2c-4bd278a834c5
Status  :  &lt;-- Response: 200 OK. Content length: 214, RequestId: 
          --</StdOut>
      </Output>
    </UnitTestResult>
    <UnitTestResult executionId="6a34b07e-2d8b-4ed9-b9f1-4a69825c9a0b" testId="01cebd58-a489-4da5-9e9d-98c0863fadbc" testName="Microsoft.Azure.Batch.AppPackageUnitTests.Tests.Commands.AppPackages.GetApplicationUnitTests_TrpfeUnitTest.IfThereAreMultipleApplications_TheCorrectOneIsReturned" computerName="BATCH-JENKINS" duration="00:00:00.0280000" startTime="2016-04-11T23:59:54.5252375+00:00" endTime="2016-04-11T23:59:54.5252375+00:00" testType="13cdc9d9-ddb5-4fa4-a97d-d965ccfc6d4b" outcome="Passed" testListId="8c84fa94-04c1-424b-9868-57a2d4851a1d" relativeResultsDirectory="6a34b07e-2d8b-4ed9-b9f1-4a69825c9a0b">
      <Output>
        <StdOut>Initialization: Ensuring table and account records exist
Initialization: Done
Status  : --
           --&gt; Request: GET https://localhost:1234/subscriptions/3c97d7a8-aee3-4029-87b3-c69c015b569c/resourceGroups/devfabric-test/providers/Microsoft.Batch/batchAccounts/msbatchtest/applications/blender?api-version=2015-12-01. Content length: 0, RequestId: fa50353c-c133-4592-a45d-cb7e3246e971
Status  :  &lt;-- Response: 200 OK. Content length: 97, RequestId: 
          --</StdOut>
      </Output>
    </UnitTestResult>
    <UnitTestResult executionId="2be88c7f-d004-4de7-beaa-5a9db994b0e9" testId="ada9c246-6419-4061-a176-1af30449a13d" testName="Microsoft.Azure.Batch.AppPackageUnitTests.Tests.Commands.AppPackages.GetApplicationUnitTests_TrpfeUnitTest.ApplicationId_IsMatchedCaseInsensitively_AndReturnedWithOriginalCasePreserved" computerName="BATCH-JENKINS" duration="00:00:00.0220000" startTime="2016-04-11T23:59:54.5262377+00:00" endTime="2016-04-11T23:59:54.5262377+00:00" testType="13cdc9d9-ddb5-4fa4-a97d-d965ccfc6d4b" outcome="Passed" testListId="8c84fa94-04c1-424b-9868-57a2d4851a1d" relativeResultsDirectory="2be88c7f-d004-4de7-beaa-5a9db994b0e9">
      <Output>
        <StdOut>Initialization: Ensuring table and account records exist
Initialization: Done
Status  : --
           --&gt; Request: GET https://localhost:1234/subscriptions/2ed4295d-7e47-47ee-946b-6a175bd7eedd/resourceGroups/devfabric-test/providers/Microsoft.Batch/batchAccounts/msbatchtest/applications/blender?api-version=2015-12-01. Content length: 0, RequestId: e9de5344-fcb1-4dfb-a7e6-e74f61b829bd
Status  :  &lt;-- Response: 200 OK. Content length: 50, RequestId: 
          --</StdOut>
      </Output>
    </UnitTestResult>
    <UnitTestResult executionId="9dd48861-3938-4ded-a162-4176848e32cf" testId="5cbfe931-345c-4de2-9042-4b90c95d44d6" testName="Microsoft.Azure.Batch.AppPackageUnitTests.Tests.Commands.AppPackages.GetApplicationUnitTests_TrpfeUnitTest.IfThereIsNoApplication_CorrectExceptionIsThrown" computerName="BATCH-JENKINS" duration="00:00:00.0210000" startTime="2016-04-11T23:59:54.5272364+00:00" endTime="2016-04-11T23:59:54.5272364+00:00" testType="13cdc9d9-ddb5-4fa4-a97d-d965ccfc6d4b" outcome="Passed" testListId="8c84fa94-04c1-424b-9868-57a2d4851a1d" relativeResultsDirectory="9dd48861-3938-4ded-a162-4176848e32cf">
      <Output>
        <StdOut>Initialization: Ensuring table and account records exist
Initialization: Done
Status  : --
           --&gt; Request: GET https://localhost:1234/subscriptions/1f589723-7762-4fbe-afa3-da3817db8d04/resourceGroups/devfabric-test/providers/Microsoft.Batch/batchAccounts/msbatchtest/applications/blender?api-version=2015-12-01. Content length: 0, RequestId: 3cfa028c-2b4c-42ed-985b-0cb5c96da7b0
Status  :  &lt;-- Response: 404 The specified application does not exist.. Content length: 108, RequestId: 
          --</StdOut>
      </Output>
    </UnitTestResult>
    <UnitTestResult executionId="0637cb77-e585-4695-b217-2b9ee92a1e0d" testId="30da6021-a73d-47aa-8115-bc7d2f53612c" testName="Microsoft.Azure.Batch.AppPackageUnitTests.Tests.Commands.AppPackages.GetApplicationUnitTests_TrpfeUnitTest.IfThereIsOneApplication_ThenItIsReturned" computerName="BATCH-JENKINS" duration="00:00:00.0250000" startTime="2016-04-11T23:59:55.6782613+00:00" endTime="2016-04-11T23:59:55.6782613+00:00" testType="13cdc9d9-ddb5-4fa4-a97d-d965ccfc6d4b" outcome="Passed" testListId="8c84fa94-04c1-424b-9868-57a2d4851a1d" relativeResultsDirectory="0637cb77-e585-4695-b217-2b9ee92a1e0d">
      <Output>
        <StdOut>Initialization: Ensuring table and account records exist
Initialization: Done
Status  : --
           --&gt; Request: GET https://localhost:1234/subscriptions/9c1ca0eb-d30d-415e-a878-be7a628c57e5/resourceGroups/devfabric-test/providers/Microsoft.Batch/batchAccounts/msbatchtest/applications/blender?api-version=2015-12-01. Content length: 0, RequestId: f3d684f4-4e7a-4adb-ae69-a58441e3b918
Status  :  &lt;-- Response: 200 OK. Content length: 97, RequestId: 
          --</StdOut>
      </Output>
    </UnitTestResult>
    <UnitTestResult executionId="eba6c482-b001-4b2e-bb94-1159b59265f3" testId="e521b6d0-6a60-43c5-8d6d-170ce59a9729" testName="Microsoft.Azure.Batch.AppPackageUnitTests.Tests.TRPFE.ListApplicationsUnitTests.WhenMaxResultsAreReturnedFromTableStorage_Request2_AndNextLinkIsProvided_AppsWithPartReturnedRecords_ArentSentInResponse_AndArePointedToByNextLink" computerName="BATCH-JENKINS" duration="00:00:00.1750000" startTime="2016-04-11T23:59:55.6792371+00:00" endTime="2016-04-11T23:59:55.6792371+00:00" testType="13cdc9d9-ddb5-4fa4-a97d-d965ccfc6d4b" outcome="Passed" testListId="8c84fa94-04c1-424b-9868-57a2d4851a1d" relativeResultsDirectory="eba6c482-b001-4b2e-bb94-1159b59265f3" />
    <UnitTestResult executionId="9a4480f9-d345-4c24-876c-79d72c965372" testId="a1d96961-dced-460a-a0dc-136c963fe60b" testName="Microsoft.Azure.Batch.AppPackageUnitTests.Tests.TRPFE.ListApplicationsUnitTests.WhenMaxResultsAreReturnedFromTableStorage_Request4_AndRecordsReturnedFromStorage_IncludeLastRecord_FinalAppIsSentInResponse_AndNoNextLink" computerName="BATCH-JENKINS" duration="00:00:00.0140000" startTime="2016-04-11T23:59:55.6802389+00:00" endTime="2016-04-11T23:59:55.6802389+00:00" testType="13cdc9d9-ddb5-4fa4-a97d-d965ccfc6d4b" outcome="Passed" testListId="8c84fa94-04c1-424b-9868-57a2d4851a1d" relativeResultsDirectory="9a4480f9-d345-4c24-876c-79d72c965372" />
    <UnitTestResult executionId="6fdda4a9-5b2e-4314-99df-f3311c2fb973" testId="e971b702-26fc-4e53-97df-38416ab562e3" testName="Microsoft.Azure.Batch.AppPackageUnitTests.Tests.TRPFE.ListApplicationsUnitTests.WhenMaxResultsAreReturnedFromTableStorage_Request1__AppsWithPartReturnedRecords_ArentSentInResponse_AndArePointedToByNextLink" computerName="BATCH-JENKINS" duration="00:00:00.0180000" startTime="2016-04-11T23:59:55.6812386+00:00" endTime="2016-04-11T23:59:55.6812386+00:00" testType="13cdc9d9-ddb5-4fa4-a97d-d965ccfc6d4b" outcome="Passed" testListId="8c84fa94-04c1-424b-9868-57a2d4851a1d" relativeResultsDirectory="6fdda4a9-5b2e-4314-99df-f3311c2fb973" />
    <UnitTestResult executionId="dd8e2357-dc97-4314-b0d0-e9f16817868f" testId="0666ec88-b663-4803-8b59-65abe2717aab" testName="Microsoft.Azure.Batch.AppPackageUnitTests.Tests.TRPFE.ListApplicationsUnitTests.WhenMaxResultsAreReturnedFromTableStorage_Request3_AndNextLinkIsProvided_ReturnsCorrectMultipleAppsInResponse_AndCorrectNextLink" computerName="BATCH-JENKINS" duration="00:00:00.0130000" startTime="2016-04-11T23:59:55.6832377+00:00" endTime="2016-04-11T23:59:55.6832377+00:00" testType="13cdc9d9-ddb5-4fa4-a97d-d965ccfc6d4b" outcome="Passed" testListId="8c84fa94-04c1-424b-9868-57a2d4851a1d" relativeResultsDirectory="dd8e2357-dc97-4314-b0d0-e9f16817868f" />
    <UnitTestResult executionId="dfd3d474-9abb-46dc-b4cd-e2e426cc861d" testId="57f6482e-4e5b-40a2-bcaa-386130c92b91" testName="Microsoft.Azure.Batch.AppPackageUnitTests.Tests.TRPFE.ListApplicationSummariesUnitTests.WhenMaxResultsAreReturnedFromTableStorage_Request1__AppsWithPartReturnedRecords_ArentSentInResponse_AndArePointedToByNextLink" computerName="BATCH-JENKINS" duration="00:00:01.2130000" startTime="2016-04-11T23:59:55.6842379+00:00" endTime="2016-04-11T23:59:55.6842379+00:00" testType="13cdc9d9-ddb5-4fa4-a97d-d965ccfc6d4b" outcome="Passed" testListId="8c84fa94-04c1-424b-9868-57a2d4851a1d" relativeResultsDirectory="dfd3d474-9abb-46dc-b4cd-e2e426cc861d" />
    <UnitTestResult executionId="8000c906-963f-43ad-8e4e-158d586db715" testId="c0651891-67d0-4466-b5a2-f82f88cbd69c" testName="Microsoft.Azure.Batch.AppPackageUnitTests.Tests.TRPFE.ListApplicationSummariesUnitTests.WhenMaxResultsAreReturnedFromTableStorage_Request2_AndNextLinkIsProvided_AppsWithPartReturnedRecords_ArentSentInResponse_AndArePointedToByNextLink" computerName="BATCH-JENKINS" duration="00:00:00.0720000" startTime="2016-04-11T23:59:55.6852372+00:00" endTime="2016-04-11T23:59:55.6852372+00:00" testType="13cdc9d9-ddb5-4fa4-a97d-d965ccfc6d4b" outcome="Passed" testListId="8c84fa94-04c1-424b-9868-57a2d4851a1d" relativeResultsDirectory="8000c906-963f-43ad-8e4e-158d586db715" />
    <UnitTestResult executionId="c800c769-0165-4452-8aee-e108925122eb" testId="e7a81e8d-3504-47c5-88f5-f5b5973f4857" testName="Microsoft.Azure.Batch.AppPackageUnitTests.Tests.TRPFE.ListApplicationSummariesUnitTests.WhenMaxResultsAreReturnedFromTableStorage_Request5_AndRecordsReturnedFromStorage_IncludeLastRecord_FinalAppIsSentInResponse_AndNoNextLink" computerName="BATCH-JENKINS" duration="00:00:00.0600000" startTime="2016-04-11T23:59:55.6862367+00:00" endTime="2016-04-11T23:59:55.6862367+00:00" testType="13cdc9d9-ddb5-4fa4-a97d-d965ccfc6d4b" outcome="Passed" testListId="8c84fa94-04c1-424b-9868-57a2d4851a1d" relativeResultsDirectory="c800c769-0165-4452-8aee-e108925122eb" />
    <UnitTestResult executionId="0795d7bf-aad1-4675-91e6-8e458854a7f3" testId="ae1325ce-8ac3-45c6-a908-601fbf29eea2" testName="Microsoft.Azure.Batch.AppPackageUnitTests.Tests.TRPFE.ListApplicationSummariesUnitTests.WhenMaxResultsAreReturnedFromTableStorage_Request4_AndNextLinkPointsToAppWhichIsHasOnlyPendingPackages_ItIsExcludedFromResponse" computerName="BATCH-JENKINS" duration="00:00:00.0530000" startTime="2016-04-11T23:59:55.6872364+00:00" endTime="2016-04-11T23:59:55.6872364+00:00" testType="13cdc9d9-ddb5-4fa4-a97d-d965ccfc6d4b" outcome="Passed" testListId="8c84fa94-04c1-424b-9868-57a2d4851a1d" relativeResultsDirectory="0795d7bf-aad1-4675-91e6-8e458854a7f3" />
    <UnitTestResult executionId="a3a95075-ca2a-45cb-9aa4-08834398e670" testId="f05cdbe2-8260-4b45-a48e-f6a0a7b6b95f" testName="Microsoft.Azure.Batch.AppPackageUnitTests.Tests.TRPFE.ListApplicationSummariesUnitTests.WhenMaxResultsAreReturnedFromTableStorage_Request3_AndNextLinkIsProvided_ReturnsCorrectMultipleAppsInResponse_AndCorrectNextLink" computerName="BATCH-JENKINS" duration="00:00:00.0600000" startTime="2016-04-11T23:59:56.1902367+00:00" endTime="2016-04-11T23:59:56.1902367+00:00" testType="13cdc9d9-ddb5-4fa4-a97d-d965ccfc6d4b" outcome="Passed" testListId="8c84fa94-04c1-424b-9868-57a2d4851a1d" relativeResultsDirectory="a3a95075-ca2a-45cb-9aa4-08834398e670" />
    <UnitTestResult executionId="f10c20f0-6136-4667-b69f-3dc3b73ffe13" testId="233a9fd6-7cd6-47f4-be54-947915be5cf6" testName="Microsoft.Azure.Batch.AppPackageUnitTests.Tests.Commands.AppPackages.GetApplicationPackageUnitTests_TrpfeUnitTest.IfThereIsOneApplicationPackage_WithAllowUpdatesTrue_ThenStorageUrl_IsReadWrite" computerName="BATCH-JENKINS" duration="00:00:00.0740000" startTime="2016-04-11T23:59:56.1912369+00:00" endTime="2016-04-11T23:59:56.1912369+00:00" testType="13cdc9d9-ddb5-4fa4-a97d-d965ccfc6d4b" outcome="Passed" testListId="8c84fa94-04c1-424b-9868-57a2d4851a1d" relativeResultsDirectory="f10c20f0-6136-4667-b69f-3dc3b73ffe13">
      <Output>
        <StdOut>Initialization: Ensuring table and account records exist
Initialization: Done
Status  : --
           --&gt; Request: GET https://localhost:1234/subscriptions/d49e4b9d-58a5-4c7e-92c3-8a22b9da88b8/resourceGroups/devfabric-test/providers/Microsoft.Batch/batchAccounts/msbatchtest/applications/blender/versions/2.7?api-version=2015-12-01. Content length: 0, RequestId: 2052e697-7cc7-4bfe-b752-f900334717eb
Status  :  &lt;-- Response: 200 OK. Content length: 256, RequestId: 
          --</StdOut>
      </Output>
    </UnitTestResult>
    <UnitTestResult executionId="0abfd7f8-bac5-4ded-9180-b39e3d320279" testId="14ae3eb8-d5ff-4697-893e-1ea383eb0876" testName="Microsoft.Azure.Batch.AppPackageUnitTests.Tests.Commands.AppPackages.GetApplicationPackageUnitTests_TrpfeUnitTest.IfThereIsNoApplicationPackageRecord_CorrectExceptionIsThrown" computerName="BATCH-JENKINS" duration="00:00:00.0190000" startTime="2016-04-11T23:59:56.1922376+00:00" endTime="2016-04-11T23:59:56.1922376+00:00" testType="13cdc9d9-ddb5-4fa4-a97d-d965ccfc6d4b" outcome="Passed" testListId="8c84fa94-04c1-424b-9868-57a2d4851a1d" relativeResultsDirectory="0abfd7f8-bac5-4ded-9180-b39e3d320279">
      <Output>
        <StdOut>Initialization: Ensuring table and account records exist
Initialization: Done
Status  : --
           --&gt; Request: GET https://localhost:1234/subscriptions/ef63890e-0516-4a29-9494-627b7bec4c0e/resourceGroups/devfabric-test/providers/Microsoft.Batch/batchAccounts/msbatchtest/applications/blender/versions/2.7?api-version=2015-12-01. Content length: 0, RequestId: 7291382a-dd78-4b32-977f-238b20ec09bc
Status  :  &lt;-- Response: 404 The specified application package does not exist.. Content length: 123, RequestId: 
          --</StdOut>
      </Output>
    </UnitTestResult>
    <UnitTestResult executionId="460a1fbd-0f34-4b28-b9a8-64727ee471f9" testId="4ac0a3c4-d434-489a-bd84-2a12680dde6f" testName="Microsoft.Azure.Batch.AppPackageUnitTests.Tests.Commands.AppPackages.GetApplicationPackageUnitTests_TrpfeUnitTest.CantDeleteUsingSasTokenReturned_WhenAllowUpdatesIsTrue" computerName="BATCH-JENKINS" duration="00:00:00.0410000" startTime="2016-04-11T23:59:56.1932372+00:00" endTime="2016-04-11T23:59:56.1932372+00:00" testType="13cdc9d9-ddb5-4fa4-a97d-d965ccfc6d4b" outcome="Passed" testListId="8c84fa94-04c1-424b-9868-57a2d4851a1d" relativeResultsDirectory="460a1fbd-0f34-4b28-b9a8-64727ee471f9">
      <Output>
        <StdOut>Initialization: Ensuring table and account records exist
Initialization: Done
Status  : --
           --&gt; Request: GET https://localhost:1234/subscriptions/e3d9b72c-32cf-4c0f-9519-96e032cb8c4b/resourceGroups/devfabric-test/providers/Microsoft.Batch/batchAccounts/msbatchtest/applications/blender/versions/2.7?api-version=2015-12-01. Content length: 0, RequestId: 70138059-0a16-4d9e-b43f-62049e38c3b2
Status  :  &lt;-- Response: 200 OK. Content length: 255, RequestId: 
          --</StdOut>
      </Output>
    </UnitTestResult>
    <UnitTestResult executionId="81deefc3-b3f0-4a73-b6dc-d84cf3ece2ae" testId="5c65220d-cac6-4588-8167-691909a56608" testName="Microsoft.Azure.Batch.AppPackageUnitTests.Tests.Commands.AppPackages.GetApplicationPackageUnitTests_TrpfeUnitTest.ApplicationIdAndPackageVersion_AreMatchedCaseInsensitively_AndReturnedWithOriginalCasePreserved" computerName="BATCH-JENKINS" duration="00:00:00.0210000" startTime="2016-04-11T23:59:56.1942374+00:00" endTime="2016-04-11T23:59:56.1942374+00:00" testType="13cdc9d9-ddb5-4fa4-a97d-d965ccfc6d4b" outcome="Passed" testListId="8c84fa94-04c1-424b-9868-57a2d4851a1d" relativeResultsDirectory="81deefc3-b3f0-4a73-b6dc-d84cf3ece2ae">
      <Output>
        <StdOut>Initialization: Ensuring table and account records exist
Initialization: Done
Status  : --
           --&gt; Request: GET https://localhost:1234/subscriptions/db2cab27-3015-499c-8338-3e778b8cd06e/resourceGroups/devfabric-test/providers/Microsoft.Batch/batchAccounts/msbatchtest/applications/blender/versions/version2.7?api-version=2015-12-01. Content length: 0, RequestId: becea82c-b4fc-4fce-aec2-9bdb091825ad
Status  :  &lt;-- Response: 200 OK. Content length: 268, RequestId: 
          --</StdOut>
      </Output>
    </UnitTestResult>
    <UnitTestResult executionId="b1806b1a-6832-42a3-b0b5-c5bb0d6f4b42" testId="be28b75a-a6f2-4611-b71c-628a38c3092e" testName="Microsoft.Azure.Batch.AppPackageUnitTests.Tests.Commands.AppPackages.GetApplicationPackageUnitTests_TrpfeUnitTest.IfThereIsOneApplicationPackage_ThatHasntBeenActivated_ThenItIsReturned_WithExpectedValues_AndLastActivatedTimeNull" computerName="BATCH-JENKINS" duration="00:00:00.0220000" startTime="2016-04-11T23:59:56.1952357+00:00" endTime="2016-04-11T23:59:56.1952357+00:00" testType="13cdc9d9-ddb5-4fa4-a97d-d965ccfc6d4b" outcome="Passed" testListId="8c84fa94-04c1-424b-9868-57a2d4851a1d" relativeResultsDirectory="b1806b1a-6832-42a3-b0b5-c5bb0d6f4b42">
      <Output>
        <StdOut>Initialization: Ensuring table and account records exist
Initialization: Done
Status  : --
           --&gt; Request: GET https://localhost:1234/subscriptions/9ba5360a-51c3-41ab-b3b4-c701eef37410/resourceGroups/devfabric-test/providers/Microsoft.Batch/batchAccounts/msbatchtest/applications/blender/versions/2.7?api-version=2015-12-01. Content length: 0, RequestId: 68ee4ba1-2ce0-4142-8e9d-345cc7bf7f6e
Status  :  &lt;-- Response: 200 OK. Content length: 256, RequestId: 
          --</StdOut>
      </Output>
    </UnitTestResult>
    <UnitTestResult executionId="9deb1d8e-0f8d-4da3-8ad4-dd84be58bb1e" testId="94280131-5e46-4d24-8cf3-b34712662a6c" testName="Microsoft.Azure.Batch.AppPackageUnitTests.Tests.Commands.AppPackages.GetApplicationPackageUnitTests_TrpfeUnitTest.IfThereIsOneApplicationPackage_WithAllowUpdatesFalse_ThenStorageUrl_IsReadOnly" computerName="BATCH-JENKINS" duration="00:00:00.0280000" startTime="2016-04-11T23:59:56.1962376+00:00" endTime="2016-04-11T23:59:56.1962376+00:00" testType="13cdc9d9-ddb5-4fa4-a97d-d965ccfc6d4b" outcome="Passed" testListId="8c84fa94-04c1-424b-9868-57a2d4851a1d" relativeResultsDirectory="9deb1d8e-0f8d-4da3-8ad4-dd84be58bb1e">
      <Output>
        <StdOut>Initialization: Ensuring table and account records exist
Initialization: Done
Status  : --
           --&gt; Request: GET https://localhost:1234/subscriptions/04541867-4c97-43c7-a79c-ca9b3d4a7fe5/resourceGroups/devfabric-test/providers/Microsoft.Batch/batchAccounts/msbatchtest/applications/blender/versions/2.7?api-version=2015-12-01. Content length: 0, RequestId: 0401ebbf-21ce-4729-826a-9291b6cd61f9
Status  :  &lt;-- Response: 200 OK. Content length: 254, RequestId: 
          --</StdOut>
      </Output>
    </UnitTestResult>
    <UnitTestResult executionId="4a608d17-6246-4a4f-990c-fa9aca282864" testId="30b65bfc-c62d-41f8-bc49-78ff457de648" testName="Microsoft.Azure.Batch.AppPackageUnitTests.Tests.Commands.AppPackages.ListApplicationSummariesUnitTests_TlsfeUnitTest.IfThereIsASingleApplication_WithOnlyPendingPackages_ItIsNotReturned_AndNoNextLink" computerName="BATCH-JENKINS" duration="00:00:00.0910000" startTime="2016-04-11T23:59:56.1972371+00:00" endTime="2016-04-11T23:59:56.1972371+00:00" testType="13cdc9d9-ddb5-4fa4-a97d-d965ccfc6d4b" outcome="Passed" testListId="8c84fa94-04c1-424b-9868-57a2d4851a1d" relativeResultsDirectory="4a608d17-6246-4a4f-990c-fa9aca282864">
      <Output>
        <StdOut>Initialization: Ensuring table and account records exist
Initialization: Done
Status  : --
           --&gt; Request: GET https://localhost:1234/msbatchtest/applications?api-version=2015-12-01.2.2. Content length: 0, RequestId: 07a35754-070c-4ae1-99a4-683f38a3686a
Status  :  &lt;-- Response: 200 OK. Content length: 126, RequestId: 
          --</StdOut>
      </Output>
    </UnitTestResult>
    <UnitTestResult executionId="f25dee1c-ac02-443d-b4d9-1fb4dda20c35" testId="9744147c-af4c-405f-bdfc-6cb604e2bb8c" testName="Microsoft.Azure.Batch.AppPackageUnitTests.Tests.Commands.AppPackages.ListApplicationSummariesUnitTests_TlsfeUnitTest.IfValidSkipTokenIsPassedIn_AndMaxResultsIsSpecified_AndResultsDontFitInOneResponse_ThenMaxResultsLexicographicallyGreaterOrEqualApplicationsAreReturned_AndResponseIncludesValidNextLink" computerName="BATCH-JENKINS" duration="00:00:00.1400000" startTime="2016-04-11T23:59:56.1982374+00:00" endTime="2016-04-11T23:59:56.1982374+00:00" testType="13cdc9d9-ddb5-4fa4-a97d-d965ccfc6d4b" outcome="Passed" testListId="8c84fa94-04c1-424b-9868-57a2d4851a1d" relativeResultsDirectory="f25dee1c-ac02-443d-b4d9-1fb4dda20c35">
      <Output>
        <StdOut>Initialization: Ensuring table and account records exist
Initialization: Done
Status  : --
           --&gt; Request: GET https://localhost:1234/msbatchtest/applications?%24skiptoken=NPK%3d28:msbatchtest+22F6C610927C0028NRK%3d11:blender%24appSM%3d5:False&amp;maxresults=3&amp;api-version=2015-12-01.2.2. Content length: 0, RequestId: 2c64fb16-66f4-41e2-83c1-2cbfeb1076d3
Status  :  &lt;-- Response: 200 OK. Content length: 505, RequestId: 
          --
Status  : --
           --&gt; Request: GET https://localhost/msbatchtest/applications?maxresults=3&amp;api-version=2015-12-01.2.2&amp;%24skiptoken=NPK%3d28:msbatchtest+22F6C610927C0028NRK%3d8:vray%24appSM%3d5:False. Content length: 0, RequestId: 6960452e-eaec-4cb3-b32a-7602792df9e4
Status  :  &lt;-- Response: 200 OK. Content length: 334, RequestId: 
          --</StdOut>
      </Output>
    </UnitTestResult>
    <UnitTestResult executionId="45ff7722-ae4a-4174-99ac-b49bc94b1348" testId="5f2c42c6-1da3-49d0-979f-b36ed8323ec2" testName="Microsoft.Azure.Batch.AppPackageUnitTests.Tests.Commands.AppPackages.ListApplicationSummariesUnitTests_TlsfeUnitTest.ApplicationsAreReturned_WithApplicationIdAndVersion_PreservingCase" computerName="BATCH-JENKINS" duration="00:00:00.0720000" startTime="2016-04-11T23:59:56.8852471+00:00" endTime="2016-04-11T23:59:56.8852471+00:00" testType="13cdc9d9-ddb5-4fa4-a97d-d965ccfc6d4b" outcome="Passed" testListId="8c84fa94-04c1-424b-9868-57a2d4851a1d" relativeResultsDirectory="45ff7722-ae4a-4174-99ac-b49bc94b1348">
      <Output>
        <StdOut>Initialization: Ensuring table and account records exist
Initialization: Done
Status  : --
           --&gt; Request: GET https://localhost:1234/msbatchtest/applications?api-version=2015-12-01.2.2. Content length: 0, RequestId: 38cc0d68-6031-413a-b2af-7af7f69c65ee
Status  :  &lt;-- Response: 200 OK. Content length: 233, RequestId: 
          --</StdOut>
      </Output>
    </UnitTestResult>
    <UnitTestResult executionId="f7c26d3c-2662-4cdd-a707-5321ba225029" testId="129c9b93-7455-476a-a4de-0bd7ce74b130" testName="Microsoft.Azure.Batch.AppPackageUnitTests.Tests.Commands.AppPackages.ListApplicationSummariesUnitTests_TlsfeUnitTest.IfValidSkipTokenIsPassedIn_AndMaxResultsIsSpecified_AndResultsFitInOneResponse_ThenMaxResultsLexicographicallyGreaterOrEqualApplicationsAreReturned_AndNextLinkIsNull" computerName="BATCH-JENKINS" duration="00:00:00.0730000" startTime="2016-04-11T23:59:56.8852471+00:00" endTime="2016-04-11T23:59:56.8852471+00:00" testType="13cdc9d9-ddb5-4fa4-a97d-d965ccfc6d4b" outcome="Passed" testListId="8c84fa94-04c1-424b-9868-57a2d4851a1d" relativeResultsDirectory="f7c26d3c-2662-4cdd-a707-5321ba225029">
      <Output>
        <StdOut>Initialization: Ensuring table and account records exist
Initialization: Done
Status  : --
           --&gt; Request: GET https://localhost:1234/msbatchtest/applications?%24skiptoken=NPK%3d28:msbatchtest+22F6C610925BA6E6NRK%3d11:blender%24appSM%3d5:False&amp;maxresults=3&amp;api-version=2015-12-01.2.2. Content length: 0, RequestId: aae1938e-fdbb-47f2-bf6b-45db9345d2ee
Status  :  &lt;-- Response: 200 OK. Content length: 330, RequestId: 
          --</StdOut>
      </Output>
    </UnitTestResult>
    <UnitTestResult executionId="6ad3d646-1b6c-468a-9302-8ec70951ff11" testId="afb6b0eb-2f13-462f-8655-864fda9ddfaf" testName="Microsoft.Azure.Batch.AppPackageUnitTests.Tests.Commands.AppPackages.ListApplicationSummariesUnitTests_TlsfeUnitTest.IfApplicationPointedToByNextLink_HasBeenDeleted_SkipTokenStillFunctions" computerName="BATCH-JENKINS" duration="00:00:00.0850000" startTime="2016-04-11T23:59:56.8862374+00:00" endTime="2016-04-11T23:59:56.8862374+00:00" testType="13cdc9d9-ddb5-4fa4-a97d-d965ccfc6d4b" outcome="Passed" testListId="8c84fa94-04c1-424b-9868-57a2d4851a1d" relativeResultsDirectory="6ad3d646-1b6c-468a-9302-8ec70951ff11">
      <Output>
        <StdOut>Initialization: Ensuring table and account records exist
Initialization: Done
Status  : --
           --&gt; Request: GET https://localhost:1234/msbatchtest/applications?%24skiptoken=NPK%3d28:msbatchtest+22F6C6109250835DNRK%3d11:blender%24appSM%3d5:False&amp;maxresults=3&amp;api-version=2015-12-01.2.2. Content length: 0, RequestId: 67143160-10ef-4223-9a75-64c18aabba4b
Status  :  &lt;-- Response: 200 OK. Content length: 262, RequestId: 
          --</StdOut>
      </Output>
    </UnitTestResult>
    <UnitTestResult executionId="8f2b87a9-b3d6-4eb8-af26-863942a4cc3f" testId="1271d415-afc2-4247-b11c-f340e5786d41" testName="Microsoft.Azure.Batch.AppPackageUnitTests.Tests.Commands.AppPackages.ListApplicationSummariesUnitTests_TlsfeUnitTest.IfThereAreNoApplications_ThenTheListIsEmpty_AndNoNextLink" computerName="BATCH-JENKINS" duration="00:00:00.0640000" startTime="2016-04-11T23:59:56.8872375+00:00" endTime="2016-04-11T23:59:56.8872375+00:00" testType="13cdc9d9-ddb5-4fa4-a97d-d965ccfc6d4b" outcome="Passed" testListId="8c84fa94-04c1-424b-9868-57a2d4851a1d" relativeResultsDirectory="8f2b87a9-b3d6-4eb8-af26-863942a4cc3f">
      <Output>
        <StdOut>Initialization: Ensuring table and account records exist
Initialization: Done
Status  : --
           --&gt; Request: GET https://localhost:1234/msbatchtest/applications?api-version=2015-12-01.2.2. Content length: 0, RequestId: e5377b1f-fc05-4493-a906-42cee3367f78
Status  :  &lt;-- Response: 200 OK. Content length: 126, RequestId: 
          --</StdOut>
      </Output>
    </UnitTestResult>
    <UnitTestResult executionId="28bdc544-e2fd-4aa0-a8fe-1d675c2a1187" testId="9c309047-7b40-4127-9e44-7ffb26c0f6e9" testName="Microsoft.Azure.Batch.AppPackageUnitTests.Tests.Commands.AppPackages.ListApplicationSummariesUnitTests_TlsfeUnitTest.IfAnApplicationHasPendingAndActivePackages_AndResultsFitInOneResponse_OnlyActivePackagesAreReturned_AndNoNextLink" computerName="BATCH-JENKINS" duration="00:00:00.0960000" startTime="2016-04-11T23:59:56.8882373+00:00" endTime="2016-04-11T23:59:56.8882373+00:00" testType="13cdc9d9-ddb5-4fa4-a97d-d965ccfc6d4b" outcome="Passed" testListId="8c84fa94-04c1-424b-9868-57a2d4851a1d" relativeResultsDirectory="28bdc544-e2fd-4aa0-a8fe-1d675c2a1187">
      <Output>
        <StdOut>Initialization: Ensuring table and account records exist
Initialization: Done
Status  : --
           --&gt; Request: GET https://localhost:1234/msbatchtest/applications?api-version=2015-12-01.2.2. Content length: 0, RequestId: 3ffae208-f475-4534-b7aa-be997c024d10
Status  :  &lt;-- Response: 200 OK. Content length: 226, RequestId: 
          --</StdOut>
      </Output>
    </UnitTestResult>
    <UnitTestResult executionId="08279d5b-4860-4292-8ab9-03e77bfe1560" testId="a69bd1c5-f8a4-4dd5-aea7-4990466be344" testName="Microsoft.Azure.Batch.AppPackageUnitTests.Tests.Commands.AppPackages.ListApplicationSummariesUnitTests_TlsfeUnitTest.IfThereAreOnlyApplications_WithPendingPackages_ThenTheListIsEmpty_AndNoNextLink" computerName="BATCH-JENKINS" duration="00:00:00.0750000" startTime="2016-04-11T23:59:56.8882373+00:00" endTime="2016-04-11T23:59:56.8882373+00:00" testType="13cdc9d9-ddb5-4fa4-a97d-d965ccfc6d4b" outcome="Passed" testListId="8c84fa94-04c1-424b-9868-57a2d4851a1d" relativeResultsDirectory="08279d5b-4860-4292-8ab9-03e77bfe1560">
      <Output>
        <StdOut>Initialization: Ensuring table and account records exist
Initialization: Done
Status  : --
           --&gt; Request: GET https://localhost:1234/msbatchtest/applications?api-version=2015-12-01.2.2. Content length: 0, RequestId: 56d4e24e-be8f-4f7c-8ff7-996717473d71
Status  :  &lt;-- Response: 200 OK. Content length: 126, RequestId: 
          --</StdOut>
      </Output>
    </UnitTestResult>
    <UnitTestResult executionId="224253d0-e439-4085-abaa-499dbb8400cb" testId="eae22984-1986-4248-8020-8445a40bdcf4" testName="Microsoft.Azure.Batch.AppPackageUnitTests.Tests.Commands.AppPackages.ListApplicationSummariesUnitTests_TlsfeUnitTest.MaxResultsIsRespected_AndTopLexicographicallyOrderedApplicationsAreReturnedFirst" computerName="BATCH-JENKINS" duration="00:00:00.0720000" startTime="2016-04-11T23:59:56.8892384+00:00" endTime="2016-04-11T23:59:56.8892384+00:00" testType="13cdc9d9-ddb5-4fa4-a97d-d965ccfc6d4b" outcome="Passed" testListId="8c84fa94-04c1-424b-9868-57a2d4851a1d" relativeResultsDirectory="224253d0-e439-4085-abaa-499dbb8400cb">
      <Output>
        <StdOut>Initialization: Ensuring table and account records exist
Initialization: Done
Status  : --
           --&gt; Request: GET https://localhost:1234/msbatchtest/applications?maxresults=2&amp;api-version=2015-12-01.2.2. Content length: 0, RequestId: f9733098-5204-4c16-a728-b5bb9f421d42
Status  :  &lt;-- Response: 200 OK. Content length: 438, RequestId: 
          --</StdOut>
      </Output>
    </UnitTestResult>
    <UnitTestResult executionId="9bc0997a-bdb7-4fe1-8142-d9f137166a82" testId="68c98053-0bd9-494a-a7cb-bff508b50b2a" testName="Microsoft.Azure.Batch.AppPackageUnitTests.Tests.Commands.AppPackages.ListApplicationSummariesUnitTests_TlsfeUnitTest.IfValidSkipTokenIsPassedIn_ButThereAreNoMoreValidApplicationsToReturn_ThenNothingIsReturned_AndNextLinkIsNull" computerName="BATCH-JENKINS" duration="00:00:00.0780000" startTime="2016-04-11T23:59:56.8892384+00:00" endTime="2016-04-11T23:59:56.8892384+00:00" testType="13cdc9d9-ddb5-4fa4-a97d-d965ccfc6d4b" outcome="Passed" testListId="8c84fa94-04c1-424b-9868-57a2d4851a1d" relativeResultsDirectory="9bc0997a-bdb7-4fe1-8142-d9f137166a82">
      <Output>
        <StdOut>Initialization: Ensuring table and account records exist
Initialization: Done
Status  : --
           --&gt; Request: GET https://localhost:1234/msbatchtest/applications?%24skiptoken=NPK%3d28:msbatchtest+22F6C6109214B2D9NRK%3d11:blender%24appSM%3d5:False&amp;maxresults=3&amp;api-version=2015-12-01.2.2. Content length: 0, RequestId: 7e106ce1-8643-482d-912c-0a22fb6ccd88
Status  :  &lt;-- Response: 200 OK. Content length: 330, RequestId: 
          --</StdOut>
      </Output>
    </UnitTestResult>
    <UnitTestResult executionId="99fbc141-de56-4f4b-9416-e6b5a378296d" testId="c125cfc3-71a8-4aa9-b2c2-8e299ec81b9c" testName="Microsoft.Azure.Batch.AppPackageUnitTests.Tests.Commands.AppPackages.ListApplicationSummariesUnitTests_TlsfeUnitTest.IfThereAreOnlyApplicationsForOtherAccounts_ThenTheListIsEmpty_AndNoNextLink" computerName="BATCH-JENKINS" duration="00:00:00.0790000" startTime="2016-04-11T23:59:56.8902380+00:00" endTime="2016-04-11T23:59:56.8902380+00:00" testType="13cdc9d9-ddb5-4fa4-a97d-d965ccfc6d4b" outcome="Passed" testListId="8c84fa94-04c1-424b-9868-57a2d4851a1d" relativeResultsDirectory="99fbc141-de56-4f4b-9416-e6b5a378296d">
      <Output>
        <StdOut>Initialization: Ensuring table and account records exist
Initialization: Done
Status  : --
           --&gt; Request: GET https://localhost:1234/msbatchtest/applications?api-version=2015-12-01.2.2. Content length: 0, RequestId: d128f279-8e4d-44df-9bdc-69ad07ff721f
Status  :  &lt;-- Response: 200 OK. Content length: 126, RequestId: 
          --</StdOut>
      </Output>
    </UnitTestResult>
    <UnitTestResult executionId="cee9e8b0-3a01-4a6b-9b9a-0e14d3342923" testId="2ced1f63-e511-4695-bc39-0b129b55086c" testName="Microsoft.Azure.Batch.AppPackageUnitTests.Tests.Commands.AppPackages.ListApplicationSummariesUnitTests_TlsfeUnitTest.IfThereIsOneApplication_ThenTheListContainsItsDetails_AndNoNextLink" computerName="BATCH-JENKINS" duration="00:00:00.0750000" startTime="2016-04-11T23:59:57.4622613+00:00" endTime="2016-04-11T23:59:57.4622613+00:00" testType="13cdc9d9-ddb5-4fa4-a97d-d965ccfc6d4b" outcome="Passed" testListId="8c84fa94-04c1-424b-9868-57a2d4851a1d" relativeResultsDirectory="cee9e8b0-3a01-4a6b-9b9a-0e14d3342923">
      <Output>
        <StdOut>Initialization: Ensuring table and account records exist
Initialization: Done
Status  : --
           --&gt; Request: GET https://localhost:1234/msbatchtest/applications?api-version=2015-12-01.2.2. Content length: 0, RequestId: 6694c794-8eab-44c6-82b3-3fed367cbf8d
Status  :  &lt;-- Response: 200 OK. Content length: 226, RequestId: 
          --</StdOut>
      </Output>
    </UnitTestResult>
    <UnitTestResult executionId="7176e40c-177a-4ba2-9193-e302c6115ed2" testId="a11ef332-00da-4541-aa7c-22237263402a" testName="Microsoft.Azure.Batch.AppPackageUnitTests.Tests.Commands.AppPackages.ListApplicationSummariesUnitTests_TlsfeUnitTest.IfAnApplicationHasNoPackages_ThenItIsNotReturned_AndNoNextLink" computerName="BATCH-JENKINS" duration="00:00:00.0700000" startTime="2016-04-11T23:59:57.4632370+00:00" endTime="2016-04-11T23:59:57.4632370+00:00" testType="13cdc9d9-ddb5-4fa4-a97d-d965ccfc6d4b" outcome="Passed" testListId="8c84fa94-04c1-424b-9868-57a2d4851a1d" relativeResultsDirectory="7176e40c-177a-4ba2-9193-e302c6115ed2">
      <Output>
        <StdOut>Initialization: Ensuring table and account records exist
Initialization: Done
Status  : --
           --&gt; Request: GET https://localhost:1234/msbatchtest/applications?api-version=2015-12-01.2.2. Content length: 0, RequestId: f2b493a9-9248-4b28-b2c3-7604d18a6860
Status  :  &lt;-- Response: 200 OK. Content length: 126, RequestId: 
          --</StdOut>
      </Output>
    </UnitTestResult>
    <UnitTestResult executionId="8390a498-a7e4-4bdc-93e1-80e9838f8521" testId="2b28eb27-b395-411c-bb16-d53d20a2faa1" testName="Microsoft.Azure.Batch.AppPackageUnitTests.Tests.Commands.AppPackages.ListApplicationSummariesUnitTests_TlsfeUnitTest.IfThereAreMultipleApplications_ThatFitIneOnResponse_ThenTheListContainsTheirDetails_AndNoNextLink" computerName="BATCH-JENKINS" duration="00:00:00.0760000" startTime="2016-04-11T23:59:57.4632370+00:00" endTime="2016-04-11T23:59:57.4632370+00:00" testType="13cdc9d9-ddb5-4fa4-a97d-d965ccfc6d4b" outcome="Passed" testListId="8c84fa94-04c1-424b-9868-57a2d4851a1d" relativeResultsDirectory="8390a498-a7e4-4bdc-93e1-80e9838f8521">
      <Output>
        <StdOut>Initialization: Ensuring table and account records exist
Initialization: Done
Status  : --
           --&gt; Request: GET https://localhost:1234/msbatchtest/applications?api-version=2015-12-01.2.2. Content length: 0, RequestId: 7be030e2-f9b7-4449-87f1-c1fab3d374c6
Status  :  &lt;-- Response: 200 OK. Content length: 420, RequestId: 
          --</StdOut>
      </Output>
    </UnitTestResult>
    <UnitTestResult executionId="5fa183c6-f676-404e-b1d6-a40546555948" testId="38f2fca4-f1fc-435d-89fa-b805964f4f5a" testName="Microsoft.Azure.Batch.AppPackageUnitTests.Tests.Commands.AppPackages.ListApplicationSummariesUnitTests_TlsfeUnitTest.IfThereAreMultipleApplications_ThatFitInOneResponse_ThenOnlyTheActivePackagesAreReturned_AndNoNextLink" computerName="BATCH-JENKINS" duration="00:00:00.0820000" startTime="2016-04-11T23:59:57.4642402+00:00" endTime="2016-04-11T23:59:57.4642402+00:00" testType="13cdc9d9-ddb5-4fa4-a97d-d965ccfc6d4b" outcome="Passed" testListId="8c84fa94-04c1-424b-9868-57a2d4851a1d" relativeResultsDirectory="5fa183c6-f676-404e-b1d6-a40546555948">
      <Output>
        <StdOut>Initialization: Ensuring table and account records exist
Initialization: Done
Status  : --
           --&gt; Request: GET https://localhost:1234/msbatchtest/applications?api-version=2015-12-01.2.2. Content length: 0, RequestId: 7c37f527-11ba-4b4c-bcd8-e2a089c2da2e
Status  :  &lt;-- Response: 200 OK. Content length: 420, RequestId: 
          --</StdOut>
      </Output>
    </UnitTestResult>
    <UnitTestResult executionId="4a7a3940-a2f3-4d26-b77e-ff70acfbc655" testId="5562ea71-1b28-46ae-9de2-0f387f54dfba" testName="Microsoft.Azure.Batch.AppPackageUnitTests.Tests.Commands.AppPackages.ListApplicationSummariesUnitTests_TlsfeUnitTest.IfValidSkipTokenIsPassedIn_AndResultsFitInOneResponse_ThenOnlyLexicographicallyGreaterOrEqualApplicationsAreReturned_AndNoNextLink" computerName="BATCH-JENKINS" duration="00:00:00.0750000" startTime="2016-04-11T23:59:57.4652359+00:00" endTime="2016-04-11T23:59:57.4652359+00:00" testType="13cdc9d9-ddb5-4fa4-a97d-d965ccfc6d4b" outcome="Passed" testListId="8c84fa94-04c1-424b-9868-57a2d4851a1d" relativeResultsDirectory="4a7a3940-a2f3-4d26-b77e-ff70acfbc655">
      <Output>
        <StdOut>Initialization: Ensuring table and account records exist
Initialization: Done
Status  : --
           --&gt; Request: GET https://localhost:1234/msbatchtest/applications?%24skiptoken=NPK%3d28:msbatchtest+22F6C61091CE5B17NRK%3d11:blender%24appSM%3d5:False&amp;api-version=2015-12-01.2.2. Content length: 0, RequestId: d991dbfd-540c-4984-80d4-bbad449ea79c
Status  :  &lt;-- Response: 200 OK. Content length: 324, RequestId: 
          --</StdOut>
      </Output>
    </UnitTestResult>
    <UnitTestResult executionId="d7f38bbe-6f83-4d81-8e7c-eccffc49af82" testId="e9ce8c12-79c1-4f07-93d0-cd7a1cb7a81c" testName="Microsoft.Azure.Batch.AppPackageUnitTests.Tests.Commands.AppPackages.ListApplicationSummariesUnitTests_TlsfeUnitTest.IfThereAreMultipleApplications_EachWithMultiplePackages_AndTheyFitInOneResponse_ThenTheListContainsTheirDetails_AndNoNextLink" computerName="BATCH-JENKINS" duration="00:00:00.0810000" startTime="2016-04-11T23:59:57.4652359+00:00" endTime="2016-04-11T23:59:57.4652359+00:00" testType="13cdc9d9-ddb5-4fa4-a97d-d965ccfc6d4b" outcome="Passed" testListId="8c84fa94-04c1-424b-9868-57a2d4851a1d" relativeResultsDirectory="d7f38bbe-6f83-4d81-8e7c-eccffc49af82">
      <Output>
        <StdOut>Initialization: Ensuring table and account records exist
Initialization: Done
Status  : --
           --&gt; Request: GET https://localhost:1234/msbatchtest/applications?api-version=2015-12-01.2.2. Content length: 0, RequestId: eeaf57cf-026d-4605-bc44-2211a577e357
Status  :  &lt;-- Response: 200 OK. Content length: 456, RequestId: 
          --</StdOut>
      </Output>
    </UnitTestResult>
    <UnitTestResult executionId="9734b4b0-5cbb-4a59-847d-91aa18b9400b" testId="5c5d16a5-5e5d-4f78-b157-c3b0da2463eb" testName="Microsoft.Azure.Batch.AppPackageUnitTests.Tests.Commands.AppPackages.ListApplicationSummariesUnitTests_TlsfeUnitTest.WhenMaxResultsAreReturned_AndThereAreMoreResults_ResponseIncludesValidNextLink" computerName="BATCH-JENKINS" duration="00:00:00.0690000" startTime="2016-04-11T23:59:57.4662378+00:00" endTime="2016-04-11T23:59:57.4662378+00:00" testType="13cdc9d9-ddb5-4fa4-a97d-d965ccfc6d4b" outcome="Passed" testListId="8c84fa94-04c1-424b-9868-57a2d4851a1d" relativeResultsDirectory="9734b4b0-5cbb-4a59-847d-91aa18b9400b">
      <Output>
        <StdOut>Initialization: Ensuring table and account records exist
Initialization: Done
Status  : --
           --&gt; Request: GET https://localhost:1234/msbatchtest/applications?maxresults=2&amp;api-version=2015-12-01.2.2. Content length: 0, RequestId: 31f2dbe5-156f-4dcc-a5fc-ad4c11415d52
Status  :  &lt;-- Response: 200 OK. Content length: 438, RequestId: 
          --</StdOut>
      </Output>
    </UnitTestResult>
    <UnitTestResult executionId="8aba1142-1220-4078-be7b-670748650f77" testId="f9bab89c-f6ca-434b-b667-9978470ecf08" testName="CanSerialiseStorageUrl(serialisationEnvironment: ResourceProvider)" computerName="BATCH-JENKINS" duration="00:00:00.0010000" startTime="2016-04-11T23:59:57.4672357+00:00" endTime="2016-04-11T23:59:57.4672357+00:00" testType="13cdc9d9-ddb5-4fa4-a97d-d965ccfc6d4b" outcome="Passed" testListId="8c84fa94-04c1-424b-9868-57a2d4851a1d" relativeResultsDirectory="8aba1142-1220-4078-be7b-670748650f77" />
    <UnitTestResult executionId="14d69817-51cf-4b63-8b5f-fc16a5ef0089" testId="be5ab982-d928-4d15-b123-b1daeba11bb7" testName="CanSerialiseStorageUrlExpiry(serialisationEnvironment: ResourceProvider)" computerName="BATCH-JENKINS" duration="00:00:00.0010000" startTime="2016-04-11T23:59:57.4672357+00:00" endTime="2016-04-11T23:59:57.4672357+00:00" testType="13cdc9d9-ddb5-4fa4-a97d-d965ccfc6d4b" outcome="Passed" testListId="8c84fa94-04c1-424b-9868-57a2d4851a1d" relativeResultsDirectory="14d69817-51cf-4b63-8b5f-fc16a5ef0089" />
    <UnitTestResult executionId="16ed224a-ed0e-408b-97c6-1cfdc48d196e" testId="4f9a1ab9-c89f-4cd9-a323-62f65f94b3ea" testName="CanSerialiseFormat(serialisationEnvironment: ResourceProvider)" computerName="BATCH-JENKINS" duration="00:00:00.0010000" startTime="2016-04-11T23:59:57.6592580+00:00" endTime="2016-04-11T23:59:57.6592580+00:00" testType="13cdc9d9-ddb5-4fa4-a97d-d965ccfc6d4b" outcome="Passed" testListId="8c84fa94-04c1-424b-9868-57a2d4851a1d" relativeResultsDirectory="16ed224a-ed0e-408b-97c6-1cfdc48d196e" />
    <UnitTestResult executionId="83fc1911-8a57-4ff7-a329-4d8c1995a3ca" testId="05634383-6b54-476e-9f83-c1ea00c59dcf" testName="CanSerialiseLastActivationTime(serialisationEnvironment: ResourceProvider)" computerName="BATCH-JENKINS" duration="00:00:00.0010000" startTime="2016-04-11T23:59:57.6592580+00:00" endTime="2016-04-11T23:59:57.6592580+00:00" testType="13cdc9d9-ddb5-4fa4-a97d-d965ccfc6d4b" outcome="Passed" testListId="8c84fa94-04c1-424b-9868-57a2d4851a1d" relativeResultsDirectory="83fc1911-8a57-4ff7-a329-4d8c1995a3ca" />
    <UnitTestResult executionId="c439589b-fb14-49af-969b-fd75cc303cf2" testId="4557c801-5519-44c2-ba56-75a61270a28e" testName="CanSerialiseVersion(serialisationEnvironment: ResourceProvider)" computerName="BATCH-JENKINS" duration="00:00:00.0010000" startTime="2016-04-11T23:59:57.6602373+00:00" endTime="2016-04-11T23:59:57.6602373+00:00" testType="13cdc9d9-ddb5-4fa4-a97d-d965ccfc6d4b" outcome="Passed" testListId="8c84fa94-04c1-424b-9868-57a2d4851a1d" relativeResultsDirectory="c439589b-fb14-49af-969b-fd75cc303cf2" />
    <UnitTestResult executionId="874c5d5e-a2e0-4b8f-8e07-1608b1dce413" testId="d80e5943-3e6b-48d9-a2ed-32d243c4f27e" testName="CanSerialiseId(serialisationEnvironment: ResourceProvider)" computerName="BATCH-JENKINS" duration="00:00:00.0010000" startTime="2016-04-11T23:59:57.6602373+00:00" endTime="2016-04-11T23:59:57.6602373+00:00" testType="13cdc9d9-ddb5-4fa4-a97d-d965ccfc6d4b" outcome="Passed" testListId="8c84fa94-04c1-424b-9868-57a2d4851a1d" relativeResultsDirectory="874c5d5e-a2e0-4b8f-8e07-1608b1dce413" />
    <UnitTestResult executionId="62b2a196-a54e-4246-9e2e-a1d34ecef582" testId="ffca7cec-4493-45cd-b440-bd961e08957c" testName="CanSerialiseState(serialisationEnvironment: ResourceProvider)" computerName="BATCH-JENKINS" duration="00:00:00.0010000" startTime="2016-04-11T23:59:57.6602373+00:00" endTime="2016-04-11T23:59:57.6602373+00:00" testType="13cdc9d9-ddb5-4fa4-a97d-d965ccfc6d4b" outcome="Passed" testListId="8c84fa94-04c1-424b-9868-57a2d4851a1d" relativeResultsDirectory="62b2a196-a54e-4246-9e2e-a1d34ecef582" />
    <UnitTestResult executionId="d6569a2c-3ece-494c-8338-1f4027b60c7c" testId="89aea29f-df0d-46c9-acf9-c1f0ddbf8511" testName="Microsoft.Azure.Batch.AppPackageUnitTests.Tests.ApplicationBaseTableOperationsTests.GetRecordsTranslatesBlobName" computerName="BATCH-JENKINS" duration="00:00:00.0150000" startTime="2016-04-11T23:59:57.6602373+00:00" endTime="2016-04-11T23:59:57.6602373+00:00" testType="13cdc9d9-ddb5-4fa4-a97d-d965ccfc6d4b" outcome="Passed" testListId="8c84fa94-04c1-424b-9868-57a2d4851a1d" relativeResultsDirectory="d6569a2c-3ece-494c-8338-1f4027b60c7c" />
    <UnitTestResult executionId="66e75298-28a5-47fa-88a1-50df95d93ba4" testId="89f4282a-4b63-4b77-89cb-e32e1a80c84e" testName="Microsoft.Azure.Batch.AppPackageUnitTests.Tests.ApplicationBaseTableOperationsTests.GetRecordsForApplicationRetrievesOnlyPerAccountAndApplicationRecords" computerName="BATCH-JENKINS" duration="00:00:00.0180000" startTime="2016-04-11T23:59:57.6612374+00:00" endTime="2016-04-11T23:59:57.6612374+00:00" testType="13cdc9d9-ddb5-4fa4-a97d-d965ccfc6d4b" outcome="Passed" testListId="8c84fa94-04c1-424b-9868-57a2d4851a1d" relativeResultsDirectory="66e75298-28a5-47fa-88a1-50df95d93ba4" />
    <UnitTestResult executionId="fb85b55f-4f01-4b5a-80ba-08ca84cd47ea" testId="e2198328-6b5b-4157-a936-a26f47f74600" testName="Microsoft.Azure.Batch.AppPackageUnitTests.Tests.ApplicationBaseTableOperationsTests.GetRecordsTranslatesActiveSnapshotUrl" computerName="BATCH-JENKINS" duration="00:00:00.0080000" startTime="2016-04-11T23:59:57.6622375+00:00" endTime="2016-04-11T23:59:57.6622375+00:00" testType="13cdc9d9-ddb5-4fa4-a97d-d965ccfc6d4b" outcome="Passed" testListId="8c84fa94-04c1-424b-9868-57a2d4851a1d" relativeResultsDirectory="fb85b55f-4f01-4b5a-80ba-08ca84cd47ea" />
    <UnitTestResult executionId="7a72b7df-8dee-40dd-b2c3-d9c29fea82eb" testId="1055a70a-b6c5-49f3-a6d2-c1ff25e60742" testName="Microsoft.Azure.Batch.AppPackageUnitTests.Tests.ApplicationBaseTableOperationsTests.GetRecordsTranslatesPackageType" computerName="BATCH-JENKINS" duration="00:00:00.0070000" startTime="2016-04-11T23:59:57.6622375+00:00" endTime="2016-04-11T23:59:57.6622375+00:00" testType="13cdc9d9-ddb5-4fa4-a97d-d965ccfc6d4b" outcome="Passed" testListId="8c84fa94-04c1-424b-9868-57a2d4851a1d" relativeResultsDirectory="7a72b7df-8dee-40dd-b2c3-d9c29fea82eb" />
    <UnitTestResult executionId="1b7478e5-9d2e-47aa-9615-5319162681ea" testId="bf150b94-b507-4e4d-8953-10331df8253d" testName="Microsoft.Azure.Batch.AppPackageUnitTests.Tests.ApplicationBaseTableOperationsTests.GetRecordsTranslatesState" computerName="BATCH-JENKINS" duration="00:00:00.0080000" startTime="2016-04-11T23:59:57.8832371+00:00" endTime="2016-04-11T23:59:57.8832371+00:00" testType="13cdc9d9-ddb5-4fa4-a97d-d965ccfc6d4b" outcome="Passed" testListId="8c84fa94-04c1-424b-9868-57a2d4851a1d" relativeResultsDirectory="1b7478e5-9d2e-47aa-9615-5319162681ea" />
    <UnitTestResult executionId="de639a5d-ac5a-45f7-a243-aecbd6c52bf9" testId="2d8cd1ce-e92e-4aea-a1cd-c1fc706deb8b" testName="Microsoft.Azure.Batch.AppPackageUnitTests.Tests.ApplicationBaseTableOperationsTests.GetRecordsTranslatesAllowUpdates" computerName="BATCH-JENKINS" duration="00:00:00.0070000" startTime="2016-04-11T23:59:57.8842373+00:00" endTime="2016-04-11T23:59:57.8842373+00:00" testType="13cdc9d9-ddb5-4fa4-a97d-d965ccfc6d4b" outcome="Passed" testListId="8c84fa94-04c1-424b-9868-57a2d4851a1d" relativeResultsDirectory="de639a5d-ac5a-45f7-a243-aecbd6c52bf9" />
    <UnitTestResult executionId="15b20581-1627-4543-bd01-e21962cc15c0" testId="b23efe78-e331-44bf-a2ad-ac631debbd66" testName="Microsoft.Azure.Batch.AppPackageUnitTests.Tests.ApplicationBaseTableOperationsTests.GetRecordsTranslatesDisplayName" computerName="BATCH-JENKINS" duration="00:00:00.0090000" startTime="2016-04-11T23:59:57.8842373+00:00" endTime="2016-04-11T23:59:57.8842373+00:00" testType="13cdc9d9-ddb5-4fa4-a97d-d965ccfc6d4b" outcome="Passed" testListId="8c84fa94-04c1-424b-9868-57a2d4851a1d" relativeResultsDirectory="15b20581-1627-4543-bd01-e21962cc15c0" />
    <UnitTestResult executionId="47c0d739-7923-4595-8b29-ba70eb1e8275" testId="5fc89aa7-e942-4e6d-a6cf-aab4af62785d" testName="Microsoft.Azure.Batch.AppPackageUnitTests.Tests.ApplicationBaseTableOperationsTests.GetRecordsTranslatesVersion" computerName="BATCH-JENKINS" duration="00:00:00.0070000" startTime="2016-04-11T23:59:57.8852363+00:00" endTime="2016-04-11T23:59:57.8852363+00:00" testType="13cdc9d9-ddb5-4fa4-a97d-d965ccfc6d4b" outcome="Passed" testListId="8c84fa94-04c1-424b-9868-57a2d4851a1d" relativeResultsDirectory="47c0d739-7923-4595-8b29-ba70eb1e8275" />
    <UnitTestResult executionId="ce37cc3a-4330-4448-b024-3ab91da0cf40" testId="a7521d8c-bf4b-4442-9cd9-bf8dab887215" testName="Microsoft.Azure.Batch.AppPackageUnitTests.Tests.ApplicationBaseTableOperationsTests.GetRecordsTranslatesApplicationId" computerName="BATCH-JENKINS" duration="00:00:00.0070000" startTime="2016-04-11T23:59:57.8862362+00:00" endTime="2016-04-11T23:59:57.8862362+00:00" testType="13cdc9d9-ddb5-4fa4-a97d-d965ccfc6d4b" outcome="Passed" testListId="8c84fa94-04c1-424b-9868-57a2d4851a1d" relativeResultsDirectory="ce37cc3a-4330-4448-b024-3ab91da0cf40" />
    <UnitTestResult executionId="6dcb8f30-7f48-4cc8-b9c6-90e33d618795" testId="1764cc94-9c0f-4ec7-8b56-421eba1de893" testName="Microsoft.Azure.Batch.AppPackageUnitTests.Tests.ApplicationBaseTableOperationsTests.GetRecordsTranslatesDefaultVersion" computerName="BATCH-JENKINS" duration="00:00:00.0090000" startTime="2016-04-11T23:59:57.8862362+00:00" endTime="2016-04-11T23:59:57.8862362+00:00" testType="13cdc9d9-ddb5-4fa4-a97d-d965ccfc6d4b" outcome="Passed" testListId="8c84fa94-04c1-424b-9868-57a2d4851a1d" relativeResultsDirectory="6dcb8f30-7f48-4cc8-b9c6-90e33d618795" />
    <UnitTestResult executionId="730b1d35-6898-45ab-9e01-20fc1d621763" testId="da8a094e-f4f6-445e-9746-ba12d7cadebc" testName="Microsoft.Azure.Batch.AppPackageUnitTests.Tests.ApplicationBaseTableOperationsTests.GetRecordsRetrievesOnlyPerAccountRecords" computerName="BATCH-JENKINS" duration="00:00:00.0070000" startTime="2016-04-11T23:59:57.8862362+00:00" endTime="2016-04-11T23:59:57.8862362+00:00" testType="13cdc9d9-ddb5-4fa4-a97d-d965ccfc6d4b" outcome="Passed" testListId="8c84fa94-04c1-424b-9868-57a2d4851a1d" relativeResultsDirectory="730b1d35-6898-45ab-9e01-20fc1d621763" />
    <UnitTestResult executionId="4d1dce6d-9543-4949-a9b0-0e19c757ca6c" testId="5a3ca0b7-3b18-4915-9b53-e8c255e8f075" testName="Microsoft.Azure.Batch.AppPackageUnitTests.Tests.ApplicationBaseTableOperationsTests.GetRecordsTranslatesActiveSnapshotTimestamp" computerName="BATCH-JENKINS" duration="00:00:00.0080000" startTime="2016-04-11T23:59:57.8872372+00:00" endTime="2016-04-11T23:59:57.8872372+00:00" testType="13cdc9d9-ddb5-4fa4-a97d-d965ccfc6d4b" outcome="Passed" testListId="8c84fa94-04c1-424b-9868-57a2d4851a1d" relativeResultsDirectory="4d1dce6d-9543-4949-a9b0-0e19c757ca6c" />
    <UnitTestResult executionId="93ea92dc-2cfa-41e9-a2bb-984c335c5202" testId="7c377520-11e1-4499-815f-bd5e463c8618" testName="Microsoft.Azure.Batch.AppPackageUnitTests.Tests.ApplicationSettingsTableOperationsTests.GetRecordsTranslatesDefaultVersion" computerName="BATCH-JENKINS" duration="00:00:00.0090000" startTime="2016-04-11T23:59:57.8872372+00:00" endTime="2016-04-11T23:59:57.8872372+00:00" testType="13cdc9d9-ddb5-4fa4-a97d-d965ccfc6d4b" outcome="Passed" testListId="8c84fa94-04c1-424b-9868-57a2d4851a1d" relativeResultsDirectory="93ea92dc-2cfa-41e9-a2bb-984c335c5202" />
    <UnitTestResult executionId="a4b27b9c-2f60-4b90-8ee3-8fd97c618f85" testId="ae91eea7-3f9f-4456-b4b5-d3978cd64586" testName="Microsoft.Azure.Batch.AppPackageUnitTests.Tests.ApplicationSettingsTableOperationsTests.InsertRecordErrorsIfApplicationIdAlreadyExists" computerName="BATCH-JENKINS" duration="00:00:00.0160000" startTime="2016-04-11T23:59:58.1222376+00:00" endTime="2016-04-11T23:59:58.1222376+00:00" testType="13cdc9d9-ddb5-4fa4-a97d-d965ccfc6d4b" outcome="Passed" testListId="8c84fa94-04c1-424b-9868-57a2d4851a1d" relativeResultsDirectory="a4b27b9c-2f60-4b90-8ee3-8fd97c618f85" />
    <UnitTestResult executionId="42d7ce8d-5081-49c4-a5af-b90749147d39" testId="5f0386f6-24d9-4637-a263-366733e84385" testName="Microsoft.Azure.Batch.AppPackageUnitTests.Tests.ApplicationSettingsTableOperationsTests.IfRecordExistsButHasChanged__ThenDeleteRecordErrorsWithConflict" computerName="BATCH-JENKINS" duration="00:00:00.0090000" startTime="2016-04-11T23:59:58.1232371+00:00" endTime="2016-04-11T23:59:58.1232371+00:00" testType="13cdc9d9-ddb5-4fa4-a97d-d965ccfc6d4b" outcome="Passed" testListId="8c84fa94-04c1-424b-9868-57a2d4851a1d" relativeResultsDirectory="42d7ce8d-5081-49c4-a5af-b90749147d39" />
    <UnitTestResult executionId="6f281ec4-4e91-4ae3-84ce-4ab7b082084d" testId="4330de59-1944-4e71-ab38-e7868158e79d" testName="Microsoft.Azure.Batch.AppPackageUnitTests.Tests.ApplicationSettingsTableOperationsTests.GetRecordsTranslatesApplicationId" computerName="BATCH-JENKINS" duration="00:00:00.0070000" startTime="2016-04-11T23:59:58.1232371+00:00" endTime="2016-04-11T23:59:58.1232371+00:00" testType="13cdc9d9-ddb5-4fa4-a97d-d965ccfc6d4b" outcome="Passed" testListId="8c84fa94-04c1-424b-9868-57a2d4851a1d" relativeResultsDirectory="6f281ec4-4e91-4ae3-84ce-4ab7b082084d" />
    <UnitTestResult executionId="2f9c3749-fd25-4816-ab04-f102bdb4d245" testId="7ca4bd90-38ca-4308-8207-fbc198b3765e" testName="Microsoft.Azure.Batch.AppPackageUnitTests.Tests.ApplicationSettingsTableOperationsTests.IfRecordDoesNotExist_ThenUpdateRecordErrorsWithNotFound" computerName="BATCH-JENKINS" duration="00:00:00.0080000" startTime="2016-04-11T23:59:58.1242371+00:00" endTime="2016-04-11T23:59:58.1242371+00:00" testType="13cdc9d9-ddb5-4fa4-a97d-d965ccfc6d4b" outcome="Passed" testListId="8c84fa94-04c1-424b-9868-57a2d4851a1d" relativeResultsDirectory="2f9c3749-fd25-4816-ab04-f102bdb4d245" />
    <UnitTestResult executionId="e36ccce6-6db5-4abc-af1e-f01b29e3b3b6" testId="e6b6943d-8373-4809-8d83-7a5d74754edd" testName="Microsoft.Azure.Batch.AppPackageUnitTests.Tests.ApplicationSettingsTableOperationsTests.IfRecordExistsButHasChanged_ThenUpdateRecordErrorsWithConflict" computerName="BATCH-JENKINS" duration="00:00:00.0090000" startTime="2016-04-11T23:59:58.1242371+00:00" endTime="2016-04-11T23:59:58.1242371+00:00" testType="13cdc9d9-ddb5-4fa4-a97d-d965ccfc6d4b" outcome="Passed" testListId="8c84fa94-04c1-424b-9868-57a2d4851a1d" relativeResultsDirectory="e36ccce6-6db5-4abc-af1e-f01b29e3b3b6" />
    <UnitTestResult executionId="0f4f514a-e191-4778-8182-380dc0e63910" testId="6acdf9c7-7695-4f36-b6ab-f2c0626a1a8a" testName="Microsoft.Azure.Batch.AppPackageUnitTests.Tests.ApplicationSettingsTableOperationsTests.GetRecordRetrievesOnlyFromTheAccount" computerName="BATCH-JENKINS" duration="00:00:00.0080000" startTime="2016-04-11T23:59:58.1252389+00:00" endTime="2016-04-11T23:59:58.1252389+00:00" testType="13cdc9d9-ddb5-4fa4-a97d-d965ccfc6d4b" outcome="Passed" testListId="8c84fa94-04c1-424b-9868-57a2d4851a1d" relativeResultsDirectory="0f4f514a-e191-4778-8182-380dc0e63910" />
    <UnitTestResult executionId="19736ae6-ad44-4d9a-878d-2778aadab361" testId="06b34b03-a1be-46a6-bf6b-2c072c924287" testName="Microsoft.Azure.Batch.AppPackageUnitTests.Tests.ApplicationSettingsTableOperationsTests.IfAccountDoesNotContainAnApplication_ThenContainsReturnsFalse" computerName="BATCH-JENKINS" duration="00:00:00.0130000" startTime="2016-04-11T23:59:58.1252389+00:00" endTime="2016-04-11T23:59:58.1252389+00:00" testType="13cdc9d9-ddb5-4fa4-a97d-d965ccfc6d4b" outcome="Passed" testListId="8c84fa94-04c1-424b-9868-57a2d4851a1d" relativeResultsDirectory="19736ae6-ad44-4d9a-878d-2778aadab361" />
    <UnitTestResult executionId="84a3ccca-91d3-4b83-a742-a463ddc8cc2f" testId="3cbbcf22-3743-4a43-8da5-15f708de8668" testName="Microsoft.Azure.Batch.AppPackageUnitTests.Tests.ApplicationSettingsTableOperationsTests.IfRecordExistsAndHasNotChanged_ThenUpdateRecordCommitsData" computerName="BATCH-JENKINS" duration="00:00:00.0100000" startTime="2016-04-11T23:59:58.1262487+00:00" endTime="2016-04-11T23:59:58.1262487+00:00" testType="13cdc9d9-ddb5-4fa4-a97d-d965ccfc6d4b" outcome="Passed" testListId="8c84fa94-04c1-424b-9868-57a2d4851a1d" relativeResultsDirectory="84a3ccca-91d3-4b83-a742-a463ddc8cc2f" />
    <UnitTestResult executionId="4501d0ff-da53-4215-aca1-832ccc6111df" testId="17f2a1fd-0401-45f0-8285-8428a84bb307" testName="Microsoft.Azure.Batch.AppPackageUnitTests.Tests.ApplicationSettingsTableOperationsTests.DeleteRecordErrorsIfRecordDoesNotExist" computerName="BATCH-JENKINS" duration="00:00:00.0090000" startTime="2016-04-11T23:59:58.1262487+00:00" endTime="2016-04-11T23:59:58.1262487+00:00" testType="13cdc9d9-ddb5-4fa4-a97d-d965ccfc6d4b" outcome="Passed" testListId="8c84fa94-04c1-424b-9868-57a2d4851a1d" relativeResultsDirectory="4501d0ff-da53-4215-aca1-832ccc6111df" />
    <UnitTestResult executionId="563d4b38-b36f-4ff1-ac4a-137bd8c384d1" testId="aae27327-68db-4cea-9795-f0c6a8171e71" testName="Microsoft.Azure.Batch.AppPackageUnitTests.Tests.ApplicationSettingsTableOperationsTests.GetRecordsTranslatesAllowUpdates" computerName="BATCH-JENKINS" duration="00:00:00.0070000" startTime="2016-04-11T23:59:58.4082373+00:00" endTime="2016-04-11T23:59:58.4082373+00:00" testType="13cdc9d9-ddb5-4fa4-a97d-d965ccfc6d4b" outcome="Passed" testListId="8c84fa94-04c1-424b-9868-57a2d4851a1d" relativeResultsDirectory="563d4b38-b36f-4ff1-ac4a-137bd8c384d1" />
    <UnitTestResult executionId="3f4d87ac-09b2-4c80-841b-cf0d0f6e1ec5" testId="9eb11e68-1b43-4955-bcf6-3053f0005b3f" testName="Microsoft.Azure.Batch.AppPackageUnitTests.Tests.ApplicationSettingsTableOperationsTests.IfAccountContainsAnApplication_ThenContainsReturnsTrue" computerName="BATCH-JENKINS" duration="00:00:00.0070000" startTime="2016-04-11T23:59:58.4092377+00:00" endTime="2016-04-11T23:59:58.4092377+00:00" testType="13cdc9d9-ddb5-4fa4-a97d-d965ccfc6d4b" outcome="Passed" testListId="8c84fa94-04c1-424b-9868-57a2d4851a1d" relativeResultsDirectory="3f4d87ac-09b2-4c80-841b-cf0d0f6e1ec5" />
    <UnitTestResult executionId="b4d92835-92a8-491e-b1b1-625ee72fd7c8" testId="488f024e-5c5c-4074-a2c7-67b839af5205" testName="Microsoft.Azure.Batch.AppPackageUnitTests.Tests.ApplicationSettingsTableOperationsTests.GetRecordsRetrievesOnlyPerAccountRecords" computerName="BATCH-JENKINS" duration="00:00:00.0070000" startTime="2016-04-11T23:59:58.4092377+00:00" endTime="2016-04-11T23:59:58.4092377+00:00" testType="13cdc9d9-ddb5-4fa4-a97d-d965ccfc6d4b" outcome="Passed" testListId="8c84fa94-04c1-424b-9868-57a2d4851a1d" relativeResultsDirectory="b4d92835-92a8-491e-b1b1-625ee72fd7c8" />
    <UnitTestResult executionId="ea2b42f8-8cb7-4001-ba95-2c58e931b674" testId="aedfe025-9e02-4e1c-897d-ac815ebb6081" testName="Microsoft.Azure.Batch.AppPackageUnitTests.Tests.ApplicationSettingsTableOperationsTests.InsertRecordCommitsDataIfNoConflict" computerName="BATCH-JENKINS" duration="00:00:00.0110000" startTime="2016-04-11T23:59:58.4102375+00:00" endTime="2016-04-11T23:59:58.4102375+00:00" testType="13cdc9d9-ddb5-4fa4-a97d-d965ccfc6d4b" outcome="Passed" testListId="8c84fa94-04c1-424b-9868-57a2d4851a1d" relativeResultsDirectory="ea2b42f8-8cb7-4001-ba95-2c58e931b674" />
    <UnitTestResult executionId="42a87ba6-dad6-41fc-9187-6149719ec465" testId="d409a697-688c-4b3d-b751-b54442a7b18f" testName="Microsoft.Azure.Batch.AppPackageUnitTests.Tests.ApplicationSettingsTableOperationsTests.IfRecordExistsAndHasNotChanged_ThenDeleteRecordDeletesRecord" computerName="BATCH-JENKINS" duration="00:00:00.0120000" startTime="2016-04-11T23:59:58.4102375+00:00" endTime="2016-04-11T23:59:58.4102375+00:00" testType="13cdc9d9-ddb5-4fa4-a97d-d965ccfc6d4b" outcome="Passed" testListId="8c84fa94-04c1-424b-9868-57a2d4851a1d" relativeResultsDirectory="42a87ba6-dad6-41fc-9187-6149719ec465" />
    <UnitTestResult executionId="4cd93418-2924-4f5c-b9b3-adab7fd02a5a" testId="b5eddd8b-b644-465b-a4f5-4f35dac8f6b8" testName="Microsoft.Azure.Batch.AppPackageUnitTests.Tests.ApplicationSettingsTableOperationsTests.GetRecordRetrievesApplicationInfo" computerName="BATCH-JENKINS" duration="00:00:00.0070000" startTime="2016-04-11T23:59:58.4112369+00:00" endTime="2016-04-11T23:59:58.4112369+00:00" testType="13cdc9d9-ddb5-4fa4-a97d-d965ccfc6d4b" outcome="Passed" testListId="8c84fa94-04c1-424b-9868-57a2d4851a1d" relativeResultsDirectory="4cd93418-2924-4f5c-b9b3-adab7fd02a5a" />
    <UnitTestResult executionId="08cdd6ab-e13a-4cd1-8ae5-c7023ab51d6e" testId="fbabb4d1-e24f-4ff1-8572-42cfee64bde0" testName="Microsoft.Azure.Batch.AppPackageUnitTests.Tests.ApplicationSettingsTableOperationsTests.GetRecordsTranslatesDisplayName" computerName="BATCH-JENKINS" duration="00:00:00.0070000" startTime="2016-04-11T23:59:58.4112369+00:00" endTime="2016-04-11T23:59:58.4112369+00:00" testType="13cdc9d9-ddb5-4fa4-a97d-d965ccfc6d4b" outcome="Passed" testListId="8c84fa94-04c1-424b-9868-57a2d4851a1d" relativeResultsDirectory="08cdd6ab-e13a-4cd1-8ae5-c7023ab51d6e" />
    <UnitTestResult executionId="ee29215a-19ac-40e1-88e1-e9b9959960c7" testId="feaef8ff-c019-48f7-bb50-0bf57843983e" testName="Microsoft.Azure.Batch.AppPackageUnitTests.Tests.Commands.AppPackages.GetApplicationSummaryUnitTests_TlsfeUnitTest.IfThereIsOneVersion_ThenItIsReturned" computerName="BATCH-JENKINS" duration="00:00:00.1050000" startTime="2016-04-11T23:59:58.4112369+00:00" endTime="2016-04-11T23:59:58.4112369+00:00" testType="13cdc9d9-ddb5-4fa4-a97d-d965ccfc6d4b" outcome="Passed" testListId="8c84fa94-04c1-424b-9868-57a2d4851a1d" relativeResultsDirectory="ee29215a-19ac-40e1-88e1-e9b9959960c7">
      <Output>
        <StdOut>Initialization: Ensuring table and account records exist
Initialization: Done
Status  : --
           --&gt; Request: GET https://localhost:1234/msbatchtest/applications/blender?api-version=2015-12-01.2.2. Content length: 0, RequestId: 94d57004-fa0c-48b2-bafb-1c0a3a638473
Status  :  &lt;-- Response: 200 OK. Content length: 187, RequestId: 
          --</StdOut>
      </Output>
    </UnitTestResult>
    <UnitTestResult executionId="5558e640-c9c2-435c-b1d0-291c2d9e7202" testId="c89b6388-2550-4d67-ad06-216e1132204a" testName="Microsoft.Azure.Batch.AppPackageUnitTests.Tests.Commands.AppPackages.GetApplicationSummaryUnitTests_TlsfeUnitTest.IfAnApplicationHasNoPackages_Returns404ApplicationNotFound" computerName="BATCH-JENKINS" duration="00:00:00.1330000" startTime="2016-04-11T23:59:58.4122371+00:00" endTime="2016-04-11T23:59:58.4122371+00:00" testType="13cdc9d9-ddb5-4fa4-a97d-d965ccfc6d4b" outcome="Passed" testListId="8c84fa94-04c1-424b-9868-57a2d4851a1d" relativeResultsDirectory="5558e640-c9c2-435c-b1d0-291c2d9e7202">
      <Output>
        <StdOut>Initialization: Ensuring table and account records exist
Initialization: Done
Status  : --
           --&gt; Request: GET https://localhost:1234/msbatchtest/applications/blender?api-version=2015-12-01.2.2. Content length: 0, RequestId: 3dea71b8-0233-4745-8e34-fba1a5e73791
Status  :  &lt;-- Response: 404 The specified application does not exist.. Content length: 255, RequestId: 
          --</StdOut>
      </Output>
    </UnitTestResult>
    <UnitTestResult executionId="44e7ca25-34d4-48f2-b78e-1912e3e64408" testId="8e89c3d2-d602-4034-a0df-87918855d3aa" testName="Microsoft.Azure.Batch.AppPackageUnitTests.Tests.Commands.AppPackages.GetApplicationSummaryUnitTests_TlsfeUnitTest.ApplicationId_IsMatchedCaseInsensitively_AndApplicationIdAndPackageVersionAreReturned_WithOriginalCasePreserved" computerName="BATCH-JENKINS" duration="00:00:00.0730000" startTime="2016-04-11T23:59:58.7162366+00:00" endTime="2016-04-11T23:59:58.7162366+00:00" testType="13cdc9d9-ddb5-4fa4-a97d-d965ccfc6d4b" outcome="Passed" testListId="8c84fa94-04c1-424b-9868-57a2d4851a1d" relativeResultsDirectory="44e7ca25-34d4-48f2-b78e-1912e3e64408">
      <Output>
        <StdOut>Initialization: Ensuring table and account records exist
Initialization: Done
Status  : --
           --&gt; Request: GET https://localhost:1234/msbatchtest/applications/blender?api-version=2015-12-01.2.2. Content length: 0, RequestId: cf356700-4568-4c96-ae3c-14e8cac22939
Status  :  &lt;-- Response: 200 OK. Content length: 194, RequestId: 
          --</StdOut>
      </Output>
    </UnitTestResult>
    <UnitTestResult executionId="cfd806d7-2639-4029-846d-885511ca6219" testId="9ae9bf4e-64f9-47c8-bc31-1581c5c9e8cf" testName="Microsoft.Azure.Batch.AppPackageUnitTests.Tests.Commands.AppPackages.GetApplicationSummaryUnitTests_TlsfeUnitTest.IfThereAreOnlyPendingApplicationPackages_Returns404ApplicationNotFound" computerName="BATCH-JENKINS" duration="00:00:00.0730000" startTime="2016-04-11T23:59:58.7162366+00:00" endTime="2016-04-11T23:59:58.7162366+00:00" testType="13cdc9d9-ddb5-4fa4-a97d-d965ccfc6d4b" outcome="Passed" testListId="8c84fa94-04c1-424b-9868-57a2d4851a1d" relativeResultsDirectory="cfd806d7-2639-4029-846d-885511ca6219">
      <Output>
        <StdOut>Initialization: Ensuring table and account records exist
Initialization: Done
Status  : --
           --&gt; Request: GET https://localhost:1234/msbatchtest/applications/blender?api-version=2015-12-01.2.2. Content length: 0, RequestId: 2c5bb8ff-b16b-44e7-8240-6414ed68fd86
Status  :  &lt;-- Response: 404 The specified application does not exist.. Content length: 255, RequestId: 
          --</StdOut>
      </Output>
    </UnitTestResult>
    <UnitTestResult executionId="f2ebeb5e-44f8-45eb-bcdd-882601ab319c" testId="0185ddc3-4740-482e-bde5-b0e586973cd0" testName="Microsoft.Azure.Batch.AppPackageUnitTests.Tests.Commands.AppPackages.GetApplicationSummaryUnitTests_TlsfeUnitTest.IfThereAreOnlyApplicationsForOtherAccounts_Returns404ApplicationNotFound" computerName="BATCH-JENKINS" duration="00:00:00.0910000" startTime="2016-04-11T23:59:58.7172366+00:00" endTime="2016-04-11T23:59:58.7172366+00:00" testType="13cdc9d9-ddb5-4fa4-a97d-d965ccfc6d4b" outcome="Passed" testListId="8c84fa94-04c1-424b-9868-57a2d4851a1d" relativeResultsDirectory="f2ebeb5e-44f8-45eb-bcdd-882601ab319c">
      <Output>
        <StdOut>Initialization: Ensuring table and account records exist
Initialization: Done
Status  : --
           --&gt; Request: GET https://localhost:1234/msbatchtest/applications/blender?api-version=2015-12-01.2.2. Content length: 0, RequestId: fe14c49b-bf8a-4aac-a039-a11fb87dbfd9
Status  :  &lt;-- Response: 404 The specified application does not exist.. Content length: 255, RequestId: 
          --</StdOut>
      </Output>
    </UnitTestResult>
    <UnitTestResult executionId="29410a84-ca96-4dd0-a595-623f3fe000c0" testId="b3bb33c6-c5c8-45e5-84e1-1ad20481bb95" testName="Microsoft.Azure.Batch.AppPackageUnitTests.Tests.Commands.AppPackages.GetApplicationSummaryUnitTests_TlsfeUnitTest.IfThereAreNoApplications_Returns404ApplicationNotFound" computerName="BATCH-JENKINS" duration="00:00:00.0630000" startTime="2016-04-11T23:59:58.7182377+00:00" endTime="2016-04-11T23:59:58.7182377+00:00" testType="13cdc9d9-ddb5-4fa4-a97d-d965ccfc6d4b" outcome="Passed" testListId="8c84fa94-04c1-424b-9868-57a2d4851a1d" relativeResultsDirectory="29410a84-ca96-4dd0-a595-623f3fe000c0">
      <Output>
        <StdOut>Initialization: Ensuring table and account records exist
Initialization: Done
Status  : --
           --&gt; Request: GET https://localhost:1234/msbatchtest/applications/blender?api-version=2015-12-01.2.2. Content length: 0, RequestId: c2f78260-f9e2-4b92-b2e8-526a703230fc
Status  :  &lt;-- Response: 404 The specified application does not exist.. Content length: 255, RequestId: 
          --</StdOut>
      </Output>
    </UnitTestResult>
    <UnitTestResult executionId="96f80cab-d344-4778-8591-b2b8207eea0b" testId="f91d6d92-8d6e-4452-9ba5-ba28810bbf33" testName="Microsoft.Azure.Batch.AppPackageUnitTests.Tests.Commands.AppPackages.GetApplicationSummaryUnitTests_TlsfeUnitTest.IfThereAreOnlyVersionsForDifferentApplications_Returns404ApplicationNotFound" computerName="BATCH-JENKINS" duration="00:00:00.0700000" startTime="2016-04-11T23:59:58.7182377+00:00" endTime="2016-04-11T23:59:58.7182377+00:00" testType="13cdc9d9-ddb5-4fa4-a97d-d965ccfc6d4b" outcome="Passed" testListId="8c84fa94-04c1-424b-9868-57a2d4851a1d" relativeResultsDirectory="96f80cab-d344-4778-8591-b2b8207eea0b">
      <Output>
        <StdOut>Initialization: Ensuring table and account records exist
Initialization: Done
Status  : --
           --&gt; Request: GET https://localhost:1234/msbatchtest/applications/blender?api-version=2015-12-01.2.2. Content length: 0, RequestId: c616a850-3e66-4639-8c01-f0248c62e65d
Status  :  &lt;-- Response: 404 The specified application does not exist.. Content length: 255, RequestId: 
          --</StdOut>
      </Output>
    </UnitTestResult>
    <UnitTestResult executionId="b9f9dc43-210e-4d03-a831-b6e686efc1b8" testId="98e3738e-2a9e-4c1e-bb1c-121f7344febb" testName="Microsoft.Azure.Batch.AppPackageUnitTests.Tests.Commands.AppPackages.GetApplicationSummaryUnitTests_TlsfeUnitTest.IfThereAreActiveAndPendingApplicationPackages_OnlyActivePackagesAreReturned" computerName="BATCH-JENKINS" duration="00:00:00.0770000" startTime="2016-04-11T23:59:58.7192373+00:00" endTime="2016-04-11T23:59:58.7192373+00:00" testType="13cdc9d9-ddb5-4fa4-a97d-d965ccfc6d4b" outcome="Passed" testListId="8c84fa94-04c1-424b-9868-57a2d4851a1d" relativeResultsDirectory="b9f9dc43-210e-4d03-a831-b6e686efc1b8">
      <Output>
        <StdOut>Initialization: Ensuring table and account records exist
Initialization: Done
Status  : --
           --&gt; Request: GET https://localhost:1234/msbatchtest/applications/blender?api-version=2015-12-01.2.2. Content length: 0, RequestId: 475a4811-39dc-4aab-a222-f1c232412441
Status  :  &lt;-- Response: 200 OK. Content length: 199, RequestId: 
          --</StdOut>
      </Output>
    </UnitTestResult>
    <UnitTestResult executionId="49c412b1-2b51-4cc7-bd7a-aa48dcd2c12b" testId="ec416415-a5cf-41e7-8f8f-e35889fec381" testName="Microsoft.Azure.Batch.AppPackageUnitTests.Tests.Commands.AppPackages.GetApplicationSummaryUnitTests_TlsfeUnitTest.IfThereAreMultiplePackageVersions_TheyAreAllReturned" computerName="BATCH-JENKINS" duration="00:00:00.0730000" startTime="2016-04-11T23:59:58.7192373+00:00" endTime="2016-04-11T23:59:58.7192373+00:00" testType="13cdc9d9-ddb5-4fa4-a97d-d965ccfc6d4b" outcome="Passed" testListId="8c84fa94-04c1-424b-9868-57a2d4851a1d" relativeResultsDirectory="49c412b1-2b51-4cc7-bd7a-aa48dcd2c12b">
      <Output>
        <StdOut>Initialization: Ensuring table and account records exist
Initialization: Done
Status  : --
           --&gt; Request: GET https://localhost:1234/msbatchtest/applications/blender?api-version=2015-12-01.2.2. Content length: 0, RequestId: 6bd77ff5-aa8d-4a9f-b77a-97bf09cad15d
Status  :  &lt;-- Response: 200 OK. Content length: 199, RequestId: 
          --</StdOut>
      </Output>
    </UnitTestResult>
    <UnitTestResult executionId="bce54e3c-c371-488e-9a9d-0e0dc3f672ac" testId="8bf55ecb-ed32-4193-9e42-b725cf436057" testName="Microsoft.Azure.Batch.AppPackageUnitTests.Tests.ApplicationTableRecordTests.TheRowKeyRangeForAnApplicationsPackagesContainsAllRecordsStartingWithThePackageIndicator" computerName="BATCH-JENKINS" duration="00:00:00.0010000" startTime="2016-04-11T23:59:58.7202368+00:00" endTime="2016-04-11T23:59:58.7202368+00:00" testType="13cdc9d9-ddb5-4fa4-a97d-d965ccfc6d4b" outcome="Passed" testListId="8c84fa94-04c1-424b-9868-57a2d4851a1d" relativeResultsDirectory="bce54e3c-c371-488e-9a9d-0e0dc3f672ac" />
    <UnitTestResult executionId="58784fee-b335-4f86-8cc3-892f9db9a941" testId="8bc0b961-ed98-4b06-9f74-fe0626c682c7" testName="Microsoft.Azure.Batch.AppPackageUnitTests.Tests.ApplicationTableRecordTests.IfTheRowKeyContainsTheApplicationIndicator_ThenItDoesNotHaveAVersion" computerName="BATCH-JENKINS" duration="00:00:00.0010000" startTime="2016-04-11T23:59:58.7212363+00:00" endTime="2016-04-11T23:59:58.7212363+00:00" testType="13cdc9d9-ddb5-4fa4-a97d-d965ccfc6d4b" outcome="Passed" testListId="8c84fa94-04c1-424b-9868-57a2d4851a1d" relativeResultsDirectory="58784fee-b335-4f86-8cc3-892f9db9a941" />
    <UnitTestResult executionId="97bd3185-69b7-49c9-b533-97ec1bc5add3" testId="70d90c63-987c-4d12-ad26-154b63675da1" testName="Microsoft.Azure.Batch.AppPackageUnitTests.Tests.ApplicationTableRecordTests.IfTheRowKeyContainsThePackageIndicator_ThenItIsAPackageRecord" computerName="BATCH-JENKINS" duration="00:00:00.0010000" startTime="2016-04-11T23:59:58.9192568+00:00" endTime="2016-04-11T23:59:58.9192568+00:00" testType="13cdc9d9-ddb5-4fa4-a97d-d965ccfc6d4b" outcome="Passed" testListId="8c84fa94-04c1-424b-9868-57a2d4851a1d" relativeResultsDirectory="97bd3185-69b7-49c9-b533-97ec1bc5add3" />
    <UnitTestResult executionId="7a8ff412-b2cb-4fa2-bc90-5fe6ce287e93" testId="59f2256e-32df-45e6-8b6b-cef80f8dbbcf" testName="Microsoft.Azure.Batch.AppPackageUnitTests.Tests.ApplicationTableRecordTests.IfTheRowKeyContainsTheApplicationIndicator_ThenItIsNotAPackageRecord" computerName="BATCH-JENKINS" duration="00:00:00.0010000" startTime="2016-04-11T23:59:58.9202375+00:00" endTime="2016-04-11T23:59:58.9202375+00:00" testType="13cdc9d9-ddb5-4fa4-a97d-d965ccfc6d4b" outcome="Passed" testListId="8c84fa94-04c1-424b-9868-57a2d4851a1d" relativeResultsDirectory="7a8ff412-b2cb-4fa2-bc90-5fe6ce287e93" />
    <UnitTestResult executionId="cef196cb-5536-4560-bfac-0ce98dcac24f" testId="0241b69a-823d-4fc2-ade4-0d8c87e2dbac" testName="Microsoft.Azure.Batch.AppPackageUnitTests.Tests.ApplicationTableRecordTests.IfTheRowKeyContainsTheApplicationIndicator_ThenTheApplicationIdCanBeExtracted" computerName="BATCH-JENKINS" duration="00:00:00.0010000" startTime="2016-04-11T23:59:58.9202375+00:00" endTime="2016-04-11T23:59:58.9202375+00:00" testType="13cdc9d9-ddb5-4fa4-a97d-d965ccfc6d4b" outcome="Passed" testListId="8c84fa94-04c1-424b-9868-57a2d4851a1d" relativeResultsDirectory="cef196cb-5536-4560-bfac-0ce98dcac24f" />
    <UnitTestResult executionId="4e728c48-24e9-42a9-a85b-26f912253a06" testId="8746ed25-39b4-4055-9002-8fcb73d616f8" testName="Microsoft.Azure.Batch.AppPackageUnitTests.Tests.ApplicationTableRecordTests.IfTheRowKeyContainsThePackageIndicator_ThenItIsNotAnApplicationRecord" computerName="BATCH-JENKINS" duration="00:00:00.0010000" startTime="2016-04-11T23:59:58.9212377+00:00" endTime="2016-04-11T23:59:58.9212377+00:00" testType="13cdc9d9-ddb5-4fa4-a97d-d965ccfc6d4b" outcome="Passed" testListId="8c84fa94-04c1-424b-9868-57a2d4851a1d" relativeResultsDirectory="4e728c48-24e9-42a9-a85b-26f912253a06" />
    <UnitTestResult executionId="5bca228a-0f02-4712-a4a7-ef2d7a476ff0" testId="66235a1f-7887-4322-8b91-08ed91ddd45c" testName="Microsoft.Azure.Batch.AppPackageUnitTests.Tests.ApplicationTableRecordTests.IfTheRowKeyContainsThePackageIndicator_ThenTheVersionCanBeExtracted" computerName="BATCH-JENKINS" duration="00:00:00.0010000" startTime="2016-04-11T23:59:58.9212377+00:00" endTime="2016-04-11T23:59:58.9212377+00:00" testType="13cdc9d9-ddb5-4fa4-a97d-d965ccfc6d4b" outcome="Passed" testListId="8c84fa94-04c1-424b-9868-57a2d4851a1d" relativeResultsDirectory="5bca228a-0f02-4712-a4a7-ef2d7a476ff0" />
    <UnitTestResult executionId="6ebe3093-1b92-4c1e-a457-6da73e4b6aea" testId="c66266a1-622d-45b1-9b68-4813c68e364b" testName="Microsoft.Azure.Batch.AppPackageUnitTests.Tests.ApplicationTableRecordTests.TheRowKeyForAPackageContainsThePackageIndicator" computerName="BATCH-JENKINS" duration="00:00:00.0010000" startTime="2016-04-11T23:59:58.9212377+00:00" endTime="2016-04-11T23:59:58.9212377+00:00" testType="13cdc9d9-ddb5-4fa4-a97d-d965ccfc6d4b" outcome="Passed" testListId="8c84fa94-04c1-424b-9868-57a2d4851a1d" relativeResultsDirectory="6ebe3093-1b92-4c1e-a457-6da73e4b6aea" />
    <UnitTestResult executionId="54b26f92-49ec-4022-bc0d-433ff6f30c25" testId="69d65e63-170c-4467-8e11-228e844ccad9" testName="Microsoft.Azure.Batch.AppPackageUnitTests.Tests.ApplicationTableRecordTests.IfTheRowKeyContainsTheApplicationIndicator_ThenItIsAnApplicationRecord" computerName="BATCH-JENKINS" duration="00:00:00.0010000" startTime="2016-04-11T23:59:58.9222371+00:00" endTime="2016-04-11T23:59:58.9222371+00:00" testType="13cdc9d9-ddb5-4fa4-a97d-d965ccfc6d4b" outcome="Passed" testListId="8c84fa94-04c1-424b-9868-57a2d4851a1d" relativeResultsDirectory="54b26f92-49ec-4022-bc0d-433ff6f30c25" />
    <UnitTestResult executionId="5035fee7-e498-4321-9991-27b3a4aba230" testId="97c04c02-fc47-413c-aed3-2f82b5b72f4c" testName="Microsoft.Azure.Batch.AppPackageUnitTests.Tests.ApplicationTableRecordTests.TheRowKeyForAnApplicationContainsTheApplicationIndicator" computerName="BATCH-JENKINS" duration="00:00:00.0010000" startTime="2016-04-11T23:59:58.9222371+00:00" endTime="2016-04-11T23:59:58.9222371+00:00" testType="13cdc9d9-ddb5-4fa4-a97d-d965ccfc6d4b" outcome="Passed" testListId="8c84fa94-04c1-424b-9868-57a2d4851a1d" relativeResultsDirectory="5035fee7-e498-4321-9991-27b3a4aba230" />
    <UnitTestResult executionId="316d042e-ba55-4c38-8371-0415a41ad13e" testId="329a4bcb-8d97-41f8-8701-51ab394f945d" testName="Microsoft.Azure.Batch.AppPackageUnitTests.Tests.ApplicationTableRecordTests.IfTheRowKeyContainsThePackageIndicator_ThenTheApplicationIdCanBeExtracted" computerName="BATCH-JENKINS" duration="00:00:00.0010000" startTime="2016-04-11T23:59:58.9232375+00:00" endTime="2016-04-11T23:59:58.9232375+00:00" testType="13cdc9d9-ddb5-4fa4-a97d-d965ccfc6d4b" outcome="Passed" testListId="8c84fa94-04c1-424b-9868-57a2d4851a1d" relativeResultsDirectory="316d042e-ba55-4c38-8371-0415a41ad13e" />
    <UnitTestResult executionId="f3041f59-c443-483f-a5e3-645b574bef9e" testId="d9d1f337-5e74-4e33-a6ae-75e58840fc6f" testName="CanDeserialiseAbsenceOfAllowUpdates(serialisationEnvironment: ResourceProvider)" computerName="BATCH-JENKINS" duration="00:00:00.0020000" startTime="2016-04-11T23:59:59.1342376+00:00" endTime="2016-04-11T23:59:59.1342376+00:00" testType="13cdc9d9-ddb5-4fa4-a97d-d965ccfc6d4b" outcome="Passed" testListId="8c84fa94-04c1-424b-9868-57a2d4851a1d" relativeResultsDirectory="f3041f59-c443-483f-a5e3-645b574bef9e" />
    <UnitTestResult executionId="cdf7417a-8c9c-445c-b7e8-6d5c9404fc2f" testId="b6ffface-51d8-47b6-a63c-801732eca167" testName="CanDeserialiseAllowUpdates(serialisationEnvironment: ResourceProvider)" computerName="BATCH-JENKINS" duration="00:00:00.0040000" startTime="2016-04-11T23:59:59.1342376+00:00" endTime="2016-04-11T23:59:59.1342376+00:00" testType="13cdc9d9-ddb5-4fa4-a97d-d965ccfc6d4b" outcome="Passed" testListId="8c84fa94-04c1-424b-9868-57a2d4851a1d" relativeResultsDirectory="cdf7417a-8c9c-445c-b7e8-6d5c9404fc2f" />
    <UnitTestResult executionId="cc6c39de-5890-43b4-91ef-728794accb50" testId="02b066de-3881-4573-8bc4-a9d2526b5fb0" testName="CanDeserialiseAbsenceOfDisplayName(serialisationEnvironment: ResourceProvider)" computerName="BATCH-JENKINS" duration="00:00:00.0010000" startTime="2016-04-11T23:59:59.1352376+00:00" endTime="2016-04-11T23:59:59.1352376+00:00" testType="13cdc9d9-ddb5-4fa4-a97d-d965ccfc6d4b" outcome="Passed" testListId="8c84fa94-04c1-424b-9868-57a2d4851a1d" relativeResultsDirectory="cc6c39de-5890-43b4-91ef-728794accb50" />
    <UnitTestResult executionId="a4870c5c-a898-460e-abec-89398457b21c" testId="401f8261-0089-4d7e-8bfe-01a05ead717d" testName="CanDeserialiseDisplayName(serialisationEnvironment: ResourceProvider)" computerName="BATCH-JENKINS" duration="00:00:00.0010000" startTime="2016-04-11T23:59:59.1352376+00:00" endTime="2016-04-11T23:59:59.1352376+00:00" testType="13cdc9d9-ddb5-4fa4-a97d-d965ccfc6d4b" outcome="Passed" testListId="8c84fa94-04c1-424b-9868-57a2d4851a1d" relativeResultsDirectory="a4870c5c-a898-460e-abec-89398457b21c" />
    <UnitTestResult executionId="812603d7-8604-4620-b8d7-63440e2e33bf" testId="0150258d-f770-4f3c-948f-44ea912243e8" testName="CanDeserialiseAbsenceOfDefaultVersion(serialisationEnvironment: ResourceProvider)" computerName="BATCH-JENKINS" duration="00:00:00.0010000" startTime="2016-04-11T23:59:59.1362462+00:00" endTime="2016-04-11T23:59:59.1362462+00:00" testType="13cdc9d9-ddb5-4fa4-a97d-d965ccfc6d4b" outcome="Passed" testListId="8c84fa94-04c1-424b-9868-57a2d4851a1d" relativeResultsDirectory="812603d7-8604-4620-b8d7-63440e2e33bf" />
    <UnitTestResult executionId="6d9707e0-785a-4c8d-a143-65c2c598789e" testId="7c07247c-fee1-43af-a35c-376b65f881bf" testName="CanDeserialiseDefaultVersion(serialisationEnvironment: ResourceProvider)" computerName="BATCH-JENKINS" duration="00:00:00.0010000" startTime="2016-04-11T23:59:59.1362462+00:00" endTime="2016-04-11T23:59:59.1362462+00:00" testType="13cdc9d9-ddb5-4fa4-a97d-d965ccfc6d4b" outcome="Passed" testListId="8c84fa94-04c1-424b-9868-57a2d4851a1d" relativeResultsDirectory="6d9707e0-785a-4c8d-a143-65c2c598789e" />
    <UnitTestResult executionId="bf82c962-6d98-4c3e-b3e1-cd57e6b282be" testId="9a313b72-133c-42e5-858a-b1fbfab7c13f" testName="CanDeserialiseNullDefaultVersion(serialisationEnvironment: ResourceProvider)" computerName="BATCH-JENKINS" duration="00:00:00.0010000" startTime="2016-04-11T23:59:59.1372382+00:00" endTime="2016-04-11T23:59:59.1372382+00:00" testType="13cdc9d9-ddb5-4fa4-a97d-d965ccfc6d4b" outcome="Passed" testListId="8c84fa94-04c1-424b-9868-57a2d4851a1d" relativeResultsDirectory="bf82c962-6d98-4c3e-b3e1-cd57e6b282be" />
    <UnitTestResult executionId="5d71249f-ac46-442a-880e-bdb4be9c6398" testId="7ef48785-449e-4979-920b-335ee0c6725f" testName="Microsoft.Azure.Batch.AppPackageUnitTests.Tests.Serialization.AutoStoragePropertiesConverterTests.WhenAutoStorageHasValue_PopulatesValue" computerName="BATCH-JENKINS" duration="00:00:00.0050000" startTime="2016-04-11T23:59:59.1372382+00:00" endTime="2016-04-11T23:59:59.1372382+00:00" testType="13cdc9d9-ddb5-4fa4-a97d-d965ccfc6d4b" outcome="Passed" testListId="8c84fa94-04c1-424b-9868-57a2d4851a1d" relativeResultsDirectory="5d71249f-ac46-442a-880e-bdb4be9c6398" />
    <UnitTestResult executionId="0658e30d-f5a7-4cfd-b99e-cb0b0d988c4d" testId="8ef2954e-619f-4b66-abdf-75b0c3ef0e44" testName="Microsoft.Azure.Batch.AppPackageUnitTests.Tests.Serialization.AutoStoragePropertiesConverterTests.SerializerDoesNotSerializeWhenHasValue" computerName="BATCH-JENKINS" duration="00:00:00.0010000" startTime="2016-04-11T23:59:59.1372382+00:00" endTime="2016-04-11T23:59:59.1372382+00:00" testType="13cdc9d9-ddb5-4fa4-a97d-d965ccfc6d4b" outcome="Passed" testListId="8c84fa94-04c1-424b-9868-57a2d4851a1d" relativeResultsDirectory="0658e30d-f5a7-4cfd-b99e-cb0b0d988c4d" />
    <UnitTestResult executionId="a37eab11-2316-4672-bbae-7cbbd2d21131" testId="4d3753ce-3a8d-4982-9e53-fc1327ee5981" testName="Microsoft.Azure.Batch.AppPackageUnitTests.Tests.Serialization.AutoStoragePropertiesConverterTests.WhenAutoStorageMissing_SetsValueToNull" computerName="BATCH-JENKINS" duration="00:00:00.0020000" startTime="2016-04-11T23:59:59.3452602+00:00" endTime="2016-04-11T23:59:59.3452602+00:00" testType="13cdc9d9-ddb5-4fa4-a97d-d965ccfc6d4b" outcome="Passed" testListId="8c84fa94-04c1-424b-9868-57a2d4851a1d" relativeResultsDirectory="a37eab11-2316-4672-bbae-7cbbd2d21131" />
    <UnitTestResult executionId="7c2376b6-2b33-4ea7-98e3-e304d6e097af" testId="4fd4710b-048a-43fd-a388-005931c329a5" testName="Microsoft.Azure.Batch.AppPackageUnitTests.Tests.Serialization.AutoStoragePropertiesConverterTests.SerializerDoesNotSerializeWhenNull" computerName="BATCH-JENKINS" duration="00:00:00.0010000" startTime="2016-04-11T23:59:59.3452602+00:00" endTime="2016-04-11T23:59:59.3452602+00:00" testType="13cdc9d9-ddb5-4fa4-a97d-d965ccfc6d4b" outcome="Passed" testListId="8c84fa94-04c1-424b-9868-57a2d4851a1d" relativeResultsDirectory="7c2376b6-2b33-4ea7-98e3-e304d6e097af" />
    <UnitTestResult executionId="f56d1014-bedf-42e6-81fe-8443a5473a56" testId="6d3fa1b9-199d-44ed-a04d-491542f271d6" testName="Microsoft.Azure.Batch.AppPackageUnitTests.Tests.Serialization.AutoStoragePropertiesConverterTests.WhenAutoStorageNull_SetsValueToNullValue" computerName="BATCH-JENKINS" duration="00:00:00.0030000" startTime="2016-04-11T23:59:59.3462368+00:00" endTime="2016-04-11T23:59:59.3462368+00:00" testType="13cdc9d9-ddb5-4fa4-a97d-d965ccfc6d4b" outcome="Passed" testListId="8c84fa94-04c1-424b-9868-57a2d4851a1d" relativeResultsDirectory="f56d1014-bedf-42e6-81fe-8443a5473a56" />
    <UnitTestResult executionId="dcee9c77-d366-4d32-aff7-fba13b933512" testId="c93f0509-3ec6-422d-9fae-e55a5e1915db" testName="Microsoft.Azure.Batch.AppPackageUnitTests.Tests.ApplicationPackageTableOperationsTests.IfRecordExistsAndHasNotChanged_ThenUpdateRecordCommitsData" computerName="BATCH-JENKINS" duration="00:00:00.0140000" startTime="2016-04-11T23:59:59.3462368+00:00" endTime="2016-04-11T23:59:59.3462368+00:00" testType="13cdc9d9-ddb5-4fa4-a97d-d965ccfc6d4b" outcome="Passed" testListId="8c84fa94-04c1-424b-9868-57a2d4851a1d" relativeResultsDirectory="dcee9c77-d366-4d32-aff7-fba13b933512" />
    <UnitTestResult executionId="f9a02f82-c7eb-4041-a656-d8e66e53b1b2" testId="49c4b1b1-18d4-4c70-a070-84e4bbfdbb7b" testName="Microsoft.Azure.Batch.AppPackageUnitTests.Tests.ApplicationPackageTableOperationsTests.DeleteRecordErrorsIfRecordDoesNotExist" computerName="BATCH-JENKINS" duration="00:00:00.0080000" startTime="2016-04-11T23:59:59.3472378+00:00" endTime="2016-04-11T23:59:59.3472378+00:00" testType="13cdc9d9-ddb5-4fa4-a97d-d965ccfc6d4b" outcome="Passed" testListId="8c84fa94-04c1-424b-9868-57a2d4851a1d" relativeResultsDirectory="f9a02f82-c7eb-4041-a656-d8e66e53b1b2" />
    <UnitTestResult executionId="c9a9b827-1aa7-4697-9f9d-1340a97f03dd" testId="cecc367c-c31f-4c72-af98-6cfc6d44b595" testName="Microsoft.Azure.Batch.AppPackageUnitTests.Tests.ApplicationPackageTableOperationsTests.GetRecordsTranslatesActiveSnapshotUrl" computerName="BATCH-JENKINS" duration="00:00:00.0130000" startTime="2016-04-11T23:59:59.3472378+00:00" endTime="2016-04-11T23:59:59.3472378+00:00" testType="13cdc9d9-ddb5-4fa4-a97d-d965ccfc6d4b" outcome="Passed" testListId="8c84fa94-04c1-424b-9868-57a2d4851a1d" relativeResultsDirectory="c9a9b827-1aa7-4697-9f9d-1340a97f03dd" />
    <UnitTestResult executionId="f93064f2-7a85-4464-947f-3df8a77e9413" testId="28aa5e55-d26f-4101-8d42-16792132f243" testName="Microsoft.Azure.Batch.AppPackageUnitTests.Tests.ApplicationPackageTableOperationsTests.IfRecordExistsAndHasNotChanged_ThenDeleteRecordDeletesRecord" computerName="BATCH-JENKINS" duration="00:00:00.0110000" startTime="2016-04-11T23:59:59.3482364+00:00" endTime="2016-04-11T23:59:59.3482364+00:00" testType="13cdc9d9-ddb5-4fa4-a97d-d965ccfc6d4b" outcome="Passed" testListId="8c84fa94-04c1-424b-9868-57a2d4851a1d" relativeResultsDirectory="f93064f2-7a85-4464-947f-3df8a77e9413" />
    <UnitTestResult executionId="b2c4f356-cf75-4bc5-8739-1bd021886de0" testId="05373681-b97b-4b34-be1c-bdd546973e1d" testName="Microsoft.Azure.Batch.AppPackageUnitTests.Tests.ApplicationPackageTableOperationsTests.IfRecordDoesNotExist_ThenUpdateRecordErrorsWithNotFound" computerName="BATCH-JENKINS" duration="00:00:00.0090000" startTime="2016-04-11T23:59:59.3482364+00:00" endTime="2016-04-11T23:59:59.3482364+00:00" testType="13cdc9d9-ddb5-4fa4-a97d-d965ccfc6d4b" outcome="Passed" testListId="8c84fa94-04c1-424b-9868-57a2d4851a1d" relativeResultsDirectory="b2c4f356-cf75-4bc5-8739-1bd021886de0" />
    <UnitTestResult executionId="385b093b-17e8-4b71-b83a-98eca3da0f54" testId="454bb99e-30d1-40e1-9a56-9ddc8a6f5254" testName="Microsoft.Azure.Batch.AppPackageUnitTests.Tests.ApplicationPackageTableOperationsTests.GetRecordRetrievesOnlyFromTheAccount" computerName="BATCH-JENKINS" duration="00:00:00.0080000" startTime="2016-04-11T23:59:59.3522377+00:00" endTime="2016-04-11T23:59:59.3522377+00:00" testType="13cdc9d9-ddb5-4fa4-a97d-d965ccfc6d4b" outcome="Passed" testListId="8c84fa94-04c1-424b-9868-57a2d4851a1d" relativeResultsDirectory="385b093b-17e8-4b71-b83a-98eca3da0f54" />
    <UnitTestResult executionId="d5137856-1bf8-4e9d-9150-2ddb67636963" testId="f256f57c-ee52-4218-8086-1719f1701fc6" testName="Microsoft.Azure.Batch.AppPackageUnitTests.Tests.ApplicationPackageTableOperationsTests.GetRecordsTranslatesState" computerName="BATCH-JENKINS" duration="00:00:00.0070000" startTime="2016-04-11T23:59:59.5442355+00:00" endTime="2016-04-11T23:59:59.5442355+00:00" testType="13cdc9d9-ddb5-4fa4-a97d-d965ccfc6d4b" outcome="Passed" testListId="8c84fa94-04c1-424b-9868-57a2d4851a1d" relativeResultsDirectory="d5137856-1bf8-4e9d-9150-2ddb67636963" />
    <UnitTestResult executionId="6271a99c-5698-4acc-8da6-1049f6bfdb58" testId="c269b0d0-2c08-48c2-9b34-13ebca9dbe81" testName="Microsoft.Azure.Batch.AppPackageUnitTests.Tests.ApplicationPackageTableOperationsTests.IfRecordExistsButHasChanged_ThenUpdateRecordErrorsWithConflict" computerName="BATCH-JENKINS" duration="00:00:00.0080000" startTime="2016-04-11T23:59:59.5442355+00:00" endTime="2016-04-11T23:59:59.5442355+00:00" testType="13cdc9d9-ddb5-4fa4-a97d-d965ccfc6d4b" outcome="Passed" testListId="8c84fa94-04c1-424b-9868-57a2d4851a1d" relativeResultsDirectory="6271a99c-5698-4acc-8da6-1049f6bfdb58" />
    <UnitTestResult executionId="434ab9b4-28b3-44d5-bd2a-e0d282772860" testId="00423a08-84bf-459e-b163-c10b465f9b8c" testName="Microsoft.Azure.Batch.AppPackageUnitTests.Tests.ApplicationPackageTableOperationsTests.GetRecordsTranslatesFormat" computerName="BATCH-JENKINS" duration="00:00:00.0070000" startTime="2016-04-11T23:59:59.5452375+00:00" endTime="2016-04-11T23:59:59.5452375+00:00" testType="13cdc9d9-ddb5-4fa4-a97d-d965ccfc6d4b" outcome="Passed" testListId="8c84fa94-04c1-424b-9868-57a2d4851a1d" relativeResultsDirectory="434ab9b4-28b3-44d5-bd2a-e0d282772860" />
    <UnitTestResult executionId="bbe5d0cf-316a-42a0-96e7-033e663fdb2f" testId="614ecb4d-85b9-41ca-9d7a-f42f5d89f24f" testName="Microsoft.Azure.Batch.AppPackageUnitTests.Tests.ApplicationPackageTableOperationsTests.InsertRecordCommitsDataIfThereIsNoConflict" computerName="BATCH-JENKINS" duration="00:00:00.0110000" startTime="2016-04-11T23:59:59.5452375+00:00" endTime="2016-04-11T23:59:59.5452375+00:00" testType="13cdc9d9-ddb5-4fa4-a97d-d965ccfc6d4b" outcome="Passed" testListId="8c84fa94-04c1-424b-9868-57a2d4851a1d" relativeResultsDirectory="bbe5d0cf-316a-42a0-96e7-033e663fdb2f" />
    <UnitTestResult executionId="e281b999-0910-486c-a287-37742c4d5e36" testId="4cfeb321-2be5-426b-a365-0b4e905127a6" testName="Microsoft.Azure.Batch.AppPackageUnitTests.Tests.ApplicationPackageTableOperationsTests.GetRecordsForApplicationRetrievesOnlyPerAccountAndApplicationRecords" computerName="BATCH-JENKINS" duration="00:00:00.0080000" startTime="2016-04-11T23:59:59.5462371+00:00" endTime="2016-04-11T23:59:59.5462371+00:00" testType="13cdc9d9-ddb5-4fa4-a97d-d965ccfc6d4b" outcome="Passed" testListId="8c84fa94-04c1-424b-9868-57a2d4851a1d" relativeResultsDirectory="e281b999-0910-486c-a287-37742c4d5e36" />
    <UnitTestResult executionId="7b8bf19b-b1fe-4447-b719-f0417a6f561e" testId="8e1e2906-3abe-4ca0-b7fc-7027d4c15744" testName="Microsoft.Azure.Batch.AppPackageUnitTests.Tests.ApplicationPackageTableOperationsTests.IfAccountDoesNotContainAPackage_ThenContainsReturnsFalse" computerName="BATCH-JENKINS" duration="00:00:00.0150000" startTime="2016-04-11T23:59:59.5462371+00:00" endTime="2016-04-11T23:59:59.5462371+00:00" testType="13cdc9d9-ddb5-4fa4-a97d-d965ccfc6d4b" outcome="Passed" testListId="8c84fa94-04c1-424b-9868-57a2d4851a1d" relativeResultsDirectory="7b8bf19b-b1fe-4447-b719-f0417a6f561e" />
    <UnitTestResult executionId="65e54cf2-c735-4cf5-9801-657a96e81beb" testId="cf66aa0d-1751-4cb3-9de8-836ffbab088d" testName="Microsoft.Azure.Batch.AppPackageUnitTests.Tests.ApplicationPackageTableOperationsTests.GetRecordsTranslatesVersion" computerName="BATCH-JENKINS" duration="00:00:00.0070000" startTime="2016-04-11T23:59:59.5472371+00:00" endTime="2016-04-11T23:59:59.5472371+00:00" testType="13cdc9d9-ddb5-4fa4-a97d-d965ccfc6d4b" outcome="Passed" testListId="8c84fa94-04c1-424b-9868-57a2d4851a1d" relativeResultsDirectory="65e54cf2-c735-4cf5-9801-657a96e81beb" />
    <UnitTestResult executionId="7ee93d3f-41cb-4609-99be-da10a74820e4" testId="904cc4db-69da-4034-be92-f9d0c25155e6" testName="Microsoft.Azure.Batch.AppPackageUnitTests.Tests.ApplicationPackageTableOperationsTests.GetRecordsTranslatesBlobName" computerName="BATCH-JENKINS" duration="00:00:00.0070000" startTime="2016-04-11T23:59:59.5472371+00:00" endTime="2016-04-11T23:59:59.5472371+00:00" testType="13cdc9d9-ddb5-4fa4-a97d-d965ccfc6d4b" outcome="Passed" testListId="8c84fa94-04c1-424b-9868-57a2d4851a1d" relativeResultsDirectory="7ee93d3f-41cb-4609-99be-da10a74820e4" />
    <UnitTestResult executionId="a9078fbd-5ab6-4281-b297-94a6e0bb41eb" testId="cc7749f2-6456-4159-97bf-4d2f5a8360ac" testName="Microsoft.Azure.Batch.AppPackageUnitTests.Tests.ApplicationPackageTableOperationsTests.IfRecordExistsButHasChanged_ThenDeleteRecordErrorsWithConflict" computerName="BATCH-JENKINS" duration="00:00:00.0080000" startTime="2016-04-11T23:59:59.5472371+00:00" endTime="2016-04-11T23:59:59.5472371+00:00" testType="13cdc9d9-ddb5-4fa4-a97d-d965ccfc6d4b" outcome="Passed" testListId="8c84fa94-04c1-424b-9868-57a2d4851a1d" relativeResultsDirectory="a9078fbd-5ab6-4281-b297-94a6e0bb41eb" />
    <UnitTestResult executionId="2b023717-1a6b-41a2-96f5-b7b2d1c4c474" testId="d5240e3f-ce9c-4279-8288-8b481d603e40" testName="Microsoft.Azure.Batch.AppPackageUnitTests.Tests.ApplicationPackageTableOperationsTests.GetRecordsRetrievesOnlyPerAccountRecords" computerName="BATCH-JENKINS" duration="00:00:00.0070000" startTime="2016-04-11T23:59:59.8122376+00:00" endTime="2016-04-11T23:59:59.8122376+00:00" testType="13cdc9d9-ddb5-4fa4-a97d-d965ccfc6d4b" outcome="Passed" testListId="8c84fa94-04c1-424b-9868-57a2d4851a1d" relativeResultsDirectory="2b023717-1a6b-41a2-96f5-b7b2d1c4c474" />
    <UnitTestResult executionId="2b87a6cc-14e2-45c5-a137-b595872bc787" testId="fdbfcda2-be19-4dff-b4b7-efda02014b9a" testName="Microsoft.Azure.Batch.AppPackageUnitTests.Tests.ApplicationPackageTableOperationsTests.GetRecordsTranslatesActiveSnapshotTimestamp" computerName="BATCH-JENKINS" duration="00:00:00.0080000" startTime="2016-04-11T23:59:59.8122376+00:00" endTime="2016-04-11T23:59:59.8122376+00:00" testType="13cdc9d9-ddb5-4fa4-a97d-d965ccfc6d4b" outcome="Passed" testListId="8c84fa94-04c1-424b-9868-57a2d4851a1d" relativeResultsDirectory="2b87a6cc-14e2-45c5-a137-b595872bc787" />
    <UnitTestResult executionId="997e5ccc-ff80-4ede-acb6-e124cb71df5c" testId="582f4208-2d9f-425b-9ebb-e09f139844be" testName="Microsoft.Azure.Batch.AppPackageUnitTests.Tests.ApplicationPackageTableOperationsTests.IfAccountContainsAPackage_ThenContainsReturnsTrue" computerName="BATCH-JENKINS" duration="00:00:00.0070000" startTime="2016-04-11T23:59:59.8132383+00:00" endTime="2016-04-11T23:59:59.8132383+00:00" testType="13cdc9d9-ddb5-4fa4-a97d-d965ccfc6d4b" outcome="Passed" testListId="8c84fa94-04c1-424b-9868-57a2d4851a1d" relativeResultsDirectory="997e5ccc-ff80-4ede-acb6-e124cb71df5c" />
    <UnitTestResult executionId="2fb4bc58-638b-4b00-b508-5ab7699330c0" testId="bf8397b5-dffd-4220-9d0e-6965a2d5ea96" testName="Microsoft.Azure.Batch.AppPackageUnitTests.Tests.ApplicationPackageTableOperationsTests.GetRecordRetrievesPackageInfo" computerName="BATCH-JENKINS" duration="00:00:00.0080000" startTime="2016-04-11T23:59:59.8132383+00:00" endTime="2016-04-11T23:59:59.8132383+00:00" testType="13cdc9d9-ddb5-4fa4-a97d-d965ccfc6d4b" outcome="Passed" testListId="8c84fa94-04c1-424b-9868-57a2d4851a1d" relativeResultsDirectory="2fb4bc58-638b-4b00-b508-5ab7699330c0" />
    <UnitTestResult executionId="50c3e1e3-c105-4b20-995b-4a2dc5437b0a" testId="4e9ef932-049e-41fa-adcf-c935aca09ae6" testName="Microsoft.Azure.Batch.AppPackageUnitTests.Tests.ApplicationPackageTableOperationsTests.InsertRecordErrorsIfRecordAlreadyExists" computerName="BATCH-JENKINS" duration="00:00:00.0080000" startTime="2016-04-11T23:59:59.8142382+00:00" endTime="2016-04-11T23:59:59.8142382+00:00" testType="13cdc9d9-ddb5-4fa4-a97d-d965ccfc6d4b" outcome="Passed" testListId="8c84fa94-04c1-424b-9868-57a2d4851a1d" relativeResultsDirectory="50c3e1e3-c105-4b20-995b-4a2dc5437b0a" />
    <UnitTestResult executionId="8e468c32-0761-4dfc-8857-d6f9348a0ef8" testId="a34d7405-88b0-47e5-bba5-95e6392e1953" testName="Microsoft.Azure.Batch.AppPackageUnitTests.Tests.Commands.AppPackages.DeleteApplicationPackageUnitTests_TrpfeUnitTest.IfThereIsNoApplicationPackageRecord_CorrectExceptionIsThrown" computerName="BATCH-JENKINS" duration="00:00:00.0370000" startTime="2016-04-11T23:59:59.8142382+00:00" endTime="2016-04-11T23:59:59.8142382+00:00" testType="13cdc9d9-ddb5-4fa4-a97d-d965ccfc6d4b" outcome="Passed" testListId="8c84fa94-04c1-424b-9868-57a2d4851a1d" relativeResultsDirectory="8e468c32-0761-4dfc-8857-d6f9348a0ef8">
      <Output>
        <StdOut>Initialization: Ensuring table and account records exist
Initialization: Done
Status  : --
           --&gt; Request: DELETE https://localhost:1234/subscriptions/33df989b-1bfb-4163-87d4-785eea52a89c/resourceGroups/devfabric-test/providers/Microsoft.Batch/batchAccounts/msbatchtest/applications/blender/versions/2.7?api-version=2015-12-01. Content length: 0, RequestId: 9f500d3d-9d25-44c9-89e5-b7ccbe6e2d9f
Status  :  &lt;-- Response: 404 The specified application package does not exist.. Content length: 123, RequestId: 
          --</StdOut>
      </Output>
    </UnitTestResult>
    <UnitTestResult executionId="e6635f14-9f51-4ed1-a90e-693e5f595aae" testId="e7c58b45-f967-45e3-8b49-c024cecb07b5" testName="Microsoft.Azure.Batch.AppPackageUnitTests.Tests.Commands.AppPackages.DeleteApplicationPackageUnitTests_TrpfeUnitTest.IfApplicationPackageIsActive_ButBlobDoesntExist_ThenRecordIsDeleted_AndNoExceptionThrown" computerName="BATCH-JENKINS" duration="00:00:00.0300000" startTime="2016-04-11T23:59:59.8152377+00:00" endTime="2016-04-11T23:59:59.8152377+00:00" testType="13cdc9d9-ddb5-4fa4-a97d-d965ccfc6d4b" outcome="Passed" testListId="8c84fa94-04c1-424b-9868-57a2d4851a1d" relativeResultsDirectory="e6635f14-9f51-4ed1-a90e-693e5f595aae">
      <Output>
        <StdOut>Initialization: Ensuring table and account records exist
Initialization: Done
Status  : --
           --&gt; Request: DELETE https://localhost:1234/subscriptions/ba718e91-4e7c-4d69-a3b8-65d9f794f601/resourceGroups/devfabric-test/providers/Microsoft.Batch/batchAccounts/msbatchtest/applications/blender/versions/2.7?api-version=2015-12-01. Content length: 0, RequestId: acfe1e2f-bdef-4063-9c4a-2c6ba0e6dd30
Status  :  &lt;-- Response: 204 No Content. Content length: 0, RequestId: 
          --</StdOut>
      </Output>
    </UnitTestResult>
    <UnitTestResult executionId="b291288b-3833-4d94-a348-d37f56bdd2b7" testId="702faee7-9e0b-4117-a3c8-27d56b1c970a" testName="Microsoft.Azure.Batch.AppPackageUnitTests.Tests.Commands.AppPackages.DeleteApplicationPackageUnitTests_TrpfeUnitTest.IfDeletingDefaultPackageForApplication_ApplicationDefaultPackageIsNulled" computerName="BATCH-JENKINS" duration="00:00:00.0280000" startTime="2016-04-11T23:59:59.8152377+00:00" endTime="2016-04-11T23:59:59.8152377+00:00" testType="13cdc9d9-ddb5-4fa4-a97d-d965ccfc6d4b" outcome="Passed" testListId="8c84fa94-04c1-424b-9868-57a2d4851a1d" relativeResultsDirectory="b291288b-3833-4d94-a348-d37f56bdd2b7">
      <Output>
        <StdOut>Initialization: Ensuring table and account records exist
Initialization: Done
Status  : --
           --&gt; Request: DELETE https://localhost:1234/subscriptions/f6d52d43-f686-4788-8882-8cd646ee1ac7/resourceGroups/devfabric-test/providers/Microsoft.Batch/batchAccounts/msbatchtest/applications/blender/versions/2.7?api-version=2015-12-01. Content length: 0, RequestId: 88643113-8de9-4082-a978-e17e26b3734f
Status  :  &lt;-- Response: 204 No Content. Content length: 0, RequestId: 
          --</StdOut>
      </Output>
    </UnitTestResult>
    <UnitTestResult executionId="a6e60828-7298-4167-8c35-596503b00743" testId="fa52fc10-5add-4392-b13f-2d3957a20ac3" testName="Microsoft.Azure.Batch.AppPackageUnitTests.Tests.Commands.AppPackages.DeleteApplicationPackageUnitTests_TrpfeUnitTest.IfDeletingNonDefaultPackageForApplication_ApplicationDefaultPackageIsUnchanged" computerName="BATCH-JENKINS" duration="00:00:00.0270000" startTime="2016-04-11T23:59:59.8162373+00:00" endTime="2016-04-11T23:59:59.8162373+00:00" testType="13cdc9d9-ddb5-4fa4-a97d-d965ccfc6d4b" outcome="Passed" testListId="8c84fa94-04c1-424b-9868-57a2d4851a1d" relativeResultsDirectory="a6e60828-7298-4167-8c35-596503b00743">
      <Output>
        <StdOut>Initialization: Ensuring table and account records exist
Initialization: Done
Status  : --
           --&gt; Request: DELETE https://localhost:1234/subscriptions/f8c74811-b699-4816-844f-45af9f150675/resourceGroups/devfabric-test/providers/Microsoft.Batch/batchAccounts/msbatchtest/applications/blender/versions/2.7?api-version=2015-12-01. Content length: 0, RequestId: 824dd520-4868-4100-8218-cf2fd9d0b903
Status  :  &lt;-- Response: 204 No Content. Content length: 0, RequestId: 
          --</StdOut>
      </Output>
    </UnitTestResult>
    <UnitTestResult executionId="ef57b2fc-705f-4910-9edc-74e5090158c9" testId="7f339d71-fb9e-49d4-b5aa-2d81b8670ee1" testName="Microsoft.Azure.Batch.AppPackageUnitTests.Tests.Commands.AppPackages.DeleteApplicationPackageUnitTests_TrpfeUnitTest.IfApplicationPackageIsPending_ThenRecordIsDeleted" computerName="BATCH-JENKINS" duration="00:00:00.0270000" startTime="2016-04-12T00:00:00.0552371+00:00" endTime="2016-04-12T00:00:00.0552371+00:00" testType="13cdc9d9-ddb5-4fa4-a97d-d965ccfc6d4b" outcome="Passed" testListId="8c84fa94-04c1-424b-9868-57a2d4851a1d" relativeResultsDirectory="ef57b2fc-705f-4910-9edc-74e5090158c9">
      <Output>
        <StdOut>Initialization: Ensuring table and account records exist
Initialization: Done
Status  : --
           --&gt; Request: DELETE https://localhost:1234/subscriptions/1b867790-6191-444d-b230-b26a4b949304/resourceGroups/devfabric-test/providers/Microsoft.Batch/batchAccounts/msbatchtest/applications/blender/versions/2.7?api-version=2015-12-01. Content length: 0, RequestId: 1179d9e6-8826-46e8-ab66-910a4539ac6f
Status  :  &lt;-- Response: 204 No Content. Content length: 0, RequestId: 
          --</StdOut>
      </Output>
    </UnitTestResult>
    <UnitTestResult executionId="7cf6c88b-85fa-498c-983e-566cba8e34a2" testId="9c0225f2-33f5-4e8a-9052-4dff8c96259d" testName="Microsoft.Azure.Batch.AppPackageUnitTests.Tests.Commands.AppPackages.DeleteApplicationPackageUnitTests_TrpfeUnitTest.IfApplicationPackageIsActive_AndBlobHasSnapshot_ThenRecordIsDeleted_AndBlobIsDeleted" computerName="BATCH-JENKINS" duration="00:00:00.0490000" startTime="2016-04-12T00:00:00.0562376+00:00" endTime="2016-04-12T00:00:00.0562376+00:00" testType="13cdc9d9-ddb5-4fa4-a97d-d965ccfc6d4b" outcome="Passed" testListId="8c84fa94-04c1-424b-9868-57a2d4851a1d" relativeResultsDirectory="7cf6c88b-85fa-498c-983e-566cba8e34a2">
      <Output>
        <StdOut>Initialization: Ensuring table and account records exist
Initialization: Done
Status  : --
           --&gt; Request: DELETE https://localhost:1234/subscriptions/44e77891-0895-4965-a8d7-e70b5889c165/resourceGroups/devfabric-test/providers/Microsoft.Batch/batchAccounts/msbatchtest/applications/blender/versions/2.7?api-version=2015-12-01. Content length: 0, RequestId: 0c2fa125-bb48-4a9e-a29f-4ad1fe098da2
Status  :  &lt;-- Response: 204 No Content. Content length: 0, RequestId: 
          --</StdOut>
      </Output>
    </UnitTestResult>
    <UnitTestResult executionId="00c09ac7-8618-495d-9fd2-1aef57196238" testId="47c8ddd5-ae03-40ea-9932-c21614a6042e" testName="Microsoft.Azure.Batch.AppPackageUnitTests.Tests.TRPFE.AutoStorageTrpfeTests.PatchReturns409WhenBatchNotRegisteredForSubscriptionTenant" computerName="BATCH-JENKINS" duration="00:00:00.1320000" startTime="2016-04-12T00:00:00.0572391+00:00" endTime="2016-04-12T00:00:00.0572391+00:00" testType="13cdc9d9-ddb5-4fa4-a97d-d965ccfc6d4b" outcome="Passed" testListId="8c84fa94-04c1-424b-9868-57a2d4851a1d" relativeResultsDirectory="00c09ac7-8618-495d-9fd2-1aef57196238" />
    <UnitTestResult executionId="f767c14c-4e15-4186-a62d-23f6771f3cd9" testId="c5958e8d-559c-4eb4-b2c1-4fe49644b78c" testName="Microsoft.Azure.Batch.AppPackageUnitTests.Tests.TRPFE.AutoStorageTrpfeTests.AddAccountReturnsSuccessWhenAutoStorageAccountValid" computerName="BATCH-JENKINS" duration="00:00:00.1030000" startTime="2016-04-12T00:00:00.0572391+00:00" endTime="2016-04-12T00:00:00.0572391+00:00" testType="13cdc9d9-ddb5-4fa4-a97d-d965ccfc6d4b" outcome="Passed" testListId="8c84fa94-04c1-424b-9868-57a2d4851a1d" relativeResultsDirectory="f767c14c-4e15-4186-a62d-23f6771f3cd9" />
    <UnitTestResult executionId="78d7abe2-ff09-4ad3-89b6-2c15e70e71e8" testId="2bebaf21-acc8-4d50-a975-2c612e7de699" testName="Microsoft.Azure.Batch.AppPackageUnitTests.Tests.TRPFE.AutoStorageTrpfeTests.PatchReturnsConflictWhenAutoStorageAccountNotFound" computerName="BATCH-JENKINS" duration="00:00:00.0100000" startTime="2016-04-12T00:00:00.0582376+00:00" endTime="2016-04-12T00:00:00.0582376+00:00" testType="13cdc9d9-ddb5-4fa4-a97d-d965ccfc6d4b" outcome="Passed" testListId="8c84fa94-04c1-424b-9868-57a2d4851a1d" relativeResultsDirectory="78d7abe2-ff09-4ad3-89b6-2c15e70e71e8" />
    <UnitTestResult executionId="3179591f-54fa-4558-aaf4-e3de3c565136" testId="f38e51ba-fed3-4e89-a244-1405f90849fc" testName="Microsoft.Azure.Batch.AppPackageUnitTests.Tests.TRPFE.AutoStorageTrpfeTests.PatchReturnsConflictWhenAutoStorageAccountInvalidType" computerName="BATCH-JENKINS" duration="00:00:00.0130000" startTime="2016-04-12T00:00:00.0582376+00:00" endTime="2016-04-12T00:00:00.0582376+00:00" testType="13cdc9d9-ddb5-4fa4-a97d-d965ccfc6d4b" outcome="Passed" testListId="8c84fa94-04c1-424b-9868-57a2d4851a1d" relativeResultsDirectory="3179591f-54fa-4558-aaf4-e3de3c565136" />
    <UnitTestResult executionId="13a87f46-09ba-45ea-a437-388a3f1133a9" testId="9d5d2b93-c9fc-435e-b793-b77170067ba5" testName="Microsoft.Azure.Batch.AppPackageUnitTests.Tests.TRPFE.AutoStorageTrpfeTests.GetReturnsAutoStorageDetailsWhenPresent" computerName="BATCH-JENKINS" duration="00:00:00.0160000" startTime="2016-04-12T00:00:00.0592372+00:00" endTime="2016-04-12T00:00:00.0592372+00:00" testType="13cdc9d9-ddb5-4fa4-a97d-d965ccfc6d4b" outcome="Passed" testListId="8c84fa94-04c1-424b-9868-57a2d4851a1d" relativeResultsDirectory="13a87f46-09ba-45ea-a437-388a3f1133a9" />
    <UnitTestResult executionId="08aac70f-a999-4db2-82d2-63d64a8f15e4" testId="3f90ac5a-fda8-4d77-a7b9-7cde924d6a8b" testName="Microsoft.Azure.Batch.AppPackageUnitTests.Tests.TRPFE.AutoStorageTrpfeTests.PatchReturnsSuccessWhenAutoStorageAccountValid" computerName="BATCH-JENKINS" duration="00:00:00.0210000" startTime="2016-04-12T00:00:00.0592372+00:00" endTime="2016-04-12T00:00:00.0592372+00:00" testType="13cdc9d9-ddb5-4fa4-a97d-d965ccfc6d4b" outcome="Passed" testListId="8c84fa94-04c1-424b-9868-57a2d4851a1d" relativeResultsDirectory="08aac70f-a999-4db2-82d2-63d64a8f15e4" />
    <UnitTestResult executionId="a7e1fa9c-63c9-438c-93a3-8bd9fde858d4" testId="c3c94561-dc2d-4a61-9496-4450434c955c" testName="Microsoft.Azure.Batch.AppPackageUnitTests.Tests.TRPFE.AutoStorageTrpfeTests.GetDoesNotReturnAutoStorageDetailsWhenNotPresent" computerName="BATCH-JENKINS" duration="00:00:00.0090000" startTime="2016-04-12T00:00:00.0592372+00:00" endTime="2016-04-12T00:00:00.0592372+00:00" testType="13cdc9d9-ddb5-4fa4-a97d-d965ccfc6d4b" outcome="Passed" testListId="8c84fa94-04c1-424b-9868-57a2d4851a1d" relativeResultsDirectory="a7e1fa9c-63c9-438c-93a3-8bd9fde858d4" />
    <UnitTestResult executionId="1121315b-efa4-47df-8b28-27e1ebaa90f7" testId="95f32e37-503f-456d-8612-f95e4e07319f" testName="Microsoft.Azure.Batch.AppPackageUnitTests.Tests.TRPFE.AutoStorageTrpfeTests.PatchReturnsBadRequestWhenAccountInInvalidFormat" computerName="BATCH-JENKINS" duration="00:00:00.0120000" startTime="2016-04-12T00:00:00.4082369+00:00" endTime="2016-04-12T00:00:00.4082369+00:00" testType="13cdc9d9-ddb5-4fa4-a97d-d965ccfc6d4b" outcome="Passed" testListId="8c84fa94-04c1-424b-9868-57a2d4851a1d" relativeResultsDirectory="1121315b-efa4-47df-8b28-27e1ebaa90f7" />
    <UnitTestResult executionId="3d5dbc1a-38aa-4220-94c0-48f2df0a4861" testId="17fe14d4-f130-4f2f-8866-8eb0afebed69" testName="Microsoft.Azure.Batch.AppPackageUnitTests.Tests.TRPFE.AutoStorageTrpfeTests.PatchReturnsInternalServerErrorWhenAutoStorageThrowsException" computerName="BATCH-JENKINS" duration="00:00:00.0120000" startTime="2016-04-12T00:00:00.4092382+00:00" endTime="2016-04-12T00:00:00.4092382+00:00" testType="13cdc9d9-ddb5-4fa4-a97d-d965ccfc6d4b" outcome="Passed" testListId="8c84fa94-04c1-424b-9868-57a2d4851a1d" relativeResultsDirectory="3d5dbc1a-38aa-4220-94c0-48f2df0a4861" />
    <UnitTestResult executionId="4c3c21df-b307-4841-b344-c452e3d34548" testId="133e3f79-9dc4-4679-86d4-8b84d658888c" testName="Microsoft.Azure.Batch.AppPackageUnitTests.Tests.Commands.AppPackages.AddApplicationUnitTests_TrpfeUnitTest.IfDisplayNameIsTooLong_CorrectExceptionIsThrown_AndNoRecordInserted" computerName="BATCH-JENKINS" duration="00:00:00.0250000" startTime="2016-04-12T00:00:00.4092382+00:00" endTime="2016-04-12T00:00:00.4092382+00:00" testType="13cdc9d9-ddb5-4fa4-a97d-d965ccfc6d4b" outcome="Passed" testListId="8c84fa94-04c1-424b-9868-57a2d4851a1d" relativeResultsDirectory="4c3c21df-b307-4841-b344-c452e3d34548">
      <Output>
        <StdOut>Initialization: Ensuring table and account records exist
Initialization: Done
Status  : --
           --&gt; Request: PUT https://localhost:1234/subscriptions/704b7154-fa53-4f9b-ae57-37e30b5ef683/resourceGroups/devfabric-test/providers/Microsoft.Batch/batchAccounts/msbatchtest/applications/blender?api-version=2015-12-01. Content length: 1043, RequestId: 031a3d1c-37d1-4b9d-a8e6-4feaad36df98
Verbose :  --&gt; --
          {"displayName":"aaaaaaaaaaaaaaaaaaaaaaaaaaaaaaaaaaaaaaaaaaaaaaaaaaaaaaaaaaaaaaaaaaaaaaaaaaaaaaaaaaaaaaaaaaaaaaaaaaaaaaaaaaaaaaaaaaaaaaaaaaaaaaaaaaaaaaaaaaaaaaaaaaaaaaaaaaaaaaaaaaaaaaaaaaaaaaaaaaaaaaaaaaaaaaaaaaaaaaaaaaaaaaaaaaaaaaaaaaaaaaaaaaaaaaaaaaaaaaaaaaaaaaaaaaaaaaaaaaaaaaaaaaaaaaaaaaaaaaaaaaaaaaaaaaaaaaaaaaaaaaaaaaaaaaaaaaaaaaaaaaaaaaaaaaaaaaaaaaaaaaaaaaaaaaaaaaaaaaaaaaaaaaaaaaaaaaaaaaaaaaaaaaaaaaaaaaaaaaaaaaaaaaaaaaaaaaaaaaaaaaaaaaaaaaaaaaaaaaaaaaaaaaaaaaaaaaaaaaaaaaaaaaaaaaaaaaaaaaaaaaaaaaaaaaaaaaaaaaaaaaaaaaaaaaaaaaaaaaaaaaaaaaaaaaaaaaaaaaaaaaaaaaaaaaaaaaaaaaaaaaaaaaaaaaaaaaaaaaaaaaaaaaaaaaaaaaaaaaaaaaaaaaaaaaaaaaaaaaaaaaaaaaaaaaaaaaaaaaaaaaaaaaaaaaaaaaaaaaaaaaaaaaaaaaaaaaaaaaaaaaaaaaaaaaaaaaaaaaaaaaaaaaaaaaaaaaaaaaaaaaaaaaaaaaaaaaaaaaaaaaaaaaaaaaaaaaaaaaaaaaaaaaaaaaaaaaaaaaaaaaaaaaaaaaaaaaaaaaaaaaaaaaaaaaaaaaaaaaaaaaaaaaaaaaaaaaaaaaaaaaaaaaaaaaaaaaaaaaaaaaaaaaaaaaaaaaaaaaaaaaaaaaaaaaaaaaaaaaaaaaaaaaaaaaaaaaaaaaaaaaaaaaaaaaaaaaaaaaaaaaaaaaaaaaaaaaaaaaaaaaaaaaaaaaaaaaaaaaaaaaaaaaaaaaaaaaaaaaaaaaaaaaaaaaaaaaaaaaaaaaaaa"}
Status  :  &lt;-- Response: 400 The value provided for one of the property in the request body is invalid.. Content length: 1288, RequestId: 
          --</StdOut>
      </Output>
    </UnitTestResult>
    <UnitTestResult executionId="31379497-8155-47da-928b-2ec9865a71b2" testId="7ee7280c-f798-484d-a713-d206d1ea976a" testName="Microsoft.Azure.Batch.AppPackageUnitTests.Tests.Commands.AppPackages.AddApplicationUnitTests_TrpfeUnitTest.IfAllowUpdatesIsSpecifiedAsNull_ThenItDefaultsToTrueInStorageAndResponse" computerName="BATCH-JENKINS" duration="00:00:00.0230000" startTime="2016-04-12T00:00:00.4102376+00:00" endTime="2016-04-12T00:00:00.4102376+00:00" testType="13cdc9d9-ddb5-4fa4-a97d-d965ccfc6d4b" outcome="Passed" testListId="8c84fa94-04c1-424b-9868-57a2d4851a1d" relativeResultsDirectory="31379497-8155-47da-928b-2ec9865a71b2">
      <Output>
        <StdOut>Initialization: Ensuring table and account records exist
Initialization: Done
Status  : --
           --&gt; Request: PUT https://localhost:1234/subscriptions/202f383f-8ac7-43be-893e-11b65c5efc9a/resourceGroups/devfabric-test/providers/Microsoft.Batch/batchAccounts/msbatchtest/applications/blender?api-version=2015-12-01. Content length: 21, RequestId: 4c7090f4-137c-45cd-b9c8-0715e04e7dd2
Verbose :  --&gt; --
          {"allowUpdates":null}
Status  :  &lt;-- Response: 201 Created. Content length: 50, RequestId: 
          --</StdOut>
      </Output>
    </UnitTestResult>
    <UnitTestResult executionId="b7ec17e5-fd7f-4bf9-bf1a-093dc4d4c6a0" testId="91cd0b95-5dbd-4725-8b47-93140780512d" testName="Microsoft.Azure.Batch.AppPackageUnitTests.Tests.Commands.AppPackages.AddApplicationUnitTests_TrpfeUnitTest.CanReAddPreExistingApplication_ToSameAccountAndVersion_AndRecordIsUpdated" computerName="BATCH-JENKINS" duration="00:00:00.0250000" startTime="2016-04-12T00:00:00.4102376+00:00" endTime="2016-04-12T00:00:00.4102376+00:00" testType="13cdc9d9-ddb5-4fa4-a97d-d965ccfc6d4b" outcome="Passed" testListId="8c84fa94-04c1-424b-9868-57a2d4851a1d" relativeResultsDirectory="b7ec17e5-fd7f-4bf9-bf1a-093dc4d4c6a0">
      <Output>
        <StdOut>Initialization: Ensuring table and account records exist
Initialization: Done
Status  : --
           --&gt; Request: PUT https://localhost:1234/subscriptions/7c74d8c2-20ad-438b-912e-1edac4e5285a/resourceGroups/devfabric-test/providers/Microsoft.Batch/batchAccounts/msbatchtest/applications/blender?api-version=2015-12-01. Content length: 34, RequestId: 71093c2a-0631-46a1-8986-ca50d8993c0f
Verbose :  --&gt; --
          {"displayName":"Blender Renderer"}
Status  :  &lt;-- Response: 201 Created. Content length: 83, RequestId: 
          --</StdOut>
      </Output>
    </UnitTestResult>
    <UnitTestResult executionId="8aec9986-8456-43a0-a069-805e1764806e" testId="a9d44575-e222-411d-9f2f-c0be9a76943d" testName="Microsoft.Azure.Batch.AppPackageUnitTests.Tests.Commands.AppPackages.AddApplicationUnitTests_TrpfeUnitTest.WhenApplicationSpecifiesDefaultVersion_WhichIsntActive_CorrectExceptionIsThrown_AndRecordIsntUpdated" computerName="BATCH-JENKINS" duration="00:00:00.0260000" startTime="2016-04-12T00:00:00.4112378+00:00" endTime="2016-04-12T00:00:00.4112378+00:00" testType="13cdc9d9-ddb5-4fa4-a97d-d965ccfc6d4b" outcome="Passed" testListId="8c84fa94-04c1-424b-9868-57a2d4851a1d" relativeResultsDirectory="8aec9986-8456-43a0-a069-805e1764806e">
      <Output>
        <StdOut>Initialization: Ensuring table and account records exist
Initialization: Done
Status  : --
           --&gt; Request: PUT https://localhost:1234/subscriptions/00295cf6-c5c1-4523-b08c-8565d92466bb/resourceGroups/devfabric-test/providers/Microsoft.Batch/batchAccounts/msbatchtest/applications/blender?api-version=2015-12-01. Content length: 58, RequestId: a102b931-25b7-49fa-9aaa-ac9bf5975841
Verbose :  --&gt; --
          {"defaultVersion":"2.7","displayName":"Should not be set"}
Status  :  &lt;-- Response: 409 The application package corresponding to the requested default version is not active.. Content length: 165, RequestId: 
          --</StdOut>
      </Output>
    </UnitTestResult>
    <UnitTestResult executionId="8545ff95-a4e9-4c0a-ab31-e5f35eae0269" testId="690a4fad-049b-4b6c-9f65-3c9d1599e6af" testName="Microsoft.Azure.Batch.AppPackageUnitTests.Tests.Commands.AppPackages.AddApplicationUnitTests_TrpfeUnitTest.IfAllowUpdatesIsNotSpecified_ThenItDefaultsToTrueInStorageAndResponse" computerName="BATCH-JENKINS" duration="00:00:00.0200000" startTime="2016-04-12T00:00:00.4122380+00:00" endTime="2016-04-12T00:00:00.4122380+00:00" testType="13cdc9d9-ddb5-4fa4-a97d-d965ccfc6d4b" outcome="Passed" testListId="8c84fa94-04c1-424b-9868-57a2d4851a1d" relativeResultsDirectory="8545ff95-a4e9-4c0a-ab31-e5f35eae0269">
      <Output>
        <StdOut>Initialization: Ensuring table and account records exist
Initialization: Done
Status  : --
           --&gt; Request: PUT https://localhost:1234/subscriptions/a51a50ed-7ede-440f-a4d1-b2c5f1055437/resourceGroups/devfabric-test/providers/Microsoft.Batch/batchAccounts/msbatchtest/applications/blender?api-version=2015-12-01. Content length: 2, RequestId: 5b79f4df-1b39-4200-a1a7-c99ccc549441
Verbose :  --&gt; --
          {}
Status  :  &lt;-- Response: 201 Created. Content length: 50, RequestId: 
          --</StdOut>
      </Output>
    </UnitTestResult>
    <UnitTestResult executionId="3e10c6e1-cbe6-469d-bf76-04816ae6c5c3" testId="d0aa9c95-71c4-4ba4-b1f9-ebf143abd5dd" testName="Microsoft.Azure.Batch.AppPackageUnitTests.Tests.Commands.AppPackages.AddApplicationUnitTests_TrpfeUnitTest.IfAllowUpdatesIsSpecifiedAsTrue_ThenItIsStoredAndReturnedAsTrue" computerName="BATCH-JENKINS" duration="00:00:00.0190000" startTime="2016-04-12T00:00:00.4122380+00:00" endTime="2016-04-12T00:00:00.4122380+00:00" testType="13cdc9d9-ddb5-4fa4-a97d-d965ccfc6d4b" outcome="Passed" testListId="8c84fa94-04c1-424b-9868-57a2d4851a1d" relativeResultsDirectory="3e10c6e1-cbe6-469d-bf76-04816ae6c5c3">
      <Output>
        <StdOut>Initialization: Ensuring table and account records exist
Initialization: Done
Status  : --
           --&gt; Request: PUT https://localhost:1234/subscriptions/09b82345-1f21-482d-bbe2-2fce4292122c/resourceGroups/devfabric-test/providers/Microsoft.Batch/batchAccounts/msbatchtest/applications/blender?api-version=2015-12-01. Content length: 21, RequestId: 983f5f35-fc82-4b71-9a13-4ad7fd1c0c2f
Verbose :  --&gt; --
          {"allowUpdates":true}
Status  :  &lt;-- Response: 201 Created. Content length: 50, RequestId: 
          --</StdOut>
      </Output>
    </UnitTestResult>
    <UnitTestResult executionId="431756c9-932e-427c-a159-953ca044fe40" testId="cff44cb4-732d-467d-ba82-31dc6dd0aa24" testName="Microsoft.Azure.Batch.AppPackageUnitTests.Tests.Commands.AppPackages.AddApplicationUnitTests_TrpfeUnitTest.WhenApplicationAlreadyExistsWithDefaultVersion_AndNoDefaultVersionInRequest_DefaultVersionIsNulled" computerName="BATCH-JENKINS" duration="00:00:00.0260000" startTime="2016-04-12T00:00:00.4132375+00:00" endTime="2016-04-12T00:00:00.4132375+00:00" testType="13cdc9d9-ddb5-4fa4-a97d-d965ccfc6d4b" outcome="Passed" testListId="8c84fa94-04c1-424b-9868-57a2d4851a1d" relativeResultsDirectory="431756c9-932e-427c-a159-953ca044fe40">
      <Output>
        <StdOut>Initialization: Ensuring table and account records exist
Initialization: Done
Status  : --
           --&gt; Request: PUT https://localhost:1234/subscriptions/b3368c27-5ebf-4d83-a876-1a1129cedfb9/resourceGroups/devfabric-test/providers/Microsoft.Batch/batchAccounts/msbatchtest/applications/blender?api-version=2015-12-01. Content length: 2, RequestId: 57c36629-edc9-488d-a185-2b17c996c908
Verbose :  --&gt; --
          {}
Status  :  &lt;-- Response: 201 Created. Content length: 50, RequestId: 
          --</StdOut>
      </Output>
    </UnitTestResult>
    <UnitTestResult executionId="e6f7ca39-74d1-4e81-83f1-254424763a5d" testId="e9d9fd3f-0dd2-4604-b02f-46e75afbee2a" testName="Microsoft.Azure.Batch.AppPackageUnitTests.Tests.Commands.AppPackages.AddApplicationUnitTests_TrpfeUnitTest.IfDisplayNameIsNotSpecified_ThenItIsNotDefaultedInStorageAndResponse" computerName="BATCH-JENKINS" duration="00:00:00.0210000" startTime="2016-04-12T00:00:00.7952370+00:00" endTime="2016-04-12T00:00:00.7952370+00:00" testType="13cdc9d9-ddb5-4fa4-a97d-d965ccfc6d4b" outcome="Passed" testListId="8c84fa94-04c1-424b-9868-57a2d4851a1d" relativeResultsDirectory="e6f7ca39-74d1-4e81-83f1-254424763a5d">
      <Output>
        <StdOut>Initialization: Ensuring table and account records exist
Initialization: Done
Status  : --
           --&gt; Request: PUT https://localhost:1234/subscriptions/34e55b0e-6024-4424-bfc3-d1d53b088446/resourceGroups/devfabric-test/providers/Microsoft.Batch/batchAccounts/msbatchtest/applications/blender?api-version=2015-12-01. Content length: 2, RequestId: 289f7b85-376c-4d40-acfe-26c1470fe3b2
Verbose :  --&gt; --
          {}
Status  :  &lt;-- Response: 201 Created. Content length: 50, RequestId: 
          --</StdOut>
      </Output>
    </UnitTestResult>
    <UnitTestResult executionId="dcc1987f-a388-4740-98ef-70a2e29ffb8f" testId="efe4ce4a-6b30-44d8-8b9b-72351df918ff" testName="Microsoft.Azure.Batch.AppPackageUnitTests.Tests.Commands.AppPackages.AddApplicationUnitTests_TrpfeUnitTest.IfDefaultVersionIsSpecifiedAsEmptyString_ThenItIsNotDefaulted" computerName="BATCH-JENKINS" duration="00:00:00.0190000" startTime="2016-04-12T00:00:00.7952370+00:00" endTime="2016-04-12T00:00:00.7952370+00:00" testType="13cdc9d9-ddb5-4fa4-a97d-d965ccfc6d4b" outcome="Passed" testListId="8c84fa94-04c1-424b-9868-57a2d4851a1d" relativeResultsDirectory="dcc1987f-a388-4740-98ef-70a2e29ffb8f">
      <Output>
        <StdOut>Initialization: Ensuring table and account records exist
Initialization: Done
Status  : --
           --&gt; Request: PUT https://localhost:1234/subscriptions/ac4db03d-0c38-4d2b-86a8-17715568d9e0/resourceGroups/devfabric-test/providers/Microsoft.Batch/batchAccounts/msbatchtest/applications/blender?api-version=2015-12-01. Content length: 21, RequestId: e8c54144-ec43-47a4-8561-b7323e6fbeec
Verbose :  --&gt; --
          {"defaultVersion":""}
Status  :  &lt;-- Response: 201 Created. Content length: 50, RequestId: 
          --</StdOut>
      </Output>
    </UnitTestResult>
    <UnitTestResult executionId="5cac88e5-3db7-4228-bbd8-797589703f54" testId="d1344c86-a035-4804-959e-eecfb0f21a54" testName="Microsoft.Azure.Batch.AppPackageUnitTests.Tests.Commands.AppPackages.AddApplicationUnitTests_TrpfeUnitTest.WhenApplicationSpecifiesDefaultVersion_WhichDoesntExist_CorrectExceptionIsThrown_AndRecordIsntUpdated" computerName="BATCH-JENKINS" duration="00:00:00.0250000" startTime="2016-04-12T00:00:00.7962382+00:00" endTime="2016-04-12T00:00:00.7962382+00:00" testType="13cdc9d9-ddb5-4fa4-a97d-d965ccfc6d4b" outcome="Passed" testListId="8c84fa94-04c1-424b-9868-57a2d4851a1d" relativeResultsDirectory="5cac88e5-3db7-4228-bbd8-797589703f54">
      <Output>
        <StdOut>Initialization: Ensuring table and account records exist
Initialization: Done
Status  : --
           --&gt; Request: PUT https://localhost:1234/subscriptions/7037cb27-f4f7-4c7d-8270-445b6762df52/resourceGroups/devfabric-test/providers/Microsoft.Batch/batchAccounts/msbatchtest/applications/blender?api-version=2015-12-01. Content length: 58, RequestId: 454ef3a3-db2a-4022-9a50-c41e873d253b
Verbose :  --&gt; --
          {"defaultVersion":"2.8","displayName":"Should not be set"}
Status  :  &lt;-- Response: 409 The application package corresponding to the requested default version was not found.. Content length: 164, RequestId: 
          --</StdOut>
      </Output>
    </UnitTestResult>
    <UnitTestResult executionId="2709c151-8721-4f6d-808c-943f0a0d7adf" testId="5ec2e34a-ee15-442e-b558-5d0aba921114" testName="Microsoft.Azure.Batch.AppPackageUnitTests.Tests.Commands.AppPackages.AddApplicationUnitTests_TrpfeUnitTest.WhenAddingAnApplication_WhichAlreadyExistsWithDifferentCasing_TheRecordIsUpdated_AndResponseIncludesdAppIdWithNewCasing" computerName="BATCH-JENKINS" duration="00:00:00.0240000" startTime="2016-04-12T00:00:00.7972369+00:00" endTime="2016-04-12T00:00:00.7972369+00:00" testType="13cdc9d9-ddb5-4fa4-a97d-d965ccfc6d4b" outcome="Passed" testListId="8c84fa94-04c1-424b-9868-57a2d4851a1d" relativeResultsDirectory="2709c151-8721-4f6d-808c-943f0a0d7adf">
      <Output>
        <StdOut>Initialization: Ensuring table and account records exist
Initialization: Done
Status  : --
           --&gt; Request: PUT https://localhost:1234/subscriptions/67c0cd38-41c0-4710-9b9f-9ad350d9d1f3/resourceGroups/devfabric-test/providers/Microsoft.Batch/batchAccounts/msbatchtest/applications/BlEnDeR?api-version=2015-12-01. Content length: 34, RequestId: 025b52a9-26b7-47c2-9528-34db10b04355
Verbose :  --&gt; --
          {"displayName":"Blender Renderer"}
Status  :  &lt;-- Response: 201 Created. Content length: 83, RequestId: 
          --</StdOut>
      </Output>
    </UnitTestResult>
    <UnitTestResult executionId="148459d9-163f-4135-a484-e39baa5c86aa" testId="ac5f5f71-a80e-40de-a396-89d4467fbeb1" testName="Microsoft.Azure.Batch.AppPackageUnitTests.Tests.Commands.AppPackages.AddApplicationUnitTests_TrpfeUnitTest.ResponseAndRecordIncludeCasePreservedApplicationId" computerName="BATCH-JENKINS" duration="00:00:00.0210000" startTime="2016-04-12T00:00:00.7972369+00:00" endTime="2016-04-12T00:00:00.7972369+00:00" testType="13cdc9d9-ddb5-4fa4-a97d-d965ccfc6d4b" outcome="Passed" testListId="8c84fa94-04c1-424b-9868-57a2d4851a1d" relativeResultsDirectory="148459d9-163f-4135-a484-e39baa5c86aa">
      <Output>
        <StdOut>Initialization: Ensuring table and account records exist
Initialization: Done
Status  : --
           --&gt; Request: PUT https://localhost:1234/subscriptions/07a2b3f0-50cf-453e-86bd-0608c5292b73/resourceGroups/devfabric-test/providers/Microsoft.Batch/batchAccounts/msbatchtest/applications/BlEnDeR?api-version=2015-12-01. Content length: 2, RequestId: 99741e6b-892a-414f-b807-9d9d86dc6d32
Verbose :  --&gt; --
          {}
Status  :  &lt;-- Response: 201 Created. Content length: 50, RequestId: 
          --</StdOut>
      </Output>
    </UnitTestResult>
    <UnitTestResult executionId="0b0202a9-fc46-4124-8741-1a59f150b58c" testId="adfce97e-a849-4ea5-9aa7-5b9e85d5622f" testName="Microsoft.Azure.Batch.AppPackageUnitTests.Tests.Commands.AppPackages.AddApplicationUnitTests_TrpfeUnitTest.WhenApplicationAlreadyExistsWithAllPropertiesSet_AllPropertiesCanBeOverridden" computerName="BATCH-JENKINS" duration="00:00:00.0270000" startTime="2016-04-12T00:00:00.7982369+00:00" endTime="2016-04-12T00:00:00.7982369+00:00" testType="13cdc9d9-ddb5-4fa4-a97d-d965ccfc6d4b" outcome="Passed" testListId="8c84fa94-04c1-424b-9868-57a2d4851a1d" relativeResultsDirectory="0b0202a9-fc46-4124-8741-1a59f150b58c">
      <Output>
        <StdOut>Initialization: Ensuring table and account records exist
Initialization: Done
Status  : --
           --&gt; Request: PUT https://localhost:1234/subscriptions/db0f97f9-4d91-48f4-ae4c-c5f6c28473fc/resourceGroups/devfabric-test/providers/Microsoft.Batch/batchAccounts/msbatchtest/applications/blender?api-version=2015-12-01. Content length: 77, RequestId: 705a7a1c-e276-45b4-b461-f0742d49e12e
Verbose :  --&gt; --
          {"defaultVersion":"2.8","displayName":"Blender Animator","allowUpdates":true}
Status  :  &lt;-- Response: 201 Created. Content length: 199, RequestId: 
          --</StdOut>
      </Output>
    </UnitTestResult>
    <UnitTestResult executionId="c4130b9c-9475-4808-9092-a8e119be93fe" testId="3ff59605-84cd-4c04-9cce-ff0e8a133d20" testName="Microsoft.Azure.Batch.AppPackageUnitTests.Tests.Commands.AppPackages.AddApplicationUnitTests_TrpfeUnitTest.WhenApplicationAlreadyExistsWithDisplayName_AndNoDisplayNameInRequest_DisplayNameIsNulled" computerName="BATCH-JENKINS" duration="00:00:00.0220000" startTime="2016-04-12T00:00:00.7982369+00:00" endTime="2016-04-12T00:00:00.7982369+00:00" testType="13cdc9d9-ddb5-4fa4-a97d-d965ccfc6d4b" outcome="Passed" testListId="8c84fa94-04c1-424b-9868-57a2d4851a1d" relativeResultsDirectory="c4130b9c-9475-4808-9092-a8e119be93fe">
      <Output>
        <StdOut>Initialization: Ensuring table and account records exist
Initialization: Done
Status  : --
           --&gt; Request: PUT https://localhost:1234/subscriptions/48b8b777-8de9-412f-969b-01a2d9d7eba0/resourceGroups/devfabric-test/providers/Microsoft.Batch/batchAccounts/msbatchtest/applications/blender?api-version=2015-12-01. Content length: 2, RequestId: 29f28e76-2121-464e-8f7b-af717635f670
Verbose :  --&gt; --
          {}
Status  :  &lt;-- Response: 201 Created. Content length: 50, RequestId: 
          --</StdOut>
      </Output>
    </UnitTestResult>
    <UnitTestResult executionId="25c916fc-b3c8-42e8-b6c7-3bce3249bb93" testId="102bccd6-b3ed-48b7-a7d6-a99e0685821f" testName="Microsoft.Azure.Batch.AppPackageUnitTests.Tests.Commands.AppPackages.AddApplicationUnitTests_TrpfeUnitTest.IfDefaultVersionIsSpecifiedAsNull_ThenItIsNotDefaulted" computerName="BATCH-JENKINS" duration="00:00:00.0210000" startTime="2016-04-12T00:00:00.7992374+00:00" endTime="2016-04-12T00:00:00.7992374+00:00" testType="13cdc9d9-ddb5-4fa4-a97d-d965ccfc6d4b" outcome="Passed" testListId="8c84fa94-04c1-424b-9868-57a2d4851a1d" relativeResultsDirectory="25c916fc-b3c8-42e8-b6c7-3bce3249bb93">
      <Output>
        <StdOut>Initialization: Ensuring table and account records exist
Initialization: Done
Status  : --
           --&gt; Request: PUT https://localhost:1234/subscriptions/8f60cf92-577c-4785-a5ef-68c7a77107b9/resourceGroups/devfabric-test/providers/Microsoft.Batch/batchAccounts/msbatchtest/applications/blender?api-version=2015-12-01. Content length: 23, RequestId: 4ac63535-3f41-4222-a58b-f0ffd1f65406
Verbose :  --&gt; --
          {"defaultVersion":null}
Status  :  &lt;-- Response: 201 Created. Content length: 50, RequestId: 
          --</StdOut>
      </Output>
    </UnitTestResult>
    <UnitTestResult executionId="7b5aab64-f07b-4fbe-b0d6-fd6340bde4db" testId="5b52cfb8-0190-48e2-9ebf-6782986e6f6d" testName="Microsoft.Azure.Batch.AppPackageUnitTests.Tests.Commands.AppPackages.AddApplicationUnitTests_TrpfeUnitTest.IfDisplayNameIsSpecifiedAsEmptyString_ThenItIsSetToEmptyString" computerName="BATCH-JENKINS" duration="00:00:00.0220000" startTime="2016-04-12T00:00:00.8002372+00:00" endTime="2016-04-12T00:00:00.8002372+00:00" testType="13cdc9d9-ddb5-4fa4-a97d-d965ccfc6d4b" outcome="Passed" testListId="8c84fa94-04c1-424b-9868-57a2d4851a1d" relativeResultsDirectory="7b5aab64-f07b-4fbe-b0d6-fd6340bde4db">
      <Output>
        <StdOut>Initialization: Ensuring table and account records exist
Initialization: Done
Status  : --
           --&gt; Request: PUT https://localhost:1234/subscriptions/760d6bca-1095-423f-a302-a87e6f9cc96e/resourceGroups/devfabric-test/providers/Microsoft.Batch/batchAccounts/msbatchtest/applications/blender?api-version=2015-12-01. Content length: 18, RequestId: 8db5dde1-b39b-4e21-9b07-01b7554e4766
Verbose :  --&gt; --
          {"displayName":""}
Status  :  &lt;-- Response: 201 Created. Content length: 67, RequestId: 
          --</StdOut>
      </Output>
    </UnitTestResult>
    <UnitTestResult executionId="c17516a9-dd32-4d60-98d1-7a79b720ffef" testId="f93ace39-e9e5-4427-acf5-136f1db80c85" testName="Microsoft.Azure.Batch.AppPackageUnitTests.Tests.Commands.AppPackages.AddApplicationUnitTests_TrpfeUnitTest.IfDefaultVersionIsSet_ToExistingAndActivePackage_ThenItIsStored" computerName="BATCH-JENKINS" duration="00:00:00.0220000" startTime="2016-04-12T00:00:01.1332705+00:00" endTime="2016-04-12T00:00:01.1332705+00:00" testType="13cdc9d9-ddb5-4fa4-a97d-d965ccfc6d4b" outcome="Passed" testListId="8c84fa94-04c1-424b-9868-57a2d4851a1d" relativeResultsDirectory="c17516a9-dd32-4d60-98d1-7a79b720ffef">
      <Output>
        <StdOut>Initialization: Ensuring table and account records exist
Initialization: Done
Status  : --
           --&gt; Request: PUT https://localhost:1234/subscriptions/4abdab22-5bc2-4966-ab28-150e42f28b5e/resourceGroups/devfabric-test/providers/Microsoft.Batch/batchAccounts/msbatchtest/applications/blender?api-version=2015-12-01. Content length: 24, RequestId: 1f54ac0b-a386-4b87-b8e2-5f871027840c
Verbose :  --&gt; --
          {"defaultVersion":"2.7"}
Status  :  &lt;-- Response: 201 Created. Content length: 119, RequestId: 
          --</StdOut>
      </Output>
    </UnitTestResult>
    <UnitTestResult executionId="24941d08-5dab-4260-b3ee-f1612763ca77" testId="f59c252c-6cbe-46fd-8f90-6f10305f4641" testName="Microsoft.Azure.Batch.AppPackageUnitTests.Tests.Commands.AppPackages.AddApplicationUnitTests_TrpfeUnitTest.WhenReAddingExistingAppWithExistingPackages_ResponseIncludesExistingPackages" computerName="BATCH-JENKINS" duration="00:00:00.0290000" startTime="2016-04-12T00:00:01.1342366+00:00" endTime="2016-04-12T00:00:01.1342366+00:00" testType="13cdc9d9-ddb5-4fa4-a97d-d965ccfc6d4b" outcome="Passed" testListId="8c84fa94-04c1-424b-9868-57a2d4851a1d" relativeResultsDirectory="24941d08-5dab-4260-b3ee-f1612763ca77">
      <Output>
        <StdOut>Initialization: Ensuring table and account records exist
Initialization: Done
Status  : --
           --&gt; Request: PUT https://localhost:1234/subscriptions/0054c15d-9e93-49cd-9d47-d015ce2f7b40/resourceGroups/devfabric-test/providers/Microsoft.Batch/batchAccounts/msbatchtest/applications/blender?api-version=2015-12-01. Content length: 2, RequestId: 159ef40d-6022-4250-bc4a-c576f91dee07
Verbose :  --&gt; --
          {}
Status  :  &lt;-- Response: 201 Created. Content length: 241, RequestId: 
          --</StdOut>
      </Output>
    </UnitTestResult>
    <UnitTestResult executionId="1a23e4a5-3d32-4d33-a3ff-f0e95dc2c946" testId="bc5c4bdb-154f-4be2-98cb-8d793c3a8071" testName="Microsoft.Azure.Batch.AppPackageUnitTests.Tests.Commands.AppPackages.AddApplicationUnitTests_TrpfeUnitTest.IfAllowUpdatesIsSpecifiedAsFalse_ThenItIsStoredAndReturnedAsFalse" computerName="BATCH-JENKINS" duration="00:00:00.0210000" startTime="2016-04-12T00:00:01.1342366+00:00" endTime="2016-04-12T00:00:01.1342366+00:00" testType="13cdc9d9-ddb5-4fa4-a97d-d965ccfc6d4b" outcome="Passed" testListId="8c84fa94-04c1-424b-9868-57a2d4851a1d" relativeResultsDirectory="1a23e4a5-3d32-4d33-a3ff-f0e95dc2c946">
      <Output>
        <StdOut>Initialization: Ensuring table and account records exist
Initialization: Done
Status  : --
           --&gt; Request: PUT https://localhost:1234/subscriptions/ea29579b-8b8b-4f3b-99d7-6e7b629b0b15/resourceGroups/devfabric-test/providers/Microsoft.Batch/batchAccounts/msbatchtest/applications/blender?api-version=2015-12-01. Content length: 22, RequestId: 50b4e5d0-2fd3-4c73-8180-d53372dc6a34
Verbose :  --&gt; --
          {"allowUpdates":false}
Status  :  &lt;-- Response: 201 Created. Content length: 51, RequestId: 
          --</StdOut>
      </Output>
    </UnitTestResult>
    <UnitTestResult executionId="8bb64827-8113-4e81-ba4e-e8f239dc5ae4" testId="b7a373fc-e0c8-470e-8634-8d11d69de689" testName="Microsoft.Azure.Batch.AppPackageUnitTests.Tests.Commands.AppPackages.AddApplicationUnitTests_TrpfeUnitTest.IfDisplayNameIsSpecifiedAsNull_ThenItIsNotSet" computerName="BATCH-JENKINS" duration="00:00:00.0220000" startTime="2016-04-12T00:00:01.1352375+00:00" endTime="2016-04-12T00:00:01.1352375+00:00" testType="13cdc9d9-ddb5-4fa4-a97d-d965ccfc6d4b" outcome="Passed" testListId="8c84fa94-04c1-424b-9868-57a2d4851a1d" relativeResultsDirectory="8bb64827-8113-4e81-ba4e-e8f239dc5ae4">
      <Output>
        <StdOut>Initialization: Ensuring table and account records exist
Initialization: Done
Status  : --
           --&gt; Request: PUT https://localhost:1234/subscriptions/b0defd91-4f78-4094-8907-391223613832/resourceGroups/devfabric-test/providers/Microsoft.Batch/batchAccounts/msbatchtest/applications/blender?api-version=2015-12-01. Content length: 20, RequestId: 82d6f19d-bb64-4f8a-8609-ccb1288173aa
Verbose :  --&gt; --
          {"displayName":null}
Status  :  &lt;-- Response: 201 Created. Content length: 50, RequestId: 
          --</StdOut>
      </Output>
    </UnitTestResult>
    <UnitTestResult executionId="d0d46dc9-2b90-41b4-ab59-100908c86971" testId="a2fae189-9da1-46f3-9360-1c5029fa867d" testName="Microsoft.Azure.Batch.AppPackageUnitTests.Tests.Commands.AppPackages.AddApplicationUnitTests_TrpfeUnitTest.IfDefaultVersionIsNotSpecified_ThenItIsNotDefaulted" computerName="BATCH-JENKINS" duration="00:00:00.0180000" startTime="2016-04-12T00:00:01.1362366+00:00" endTime="2016-04-12T00:00:01.1362366+00:00" testType="13cdc9d9-ddb5-4fa4-a97d-d965ccfc6d4b" outcome="Passed" testListId="8c84fa94-04c1-424b-9868-57a2d4851a1d" relativeResultsDirectory="d0d46dc9-2b90-41b4-ab59-100908c86971">
      <Output>
        <StdOut>Initialization: Ensuring table and account records exist
Initialization: Done
Status  : --
           --&gt; Request: PUT https://localhost:1234/subscriptions/1e97d028-dc26-4c4e-a302-5f779d26a4cc/resourceGroups/devfabric-test/providers/Microsoft.Batch/batchAccounts/msbatchtest/applications/blender?api-version=2015-12-01. Content length: 2, RequestId: 6606ebf4-6035-4263-aac4-0e1ed6a51dbb
Verbose :  --&gt; --
          {}
Status  :  &lt;-- Response: 201 Created. Content length: 50, RequestId: 
          --</StdOut>
      </Output>
    </UnitTestResult>
    <UnitTestResult executionId="54440863-6321-4970-8826-ddb802056f8f" testId="9769aae5-e8f6-4555-85a7-c6118f7484b8" testName="Microsoft.Azure.Batch.AppPackageUnitTests.Tests.Commands.AppPackages.AddApplicationUnitTests_TrpfeUnitTest.WhenApplicationAlreadyExistsWithAllowUpdatesFalse_AndNoAllowUpdatesInRequest_AllowUpdatesIsSetToTrueInStorageAndResponse" computerName="BATCH-JENKINS" duration="00:00:00.0240000" startTime="2016-04-12T00:00:01.1362366+00:00" endTime="2016-04-12T00:00:01.1362366+00:00" testType="13cdc9d9-ddb5-4fa4-a97d-d965ccfc6d4b" outcome="Passed" testListId="8c84fa94-04c1-424b-9868-57a2d4851a1d" relativeResultsDirectory="54440863-6321-4970-8826-ddb802056f8f">
      <Output>
        <StdOut>Initialization: Ensuring table and account records exist
Initialization: Done
Status  : --
           --&gt; Request: PUT https://localhost:1234/subscriptions/6738e6fa-d255-43d1-930d-aeeb48aeda71/resourceGroups/devfabric-test/providers/Microsoft.Batch/batchAccounts/msbatchtest/applications/blender?api-version=2015-12-01. Content length: 2, RequestId: 61711ba3-be02-46fb-88a3-1ef2783bec4a
Verbose :  --&gt; --
          {}
Status  :  &lt;-- Response: 201 Created. Content length: 50, RequestId: 
          --</StdOut>
      </Output>
    </UnitTestResult>
    <UnitTestResult executionId="6832a078-91e1-4a1d-ba52-5119c8052959" testId="ce4652d8-1b78-4ac5-9d55-d507ce924c78" testName="Microsoft.Azure.Batch.AppPackageUnitTests.Tests.Commands.AppPackages.AddApplicationUnitTests_TrpfeUnitTest.IfDisplayNameIsSpecified_ThenItIsSetInStorageAndResponse" computerName="BATCH-JENKINS" duration="00:00:00.0220000" startTime="2016-04-12T00:00:01.1372376+00:00" endTime="2016-04-12T00:00:01.1372376+00:00" testType="13cdc9d9-ddb5-4fa4-a97d-d965ccfc6d4b" outcome="Passed" testListId="8c84fa94-04c1-424b-9868-57a2d4851a1d" relativeResultsDirectory="6832a078-91e1-4a1d-ba52-5119c8052959">
      <Output>
        <StdOut>Initialization: Ensuring table and account records exist
Initialization: Done
Status  : --
           --&gt; Request: PUT https://localhost:1234/subscriptions/d9ade311-08b0-4a2f-b627-7383ad148dc9/resourceGroups/devfabric-test/providers/Microsoft.Batch/batchAccounts/msbatchtest/applications/blender?api-version=2015-12-01. Content length: 34, RequestId: aea96e2c-6d43-40b4-a04d-e54c145b669d
Verbose :  --&gt; --
          {"displayName":"Blender Renderer"}
Status  :  &lt;-- Response: 201 Created. Content length: 83, RequestId: 
          --</StdOut>
      </Output>
    </UnitTestResult>
    <UnitTestResult executionId="471e710d-efa9-4598-9710-ac17c3cc0b0b" testId="2573c806-490a-407a-a0e8-7e298010bcce" testName="CanDeserialiseAbsenceOfAllowUpdates(serialisationEnvironment: ResourceProvider)" computerName="BATCH-JENKINS" duration="00:00:00.0010000" startTime="2016-04-12T00:00:01.1372376+00:00" endTime="2016-04-12T00:00:01.1372376+00:00" testType="13cdc9d9-ddb5-4fa4-a97d-d965ccfc6d4b" outcome="Passed" testListId="8c84fa94-04c1-424b-9868-57a2d4851a1d" relativeResultsDirectory="471e710d-efa9-4598-9710-ac17c3cc0b0b" />
    <UnitTestResult executionId="a9a47501-5446-47d8-96fd-5f91e00d3314" testId="69cd9782-0384-4226-b417-0ed8cf1c324b" testName="CanDeserialiseAllowUpdates(serialisationEnvironment: ResourceProvider)" computerName="BATCH-JENKINS" duration="00:00:00.0010000" startTime="2016-04-12T00:00:01.1382362+00:00" endTime="2016-04-12T00:00:01.1382362+00:00" testType="13cdc9d9-ddb5-4fa4-a97d-d965ccfc6d4b" outcome="Passed" testListId="8c84fa94-04c1-424b-9868-57a2d4851a1d" relativeResultsDirectory="a9a47501-5446-47d8-96fd-5f91e00d3314" />
    <UnitTestResult executionId="1d31e522-41e4-4d09-86a4-fbc47a61fd79" testId="961baee1-e839-42c4-a87f-98438cf45f82" testName="CanDeserialiseAbsenceOfDisplayName(serialisationEnvironment: ResourceProvider)" computerName="BATCH-JENKINS" duration="00:00:00.0010000" startTime="2016-04-12T00:00:01.4492434+00:00" endTime="2016-04-12T00:00:01.4492434+00:00" testType="13cdc9d9-ddb5-4fa4-a97d-d965ccfc6d4b" outcome="Passed" testListId="8c84fa94-04c1-424b-9868-57a2d4851a1d" relativeResultsDirectory="1d31e522-41e4-4d09-86a4-fbc47a61fd79" />
    <UnitTestResult executionId="f4ce905b-0d86-4457-9679-2223609d5730" testId="1b867f90-6246-4a71-8a96-2a68389cc5f8" testName="CanDeserialiseDisplayName(serialisationEnvironment: ResourceProvider)" computerName="BATCH-JENKINS" duration="00:00:00.0010000" startTime="2016-04-12T00:00:01.4492434+00:00" endTime="2016-04-12T00:00:01.4492434+00:00" testType="13cdc9d9-ddb5-4fa4-a97d-d965ccfc6d4b" outcome="Passed" testListId="8c84fa94-04c1-424b-9868-57a2d4851a1d" relativeResultsDirectory="f4ce905b-0d86-4457-9679-2223609d5730" />
    <UnitTestResult executionId="008b2e11-3ab7-4e9a-a133-a730e8138876" testId="a745b0eb-beb1-4754-ad9b-1bf8285d698c" testName="Microsoft.Azure.Batch.AppPackageUnitTests.Tests.Commands.AppPackages.AddApplicationPackageUnitTests_TrpfeUnitTest.CanAddNewApplicationPackage_WhenApplicationExists" computerName="BATCH-JENKINS" duration="00:00:00.0710000" startTime="2016-04-12T00:00:01.4502367+00:00" endTime="2016-04-12T00:00:01.4502367+00:00" testType="13cdc9d9-ddb5-4fa4-a97d-d965ccfc6d4b" outcome="Passed" testListId="8c84fa94-04c1-424b-9868-57a2d4851a1d" relativeResultsDirectory="008b2e11-3ab7-4e9a-a133-a730e8138876">
      <Output>
        <StdOut>Initialization: Ensuring table and account records exist
Initialization: Done
Status  : --
           --&gt; Request: PUT https://localhost:1234/subscriptions/b183549a-be6e-45a4-8e0f-d03158ca0cd9/resourceGroups/devfabric-test/providers/Microsoft.Batch/batchAccounts/msbatchtest/applications/blender/versions/2.7?api-version=2015-12-01. Content length: 0, RequestId: db6b11fb-0e55-4ae5-8a4e-9e726702f935
Status  :  &lt;-- Response: 201 Created. Content length: 244, RequestId: 
          --</StdOut>
      </Output>
    </UnitTestResult>
    <UnitTestResult executionId="e4980f46-d43b-4364-b0a2-93cda75eae8c" testId="04bee291-ec13-4d14-ad37-ed6b4c1f4c20" testName="Microsoft.Azure.Batch.AppPackageUnitTests.Tests.Commands.AppPackages.AddApplicationPackageUnitTests_TrpfeUnitTest.ApplicationPackageWhichDoesntAlreadyExist_IsAdded_WithStateSetToPending" computerName="BATCH-JENKINS" duration="00:00:00.0240000" startTime="2016-04-12T00:00:01.4502367+00:00" endTime="2016-04-12T00:00:01.4502367+00:00" testType="13cdc9d9-ddb5-4fa4-a97d-d965ccfc6d4b" outcome="Passed" testListId="8c84fa94-04c1-424b-9868-57a2d4851a1d" relativeResultsDirectory="e4980f46-d43b-4364-b0a2-93cda75eae8c">
      <Output>
        <StdOut>Initialization: Ensuring table and account records exist
Initialization: Done
Status  : --
           --&gt; Request: PUT https://localhost:1234/subscriptions/3b24925e-309b-4856-bd7e-27527c05922c/resourceGroups/devfabric-test/providers/Microsoft.Batch/batchAccounts/msbatchtest/applications/blender/versions/2.7?api-version=2015-12-01. Content length: 0, RequestId: 6d91cd1a-32a3-4596-9696-f8a00d73b199
Status  :  &lt;-- Response: 201 Created. Content length: 244, RequestId: 
          --</StdOut>
      </Output>
    </UnitTestResult>
    <UnitTestResult executionId="342be0df-3c35-4713-978b-43ecd4b5ae97" testId="3e996075-e7e0-4d53-b7f6-1523f5e23873" testName="Microsoft.Azure.Batch.AppPackageUnitTests.Tests.Commands.AppPackages.AddApplicationPackageUnitTests_TrpfeUnitTest.WhenReAddingPackageWhichAlreadyExists_PropertiesNotPartOfTheRequestBodyAreMaintained" computerName="BATCH-JENKINS" duration="00:00:00.0330000" startTime="2016-04-12T00:00:01.4512374+00:00" endTime="2016-04-12T00:00:01.4512374+00:00" testType="13cdc9d9-ddb5-4fa4-a97d-d965ccfc6d4b" outcome="Passed" testListId="8c84fa94-04c1-424b-9868-57a2d4851a1d" relativeResultsDirectory="342be0df-3c35-4713-978b-43ecd4b5ae97">
      <Output>
        <StdOut>Initialization: Ensuring table and account records exist
Initialization: Done
Status  : --
           --&gt; Request: PUT https://localhost:1234/subscriptions/024ebcd5-92d1-4b8b-aff8-e3b94e9f64e1/resourceGroups/devfabric-test/providers/Microsoft.Batch/batchAccounts/msbatchtest/applications/blender/versions/2.7?api-version=2015-12-01. Content length: 0, RequestId: 46f28dcd-91f9-4637-9ac3-3c0a830aebe0
Status  :  &lt;-- Response: 201 Created. Content length: 274, RequestId: 
          --</StdOut>
      </Output>
    </UnitTestResult>
    <UnitTestResult executionId="27efc513-68c7-4718-a39b-850f901f8e30" testId="2a0673c8-503b-4a81-b3dc-cdda0f4e00ea" testName="Microsoft.Azure.Batch.AppPackageUnitTests.Tests.Commands.AppPackages.AddApplicationPackageUnitTests_TrpfeUnitTest.WhenAddingAPackage_ToAnApplicationWhichAlreadyExistsWithDifferentCasing_MatchingOfApplication_IsCaseInsensitive_AndOriginalCaseOfApplicationIdIsPreservedInResponse" computerName="BATCH-JENKINS" duration="00:00:00.0240000" startTime="2016-04-12T00:00:01.4512374+00:00" endTime="2016-04-12T00:00:01.4512374+00:00" testType="13cdc9d9-ddb5-4fa4-a97d-d965ccfc6d4b" outcome="Passed" testListId="8c84fa94-04c1-424b-9868-57a2d4851a1d" relativeResultsDirectory="27efc513-68c7-4718-a39b-850f901f8e30">
      <Output>
        <StdOut>Initialization: Ensuring table and account records exist
Initialization: Done
Status  : --
           --&gt; Request: PUT https://localhost:1234/subscriptions/f9fd633e-dca4-47b1-bdfe-66ae1ac10a59/resourceGroups/devfabric-test/providers/Microsoft.Batch/batchAccounts/msbatchtest/applications/blender/versions/VerSioN27?api-version=2015-12-01. Content length: 0, RequestId: cd32a21c-c081-440a-8ca2-546506f00e09
Status  :  &lt;-- Response: 201 Created. Content length: 256, RequestId: 
          --</StdOut>
      </Output>
    </UnitTestResult>
    <UnitTestResult executionId="b0f8011b-3b5e-4075-ae82-692dbcf3002f" testId="fa7b78bf-246d-45e0-9628-2bbdfef37976" testName="Microsoft.Azure.Batch.AppPackageUnitTests.Tests.Commands.AppPackages.AddApplicationPackageUnitTests_TrpfeUnitTest.CanAddApplicationPackage_WhenSameVersionAlreadyExists" computerName="BATCH-JENKINS" duration="00:00:00.0250000" startTime="2016-04-12T00:00:01.4522363+00:00" endTime="2016-04-12T00:00:01.4522363+00:00" testType="13cdc9d9-ddb5-4fa4-a97d-d965ccfc6d4b" outcome="Passed" testListId="8c84fa94-04c1-424b-9868-57a2d4851a1d" relativeResultsDirectory="b0f8011b-3b5e-4075-ae82-692dbcf3002f">
      <Output>
        <StdOut>Initialization: Ensuring table and account records exist
Initialization: Done
Status  : --
           --&gt; Request: PUT https://localhost:1234/subscriptions/52310d36-4798-4b9b-84a5-3205e2b00a2c/resourceGroups/devfabric-test/providers/Microsoft.Batch/batchAccounts/msbatchtest/applications/blender/versions/2.7?api-version=2015-12-01. Content length: 0, RequestId: 5ac321dd-c5bc-4985-a5d0-47f281a1f8ac
Status  :  &lt;-- Response: 201 Created. Content length: 256, RequestId: 
          --</StdOut>
      </Output>
    </UnitTestResult>
    <UnitTestResult executionId="fd5b0acc-9bdf-47c2-9341-e9da7f3c5e1b" testId="cd4c2771-1d86-4b22-9379-be6d4fa8843a" testName="Microsoft.Azure.Batch.AppPackageUnitTests.Tests.Commands.AppPackages.AddApplicationPackageUnitTests_TrpfeUnitTest.AddingApplicationPackage_CreatesContainer" computerName="BATCH-JENKINS" duration="00:00:00.0290000" startTime="2016-04-12T00:00:01.4532369+00:00" endTime="2016-04-12T00:00:01.4532369+00:00" testType="13cdc9d9-ddb5-4fa4-a97d-d965ccfc6d4b" outcome="Passed" testListId="8c84fa94-04c1-424b-9868-57a2d4851a1d" relativeResultsDirectory="fd5b0acc-9bdf-47c2-9341-e9da7f3c5e1b">
      <Output>
        <StdOut>Initialization: Ensuring table and account records exist
Initialization: Done
Status  : --
           --&gt; Request: PUT https://localhost:1234/subscriptions/85af2720-abb7-4451-9de4-0ba33487636e/resourceGroups/devfabric-test/providers/Microsoft.Batch/batchAccounts/msbatchtest/applications/blender/versions/2.7?api-version=2015-12-01. Content length: 0, RequestId: ee80f942-e589-4141-97d0-424a43084cc2
Status  :  &lt;-- Response: 201 Created. Content length: 244, RequestId: 
          --</StdOut>
      </Output>
    </UnitTestResult>
    <UnitTestResult executionId="a90a3bef-89dc-4726-b02c-2becbc4b4a6e" testId="8b4fdbbe-63b0-443e-bcbb-88a4baeaedeb" testName="Microsoft.Azure.Batch.AppPackageUnitTests.Tests.Commands.AppPackages.AddApplicationPackageUnitTests_TrpfeUnitTest.ResponseIncludesAllExpectedFields" computerName="BATCH-JENKINS" duration="00:00:00.0270000" startTime="2016-04-12T00:00:01.4532369+00:00" endTime="2016-04-12T00:00:01.4532369+00:00" testType="13cdc9d9-ddb5-4fa4-a97d-d965ccfc6d4b" outcome="Passed" testListId="8c84fa94-04c1-424b-9868-57a2d4851a1d" relativeResultsDirectory="a90a3bef-89dc-4726-b02c-2becbc4b4a6e">
      <Output>
        <StdOut>Initialization: Ensuring table and account records exist
Initialization: Done
Status  : --
           --&gt; Request: PUT https://localhost:1234/subscriptions/8a0e9ba5-7b51-4ffb-99db-e5a460896875/resourceGroups/devfabric-test/providers/Microsoft.Batch/batchAccounts/msbatchtest/applications/blender/versions/2.7?api-version=2015-12-01. Content length: 0, RequestId: e39bd7be-d55e-4f7b-8dd5-20858b434c3a
Status  :  &lt;-- Response: 201 Created. Content length: 274, RequestId: 
          --</StdOut>
      </Output>
    </UnitTestResult>
    <UnitTestResult executionId="78c9e66e-7ab8-48b4-9056-cc05acb7461a" testId="e2b89428-00f0-4774-a57d-73ea82daae11" testName="Microsoft.Azure.Batch.AppPackageUnitTests.Tests.Commands.AppPackages.AddApplicationPackageUnitTests_TrpfeUnitTest.ApplicationPackageWhichDoesntAlreadyExist_IsAdded_WithFormatSetToNull" computerName="BATCH-JENKINS" duration="00:00:00.0240000" startTime="2016-04-12T00:00:01.7352364+00:00" endTime="2016-04-12T00:00:01.7352364+00:00" testType="13cdc9d9-ddb5-4fa4-a97d-d965ccfc6d4b" outcome="Passed" testListId="8c84fa94-04c1-424b-9868-57a2d4851a1d" relativeResultsDirectory="78c9e66e-7ab8-48b4-9056-cc05acb7461a">
      <Output>
        <StdOut>Initialization: Ensuring table and account records exist
Initialization: Done
Status  : --
           --&gt; Request: PUT https://localhost:1234/subscriptions/d766443e-95ab-42d8-8df4-4c570189188f/resourceGroups/devfabric-test/providers/Microsoft.Batch/batchAccounts/msbatchtest/applications/blender/versions/2.7?api-version=2015-12-01. Content length: 0, RequestId: 14370481-d145-4cdd-9c4b-6bb507550092
Status  :  &lt;-- Response: 201 Created. Content length: 244, RequestId: 
          --</StdOut>
      </Output>
    </UnitTestResult>
    <UnitTestResult executionId="8266c2e7-8ee8-4c93-afaf-9838ac5ebf6b" testId="b2548652-d655-48ad-ab86-809e71fa0474" testName="Microsoft.Azure.Batch.AppPackageUnitTests.Tests.Commands.AppPackages.AddApplicationPackageUnitTests_TrpfeUnitTest.CanAddNewApplicationPackage_WhenApplicationDoesntExist" computerName="BATCH-JENKINS" duration="00:00:00.0270000" startTime="2016-04-12T00:00:01.7362366+00:00" endTime="2016-04-12T00:00:01.7362366+00:00" testType="13cdc9d9-ddb5-4fa4-a97d-d965ccfc6d4b" outcome="Passed" testListId="8c84fa94-04c1-424b-9868-57a2d4851a1d" relativeResultsDirectory="8266c2e7-8ee8-4c93-afaf-9838ac5ebf6b">
      <Output>
        <StdOut>Initialization: Ensuring table and account records exist
Initialization: Done
Status  : --
           --&gt; Request: PUT https://localhost:1234/subscriptions/63a4afe0-9296-4931-9899-d154530b5ab0/resourceGroups/devfabric-test/providers/Microsoft.Batch/batchAccounts/msbatchtest/applications/blender/versions/2.7?api-version=2015-12-01. Content length: 0, RequestId: 076d2ceb-8d5f-4245-8c55-efd81fd76e93
Status  :  &lt;-- Response: 201 Created. Content length: 244, RequestId: 
          --</StdOut>
      </Output>
    </UnitTestResult>
    <UnitTestResult executionId="f8616fd9-5d71-481d-b135-cb27e10cc543" testId="f8a577a0-e52c-4c13-b047-632e69d8e1a1" testName="CanDeserialiseZipFormat_LowerCase(serialisationEnvironment: ResourceProvider)" computerName="BATCH-JENKINS" duration="00:00:00.0040000" startTime="2016-04-12T00:00:01.7362366+00:00" endTime="2016-04-12T00:00:01.7362366+00:00" testType="13cdc9d9-ddb5-4fa4-a97d-d965ccfc6d4b" outcome="Passed" testListId="8c84fa94-04c1-424b-9868-57a2d4851a1d" relativeResultsDirectory="f8616fd9-5d71-481d-b135-cb27e10cc543" />
    <UnitTestResult executionId="5977b40c-e42c-4ce8-b2fc-f7e9a2f083bf" testId="65a0ada7-de6a-4027-8717-db5e4fa41a3a" testName="CanDeserialiseZipFormat_UpperCase(serialisationEnvironment: ResourceProvider)" computerName="BATCH-JENKINS" duration="00:00:00.0010000" startTime="2016-04-12T00:00:01.7372376+00:00" endTime="2016-04-12T00:00:01.7372376+00:00" testType="13cdc9d9-ddb5-4fa4-a97d-d965ccfc6d4b" outcome="Passed" testListId="8c84fa94-04c1-424b-9868-57a2d4851a1d" relativeResultsDirectory="5977b40c-e42c-4ce8-b2fc-f7e9a2f083bf" />
    <UnitTestResult executionId="d12455ef-384f-419d-8b37-0289f45c6758" testId="df25c04a-1862-4062-9dd8-6698d00cf868" testName="CannotDeserialiseMissingFormat(serialisationEnvironment: ResourceProvider)" computerName="BATCH-JENKINS" duration="00:00:00.0030000" startTime="2016-04-12T00:00:01.7372376+00:00" endTime="2016-04-12T00:00:01.7372376+00:00" testType="13cdc9d9-ddb5-4fa4-a97d-d965ccfc6d4b" outcome="Passed" testListId="8c84fa94-04c1-424b-9868-57a2d4851a1d" relativeResultsDirectory="d12455ef-384f-419d-8b37-0289f45c6758" />
    <UnitTestResult executionId="2d1d70ab-d4cb-4cdf-a6bf-03ba38066c9b" testId="92e8e073-0892-4697-a4ce-5acdf8644d44" testName="CannotDeserialiseInvalidFormat(serialisationEnvironment: ResourceProvider)" computerName="BATCH-JENKINS" duration="00:00:00.0010000" startTime="2016-04-12T00:00:01.7382372+00:00" endTime="2016-04-12T00:00:01.7382372+00:00" testType="13cdc9d9-ddb5-4fa4-a97d-d965ccfc6d4b" outcome="Passed" testListId="8c84fa94-04c1-424b-9868-57a2d4851a1d" relativeResultsDirectory="2d1d70ab-d4cb-4cdf-a6bf-03ba38066c9b" />
    <UnitTestResult executionId="a6644acf-923a-465d-b19d-d032a83a5cab" testId="5af0c4b4-29c4-4689-b5e4-b846b645dad2" testName="CannotDeserialiseNullFormat(serialisationEnvironment: ResourceProvider)" computerName="BATCH-JENKINS" duration="00:00:00.0010000" startTime="2016-04-12T00:00:01.7382372+00:00" endTime="2016-04-12T00:00:01.7382372+00:00" testType="13cdc9d9-ddb5-4fa4-a97d-d965ccfc6d4b" outcome="Passed" testListId="8c84fa94-04c1-424b-9868-57a2d4851a1d" relativeResultsDirectory="a6644acf-923a-465d-b19d-d032a83a5cab" />
    <UnitTestResult executionId="26f5fdf8-3bd7-49ab-9401-59b4c7ab3ab9" testId="d6d89951-f6f0-4aa2-953b-060b7fef70c7" testName="Microsoft.Azure.Batch.AppPackageUnitTests.Tests.Commands.AppPackages.ListApplicationsUnitTests_TrpfeUnitTest.IfValidSkipTokenIsPassedIn_AndMaxResultsIsSpecified_AndResultsDontFitInOneResponse_ThenResponseIncludesValidNextLink" computerName="BATCH-JENKINS" duration="00:00:00.0480000" startTime="2016-04-12T00:00:01.7392376+00:00" endTime="2016-04-12T00:00:01.7392376+00:00" testType="13cdc9d9-ddb5-4fa4-a97d-d965ccfc6d4b" outcome="Passed" testListId="8c84fa94-04c1-424b-9868-57a2d4851a1d" relativeResultsDirectory="26f5fdf8-3bd7-49ab-9401-59b4c7ab3ab9">
      <Output>
        <StdOut>Initialization: Ensuring table and account records exist
Initialization: Done
Status  : --
           --&gt; Request: GET https://localhost:1234/subscriptions/8fd6cf2e-bf0e-4d6f-be0d-ecb9ead42b7b/resourceGroups/devfabric-test/providers/Microsoft.Batch/batchAccounts/msbatchtest/applications?%24skipToken=NPK%3d28:msbatchtest+22F6C6109017D08FNRK%3d11:blender%24appSM%3d5:False&amp;maxResults=3&amp;api-version=2015-12-01. Content length: 0, RequestId: 2fef0ec7-fc77-4987-a779-11450e77271f
Status  :  &lt;-- Response: 200 OK. Content length: 611, RequestId: 
          --
Status  : --
           --&gt; Request: GET https://localhost:1234/subscriptions/8fd6cf2e-bf0e-4d6f-be0d-ecb9ead42b7b/resourceGroups/devfabric-test/providers/Microsoft.Batch/batchAccounts/msbatchtest/applications?%24skipToken=NPK%3d28:msbatchtest+22F6C6109017D08FNRK%3d8:vray%24appSM%3d5:False&amp;maxResults=3&amp;api-version=2015-12-01. Content length: 0, RequestId: ddf9bf1c-aec9-4899-b885-3f4c9c4b92c0
Status  :  &lt;-- Response: 200 OK. Content length: 315, RequestId: 
          --</StdOut>
      </Output>
    </UnitTestResult>
    <UnitTestResult executionId="5fbc9d34-1a87-4d61-a0b8-c1fcb710cee1" testId="fb0a1129-ff5b-4509-91f8-0eda792ce559" testName="Microsoft.Azure.Batch.AppPackageUnitTests.Tests.Commands.AppPackages.ListApplicationsUnitTests_TrpfeUnitTest.IfValidSkipTokenIsPassedIn_AndResultsFitInOneResponse_ThenCorrectResultsAreReturned_AndNoNextLink" computerName="BATCH-JENKINS" duration="00:00:00.0350000" startTime="2016-04-12T00:00:01.7392376+00:00" endTime="2016-04-12T00:00:01.7392376+00:00" testType="13cdc9d9-ddb5-4fa4-a97d-d965ccfc6d4b" outcome="Passed" testListId="8c84fa94-04c1-424b-9868-57a2d4851a1d" relativeResultsDirectory="5fbc9d34-1a87-4d61-a0b8-c1fcb710cee1">
      <Output>
        <StdOut>Initialization: Ensuring table and account records exist
Initialization: Done
Status  : --
           --&gt; Request: GET https://localhost:1234/subscriptions/3776ee0f-a9a5-4baf-8b41-1b2dda51148e/resourceGroups/devfabric-test/providers/Microsoft.Batch/batchAccounts/msbatchtest/applications?%24skipToken=NPK%3d28:msbatchtest+22F6C61090107E63NRK%3d11:blender%24appSM%3d5:False&amp;api-version=2015-12-01. Content length: 0, RequestId: b4aea6ba-5a48-4d9f-a29e-04270facd71f
Status  :  &lt;-- Response: 200 OK. Content length: 401, RequestId: 
          --</StdOut>
      </Output>
    </UnitTestResult>
    <UnitTestResult executionId="575acc00-2bd8-44a4-ae74-427078689166" testId="1442b68b-01a3-4fce-92b3-74e6cd427d0c" testName="Microsoft.Azure.Batch.AppPackageUnitTests.Tests.Commands.AppPackages.ListApplicationsUnitTests_TrpfeUnitTest.ApplicationsAreReturned_WithApplicationIdAndVersion_PreservingCase" computerName="BATCH-JENKINS" duration="00:00:00.0250000" startTime="2016-04-12T00:00:02.0692365+00:00" endTime="2016-04-12T00:00:02.0692365+00:00" testType="13cdc9d9-ddb5-4fa4-a97d-d965ccfc6d4b" outcome="Passed" testListId="8c84fa94-04c1-424b-9868-57a2d4851a1d" relativeResultsDirectory="575acc00-2bd8-44a4-ae74-427078689166">
      <Output>
        <StdOut>Initialization: Ensuring table and account records exist
Initialization: Done
Status  : --
           --&gt; Request: GET https://localhost:1234/subscriptions/5e0c39d1-2f67-48c0-92fb-7b00b923eafe/resourceGroups/devfabric-test/providers/Microsoft.Batch/batchAccounts/msbatchtest/applications?api-version=2015-12-01. Content length: 0, RequestId: 63777d8b-513f-49c3-afb1-466e0b0b135e
Status  :  &lt;-- Response: 200 OK. Content length: 149, RequestId: 
          --</StdOut>
      </Output>
    </UnitTestResult>
    <UnitTestResult executionId="bcce148e-316d-4383-aed0-9efd63d78adf" testId="f6c50272-8173-4410-acd8-d023f2061a1d" testName="Microsoft.Azure.Batch.AppPackageUnitTests.Tests.Commands.AppPackages.ListApplicationsUnitTests_TrpfeUnitTest.IfAnApplicationHasNoPackages_ThenItsPackagesListIsEmpty" computerName="BATCH-JENKINS" duration="00:00:00.0270000" startTime="2016-04-12T00:00:02.0702363+00:00" endTime="2016-04-12T00:00:02.0702363+00:00" testType="13cdc9d9-ddb5-4fa4-a97d-d965ccfc6d4b" outcome="Passed" testListId="8c84fa94-04c1-424b-9868-57a2d4851a1d" relativeResultsDirectory="bcce148e-316d-4383-aed0-9efd63d78adf">
      <Output>
        <StdOut>Initialization: Ensuring table and account records exist
Initialization: Done
Status  : --
           --&gt; Request: GET https://localhost:1234/subscriptions/0df7f279-9694-4744-b447-1e5a99992e03/resourceGroups/devfabric-test/providers/Microsoft.Batch/batchAccounts/msbatchtest/applications?api-version=2015-12-01. Content length: 0, RequestId: 41c3dffd-9ebc-4337-9bac-087404ca762b
Status  :  &lt;-- Response: 200 OK. Content length: 62, RequestId: 
          --</StdOut>
      </Output>
    </UnitTestResult>
    <UnitTestResult executionId="82941837-cd91-4a23-8cb4-d2ff40d1fbbb" testId="ecf9d14e-cfe2-4586-973d-c44616d6a1a1" testName="Microsoft.Azure.Batch.AppPackageUnitTests.Tests.Commands.AppPackages.ListApplicationsUnitTests_TrpfeUnitTest.IfThereIsOneApplication_ThenTheListContainsItsDetails_AndNoNextLink" computerName="BATCH-JENKINS" duration="00:00:00.0270000" startTime="2016-04-12T00:00:02.0712382+00:00" endTime="2016-04-12T00:00:02.0712382+00:00" testType="13cdc9d9-ddb5-4fa4-a97d-d965ccfc6d4b" outcome="Passed" testListId="8c84fa94-04c1-424b-9868-57a2d4851a1d" relativeResultsDirectory="82941837-cd91-4a23-8cb4-d2ff40d1fbbb">
      <Output>
        <StdOut>Initialization: Ensuring table and account records exist
Initialization: Done
Status  : --
           --&gt; Request: GET https://localhost:1234/subscriptions/3a26c1d7-f433-4371-8765-a0b49d4d268a/resourceGroups/devfabric-test/providers/Microsoft.Batch/batchAccounts/msbatchtest/applications?api-version=2015-12-01. Content length: 0, RequestId: 44bf463c-96d4-489e-a90a-c67970b56021
Status  :  &lt;-- Response: 200 OK. Content length: 142, RequestId: 
          --</StdOut>
      </Output>
    </UnitTestResult>
    <UnitTestResult executionId="e2ebc7cc-9da1-4797-b1c6-d50b3c867712" testId="1595a391-cf68-43e8-9d23-8fe159ff7382" testName="Microsoft.Azure.Batch.AppPackageUnitTests.Tests.Commands.AppPackages.ListApplicationsUnitTests_TrpfeUnitTest.IfThereAreNoApplications_ThenTheListIsEmpty_AndNoNextLink" computerName="BATCH-JENKINS" duration="00:00:00.0210000" startTime="2016-04-12T00:00:02.0722372+00:00" endTime="2016-04-12T00:00:02.0722372+00:00" testType="13cdc9d9-ddb5-4fa4-a97d-d965ccfc6d4b" outcome="Passed" testListId="8c84fa94-04c1-424b-9868-57a2d4851a1d" relativeResultsDirectory="e2ebc7cc-9da1-4797-b1c6-d50b3c867712">
      <Output>
        <StdOut>Initialization: Ensuring table and account records exist
Initialization: Done
Status  : --
           --&gt; Request: GET https://localhost:1234/subscriptions/a5d193e9-7725-4c39-8332-3a92661d3ded/resourceGroups/devfabric-test/providers/Microsoft.Batch/batchAccounts/msbatchtest/applications?api-version=2015-12-01. Content length: 0, RequestId: 1e02dc11-3a3c-4535-8e2a-8f98401d9915
Status  :  &lt;-- Response: 200 OK. Content length: 12, RequestId: 
          --</StdOut>
      </Output>
    </UnitTestResult>
    <UnitTestResult executionId="253680a8-3f9e-45fc-8d3a-6a7f09995fd8" testId="4683eb6a-384f-46b8-87d9-7415fe97f6d0" testName="Microsoft.Azure.Batch.AppPackageUnitTests.Tests.Commands.AppPackages.ListApplicationsUnitTests_TrpfeUnitTest.IfThereAreOnlyApplicationsForOtherAccounts_ThenTheListIsEmpty_AndNoNextLink" computerName="BATCH-JENKINS" duration="00:00:00.0270000" startTime="2016-04-12T00:00:02.0722372+00:00" endTime="2016-04-12T00:00:02.0722372+00:00" testType="13cdc9d9-ddb5-4fa4-a97d-d965ccfc6d4b" outcome="Passed" testListId="8c84fa94-04c1-424b-9868-57a2d4851a1d" relativeResultsDirectory="253680a8-3f9e-45fc-8d3a-6a7f09995fd8">
      <Output>
        <StdOut>Initialization: Ensuring table and account records exist
Initialization: Done
Status  : --
           --&gt; Request: GET https://localhost:1234/subscriptions/0b159a7f-2063-44b3-b3e7-ea91ea6d0acf/resourceGroups/devfabric-test/providers/Microsoft.Batch/batchAccounts/msbatchtest/applications?api-version=2015-12-01. Content length: 0, RequestId: 229355fe-5977-479e-b437-ba62abcdec38
Status  :  &lt;-- Response: 200 OK. Content length: 12, RequestId: 
          --</StdOut>
      </Output>
    </UnitTestResult>
    <UnitTestResult executionId="a4bbc937-88c8-46c6-8c77-651152c4564a" testId="dc71cb0e-8005-4887-9bcf-2bff9bb4fa71" testName="Microsoft.Azure.Batch.AppPackageUnitTests.Tests.Commands.AppPackages.ListApplicationsUnitTests_TrpfeUnitTest.IfThereAreOnlyApplicationsForOtherAccounts_AndMaxResultsAndSkipTokenAreProvided_ThenTheListIsEmpty_AndNoNextLink" computerName="BATCH-JENKINS" duration="00:00:00.0280000" startTime="2016-04-12T00:00:02.0732379+00:00" endTime="2016-04-12T00:00:02.0732379+00:00" testType="13cdc9d9-ddb5-4fa4-a97d-d965ccfc6d4b" outcome="Passed" testListId="8c84fa94-04c1-424b-9868-57a2d4851a1d" relativeResultsDirectory="a4bbc937-88c8-46c6-8c77-651152c4564a">
      <Output>
        <StdOut>Initialization: Ensuring table and account records exist
Initialization: Done
Status  : --
           --&gt; Request: GET https://localhost:1234/subscriptions/757c2a5f-6a7e-4033-a3f5-61dda5b8e683/resourceGroups/devfabric-test/providers/Microsoft.Batch/batchAccounts/msbatchtest/applications?%24skipToken=NPK%3d28:msbatchtest+22F6C6108FF7ED54NRK%3d11:blender%24appSM%3d5:False&amp;maxResults=5&amp;api-version=2015-12-01. Content length: 0, RequestId: 70da1384-2c2c-4b6d-82ef-8737b78d4967
Status  :  &lt;-- Response: 200 OK. Content length: 12, RequestId: 
          --</StdOut>
      </Output>
    </UnitTestResult>
    <UnitTestResult executionId="e3c449f2-2764-46dd-98a6-a1790f6b0348" testId="13b603ff-5377-4a58-9eb8-6b0f11e4b407" testName="Microsoft.Azure.Batch.AppPackageUnitTests.Tests.Commands.AppPackages.ListApplicationsUnitTests_TrpfeUnitTest.IfValidSkipTokenIsPassedIn_AndMaxResultsIsSpecified_AndResultsFitInOneResponse_ThenMaxResultsLexicographicallyGreaterOrEqualApplicationsAreReturned_AndNextLinkIsNull" computerName="BATCH-JENKINS" duration="00:00:00.0300000" startTime="2016-04-12T00:00:02.0732379+00:00" endTime="2016-04-12T00:00:02.0732379+00:00" testType="13cdc9d9-ddb5-4fa4-a97d-d965ccfc6d4b" outcome="Passed" testListId="8c84fa94-04c1-424b-9868-57a2d4851a1d" relativeResultsDirectory="e3c449f2-2764-46dd-98a6-a1790f6b0348">
      <Output>
        <StdOut>Initialization: Ensuring table and account records exist
Initialization: Done
Status  : --
           --&gt; Request: GET https://localhost:1234/subscriptions/abc3181a-e3cb-4673-996d-8e66d6268df4/resourceGroups/devfabric-test/providers/Microsoft.Batch/batchAccounts/msbatchtest/applications?%24skipToken=NPK%3d28:msbatchtest+22F6C6108FF3A6ACNRK%3d11:blender%24appSM%3d5:False&amp;maxResults=3&amp;api-version=2015-12-01. Content length: 0, RequestId: a7453d11-9659-475b-a3c5-5d61e70a7407
Status  :  &lt;-- Response: 200 OK. Content length: 306, RequestId: 
          --</StdOut>
      </Output>
    </UnitTestResult>
    <UnitTestResult executionId="0e19969b-d523-486c-b091-06cff8406d01" testId="e9cd2121-ec3b-41e5-b2b8-8898492b470e" testName="Microsoft.Azure.Batch.AppPackageUnitTests.Tests.Commands.AppPackages.ListApplicationsUnitTests_TrpfeUnitTest.IfThereAreMultipleApplications_ThatFitInOneResponse_ThenTheListContainsTheirDetails_AndNoNextLink" computerName="BATCH-JENKINS" duration="00:00:00.0290000" startTime="2016-04-12T00:00:02.0742378+00:00" endTime="2016-04-12T00:00:02.0742378+00:00" testType="13cdc9d9-ddb5-4fa4-a97d-d965ccfc6d4b" outcome="Passed" testListId="8c84fa94-04c1-424b-9868-57a2d4851a1d" relativeResultsDirectory="0e19969b-d523-486c-b091-06cff8406d01">
      <Output>
        <StdOut>Initialization: Ensuring table and account records exist
Initialization: Done
Status  : --
           --&gt; Request: GET https://localhost:1234/subscriptions/7e0f6f83-5f6c-4d30-9b76-4a021d51f70c/resourceGroups/devfabric-test/providers/Microsoft.Batch/batchAccounts/msbatchtest/applications?api-version=2015-12-01. Content length: 0, RequestId: 782d1c06-b1b6-45aa-9218-948916e481f7
Status  :  &lt;-- Response: 200 OK. Content length: 396, RequestId: 
          --</StdOut>
      </Output>
    </UnitTestResult>
    <UnitTestResult executionId="0ed14fb8-8f74-4f30-b2a1-ea3735367c63" testId="ff78c180-b494-458a-8b24-3c16b95acf9a" testName="Microsoft.Azure.Batch.AppPackageUnitTests.Tests.Commands.AppPackages.ListApplicationsUnitTests_TrpfeUnitTest.IfApplicationPointedToByNextLink_HasBeenDeleted_SkipTokenStillFunctions" computerName="BATCH-JENKINS" duration="00:00:00.0310000" startTime="2016-04-12T00:00:02.0752383+00:00" endTime="2016-04-12T00:00:02.0752383+00:00" testType="13cdc9d9-ddb5-4fa4-a97d-d965ccfc6d4b" outcome="Passed" testListId="8c84fa94-04c1-424b-9868-57a2d4851a1d" relativeResultsDirectory="0ed14fb8-8f74-4f30-b2a1-ea3735367c63">
      <Output>
        <StdOut>Initialization: Ensuring table and account records exist
Initialization: Done
Status  : --
           --&gt; Request: GET https://localhost:1234/subscriptions/2654154c-f867-492c-a158-3f8a1d4551fc/resourceGroups/devfabric-test/providers/Microsoft.Batch/batchAccounts/msbatchtest/applications?%24skipToken=NPK%3d28:msbatchtest+22F6C6108FEACCF7NRK%3d11:blender%24appSM%3d5:False&amp;maxResults=2&amp;api-version=2015-12-01. Content length: 0, RequestId: 07c8199f-142d-4199-b8a9-28b00b34e746
Status  :  &lt;-- Response: 200 OK. Content length: 513, RequestId: 
          --</StdOut>
      </Output>
    </UnitTestResult>
    <UnitTestResult executionId="d23c587e-14ff-40ea-96f7-35d1af333cdc" testId="fa8cd058-5074-4aac-9f1b-8a3a163d7c49" testName="Microsoft.Azure.Batch.AppPackageUnitTests.Tests.Commands.AppPackages.ListApplicationsUnitTests_TrpfeUnitTest.IfThereAreMultipleApplications_EachWithMultiplePackages_AndTheyFitInOneResponse_ThenTheListContainsTheirDetails_AndNoNextLink" computerName="BATCH-JENKINS" duration="00:00:00.0360000" startTime="2016-04-12T00:00:02.3272623+00:00" endTime="2016-04-12T00:00:02.3272623+00:00" testType="13cdc9d9-ddb5-4fa4-a97d-d965ccfc6d4b" outcome="Passed" testListId="8c84fa94-04c1-424b-9868-57a2d4851a1d" relativeResultsDirectory="d23c587e-14ff-40ea-96f7-35d1af333cdc">
      <Output>
        <StdOut>Initialization: Ensuring table and account records exist
Initialization: Done
Status  : --
           --&gt; Request: GET https://localhost:1234/subscriptions/ae6b195f-2765-4a85-b5f7-4e651da17526/resourceGroups/devfabric-test/providers/Microsoft.Batch/batchAccounts/msbatchtest/applications?api-version=2015-12-01. Content length: 0, RequestId: 4a476ba1-0886-45fd-898c-b2f4631a437a
Status  :  &lt;-- Response: 200 OK. Content length: 684, RequestId: 
          --</StdOut>
      </Output>
    </UnitTestResult>
    <UnitTestResult executionId="d4de9188-74ea-495a-8e44-01257b63b14b" testId="486dbe16-b3f6-4eb3-ae44-989e5bd448c5" testName="Microsoft.Azure.Batch.AppPackageUnitTests.Tests.Commands.AppPackages.ListApplicationsUnitTests_TrpfeUnitTest.IfValidSkipTokenIsPassedIn_AndResultsFitInOneResponse_ThenOnlyLexicographicallyGreaterOrEqualApplicationsAreReturned_AndNoNextLink" computerName="BATCH-JENKINS" duration="00:00:00.0300000" startTime="2016-04-12T00:00:02.3282377+00:00" endTime="2016-04-12T00:00:02.3282377+00:00" testType="13cdc9d9-ddb5-4fa4-a97d-d965ccfc6d4b" outcome="Passed" testListId="8c84fa94-04c1-424b-9868-57a2d4851a1d" relativeResultsDirectory="d4de9188-74ea-495a-8e44-01257b63b14b">
      <Output>
        <StdOut>Initialization: Ensuring table and account records exist
Initialization: Done
Status  : --
           --&gt; Request: GET https://localhost:1234/subscriptions/8acccf09-567d-494d-a473-d70c48f29b71/resourceGroups/devfabric-test/providers/Microsoft.Batch/batchAccounts/msbatchtest/applications?%24skipToken=NPK%3d28:msbatchtest+22F6C6108FE093A7NRK%3d11:blender%24appSM%3d5:False&amp;api-version=2015-12-01. Content length: 0, RequestId: 006b97bb-d768-46c8-96e2-b2a72e575f11
Status  :  &lt;-- Response: 200 OK. Content length: 300, RequestId: 
          --</StdOut>
      </Output>
    </UnitTestResult>
    <UnitTestResult executionId="555bc4d1-9c20-48e3-8a88-48d839e919c4" testId="fd9af0c8-1dd1-49ed-8bc7-16d677483c32" testName="Microsoft.Azure.Batch.AppPackageUnitTests.Tests.Commands.AppPackages.ListApplicationsUnitTests_TrpfeUnitTest.WhenMaxResultsAreReturned_AndThereAreMoreResults_ResponseIncludesNextLink" computerName="BATCH-JENKINS" duration="00:00:00.0310000" startTime="2016-04-12T00:00:02.3292582+00:00" endTime="2016-04-12T00:00:02.3292582+00:00" testType="13cdc9d9-ddb5-4fa4-a97d-d965ccfc6d4b" outcome="Passed" testListId="8c84fa94-04c1-424b-9868-57a2d4851a1d" relativeResultsDirectory="555bc4d1-9c20-48e3-8a88-48d839e919c4">
      <Output>
        <StdOut>Initialization: Ensuring table and account records exist
Initialization: Done
Status  : --
           --&gt; Request: GET https://localhost:1234/subscriptions/2b3e5ca2-33f6-45c5-bd5a-4a93d2f0c634/resourceGroups/devfabric-test/providers/Microsoft.Batch/batchAccounts/msbatchtest/applications?maxResults=2&amp;api-version=2015-12-01. Content length: 0, RequestId: cb0f8b64-c375-4d64-83d3-91950a360cf2
Status  :  &lt;-- Response: 200 OK. Content length: 514, RequestId: 
          --</StdOut>
      </Output>
    </UnitTestResult>
    <UnitTestResult executionId="fb1cd5bf-46b4-4893-ad72-c198865fde21" testId="ce6cb600-d5e7-4dba-b434-27496038f02e" testName="Microsoft.Azure.Batch.AppPackageUnitTests.Tests.Commands.AppPackages.ListApplicationsUnitTests_TrpfeUnitTest.MaxResultsIsRespected_AndTopLexicographicallyOrderedApplicationsAreReturnedFirst" computerName="BATCH-JENKINS" duration="00:00:00.0310000" startTime="2016-04-12T00:00:02.3302375+00:00" endTime="2016-04-12T00:00:02.3302375+00:00" testType="13cdc9d9-ddb5-4fa4-a97d-d965ccfc6d4b" outcome="Passed" testListId="8c84fa94-04c1-424b-9868-57a2d4851a1d" relativeResultsDirectory="fb1cd5bf-46b4-4893-ad72-c198865fde21">
      <Output>
        <StdOut>Initialization: Ensuring table and account records exist
Initialization: Done
Status  : --
           --&gt; Request: GET https://localhost:1234/subscriptions/dafc75bf-5e53-4150-b619-52901da3b7b2/resourceGroups/devfabric-test/providers/Microsoft.Batch/batchAccounts/msbatchtest/applications?maxResults=2&amp;api-version=2015-12-01. Content length: 0, RequestId: 22a3902b-ea77-4c1e-8f20-260f534232b4
Status  :  &lt;-- Response: 200 OK. Content length: 514, RequestId: 
          --</StdOut>
      </Output>
    </UnitTestResult>
    <UnitTestResult executionId="ef53475a-a805-4f6d-ade0-f705f385ac95" testId="4dfbc86e-5dea-4017-ab06-131a640a8340" testName="CanSerialisePackageTimestamp(serialisationEnvironment: ResourceProvider)" computerName="BATCH-JENKINS" duration="00:00:00.0020000" startTime="2016-04-12T00:00:02.3302375+00:00" endTime="2016-04-12T00:00:02.3302375+00:00" testType="13cdc9d9-ddb5-4fa4-a97d-d965ccfc6d4b" outcome="Passed" testListId="8c84fa94-04c1-424b-9868-57a2d4851a1d" relativeResultsDirectory="ef53475a-a805-4f6d-ade0-f705f385ac95" />
    <UnitTestResult executionId="5ded1820-90ee-4a92-937e-728481dad0c8" testId="6d0cf680-c446-47b2-93d0-200202fbae3a" testName="CanSerialiseDefaultVersion(serialisationEnvironment: ResourceProvider)" computerName="BATCH-JENKINS" duration="00:00:00.0010000" startTime="2016-04-12T00:00:02.3312376+00:00" endTime="2016-04-12T00:00:02.3312376+00:00" testType="13cdc9d9-ddb5-4fa4-a97d-d965ccfc6d4b" outcome="Passed" testListId="8c84fa94-04c1-424b-9868-57a2d4851a1d" relativeResultsDirectory="5ded1820-90ee-4a92-937e-728481dad0c8" />
    <UnitTestResult executionId="41367bb6-3e9a-48fd-81ec-50eeeb514741" testId="f47bc3a9-ca08-4b5d-910c-98d8d41f1f7a" testName="CanSerialiseAllowUpdates(serialisationEnvironment: ResourceProvider)" computerName="BATCH-JENKINS" duration="00:00:00.0010000" startTime="2016-04-12T00:00:02.3312376+00:00" endTime="2016-04-12T00:00:02.3312376+00:00" testType="13cdc9d9-ddb5-4fa4-a97d-d965ccfc6d4b" outcome="Passed" testListId="8c84fa94-04c1-424b-9868-57a2d4851a1d" relativeResultsDirectory="41367bb6-3e9a-48fd-81ec-50eeeb514741" />
    <UnitTestResult executionId="ff643f3a-2ad4-4266-b965-944de0de1d53" testId="ed6dc9ef-d1b1-4871-abba-11835fef7265" testName="CanSerialisePackageVersion(serialisationEnvironment: ResourceProvider)" computerName="BATCH-JENKINS" duration="00:00:00.0010000" startTime="2016-04-12T00:00:02.3312376+00:00" endTime="2016-04-12T00:00:02.3312376+00:00" testType="13cdc9d9-ddb5-4fa4-a97d-d965ccfc6d4b" outcome="Passed" testListId="8c84fa94-04c1-424b-9868-57a2d4851a1d" relativeResultsDirectory="ff643f3a-2ad4-4266-b965-944de0de1d53" />
    <UnitTestResult executionId="4c97baa6-7697-4ae5-afeb-5f52e015e1dd" testId="7eb9dd52-beae-4881-93b9-a94284c49de1" testName="CanSerialisePackageFormat(serialisationEnvironment: ResourceProvider)" computerName="BATCH-JENKINS" duration="00:00:00.0010000" startTime="2016-04-12T00:00:02.3312376+00:00" endTime="2016-04-12T00:00:02.3312376+00:00" testType="13cdc9d9-ddb5-4fa4-a97d-d965ccfc6d4b" outcome="Passed" testListId="8c84fa94-04c1-424b-9868-57a2d4851a1d" relativeResultsDirectory="4c97baa6-7697-4ae5-afeb-5f52e015e1dd" />
    <UnitTestResult executionId="1bc79197-0375-44d9-9d6c-1af9677cdfe1" testId="fe30a6a9-07a6-4132-9a3f-ece6d2e637d2" testName="CanSerialiseMultiplePackages(serialisationEnvironment: ResourceProvider)" computerName="BATCH-JENKINS" duration="00:00:00.0020000" startTime="2016-04-12T00:00:02.5192370+00:00" endTime="2016-04-12T00:00:02.5192370+00:00" testType="13cdc9d9-ddb5-4fa4-a97d-d965ccfc6d4b" outcome="Passed" testListId="8c84fa94-04c1-424b-9868-57a2d4851a1d" relativeResultsDirectory="1bc79197-0375-44d9-9d6c-1af9677cdfe1" />
    <UnitTestResult executionId="4caeab53-24e8-445e-90a6-8e1f02c86911" testId="fc8c6c01-7647-464f-abe2-3f9979061244" testName="CanSerialiseEmptyList(serialisationEnvironment: ResourceProvider)" computerName="BATCH-JENKINS" duration="00:00:00.0010000" startTime="2016-04-12T00:00:02.5202373+00:00" endTime="2016-04-12T00:00:02.5202373+00:00" testType="13cdc9d9-ddb5-4fa4-a97d-d965ccfc6d4b" outcome="Passed" testListId="8c84fa94-04c1-424b-9868-57a2d4851a1d" relativeResultsDirectory="4caeab53-24e8-445e-90a6-8e1f02c86911" />
    <UnitTestResult executionId="ddbc7791-34f9-40bf-9b57-935b52857ef3" testId="47c588c9-d4b3-4af5-90d6-3fb480e3c934" testName="CanSerialiseApplicationId(serialisationEnvironment: ResourceProvider)" computerName="BATCH-JENKINS" duration="00:00:00.0010000" startTime="2016-04-12T00:00:02.5202373+00:00" endTime="2016-04-12T00:00:02.5202373+00:00" testType="13cdc9d9-ddb5-4fa4-a97d-d965ccfc6d4b" outcome="Passed" testListId="8c84fa94-04c1-424b-9868-57a2d4851a1d" relativeResultsDirectory="ddbc7791-34f9-40bf-9b57-935b52857ef3" />
    <UnitTestResult executionId="ed0e9a69-4f48-4b04-8680-80544ce2cb6e" testId="1ad6ffe8-e1fc-4217-af5a-cbde3b66e599" testName="CanSerialisePackageState(serialisationEnvironment: ResourceProvider)" computerName="BATCH-JENKINS" duration="00:00:00.0010000" startTime="2016-04-12T00:00:02.5202373+00:00" endTime="2016-04-12T00:00:02.5202373+00:00" testType="13cdc9d9-ddb5-4fa4-a97d-d965ccfc6d4b" outcome="Passed" testListId="8c84fa94-04c1-424b-9868-57a2d4851a1d" relativeResultsDirectory="ed0e9a69-4f48-4b04-8680-80544ce2cb6e" />
    <UnitTestResult executionId="abe3c524-159e-4064-a90e-1897acc7d4e8" testId="b4bde983-16b2-4873-bed3-1740fb7a105a" testName="CanSerialiseNullList(serialisationEnvironment: ResourceProvider)" computerName="BATCH-JENKINS" duration="00:00:00.0010000" startTime="2016-04-12T00:00:02.5202373+00:00" endTime="2016-04-12T00:00:02.5202373+00:00" testType="13cdc9d9-ddb5-4fa4-a97d-d965ccfc6d4b" outcome="Passed" testListId="8c84fa94-04c1-424b-9868-57a2d4851a1d" relativeResultsDirectory="abe3c524-159e-4064-a90e-1897acc7d4e8" />
    <UnitTestResult executionId="95f86405-3e06-46e6-a3bf-3b84f5cac9f5" testId="9f844913-e534-448c-964b-fa167cc9c84e" testName="CanSerialiseDisplayName(serialisationEnvironment: ResourceProvider)" computerName="BATCH-JENKINS" duration="00:00:00.0010000" startTime="2016-04-12T00:00:02.5212364+00:00" endTime="2016-04-12T00:00:02.5212364+00:00" testType="13cdc9d9-ddb5-4fa4-a97d-d965ccfc6d4b" outcome="Passed" testListId="8c84fa94-04c1-424b-9868-57a2d4851a1d" relativeResultsDirectory="95f86405-3e06-46e6-a3bf-3b84f5cac9f5" />
    <UnitTestResult executionId="9533c0ef-3499-4398-9431-a8ffd268f14b" testId="1fe7f7ff-de69-4d2c-9c3a-8ddaede5d6f9" testName="Microsoft.Azure.Batch.AppPackageUnitTests.Tests.Serialization.UpdateApplicationRequestConverterTests.WhenAllowUpdatesSetToFalse_PropertySetToFalse" computerName="BATCH-JENKINS" duration="00:00:00.0040000" startTime="2016-04-12T00:00:02.5212364+00:00" endTime="2016-04-12T00:00:02.5212364+00:00" testType="13cdc9d9-ddb5-4fa4-a97d-d965ccfc6d4b" outcome="Passed" testListId="8c84fa94-04c1-424b-9868-57a2d4851a1d" relativeResultsDirectory="9533c0ef-3499-4398-9431-a8ffd268f14b" />
    <UnitTestResult executionId="d94ebe23-5fe4-4987-af6a-0d86f67f9ac0" testId="6d0abdc3-d414-4101-a1cb-435a5ad30c64" testName="Microsoft.Azure.Batch.AppPackageUnitTests.Tests.Serialization.UpdateApplicationRequestConverterTests.WhenDefaultVersionPresent_SetsDefaultVersionToTrue" computerName="BATCH-JENKINS" duration="00:00:00.0020000" startTime="2016-04-12T00:00:02.5212364+00:00" endTime="2016-04-12T00:00:02.5212364+00:00" testType="13cdc9d9-ddb5-4fa4-a97d-d965ccfc6d4b" outcome="Passed" testListId="8c84fa94-04c1-424b-9868-57a2d4851a1d" relativeResultsDirectory="d94ebe23-5fe4-4987-af6a-0d86f67f9ac0" />
    <UnitTestResult executionId="d7f6ffcc-8338-4035-b915-897a9336defd" testId="87977c21-0117-41dd-b424-3e85ccb9392b" testName="Microsoft.Azure.Batch.AppPackageUnitTests.Tests.Serialization.UpdateApplicationRequestConverterTests.WhenDisplayNamePresentAndNull_SetsDisplayNameToTrue" computerName="BATCH-JENKINS" duration="00:00:00.0010000" startTime="2016-04-12T00:00:02.5222366+00:00" endTime="2016-04-12T00:00:02.5222366+00:00" testType="13cdc9d9-ddb5-4fa4-a97d-d965ccfc6d4b" outcome="Passed" testListId="8c84fa94-04c1-424b-9868-57a2d4851a1d" relativeResultsDirectory="d7f6ffcc-8338-4035-b915-897a9336defd" />
    <UnitTestResult executionId="bf08a9fa-e5b9-49da-8b9a-9e388b17c415" testId="5e9b9630-051b-4261-99f6-64438d34b1ae" testName="Microsoft.Azure.Batch.AppPackageUnitTests.Tests.Serialization.UpdateApplicationRequestConverterTests.WhenAllowUpdatesSetToNull_PropertySetToNull" computerName="BATCH-JENKINS" duration="00:00:00.0010000" startTime="2016-04-12T00:00:02.7072594+00:00" endTime="2016-04-12T00:00:02.7072594+00:00" testType="13cdc9d9-ddb5-4fa4-a97d-d965ccfc6d4b" outcome="Passed" testListId="8c84fa94-04c1-424b-9868-57a2d4851a1d" relativeResultsDirectory="bf08a9fa-e5b9-49da-8b9a-9e388b17c415" />
    <UnitTestResult executionId="a9174c61-f6aa-4c6c-927d-ff900d2d2b26" testId="a03871cb-0141-4a5f-852d-adeead6e9b54" testName="Microsoft.Azure.Batch.AppPackageUnitTests.Tests.Serialization.UpdateApplicationRequestConverterTests.WhenAllowUpdatesSetToString_ExceptionIsThrown" computerName="BATCH-JENKINS" duration="00:00:00.0020000" startTime="2016-04-12T00:00:02.7082380+00:00" endTime="2016-04-12T00:00:02.7082380+00:00" testType="13cdc9d9-ddb5-4fa4-a97d-d965ccfc6d4b" outcome="Passed" testListId="8c84fa94-04c1-424b-9868-57a2d4851a1d" relativeResultsDirectory="a9174c61-f6aa-4c6c-927d-ff900d2d2b26" />
    <UnitTestResult executionId="85bfb4af-70bf-4c47-8a2b-83daff5ce25d" testId="ca8becce-13e0-4634-b83a-60935f241cb2" testName="Microsoft.Azure.Batch.AppPackageUnitTests.Tests.Serialization.UpdateApplicationRequestConverterTests.WhenAllowUpdatesSetToTrue_PropertySetToTrue" computerName="BATCH-JENKINS" duration="00:00:00.0010000" startTime="2016-04-12T00:00:02.7082380+00:00" endTime="2016-04-12T00:00:02.7082380+00:00" testType="13cdc9d9-ddb5-4fa4-a97d-d965ccfc6d4b" outcome="Passed" testListId="8c84fa94-04c1-424b-9868-57a2d4851a1d" relativeResultsDirectory="85bfb4af-70bf-4c47-8a2b-83daff5ce25d" />
    <UnitTestResult executionId="86d96eef-36ae-465a-a71f-8cb01fc19eca" testId="7991575c-9b73-404c-8f0f-13c7c582cb43" testName="Microsoft.Azure.Batch.AppPackageUnitTests.Tests.Serialization.UpdateApplicationRequestConverterTests.WhenDefaultVersionNotPresent_SetsDefaultVersionToFalse" computerName="BATCH-JENKINS" duration="00:00:00.0010000" startTime="2016-04-12T00:00:02.7092385+00:00" endTime="2016-04-12T00:00:02.7092385+00:00" testType="13cdc9d9-ddb5-4fa4-a97d-d965ccfc6d4b" outcome="Passed" testListId="8c84fa94-04c1-424b-9868-57a2d4851a1d" relativeResultsDirectory="86d96eef-36ae-465a-a71f-8cb01fc19eca" />
    <UnitTestResult executionId="92e83f3b-fc58-4007-9869-c1dd61e25aaa" testId="6dd2f841-91f1-4c07-9cd8-9fbb7e0679a4" testName="Microsoft.Azure.Batch.AppPackageUnitTests.Tests.Serialization.UpdateApplicationRequestConverterTests.WhenDisplayNamePresent_SetsDisplayNameToTrue" computerName="BATCH-JENKINS" duration="00:00:00.0010000" startTime="2016-04-12T00:00:02.7092385+00:00" endTime="2016-04-12T00:00:02.7092385+00:00" testType="13cdc9d9-ddb5-4fa4-a97d-d965ccfc6d4b" outcome="Passed" testListId="8c84fa94-04c1-424b-9868-57a2d4851a1d" relativeResultsDirectory="92e83f3b-fc58-4007-9869-c1dd61e25aaa" />
    <UnitTestResult executionId="09ef422f-8670-45f5-9632-f5b8d1eeab24" testId="3cd7e3bf-be1f-4bb3-a03a-d0981ed5affd" testName="Microsoft.Azure.Batch.AppPackageUnitTests.Tests.Serialization.UpdateApplicationRequestConverterTests.WhenAllowUpdatesNotSet_PropertySetToNull" computerName="BATCH-JENKINS" duration="00:00:00.0010000" startTime="2016-04-12T00:00:02.7102386+00:00" endTime="2016-04-12T00:00:02.7102386+00:00" testType="13cdc9d9-ddb5-4fa4-a97d-d965ccfc6d4b" outcome="Passed" testListId="8c84fa94-04c1-424b-9868-57a2d4851a1d" relativeResultsDirectory="09ef422f-8670-45f5-9632-f5b8d1eeab24" />
    <UnitTestResult executionId="d2eb7946-a39b-480a-9d27-79f95ac80449" testId="2ab326ed-7eb7-4f2e-b190-c3bef6d0c247" testName="Microsoft.Azure.Batch.AppPackageUnitTests.Tests.Serialization.UpdateApplicationRequestConverterTests.AllowsCaseInsensitivePropertyNames" computerName="BATCH-JENKINS" duration="00:00:00.0010000" startTime="2016-04-12T00:00:02.7102386+00:00" endTime="2016-04-12T00:00:02.7102386+00:00" testType="13cdc9d9-ddb5-4fa4-a97d-d965ccfc6d4b" outcome="Passed" testListId="8c84fa94-04c1-424b-9868-57a2d4851a1d" relativeResultsDirectory="d2eb7946-a39b-480a-9d27-79f95ac80449" />
    <UnitTestResult executionId="8232d4b3-9b85-4c0e-a250-8abe5cfcbbcd" testId="1a43e16e-9f4b-4aa5-854a-888f51b42108" testName="Microsoft.Azure.Batch.AppPackageUnitTests.Tests.Serialization.UpdateApplicationRequestConverterTests.WhenDefaultVersionPresentAndNull_SetsDefaultVersionToTrue" computerName="BATCH-JENKINS" duration="00:00:00.0010000" startTime="2016-04-12T00:00:02.7112372+00:00" endTime="2016-04-12T00:00:02.7112372+00:00" testType="13cdc9d9-ddb5-4fa4-a97d-d965ccfc6d4b" outcome="Passed" testListId="8c84fa94-04c1-424b-9868-57a2d4851a1d" relativeResultsDirectory="8232d4b3-9b85-4c0e-a250-8abe5cfcbbcd" />
    <UnitTestResult executionId="5cb39386-f5b5-4dc6-899f-d105f8827bc7" testId="e83ff41e-0a2e-4de8-9dab-609f50d97686" testName="Microsoft.Azure.Batch.AppPackageUnitTests.Tests.Serialization.UpdateApplicationRequestConverterTests.WhenDisplayNamePresentAndEmptyString_SetsDisplayNameToTrue_AndDisplayNameToNull" computerName="BATCH-JENKINS" duration="00:00:00.0010000" startTime="2016-04-12T00:00:02.7112372+00:00" endTime="2016-04-12T00:00:02.7112372+00:00" testType="13cdc9d9-ddb5-4fa4-a97d-d965ccfc6d4b" outcome="Passed" testListId="8c84fa94-04c1-424b-9868-57a2d4851a1d" relativeResultsDirectory="5cb39386-f5b5-4dc6-899f-d105f8827bc7" />
    <UnitTestResult executionId="55faeb16-460c-4648-a1d9-eb3ae563d5af" testId="9ded35d3-788f-428e-9a18-ec77b06c6237" testName="Microsoft.Azure.Batch.AppPackageUnitTests.Tests.Serialization.UpdateApplicationRequestConverterTests.WhenDisplayNameNotPresent_SetsDisplayNameToFalse" computerName="BATCH-JENKINS" duration="00:00:00.0010000" startTime="2016-04-12T00:00:02.9252358+00:00" endTime="2016-04-12T00:00:02.9252358+00:00" testType="13cdc9d9-ddb5-4fa4-a97d-d965ccfc6d4b" outcome="Passed" testListId="8c84fa94-04c1-424b-9868-57a2d4851a1d" relativeResultsDirectory="55faeb16-460c-4648-a1d9-eb3ae563d5af" />
    <UnitTestResult executionId="34561341-3ce4-461c-8df0-0b89bd65bbd1" testId="fff1b0af-2c23-4fb3-b1ed-9073ed82357d" testName="Microsoft.Azure.Batch.AppPackageUnitTests.Tests.Serialization.UpdateApplicationRequestConverterTests.WhenDefaultVersionPresentAndEmptyString_SetsDefaultVersionToTrue_AndDisplayNameToNull" computerName="BATCH-JENKINS" duration="00:00:00.0010000" startTime="2016-04-12T00:00:02.9262402+00:00" endTime="2016-04-12T00:00:02.9262402+00:00" testType="13cdc9d9-ddb5-4fa4-a97d-d965ccfc6d4b" outcome="Passed" testListId="8c84fa94-04c1-424b-9868-57a2d4851a1d" relativeResultsDirectory="34561341-3ce4-461c-8df0-0b89bd65bbd1" />
    <UnitTestResult executionId="2edf0929-8406-4f0f-bebd-f18a2998b0a3" testId="1743f5e5-3a49-4036-b17c-23851bfb51bb" testName="Microsoft.Azure.Batch.AppPackageUnitTests.Tests.TRPFE.AddApplicationPackageUnitTests.Returns409WhenMaxApplicationPackageVersionsReached" computerName="BATCH-JENKINS" duration="00:00:00.0220000" startTime="2016-04-12T00:00:02.9262402+00:00" endTime="2016-04-12T00:00:02.9262402+00:00" testType="13cdc9d9-ddb5-4fa4-a97d-d965ccfc6d4b" outcome="Passed" testListId="8c84fa94-04c1-424b-9868-57a2d4851a1d" relativeResultsDirectory="2edf0929-8406-4f0f-bebd-f18a2998b0a3" />
    <UnitTestResult executionId="8acd2140-a0b7-4c77-97be-cb8c7c31dd5e" testId="8e79d6a4-7a0c-4813-8c92-0cee8a9ceea5" testName="Microsoft.Azure.Batch.AppPackageUnitTests.Tests.TRPFE.AddApplicationPackageUnitTests.ApplicationPackagesCanBeAddedUntilLimitReached" computerName="BATCH-JENKINS" duration="00:00:00.0180000" startTime="2016-04-12T00:00:02.9272381+00:00" endTime="2016-04-12T00:00:02.9272381+00:00" testType="13cdc9d9-ddb5-4fa4-a97d-d965ccfc6d4b" outcome="Passed" testListId="8c84fa94-04c1-424b-9868-57a2d4851a1d" relativeResultsDirectory="8acd2140-a0b7-4c77-97be-cb8c7c31dd5e" />
    <UnitTestResult executionId="e673889d-46da-4088-809f-3f124772ab7a" testId="40801a1e-8434-4caa-aca7-80cc9b9df3af" testName="CanSerialiseApplicationDisplayName(serialisationEnvironment: Tlsfe)" computerName="BATCH-JENKINS" duration="00:00:00.0100000" startTime="2016-04-12T00:00:02.9272381+00:00" endTime="2016-04-12T00:00:02.9272381+00:00" testType="13cdc9d9-ddb5-4fa4-a97d-d965ccfc6d4b" outcome="Passed" testListId="8c84fa94-04c1-424b-9868-57a2d4851a1d" relativeResultsDirectory="e673889d-46da-4088-809f-3f124772ab7a" />
    <UnitTestResult executionId="e0fb9d8c-9bfe-4942-acb9-c7275085ed76" testId="bc1982cf-ce70-4eb9-83db-28ed792683d9" testName="CanSerialiseEmptyApplicationVersionsList(serialisationEnvironment: Tlsfe)" computerName="BATCH-JENKINS" duration="00:00:00.0090000" startTime="2016-04-12T00:00:02.9272381+00:00" endTime="2016-04-12T00:00:02.9272381+00:00" testType="13cdc9d9-ddb5-4fa4-a97d-d965ccfc6d4b" outcome="Passed" testListId="8c84fa94-04c1-424b-9868-57a2d4851a1d" relativeResultsDirectory="e0fb9d8c-9bfe-4942-acb9-c7275085ed76" />
    <UnitTestResult executionId="4ca0ba33-a932-4e50-a279-c1b3771e1068" testId="feaa87e9-1e20-456f-928d-10759d57707b" testName="CanSerialiseApplicationVersionsList(serialisationEnvironment: Tlsfe)" computerName="BATCH-JENKINS" duration="00:00:00.0060000" startTime="2016-04-12T00:00:02.9282382+00:00" endTime="2016-04-12T00:00:02.9282382+00:00" testType="13cdc9d9-ddb5-4fa4-a97d-d965ccfc6d4b" outcome="Passed" testListId="8c84fa94-04c1-424b-9868-57a2d4851a1d" relativeResultsDirectory="4ca0ba33-a932-4e50-a279-c1b3771e1068" />
    <UnitTestResult executionId="86f671dc-5ca8-43b8-aa9b-21b9f743f12f" testId="11f36dcf-0a65-4265-83f3-e2bb066e7891" testName="CanSerialiseApplicationId(serialisationEnvironment: Tlsfe)" computerName="BATCH-JENKINS" duration="00:00:00.0090000" startTime="2016-04-12T00:00:02.9282382+00:00" endTime="2016-04-12T00:00:02.9282382+00:00" testType="13cdc9d9-ddb5-4fa4-a97d-d965ccfc6d4b" outcome="Passed" testListId="8c84fa94-04c1-424b-9868-57a2d4851a1d" relativeResultsDirectory="86f671dc-5ca8-43b8-aa9b-21b9f743f12f" />
    <UnitTestResult executionId="3e1f122d-3e26-46c0-9179-01b7b5c29f66" testId="8bed99ff-15cd-4f4e-9209-86ad08391e3d" testName="CanSerialiseApplicationVersionsValue(serialisationEnvironment: Tlsfe)" computerName="BATCH-JENKINS" duration="00:00:00.0070000" startTime="2016-04-12T00:00:02.9282382+00:00" endTime="2016-04-12T00:00:02.9282382+00:00" testType="13cdc9d9-ddb5-4fa4-a97d-d965ccfc6d4b" outcome="Passed" testListId="8c84fa94-04c1-424b-9868-57a2d4851a1d" relativeResultsDirectory="3e1f122d-3e26-46c0-9179-01b7b5c29f66" />
    <UnitTestResult executionId="f284746c-bc18-449d-9fe0-4bc3e3f41fb9" testId="140b3a54-9529-4f41-88b7-7c13d19bcaf1" testName="Microsoft.Azure.Batch.AppPackageUnitTests.HelperTests.FakeTableOperationsTests.SkipTokens_ContinuationTokenAppliedAndReturningLastRecord_ContinuationTokenIsEmpty" computerName="BATCH-JENKINS" duration="00:00:00.0190000" startTime="2016-04-12T00:00:03.1172605+00:00" endTime="2016-04-12T00:00:03.1172605+00:00" testType="13cdc9d9-ddb5-4fa4-a97d-d965ccfc6d4b" outcome="Passed" testListId="8c84fa94-04c1-424b-9868-57a2d4851a1d" relativeResultsDirectory="f284746c-bc18-449d-9fe0-4bc3e3f41fb9" />
    <UnitTestResult executionId="c71f5443-bd7f-46b8-abca-2cc1e64bd571" testId="8dbcbde0-1151-44d7-adab-b69384359fce" testName="Microsoft.Azure.Batch.AppPackageUnitTests.HelperTests.FakeTableOperationsTests.SkipTokens_FilterAppliedReturningNoRecords_ContinuationTokenIsEmpty" computerName="BATCH-JENKINS" duration="00:00:00.0080000" startTime="2016-04-12T00:00:03.1182543+00:00" endTime="2016-04-12T00:00:03.1182543+00:00" testType="13cdc9d9-ddb5-4fa4-a97d-d965ccfc6d4b" outcome="Passed" testListId="8c84fa94-04c1-424b-9868-57a2d4851a1d" relativeResultsDirectory="c71f5443-bd7f-46b8-abca-2cc1e64bd571" />
    <UnitTestResult executionId="19bccdd3-019c-411b-bd67-edecec6cfeb7" testId="43496b60-6d18-4a3e-86eb-dc1753a70fff" testName="Microsoft.Azure.Batch.AppPackageUnitTests.HelperTests.FakeTableOperationsTests.SkipTokens_ContinuationTokenAppliedAndReturningSecondRecord_ContinuationTokenRepresentsThirdRecord" computerName="BATCH-JENKINS" duration="00:00:00.0080000" startTime="2016-04-12T00:00:03.1182543+00:00" endTime="2016-04-12T00:00:03.1182543+00:00" testType="13cdc9d9-ddb5-4fa4-a97d-d965ccfc6d4b" outcome="Passed" testListId="8c84fa94-04c1-424b-9868-57a2d4851a1d" relativeResultsDirectory="19bccdd3-019c-411b-bd67-edecec6cfeb7" />
    <UnitTestResult executionId="fd8af8fb-603a-43e1-804a-637fc0bfd440" testId="2231b542-a706-4986-90ad-f918f15b2007" testName="Microsoft.Azure.Batch.AppPackageUnitTests.HelperTests.FakeTableOperationsTests.SkipTokens_TakeMethodTakesAnExpression_SecondRecordIsReturned" computerName="BATCH-JENKINS" duration="00:00:00.0080000" startTime="2016-04-12T00:00:03.1192376+00:00" endTime="2016-04-12T00:00:03.1192376+00:00" testType="13cdc9d9-ddb5-4fa4-a97d-d965ccfc6d4b" outcome="Passed" testListId="8c84fa94-04c1-424b-9868-57a2d4851a1d" relativeResultsDirectory="fd8af8fb-603a-43e1-804a-637fc0bfd440" />
    <UnitTestResult executionId="348b5aa5-772a-4863-9ab0-baccfd55ea1e" testId="6b5531d1-3ebc-4505-b126-ee49b25dbc23" testName="Microsoft.Azure.Batch.AppPackageUnitTests.HelperTests.FakeTableOperationsTests.SkipTokens_ContinuationTokenRepresentsSecondRecord_SecondRecordIsReturned" computerName="BATCH-JENKINS" duration="00:00:00.0080000" startTime="2016-04-12T00:00:03.1192376+00:00" endTime="2016-04-12T00:00:03.1192376+00:00" testType="13cdc9d9-ddb5-4fa4-a97d-d965ccfc6d4b" outcome="Passed" testListId="8c84fa94-04c1-424b-9868-57a2d4851a1d" relativeResultsDirectory="348b5aa5-772a-4863-9ab0-baccfd55ea1e" />
    <UnitTestResult executionId="565cf1b4-683c-4495-8f49-e05e961d0e55" testId="df4345a9-9976-4fa4-a580-0ebe91b30d35" testName="Microsoft.Azure.Batch.AppPackageUnitTests.HelperTests.FakeTableOperationsTests.SkipTokens_MoreEntriesAvailable_ContinuationTokenRepresentsNextRecord" computerName="BATCH-JENKINS" duration="00:00:00.0090000" startTime="2016-04-12T00:00:03.1202385+00:00" endTime="2016-04-12T00:00:03.1202385+00:00" testType="13cdc9d9-ddb5-4fa4-a97d-d965ccfc6d4b" outcome="Passed" testListId="8c84fa94-04c1-424b-9868-57a2d4851a1d" relativeResultsDirectory="565cf1b4-683c-4495-8f49-e05e961d0e55" />
    <UnitTestResult executionId="146845c2-85c7-49b7-851b-bd6b56e23229" testId="0b0ae8e9-eda3-4806-a538-7e731a33564d" testName="Microsoft.Azure.Batch.AppPackageUnitTests.HelperTests.FakeTableOperationsTests.SkipTokens_NoMoreEntriesAvailable_ContinuationTokenIsEmpty" computerName="BATCH-JENKINS" duration="00:00:00.0070000" startTime="2016-04-12T00:00:03.1202385+00:00" endTime="2016-04-12T00:00:03.1202385+00:00" testType="13cdc9d9-ddb5-4fa4-a97d-d965ccfc6d4b" outcome="Passed" testListId="8c84fa94-04c1-424b-9868-57a2d4851a1d" relativeResultsDirectory="146845c2-85c7-49b7-851b-bd6b56e23229" />
    <UnitTestResult executionId="fa445bc8-b0a3-4a9c-8be2-683150718bde" testId="b012b07a-2147-45c2-8ef5-97adce39a906" testName="Microsoft.Azure.Batch.AppPackageUnitTests.Tests.TRPFE.AppPackagesHttpTests.InvalidCharactersInsideApplicationIdAreRejected(relativeUrl: &quot;/applications/123456789012345678901234567890123456&quot;...)" computerName="BATCH-JENKINS" duration="00:00:00.0110000" startTime="2016-04-12T00:00:03.1212426+00:00" endTime="2016-04-12T00:00:03.1212426+00:00" testType="13cdc9d9-ddb5-4fa4-a97d-d965ccfc6d4b" outcome="Passed" testListId="8c84fa94-04c1-424b-9868-57a2d4851a1d" relativeResultsDirectory="fa445bc8-b0a3-4a9c-8be2-683150718bde" />
    <UnitTestResult executionId="029c1782-e137-4667-b351-88bc6518250d" testId="96c3c866-b890-4dd1-9076-4212781c9468" testName="Microsoft.Azure.Batch.AppPackageUnitTests.Tests.TRPFE.AppPackagesHttpTests.InvalidCharactersInsideApplicationIdAreRejected(relativeUrl: &quot;/applications/abc123_A.1&quot;)" computerName="BATCH-JENKINS" duration="00:00:00.0040000" startTime="2016-04-12T00:00:03.1212426+00:00" endTime="2016-04-12T00:00:03.1212426+00:00" testType="13cdc9d9-ddb5-4fa4-a97d-d965ccfc6d4b" outcome="Passed" testListId="8c84fa94-04c1-424b-9868-57a2d4851a1d" relativeResultsDirectory="029c1782-e137-4667-b351-88bc6518250d" />
    <UnitTestResult executionId="02b7d328-6f39-4ffc-b11d-645e4a5c24e6" testId="c77b25e6-1c65-4816-b87b-695960b3d1fb" testName="Microsoft.Azure.Batch.AppPackageUnitTests.Tests.TRPFE.AppPackagesHttpTests.InvalidCharactersInsideApplicationIdAreRejected(relativeUrl: &quot;/applications/ab34 ' or '1'='1&quot;)" computerName="BATCH-JENKINS" duration="00:00:00.0020000" startTime="2016-04-12T00:00:03.3022364+00:00" endTime="2016-04-12T00:00:03.3022364+00:00" testType="13cdc9d9-ddb5-4fa4-a97d-d965ccfc6d4b" outcome="Passed" testListId="8c84fa94-04c1-424b-9868-57a2d4851a1d" relativeResultsDirectory="02b7d328-6f39-4ffc-b11d-645e4a5c24e6" />
    <UnitTestResult executionId="180ae12d-5838-4b8d-84d3-6e8a50411334" testId="90b7b252-f6cf-4e76-9db6-a04c88461c2e" testName="Microsoft.Azure.Batch.AppPackageUnitTests.Tests.TRPFE.AppPackagesHttpTests.InvalidCharactersInsideApplicationIdAreRejected(relativeUrl: &quot;/applications/ab34!23&quot;)" computerName="BATCH-JENKINS" duration="00:00:00.0020000" startTime="2016-04-12T00:00:03.3032367+00:00" endTime="2016-04-12T00:00:03.3032367+00:00" testType="13cdc9d9-ddb5-4fa4-a97d-d965ccfc6d4b" outcome="Passed" testListId="8c84fa94-04c1-424b-9868-57a2d4851a1d" relativeResultsDirectory="180ae12d-5838-4b8d-84d3-6e8a50411334" />
    <UnitTestResult executionId="a300ed48-414a-4861-85e9-9f30fb6ab718" testId="3d94c9b5-41c2-4a07-9158-1c9876a94b57" testName="Microsoft.Azure.Batch.AppPackageUnitTests.Tests.TRPFE.AppPackagesHttpTests.ValidCharactersInsideApplicationIdAreAccepted(relativeUrl: &quot;/applications/abc123&quot;)" computerName="BATCH-JENKINS" duration="00:00:00.0130000" startTime="2016-04-12T00:00:03.3042381+00:00" endTime="2016-04-12T00:00:03.3042381+00:00" testType="13cdc9d9-ddb5-4fa4-a97d-d965ccfc6d4b" outcome="Passed" testListId="8c84fa94-04c1-424b-9868-57a2d4851a1d" relativeResultsDirectory="a300ed48-414a-4861-85e9-9f30fb6ab718" />
    <UnitTestResult executionId="b3a7c77f-0bba-49f5-b8a3-623abce3ac1e" testId="a4b30e4a-e099-4468-9434-72804e38f007" testName="Microsoft.Azure.Batch.AppPackageUnitTests.Tests.TRPFE.AppPackagesHttpTests.ValidCharactersInsideApplicationIdAreAccepted(relativeUrl: &quot;/applications/-_&quot;)" computerName="BATCH-JENKINS" duration="00:00:00.0030000" startTime="2016-04-12T00:00:03.3052376+00:00" endTime="2016-04-12T00:00:03.3052376+00:00" testType="13cdc9d9-ddb5-4fa4-a97d-d965ccfc6d4b" outcome="Passed" testListId="8c84fa94-04c1-424b-9868-57a2d4851a1d" relativeResultsDirectory="b3a7c77f-0bba-49f5-b8a3-623abce3ac1e" />
    <UnitTestResult executionId="4004e8cf-dece-4b6f-8e8b-584e0d8749be" testId="3012d61c-5044-4b18-8338-bdf7ac7b22d4" testName="Microsoft.Azure.Batch.AppPackageUnitTests.Tests.TRPFE.AppPackagesHttpTests.ValidCharactersInsideApplicationIdAreAccepted(relativeUrl: &quot;/applications/_&quot;)" computerName="BATCH-JENKINS" duration="00:00:00.0020000" startTime="2016-04-12T00:00:03.3052376+00:00" endTime="2016-04-12T00:00:03.3052376+00:00" testType="13cdc9d9-ddb5-4fa4-a97d-d965ccfc6d4b" outcome="Passed" testListId="8c84fa94-04c1-424b-9868-57a2d4851a1d" relativeResultsDirectory="4004e8cf-dece-4b6f-8e8b-584e0d8749be" />
    <UnitTestResult executionId="30ab7b06-9de3-4a45-8b58-f139ebe92e33" testId="70ddfc37-09c7-4e76-aca4-66671686c376" testName="Microsoft.Azure.Batch.AppPackageUnitTests.Tests.TRPFE.AppPackagesHttpTests.ValidCharactersInsideApplicationIdAreAccepted(relativeUrl: &quot;/applications/123456789012345678901234567890123456&quot;...)" computerName="BATCH-JENKINS" duration="00:00:00.0020000" startTime="2016-04-12T00:00:03.3062382+00:00" endTime="2016-04-12T00:00:03.3062382+00:00" testType="13cdc9d9-ddb5-4fa4-a97d-d965ccfc6d4b" outcome="Passed" testListId="8c84fa94-04c1-424b-9868-57a2d4851a1d" relativeResultsDirectory="30ab7b06-9de3-4a45-8b58-f139ebe92e33" />
    <UnitTestResult executionId="056e8dc4-cc5e-4af2-ab41-5d9a7d4e4438" testId="dc5d07c6-61a9-4d4c-a60d-afd0aa294748" testName="Microsoft.Azure.Batch.AppPackageUnitTests.Tests.TRPFE.AppPackagesHttpTests.ValidCharactersInsideApplicationIdAreAccepted(relativeUrl: &quot;/applications/-BC&quot;)" computerName="BATCH-JENKINS" duration="00:00:00.0020000" startTime="2016-04-12T00:00:03.3072378+00:00" endTime="2016-04-12T00:00:03.3072378+00:00" testType="13cdc9d9-ddb5-4fa4-a97d-d965ccfc6d4b" outcome="Passed" testListId="8c84fa94-04c1-424b-9868-57a2d4851a1d" relativeResultsDirectory="056e8dc4-cc5e-4af2-ab41-5d9a7d4e4438" />
    <UnitTestResult executionId="3992a110-377e-47d2-a7b6-60159c65d0a4" testId="89e9e889-c84e-43cb-88c3-4ca6b526abf0" testName="Microsoft.Azure.Batch.AppPackageUnitTests.Tests.TRPFE.AppPackagesHttpTests.ValidCharactersInsideApplicationIdAreAccepted(relativeUrl: &quot;/applications/-&quot;)" computerName="BATCH-JENKINS" duration="00:00:00.0040000" startTime="2016-04-12T00:00:03.3072378+00:00" endTime="2016-04-12T00:00:03.3072378+00:00" testType="13cdc9d9-ddb5-4fa4-a97d-d965ccfc6d4b" outcome="Passed" testListId="8c84fa94-04c1-424b-9868-57a2d4851a1d" relativeResultsDirectory="3992a110-377e-47d2-a7b6-60159c65d0a4" />
    <UnitTestResult executionId="1fe75c37-894c-4c88-befb-c742f316daae" testId="3f8d3326-82fd-4dd7-9e75-518003ad08b6" testName="Microsoft.Azure.Batch.AppPackageUnitTests.Tests.TRPFE.AppPackagesHttpTests.ValidCharactersInsideApplicationIdAreAccepted(relativeUrl: &quot;/applications/aBc123&quot;)" computerName="BATCH-JENKINS" duration="00:00:00.0020000" startTime="2016-04-12T00:00:03.3082376+00:00" endTime="2016-04-12T00:00:03.3082376+00:00" testType="13cdc9d9-ddb5-4fa4-a97d-d965ccfc6d4b" outcome="Passed" testListId="8c84fa94-04c1-424b-9868-57a2d4851a1d" relativeResultsDirectory="1fe75c37-894c-4c88-befb-c742f316daae" />
    <UnitTestResult executionId="a3bd711c-30ba-4b6b-871f-428bc88805f9" testId="0cdca3f9-0ceb-40fd-affb-3d1bf504776a" testName="Microsoft.Azure.Batch.AppPackageUnitTests.Tests.TRPFE.AppPackagesHttpTests.InvalidCharactersInsideApplicationVersionIdAreRejected(relativeUrl: &quot;/applications/ab34/versions/def!2A@&quot;)" computerName="BATCH-JENKINS" duration="00:00:00.0090000" startTime="2016-04-12T00:00:03.4852604+00:00" endTime="2016-04-12T00:00:03.4852604+00:00" testType="13cdc9d9-ddb5-4fa4-a97d-d965ccfc6d4b" outcome="Passed" testListId="8c84fa94-04c1-424b-9868-57a2d4851a1d" relativeResultsDirectory="a3bd711c-30ba-4b6b-871f-428bc88805f9" />
    <UnitTestResult executionId="ef808af5-5f2f-4414-819d-4d5a3fe52897" testId="4b661570-b9a1-4338-9c32-a2583bf12bb2" testName="Microsoft.Azure.Batch.AppPackageUnitTests.Tests.TRPFE.AppPackagesHttpTests.InvalidCharactersInsideApplicationVersionIdAreRejected(relativeUrl: &quot;/applications/ab34/versions/..as&quot;)" computerName="BATCH-JENKINS" duration="00:00:00.0030000" startTime="2016-04-12T00:00:03.4862612+00:00" endTime="2016-04-12T00:00:03.4862612+00:00" testType="13cdc9d9-ddb5-4fa4-a97d-d965ccfc6d4b" outcome="Passed" testListId="8c84fa94-04c1-424b-9868-57a2d4851a1d" relativeResultsDirectory="ef808af5-5f2f-4414-819d-4d5a3fe52897" />
    <UnitTestResult executionId="d358b8f6-dc57-4f4c-91a8-cac341ea18d5" testId="4f7aece6-0baa-45f7-9d2a-e8fa4886eb77" testName="Microsoft.Azure.Batch.AppPackageUnitTests.Tests.TRPFE.AppPackagesHttpTests.InvalidCharactersInsideApplicationVersionIdAreRejected(relativeUrl: &quot;/applications/ab34/versions/ab34 ' or '1'='1&quot;)" computerName="BATCH-JENKINS" duration="00:00:00.0070000" startTime="2016-04-12T00:00:03.4872371+00:00" endTime="2016-04-12T00:00:03.4872371+00:00" testType="13cdc9d9-ddb5-4fa4-a97d-d965ccfc6d4b" outcome="Passed" testListId="8c84fa94-04c1-424b-9868-57a2d4851a1d" relativeResultsDirectory="d358b8f6-dc57-4f4c-91a8-cac341ea18d5" />
    <UnitTestResult executionId="18975017-9e7f-4e08-b4e7-275b12abf559" testId="8bd09b4b-292c-472c-b59b-f55af3f0d129" testName="Microsoft.Azure.Batch.AppPackageUnitTests.Tests.TRPFE.AppPackagesHttpTests.ValidCharactersInsideApplicationVersionIdAreAccepted(relativeUrl: &quot;/applications/abc123/versions/def123&quot;, expectedApplicationPackageId: &quot;def123&quot;)" computerName="BATCH-JENKINS" duration="00:00:00.0110000" startTime="2016-04-12T00:00:03.4872371+00:00" endTime="2016-04-12T00:00:03.4872371+00:00" testType="13cdc9d9-ddb5-4fa4-a97d-d965ccfc6d4b" outcome="Passed" testListId="8c84fa94-04c1-424b-9868-57a2d4851a1d" relativeResultsDirectory="18975017-9e7f-4e08-b4e7-275b12abf559" />
    <UnitTestResult executionId="c03045bc-20f2-429f-9ffe-9c74522e9f5d" testId="84927a16-5715-4152-be9e-84356944e84f" testName="Microsoft.Azure.Batch.AppPackageUnitTests.Tests.TRPFE.AppPackagesHttpTests.ValidCharactersInsideApplicationVersionIdAreAccepted(relativeUrl: &quot;/applications/ab34/versions/a-c_&quot;, expectedApplicationPackageId: &quot;a-c_&quot;)" computerName="BATCH-JENKINS" duration="00:00:00.0020000" startTime="2016-04-12T00:00:03.4882390+00:00" endTime="2016-04-12T00:00:03.4882390+00:00" testType="13cdc9d9-ddb5-4fa4-a97d-d965ccfc6d4b" outcome="Passed" testListId="8c84fa94-04c1-424b-9868-57a2d4851a1d" relativeResultsDirectory="c03045bc-20f2-429f-9ffe-9c74522e9f5d" />
    <UnitTestResult executionId="95603537-0d54-4639-bd1e-03b3d3bb1402" testId="3121b9f6-c6fb-4acf-97fb-a6faa2995456" testName="Microsoft.Azure.Batch.AppPackageUnitTests.Tests.TRPFE.AppPackagesHttpTests.ValidCharactersInsideApplicationVersionIdAreAccepted(relativeUrl: &quot;/applications/ab34/versions/a.c&quot;, expectedApplicationPackageId: &quot;a.c&quot;)" computerName="BATCH-JENKINS" duration="00:00:00.0020000" startTime="2016-04-12T00:00:03.4882390+00:00" endTime="2016-04-12T00:00:03.4882390+00:00" testType="13cdc9d9-ddb5-4fa4-a97d-d965ccfc6d4b" outcome="Passed" testListId="8c84fa94-04c1-424b-9868-57a2d4851a1d" relativeResultsDirectory="95603537-0d54-4639-bd1e-03b3d3bb1402" />
    <UnitTestResult executionId="fda89c21-49f4-4993-97b2-a80b7807ce99" testId="a02d824e-26e5-449b-a589-ff573779bc31" testName="Microsoft.Azure.Batch.AppPackageUnitTests.Tests.TRPFE.AppPackagesHttpTests.ValidCharactersInsideApplicationVersionIdAreAccepted(relativeUrl: &quot;/applications/ab34/versions/as..&quot;, expectedApplicationPackageId: &quot;as..&quot;)" computerName="BATCH-JENKINS" duration="00:00:00.0040000" startTime="2016-04-12T00:00:03.4892382+00:00" endTime="2016-04-12T00:00:03.4892382+00:00" testType="13cdc9d9-ddb5-4fa4-a97d-d965ccfc6d4b" outcome="Passed" testListId="8c84fa94-04c1-424b-9868-57a2d4851a1d" relativeResultsDirectory="fda89c21-49f4-4993-97b2-a80b7807ce99" />
    <UnitTestResult executionId="4acc8d11-ae92-4b40-b0f5-5ff18b0a5220" testId="d10c8d66-dead-4149-ad8c-86baab3f1b5e" testName="Microsoft.Azure.Batch.AppPackageUnitTests.Tests.TRPFE.SyncAutoStorageKeysUnitTests.Returns500WhenListStorageAccountsReturns500" computerName="BATCH-JENKINS" duration="00:00:00.0520000" startTime="2016-04-12T00:00:03.4902406+00:00" endTime="2016-04-12T00:00:03.4902406+00:00" testType="13cdc9d9-ddb5-4fa4-a97d-d965ccfc6d4b" outcome="Passed" testListId="8c84fa94-04c1-424b-9868-57a2d4851a1d" relativeResultsDirectory="4acc8d11-ae92-4b40-b0f5-5ff18b0a5220" />
    <UnitTestResult executionId="92326a11-bc52-412a-a33f-21fa20f4edca" testId="568259c8-a259-4b91-a5c9-79fcfa820540" testName="Microsoft.Azure.Batch.AppPackageUnitTests.Tests.TRPFE.SyncAutoStorageKeysUnitTests.MakesRequestToArmUsingTenantIdOfRequest" computerName="BATCH-JENKINS" duration="00:00:00.0100000" startTime="2016-04-12T00:00:03.4902406+00:00" endTime="2016-04-12T00:00:03.4902406+00:00" testType="13cdc9d9-ddb5-4fa4-a97d-d965ccfc6d4b" outcome="Passed" testListId="8c84fa94-04c1-424b-9868-57a2d4851a1d" relativeResultsDirectory="92326a11-bc52-412a-a33f-21fa20f4edca" />
    <UnitTestResult executionId="5b86b71a-8ec2-4f44-9e1d-f9096078f5d0" testId="e65ebe84-d6dd-4bfd-a566-eff4af4262c5" testName="Microsoft.Azure.Batch.AppPackageUnitTests.Tests.TRPFE.SyncAutoStorageKeysUnitTests.Returns500WhenStorageAccountTimesOut" computerName="BATCH-JENKINS" duration="00:00:00.0110000" startTime="2016-04-12T00:00:03.6622375+00:00" endTime="2016-04-12T00:00:03.6622375+00:00" testType="13cdc9d9-ddb5-4fa4-a97d-d965ccfc6d4b" outcome="Passed" testListId="8c84fa94-04c1-424b-9868-57a2d4851a1d" relativeResultsDirectory="5b86b71a-8ec2-4f44-9e1d-f9096078f5d0" />
    <UnitTestResult executionId="bc5ca56d-18e1-41f3-9477-a814e3dbb01d" testId="eef49bd9-3233-4acd-958a-a9963fb8a4f2" testName="Microsoft.Azure.Batch.AppPackageUnitTests.Tests.TRPFE.SyncAutoStorageKeysUnitTests.Returns409WhenStorageAccountNotFound" computerName="BATCH-JENKINS" duration="00:00:00.0110000" startTime="2016-04-12T00:00:03.6632390+00:00" endTime="2016-04-12T00:00:03.6632390+00:00" testType="13cdc9d9-ddb5-4fa4-a97d-d965ccfc6d4b" outcome="Passed" testListId="8c84fa94-04c1-424b-9868-57a2d4851a1d" relativeResultsDirectory="bc5ca56d-18e1-41f3-9477-a814e3dbb01d" />
    <UnitTestResult executionId="68ee8cc5-523e-46b4-b114-7a8e0fa95291" testId="f7eb46af-bf1f-4d1d-8778-0640eb2da4a7" testName="Microsoft.Azure.Batch.AppPackageUnitTests.Tests.TRPFE.ArmStorageAccountProviderTests.OperationCancelationExceptionIsPropagated(accountType: Classic)" computerName="BATCH-JENKINS" duration="00:00:00.0840000" startTime="2016-04-12T00:00:03.6632390+00:00" endTime="2016-04-12T00:00:03.6632390+00:00" testType="13cdc9d9-ddb5-4fa4-a97d-d965ccfc6d4b" outcome="Passed" testListId="8c84fa94-04c1-424b-9868-57a2d4851a1d" relativeResultsDirectory="68ee8cc5-523e-46b4-b114-7a8e0fa95291" />
    <UnitTestResult executionId="b5fdfb76-9931-48bf-867b-e320bebcfba8" testId="cfa6a35d-739f-4f7c-ba8d-e7b1f9be222b" testName="Microsoft.Azure.Batch.AppPackageUnitTests.Tests.TRPFE.ArmStorageAccountProviderTests.OperationCancelationExceptionIsPropagated(accountType: New)" computerName="BATCH-JENKINS" duration="00:00:00.0320000" startTime="2016-04-12T00:00:03.6642370+00:00" endTime="2016-04-12T00:00:03.6642370+00:00" testType="13cdc9d9-ddb5-4fa4-a97d-d965ccfc6d4b" outcome="Passed" testListId="8c84fa94-04c1-424b-9868-57a2d4851a1d" relativeResultsDirectory="b5fdfb76-9931-48bf-867b-e320bebcfba8" />
    <UnitTestResult executionId="b1d36cd8-580b-42b9-859e-b1d74d481bc4" testId="83b05c8d-9344-4818-935e-dcdd1283da9d" testName="Microsoft.Azure.Batch.AppPackageUnitTests.Tests.TRPFE.ArmStorageAccountProviderTests.ClassicAccountDetailsAreReturnedWhenFound" computerName="BATCH-JENKINS" duration="00:00:00.0730000" startTime="2016-04-12T00:00:03.6642370+00:00" endTime="2016-04-12T00:00:03.6642370+00:00" testType="13cdc9d9-ddb5-4fa4-a97d-d965ccfc6d4b" outcome="Passed" testListId="8c84fa94-04c1-424b-9868-57a2d4851a1d" relativeResultsDirectory="b1d36cd8-580b-42b9-859e-b1d74d481bc4" />
    <UnitTestResult executionId="2a679d01-1d53-4582-8ae7-75a0e9bdc47f" testId="8525393e-6edf-417a-a563-5bbb64adc391" testName="Microsoft.Azure.Batch.AppPackageUnitTests.Tests.TRPFE.ArmStorageAccountProviderTests.InvalidStorageAccountIdThrowsFormatException(storageAccountId: &quot;def&quot;)" computerName="BATCH-JENKINS" duration="00:00:00.0050000" startTime="2016-04-12T00:00:03.6642370+00:00" endTime="2016-04-12T00:00:03.6642370+00:00" testType="13cdc9d9-ddb5-4fa4-a97d-d965ccfc6d4b" outcome="Passed" testListId="8c84fa94-04c1-424b-9868-57a2d4851a1d" relativeResultsDirectory="2a679d01-1d53-4582-8ae7-75a0e9bdc47f" />
    <UnitTestResult executionId="af896650-25eb-416f-9054-2c47a75ecd3f" testId="3642db3c-bd1f-4a25-abf3-81dcedc89099" testName="Microsoft.Azure.Batch.AppPackageUnitTests.Tests.TRPFE.ArmStorageAccountProviderTests.InvalidStorageAccountIdThrowsFormatException(storageAccountId: &quot;ubscriptions/234/resourceGroups/123/providers/Micr&quot;...)" computerName="BATCH-JENKINS" duration="00:00:00.0010000" startTime="2016-04-12T00:00:03.6652371+00:00" endTime="2016-04-12T00:00:03.6652371+00:00" testType="13cdc9d9-ddb5-4fa4-a97d-d965ccfc6d4b" outcome="Passed" testListId="8c84fa94-04c1-424b-9868-57a2d4851a1d" relativeResultsDirectory="af896650-25eb-416f-9054-2c47a75ecd3f" />
    <UnitTestResult executionId="93b870bb-7c1f-4e7c-9ddc-fb9072a027d9" testId="49d01cc0-7a84-4e4a-9a12-65a4f84a2b02" testName="Microsoft.Azure.Batch.AppPackageUnitTests.Tests.TRPFE.ArmStorageAccountProviderTests.InvalidStorageAccountIdThrowsFormatException(storageAccountId: &quot;/subscriptions/234/resourceGroups/123/providers/Mi&quot;...)" computerName="BATCH-JENKINS" duration="00:00:00.0010000" startTime="2016-04-12T00:00:03.6662375+00:00" endTime="2016-04-12T00:00:03.6662375+00:00" testType="13cdc9d9-ddb5-4fa4-a97d-d965ccfc6d4b" outcome="Passed" testListId="8c84fa94-04c1-424b-9868-57a2d4851a1d" relativeResultsDirectory="93b870bb-7c1f-4e7c-9ddc-fb9072a027d9" />
    <UnitTestResult executionId="69d930f9-708a-488b-af67-c6a1a88c79d7" testId="00bb7c21-0313-4492-9925-33a69bb466ec" testName="Microsoft.Azure.Batch.AppPackageUnitTests.Tests.TRPFE.ArmStorageAccountProviderTests.InvalidStorageAccountIdThrowsFormatException(storageAccountId: &quot;/subscriptions/21dd4ed1-9ce5-4633-b202-a27b157920d&quot;...)" computerName="BATCH-JENKINS" duration="00:00:00.0010000" startTime="2016-04-12T00:00:03.6662375+00:00" endTime="2016-04-12T00:00:03.6662375+00:00" testType="13cdc9d9-ddb5-4fa4-a97d-d965ccfc6d4b" outcome="Passed" testListId="8c84fa94-04c1-424b-9868-57a2d4851a1d" relativeResultsDirectory="69d930f9-708a-488b-af67-c6a1a88c79d7" />
    <UnitTestResult executionId="c5b3563f-0c61-41ef-a478-0a1324522b20" testId="d4fdf322-2297-492c-ad1d-b31fa9bb7dda" testName="Microsoft.Azure.Batch.AppPackageUnitTests.Tests.TRPFE.ArmStorageAccountProviderTests.NewAccountReturnsDetailsWhenZRSStorage" computerName="BATCH-JENKINS" duration="00:00:00.0590000" startTime="2016-04-12T00:00:03.8282613+00:00" endTime="2016-04-12T00:00:03.8282613+00:00" testType="13cdc9d9-ddb5-4fa4-a97d-d965ccfc6d4b" outcome="Passed" testListId="8c84fa94-04c1-424b-9868-57a2d4851a1d" relativeResultsDirectory="c5b3563f-0c61-41ef-a478-0a1324522b20" />
    <UnitTestResult executionId="33807ece-3329-4a62-a57a-b39839a2e7cd" testId="13fa1716-3d5f-4e14-bb94-ef718ce0e79a" testName="Microsoft.Azure.Batch.AppPackageUnitTests.Tests.TRPFE.ArmStorageAccountProviderTests.AccountReturnsNullWhenForbidden(accountType: New)" computerName="BATCH-JENKINS" duration="00:00:00.0280000" startTime="2016-04-12T00:00:03.8292379+00:00" endTime="2016-04-12T00:00:03.8292379+00:00" testType="13cdc9d9-ddb5-4fa4-a97d-d965ccfc6d4b" outcome="Passed" testListId="8c84fa94-04c1-424b-9868-57a2d4851a1d" relativeResultsDirectory="33807ece-3329-4a62-a57a-b39839a2e7cd" />
    <UnitTestResult executionId="280a5039-3ee8-4f5b-b9eb-db55b303d7ff" testId="1b25431b-1e4a-4c9f-8915-d536b828fd7b" testName="Microsoft.Azure.Batch.AppPackageUnitTests.Tests.TRPFE.ArmStorageAccountProviderTests.AccountReturnsNullWhenForbidden(accountType: Classic)" computerName="BATCH-JENKINS" duration="00:00:00.0020000" startTime="2016-04-12T00:00:03.8292379+00:00" endTime="2016-04-12T00:00:03.8292379+00:00" testType="13cdc9d9-ddb5-4fa4-a97d-d965ccfc6d4b" outcome="Passed" testListId="8c84fa94-04c1-424b-9868-57a2d4851a1d" relativeResultsDirectory="280a5039-3ee8-4f5b-b9eb-db55b303d7ff" />
    <UnitTestResult executionId="7210dc04-9055-4644-a7f2-7e2d0f6eb972" testId="c8dad4ad-2eea-4092-a56e-88ced92180d2" testName="Microsoft.Azure.Batch.AppPackageUnitTests.Tests.TRPFE.ArmStorageAccountProviderTests.AccountSubscriptionNotFoundReturnsNull(accountType: New)" computerName="BATCH-JENKINS" duration="00:00:00.0090000" startTime="2016-04-12T00:00:03.8292379+00:00" endTime="2016-04-12T00:00:03.8292379+00:00" testType="13cdc9d9-ddb5-4fa4-a97d-d965ccfc6d4b" outcome="Passed" testListId="8c84fa94-04c1-424b-9868-57a2d4851a1d" relativeResultsDirectory="7210dc04-9055-4644-a7f2-7e2d0f6eb972" />
    <UnitTestResult executionId="4c857479-b76c-42ac-af1b-7c2ff031de81" testId="e494404b-8114-4ab3-baa4-3c91728109f1" testName="Microsoft.Azure.Batch.AppPackageUnitTests.Tests.TRPFE.ArmStorageAccountProviderTests.AccountSubscriptionNotFoundReturnsNull(accountType: Classic)" computerName="BATCH-JENKINS" duration="00:00:00.0020000" startTime="2016-04-12T00:00:03.8302368+00:00" endTime="2016-04-12T00:00:03.8302368+00:00" testType="13cdc9d9-ddb5-4fa4-a97d-d965ccfc6d4b" outcome="Passed" testListId="8c84fa94-04c1-424b-9868-57a2d4851a1d" relativeResultsDirectory="4c857479-b76c-42ac-af1b-7c2ff031de81" />
    <UnitTestResult executionId="d88de05f-a6fd-4df9-b0ae-2cf15d3a9f53" testId="b76bb11d-7e17-4b4a-976f-36f7515b188a" testName="Microsoft.Azure.Batch.AppPackageUnitTests.Tests.TRPFE.ArmStorageAccountProviderTests.AccountNotFoundReturnsNull(accountType: New)" computerName="BATCH-JENKINS" duration="00:00:00.0090000" startTime="2016-04-12T00:00:03.8302368+00:00" endTime="2016-04-12T00:00:03.8302368+00:00" testType="13cdc9d9-ddb5-4fa4-a97d-d965ccfc6d4b" outcome="Passed" testListId="8c84fa94-04c1-424b-9868-57a2d4851a1d" relativeResultsDirectory="d88de05f-a6fd-4df9-b0ae-2cf15d3a9f53" />
    <UnitTestResult executionId="def83fb3-8f7c-4a09-bca7-2f752d3b0c26" testId="29e141b2-529f-48a6-9a89-13516543482c" testName="Microsoft.Azure.Batch.AppPackageUnitTests.Tests.TRPFE.ArmStorageAccountProviderTests.AccountNotFoundReturnsNull(accountType: Classic)" computerName="BATCH-JENKINS" duration="00:00:00.0020000" startTime="2016-04-12T00:00:03.8312377+00:00" endTime="2016-04-12T00:00:03.8312377+00:00" testType="13cdc9d9-ddb5-4fa4-a97d-d965ccfc6d4b" outcome="Passed" testListId="8c84fa94-04c1-424b-9868-57a2d4851a1d" relativeResultsDirectory="def83fb3-8f7c-4a09-bca7-2f752d3b0c26" />
    <UnitTestResult executionId="86bb2d5a-7c6a-4b29-a6e7-6e138fb4aadf" testId="87a3132a-9fd1-4117-9115-00283bbebfe7" testName="Microsoft.Azure.Batch.AppPackageUnitTests.Tests.TRPFE.ArmStorageAccountProviderTests.InvalidTenantIdReturnsNull" computerName="BATCH-JENKINS" duration="00:00:00.0060000" startTime="2016-04-12T00:00:03.8312377+00:00" endTime="2016-04-12T00:00:03.8312377+00:00" testType="13cdc9d9-ddb5-4fa4-a97d-d965ccfc6d4b" outcome="Passed" testListId="8c84fa94-04c1-424b-9868-57a2d4851a1d" relativeResultsDirectory="86bb2d5a-7c6a-4b29-a6e7-6e138fb4aadf" />
    <UnitTestResult executionId="1a45837f-fbe5-41ed-82f4-4ec391bd73e5" testId="d55aeace-ac2a-4df9-8392-b3eb3ebb73e4" testName="Microsoft.Azure.Batch.AppPackageUnitTests.Tests.TRPFE.ArmStorageAccountProviderTests.AccountThrowsExceptionWhenInternalServerError(accountType: Classic)" computerName="BATCH-JENKINS" duration="00:00:00.0180000" startTime="2016-04-12T00:00:03.8322368+00:00" endTime="2016-04-12T00:00:03.8322368+00:00" testType="13cdc9d9-ddb5-4fa4-a97d-d965ccfc6d4b" outcome="Passed" testListId="8c84fa94-04c1-424b-9868-57a2d4851a1d" relativeResultsDirectory="1a45837f-fbe5-41ed-82f4-4ec391bd73e5" />
    <UnitTestResult executionId="73c97744-f9d3-4725-868b-23702d959d87" testId="7fe23f68-4223-4e5d-b60c-211296b10de5" testName="Microsoft.Azure.Batch.AppPackageUnitTests.Tests.TRPFE.ArmStorageAccountProviderTests.AccountThrowsExceptionWhenInternalServerError(accountType: New)" computerName="BATCH-JENKINS" duration="00:00:00.0020000" startTime="2016-04-12T00:00:04.0062367+00:00" endTime="2016-04-12T00:00:04.0062367+00:00" testType="13cdc9d9-ddb5-4fa4-a97d-d965ccfc6d4b" outcome="Passed" testListId="8c84fa94-04c1-424b-9868-57a2d4851a1d" relativeResultsDirectory="73c97744-f9d3-4725-868b-23702d959d87" />
    <UnitTestResult executionId="b598b3c1-a80b-4033-9871-0cc578487b0e" testId="f0f0f1c5-a1ab-4f9a-aac4-74b3c80aa3cc" testName="Microsoft.Azure.Batch.AppPackageUnitTests.Tests.TRPFE.ArmStorageAccountProviderTests.ClassicAccountDetailsAreReturnedWhenZRSStorage" computerName="BATCH-JENKINS" duration="00:00:00.0160000" startTime="2016-04-12T00:00:04.0062367+00:00" endTime="2016-04-12T00:00:04.0062367+00:00" testType="13cdc9d9-ddb5-4fa4-a97d-d965ccfc6d4b" outcome="Passed" testListId="8c84fa94-04c1-424b-9868-57a2d4851a1d" relativeResultsDirectory="b598b3c1-a80b-4033-9871-0cc578487b0e" />
    <UnitTestResult executionId="fba60a5c-1b2e-4b1c-98f5-40c0d09788bc" testId="1ed5409f-5d8f-4ec6-93f7-5b46204f5552" testName="Microsoft.Azure.Batch.AppPackageUnitTests.Tests.TRPFE.ArmStorageAccountProviderTests.NewAccountDetailsAreReturnedWhenFound" computerName="BATCH-JENKINS" duration="00:00:00.0200000" startTime="2016-04-12T00:00:04.0072377+00:00" endTime="2016-04-12T00:00:04.0072377+00:00" testType="13cdc9d9-ddb5-4fa4-a97d-d965ccfc6d4b" outcome="Passed" testListId="8c84fa94-04c1-424b-9868-57a2d4851a1d" relativeResultsDirectory="fba60a5c-1b2e-4b1c-98f5-40c0d09788bc" />
    <UnitTestResult executionId="d88e5b19-95d2-4a20-b0de-7a66643784ac" testId="4b241372-bb42-4f42-af2f-7d0319d1ebb8" testName="Microsoft.Azure.Batch.AppPackageUnitTests.Tests.TRPFE.ArmStorageAccountProviderTests.NewAccountThrowsExceptionWhenPremiumStorage" computerName="BATCH-JENKINS" duration="00:00:00.0160000" startTime="2016-04-12T00:00:04.0072377+00:00" endTime="2016-04-12T00:00:04.0072377+00:00" testType="13cdc9d9-ddb5-4fa4-a97d-d965ccfc6d4b" outcome="Passed" testListId="8c84fa94-04c1-424b-9868-57a2d4851a1d" relativeResultsDirectory="d88e5b19-95d2-4a20-b0de-7a66643784ac" />
  </Results>
  <TestDefinitions>
    <UnitTest name="CanSerialiseApplicationPackageStatus(serialisationEnvironment: ResourceProvider)" storage="microsoft.azure.batch.apppackageunittests\microsoft.azure.batch.apppackageunittests.dll" id="3c99158a-0a63-4f71-af35-fb660be4ff8e">
      <Execution id="e1b04ed7-edaa-4a3d-93aa-277eccf066a0" />
      <TestMethod codeBase="Microsoft.Azure.Batch.AppPackageUnitTests\Microsoft.Azure.Batch.AppPackageUnitTests.dll" adapterTypeName="Microsoft.VisualStudio.TestTools.TestTypes.Unit.UnitTestAdapter" className="Microsoft.Azure.Batch.AppPackageUnitTests.Tests.MessageBodies.ListApplicationsResponseTests" name="CanSerialiseApplicationPackageStatus(serialisationEnvironment: ResourceProvider)" />
    </UnitTest>
    <UnitTest name="CanSerialiseApplicationName(serialisationEnvironment: ResourceProvider)" storage="microsoft.azure.batch.apppackageunittests\microsoft.azure.batch.apppackageunittests.dll" id="9c9cb65f-e5a0-4183-b475-e982ec1df1bb">
      <Execution id="c3fc309f-7e88-4221-b333-f26ecf081176" />
      <TestMethod codeBase="Microsoft.Azure.Batch.AppPackageUnitTests\Microsoft.Azure.Batch.AppPackageUnitTests.dll" adapterTypeName="Microsoft.VisualStudio.TestTools.TestTypes.Unit.UnitTestAdapter" className="Microsoft.Azure.Batch.AppPackageUnitTests.Tests.MessageBodies.ListApplicationsResponseTests" name="CanSerialiseApplicationName(serialisationEnvironment: ResourceProvider)" />
    </UnitTest>
    <UnitTest name="CanSerialiseApplicationPackageTimestamp(serialisationEnvironment: ResourceProvider)" storage="microsoft.azure.batch.apppackageunittests\microsoft.azure.batch.apppackageunittests.dll" id="db155ac8-20ae-4200-ab25-cb1b7c235b88">
      <Execution id="071c24d3-3c45-4e3d-a2ac-c7929f40e7df" />
      <TestMethod codeBase="Microsoft.Azure.Batch.AppPackageUnitTests\Microsoft.Azure.Batch.AppPackageUnitTests.dll" adapterTypeName="Microsoft.VisualStudio.TestTools.TestTypes.Unit.UnitTestAdapter" className="Microsoft.Azure.Batch.AppPackageUnitTests.Tests.MessageBodies.ListApplicationsResponseTests" name="CanSerialiseApplicationPackageTimestamp(serialisationEnvironment: ResourceProvider)" />
    </UnitTest>
    <UnitTest name="CanSerialiseApplicationPackageVersion(serialisationEnvironment: ResourceProvider)" storage="microsoft.azure.batch.apppackageunittests\microsoft.azure.batch.apppackageunittests.dll" id="2b6607c8-1ed1-4001-b702-06720afe6027">
      <Execution id="a7032e81-67e1-43e5-9a56-9d2ce18798b9" />
      <TestMethod codeBase="Microsoft.Azure.Batch.AppPackageUnitTests\Microsoft.Azure.Batch.AppPackageUnitTests.dll" adapterTypeName="Microsoft.VisualStudio.TestTools.TestTypes.Unit.UnitTestAdapter" className="Microsoft.Azure.Batch.AppPackageUnitTests.Tests.MessageBodies.ListApplicationsResponseTests" name="CanSerialiseApplicationPackageVersion(serialisationEnvironment: ResourceProvider)" />
    </UnitTest>
    <UnitTest name="CanSerialiseApplicationsList(serialisationEnvironment: ResourceProvider)" storage="microsoft.azure.batch.apppackageunittests\microsoft.azure.batch.apppackageunittests.dll" id="0fb57ceb-c64e-4c84-a566-1e5ff5248257">
      <Execution id="33916864-055d-49fc-a9c3-bb2806b57e7b" />
      <TestMethod codeBase="Microsoft.Azure.Batch.AppPackageUnitTests\Microsoft.Azure.Batch.AppPackageUnitTests.dll" adapterTypeName="Microsoft.VisualStudio.TestTools.TestTypes.Unit.UnitTestAdapter" className="Microsoft.Azure.Batch.AppPackageUnitTests.Tests.MessageBodies.ListApplicationsResponseTests" name="CanSerialiseApplicationsList(serialisationEnvironment: ResourceProvider)" />
    </UnitTest>
    <UnitTest name="CanSerialiseEmptyApplicationsList(serialisationEnvironment: ResourceProvider)" storage="microsoft.azure.batch.apppackageunittests\microsoft.azure.batch.apppackageunittests.dll" id="71da9301-fac3-4c4a-a5cc-ffd2dcdb005d">
      <Execution id="cd8a0137-604e-4fd5-83cb-37593f34903a" />
      <TestMethod codeBase="Microsoft.Azure.Batch.AppPackageUnitTests\Microsoft.Azure.Batch.AppPackageUnitTests.dll" adapterTypeName="Microsoft.VisualStudio.TestTools.TestTypes.Unit.UnitTestAdapter" className="Microsoft.Azure.Batch.AppPackageUnitTests.Tests.MessageBodies.ListApplicationsResponseTests" name="CanSerialiseEmptyApplicationsList(serialisationEnvironment: ResourceProvider)" />
    </UnitTest>
    <UnitTest name="CanSerialiseApplicationSettingsAllowUpdates(serialisationEnvironment: ResourceProvider)" storage="microsoft.azure.batch.apppackageunittests\microsoft.azure.batch.apppackageunittests.dll" id="12828c57-25ea-4c73-b9cf-e43bc49141f0">
      <Execution id="98470076-0442-4d7e-a396-f48887865e8d" />
      <TestMethod codeBase="Microsoft.Azure.Batch.AppPackageUnitTests\Microsoft.Azure.Batch.AppPackageUnitTests.dll" adapterTypeName="Microsoft.VisualStudio.TestTools.TestTypes.Unit.UnitTestAdapter" className="Microsoft.Azure.Batch.AppPackageUnitTests.Tests.MessageBodies.ListApplicationsResponseTests" name="CanSerialiseApplicationSettingsAllowUpdates(serialisationEnvironment: ResourceProvider)" />
    </UnitTest>
    <UnitTest name="CanSerialiseApplicationPackageFormat(serialisationEnvironment: ResourceProvider)" storage="microsoft.azure.batch.apppackageunittests\microsoft.azure.batch.apppackageunittests.dll" id="04efb071-955e-45c7-b6bc-63f81ccfd89b">
      <Execution id="aec23f0a-8f6f-4aa5-8bf0-7858f8c8750c" />
      <TestMethod codeBase="Microsoft.Azure.Batch.AppPackageUnitTests\Microsoft.Azure.Batch.AppPackageUnitTests.dll" adapterTypeName="Microsoft.VisualStudio.TestTools.TestTypes.Unit.UnitTestAdapter" className="Microsoft.Azure.Batch.AppPackageUnitTests.Tests.MessageBodies.ListApplicationsResponseTests" name="CanSerialiseApplicationPackageFormat(serialisationEnvironment: ResourceProvider)" />
    </UnitTest>
    <UnitTest name="CanSerialiseApplicationSettingsDefaultVersion(serialisationEnvironment: ResourceProvider)" storage="microsoft.azure.batch.apppackageunittests\microsoft.azure.batch.apppackageunittests.dll" id="78f7447b-f2a0-4396-b42f-a32f7a9e1473">
      <Execution id="c4f80831-26f8-4792-826f-11317624beb9" />
      <TestMethod codeBase="Microsoft.Azure.Batch.AppPackageUnitTests\Microsoft.Azure.Batch.AppPackageUnitTests.dll" adapterTypeName="Microsoft.VisualStudio.TestTools.TestTypes.Unit.UnitTestAdapter" className="Microsoft.Azure.Batch.AppPackageUnitTests.Tests.MessageBodies.ListApplicationsResponseTests" name="CanSerialiseApplicationSettingsDefaultVersion(serialisationEnvironment: ResourceProvider)" />
    </UnitTest>
    <UnitTest name="Microsoft.Azure.Batch.AppPackageUnitTests.Tests.Commands.AppPackages.UpdateApplicationUnitTests_TrpfeUnitTest.IfDisplayNameIsTooLong_ThrowsAppropriateException" storage="microsoft.azure.batch.apppackageunittests\microsoft.azure.batch.apppackageunittests.dll" id="c8ff5c21-a745-4d37-a472-441c9bad29f3">
      <Execution id="354e1ae3-378c-4818-853a-292f96ee9f55" />
      <TestMethod codeBase="Microsoft.Azure.Batch.AppPackageUnitTests\Microsoft.Azure.Batch.AppPackageUnitTests.dll" adapterTypeName="Microsoft.VisualStudio.TestTools.TestTypes.Unit.UnitTestAdapter" className="Microsoft.Azure.Batch.AppPackageUnitTests.Tests.Commands.AppPackages.UpdateApplicationUnitTests_TrpfeUnitTest" name="Microsoft.Azure.Batch.AppPackageUnitTests.Tests.Commands.AppPackages.UpdateApplicationUnitTests_TrpfeUnitTest.IfDisplayNameIsTooLong_ThrowsAppropriateException" />
    </UnitTest>
    <UnitTest name="Microsoft.Azure.Batch.AppPackageUnitTests.Tests.Commands.AppPackages.UpdateApplicationUnitTests_TrpfeUnitTest.IfSetsDefaultVersion_ToExistingActivePackage_DefaultVersionIsSet" storage="microsoft.azure.batch.apppackageunittests\microsoft.azure.batch.apppackageunittests.dll" id="0a2cb0e0-e54b-4f5c-b27c-4730548669b0">
      <Execution id="f4b6463d-f68d-4c5f-a264-903ec2151c8f" />
      <TestMethod codeBase="Microsoft.Azure.Batch.AppPackageUnitTests\Microsoft.Azure.Batch.AppPackageUnitTests.dll" adapterTypeName="Microsoft.VisualStudio.TestTools.TestTypes.Unit.UnitTestAdapter" className="Microsoft.Azure.Batch.AppPackageUnitTests.Tests.Commands.AppPackages.UpdateApplicationUnitTests_TrpfeUnitTest" name="Microsoft.Azure.Batch.AppPackageUnitTests.Tests.Commands.AppPackages.UpdateApplicationUnitTests_TrpfeUnitTest.IfSetsDefaultVersion_ToExistingActivePackage_DefaultVersionIsSet" />
    </UnitTest>
    <UnitTest name="Microsoft.Azure.Batch.AppPackageUnitTests.Tests.Commands.AppPackages.UpdateApplicationUnitTests_TrpfeUnitTest.IfSetsDisplayName_Null_DisplayNameIs_Nulled" storage="microsoft.azure.batch.apppackageunittests\microsoft.azure.batch.apppackageunittests.dll" id="4dcfac27-3f71-471d-ab46-09304b4d8cb9">
      <Execution id="f6e4354f-3cf8-488c-91f9-c949bed00482" />
      <TestMethod codeBase="Microsoft.Azure.Batch.AppPackageUnitTests\Microsoft.Azure.Batch.AppPackageUnitTests.dll" adapterTypeName="Microsoft.VisualStudio.TestTools.TestTypes.Unit.UnitTestAdapter" className="Microsoft.Azure.Batch.AppPackageUnitTests.Tests.Commands.AppPackages.UpdateApplicationUnitTests_TrpfeUnitTest" name="Microsoft.Azure.Batch.AppPackageUnitTests.Tests.Commands.AppPackages.UpdateApplicationUnitTests_TrpfeUnitTest.IfSetsDisplayName_Null_DisplayNameIs_Nulled" />
    </UnitTest>
    <UnitTest name="Microsoft.Azure.Batch.AppPackageUnitTests.Tests.Commands.AppPackages.UpdateApplicationUnitTests_TrpfeUnitTest.IfAllowUpdatesIsSpecifiedAsNull_ThenItIsNotChanged" storage="microsoft.azure.batch.apppackageunittests\microsoft.azure.batch.apppackageunittests.dll" id="fb9ba008-3b02-4c90-97d2-aab28e6db76a">
      <Execution id="c4b65b43-988c-4516-bb01-da569d06d139" />
      <TestMethod codeBase="Microsoft.Azure.Batch.AppPackageUnitTests\Microsoft.Azure.Batch.AppPackageUnitTests.dll" adapterTypeName="Microsoft.VisualStudio.TestTools.TestTypes.Unit.UnitTestAdapter" className="Microsoft.Azure.Batch.AppPackageUnitTests.Tests.Commands.AppPackages.UpdateApplicationUnitTests_TrpfeUnitTest" name="Microsoft.Azure.Batch.AppPackageUnitTests.Tests.Commands.AppPackages.UpdateApplicationUnitTests_TrpfeUnitTest.IfAllowUpdatesIsSpecifiedAsNull_ThenItIsNotChanged" />
    </UnitTest>
    <UnitTest name="Microsoft.Azure.Batch.AppPackageUnitTests.Tests.Commands.AppPackages.UpdateApplicationUnitTests_TrpfeUnitTest.IfAllowUpdatesIsInitiallyFalse_AndItIsNotSpecified_ThenItIsNotChanged" storage="microsoft.azure.batch.apppackageunittests\microsoft.azure.batch.apppackageunittests.dll" id="4779ecff-fa81-4fb1-8bd5-c51fdfba31c7">
      <Execution id="9a5caaf1-3b54-40c6-9003-50c50986365b" />
      <TestMethod codeBase="Microsoft.Azure.Batch.AppPackageUnitTests\Microsoft.Azure.Batch.AppPackageUnitTests.dll" adapterTypeName="Microsoft.VisualStudio.TestTools.TestTypes.Unit.UnitTestAdapter" className="Microsoft.Azure.Batch.AppPackageUnitTests.Tests.Commands.AppPackages.UpdateApplicationUnitTests_TrpfeUnitTest" name="Microsoft.Azure.Batch.AppPackageUnitTests.Tests.Commands.AppPackages.UpdateApplicationUnitTests_TrpfeUnitTest.IfAllowUpdatesIsInitiallyFalse_AndItIsNotSpecified_ThenItIsNotChanged" />
    </UnitTest>
    <UnitTest name="Microsoft.Azure.Batch.AppPackageUnitTests.Tests.Commands.AppPackages.UpdateApplicationUnitTests_TrpfeUnitTest.IfSetsDefaultVersionNull_ExistingDefaultVersionIsNulled" storage="microsoft.azure.batch.apppackageunittests\microsoft.azure.batch.apppackageunittests.dll" id="c5c10b91-3854-4755-a9a6-750ce5bdac3f">
      <Execution id="ec50013b-9d90-4757-9124-f215e4a95bbe" />
      <TestMethod codeBase="Microsoft.Azure.Batch.AppPackageUnitTests\Microsoft.Azure.Batch.AppPackageUnitTests.dll" adapterTypeName="Microsoft.VisualStudio.TestTools.TestTypes.Unit.UnitTestAdapter" className="Microsoft.Azure.Batch.AppPackageUnitTests.Tests.Commands.AppPackages.UpdateApplicationUnitTests_TrpfeUnitTest" name="Microsoft.Azure.Batch.AppPackageUnitTests.Tests.Commands.AppPackages.UpdateApplicationUnitTests_TrpfeUnitTest.IfSetsDefaultVersionNull_ExistingDefaultVersionIsNulled" />
    </UnitTest>
    <UnitTest name="Microsoft.Azure.Batch.AppPackageUnitTests.Tests.Commands.AppPackages.UpdateApplicationUnitTests_TrpfeUnitTest.IfSetsAllowUpdates_False_AllowUpdatesIsSet_False" storage="microsoft.azure.batch.apppackageunittests\microsoft.azure.batch.apppackageunittests.dll" id="1547f5f4-0fc1-4b2d-ab12-4a9c5d9d7fa4">
      <Execution id="95ec142e-3fe0-44cd-b852-6009b519771d" />
      <TestMethod codeBase="Microsoft.Azure.Batch.AppPackageUnitTests\Microsoft.Azure.Batch.AppPackageUnitTests.dll" adapterTypeName="Microsoft.VisualStudio.TestTools.TestTypes.Unit.UnitTestAdapter" className="Microsoft.Azure.Batch.AppPackageUnitTests.Tests.Commands.AppPackages.UpdateApplicationUnitTests_TrpfeUnitTest" name="Microsoft.Azure.Batch.AppPackageUnitTests.Tests.Commands.AppPackages.UpdateApplicationUnitTests_TrpfeUnitTest.IfSetsAllowUpdates_False_AllowUpdatesIsSet_False" />
    </UnitTest>
    <UnitTest name="Microsoft.Azure.Batch.AppPackageUnitTests.Tests.Commands.AppPackages.UpdateApplicationUnitTests_TrpfeUnitTest.IfApplicationDoesntExist_CorrectExceptionIsThrown" storage="microsoft.azure.batch.apppackageunittests\microsoft.azure.batch.apppackageunittests.dll" id="6b681360-5ac5-4daf-acbb-1c704513a0fb">
      <Execution id="aa9d0254-c839-46bf-af0c-0be43af766d7" />
      <TestMethod codeBase="Microsoft.Azure.Batch.AppPackageUnitTests\Microsoft.Azure.Batch.AppPackageUnitTests.dll" adapterTypeName="Microsoft.VisualStudio.TestTools.TestTypes.Unit.UnitTestAdapter" className="Microsoft.Azure.Batch.AppPackageUnitTests.Tests.Commands.AppPackages.UpdateApplicationUnitTests_TrpfeUnitTest" name="Microsoft.Azure.Batch.AppPackageUnitTests.Tests.Commands.AppPackages.UpdateApplicationUnitTests_TrpfeUnitTest.IfApplicationDoesntExist_CorrectExceptionIsThrown" />
    </UnitTest>
    <UnitTest name="Microsoft.Azure.Batch.AppPackageUnitTests.Tests.Commands.AppPackages.UpdateApplicationUnitTests_TrpfeUnitTest.IfSetsDefaultVersion_ToPackageThatDoesntExist_CorrectExceptionIsThrown" storage="microsoft.azure.batch.apppackageunittests\microsoft.azure.batch.apppackageunittests.dll" id="3f34b7c0-e60d-4405-a467-6ffb5222e964">
      <Execution id="fc928e32-5a71-4d33-89b0-8b6411956f13" />
      <TestMethod codeBase="Microsoft.Azure.Batch.AppPackageUnitTests\Microsoft.Azure.Batch.AppPackageUnitTests.dll" adapterTypeName="Microsoft.VisualStudio.TestTools.TestTypes.Unit.UnitTestAdapter" className="Microsoft.Azure.Batch.AppPackageUnitTests.Tests.Commands.AppPackages.UpdateApplicationUnitTests_TrpfeUnitTest" name="Microsoft.Azure.Batch.AppPackageUnitTests.Tests.Commands.AppPackages.UpdateApplicationUnitTests_TrpfeUnitTest.IfSetsDefaultVersion_ToPackageThatDoesntExist_CorrectExceptionIsThrown" />
    </UnitTest>
    <UnitTest name="Microsoft.Azure.Batch.AppPackageUnitTests.Tests.Commands.AppPackages.UpdateApplicationUnitTests_TrpfeUnitTest.IfSetsDisplayName_EmptyString_DisplayNameIs_Nulled" storage="microsoft.azure.batch.apppackageunittests\microsoft.azure.batch.apppackageunittests.dll" id="64011535-0a79-48cc-b953-80ed36bc71c1">
      <Execution id="f44d735a-007c-4faa-b886-3f49ef41e4b5" />
      <TestMethod codeBase="Microsoft.Azure.Batch.AppPackageUnitTests\Microsoft.Azure.Batch.AppPackageUnitTests.dll" adapterTypeName="Microsoft.VisualStudio.TestTools.TestTypes.Unit.UnitTestAdapter" className="Microsoft.Azure.Batch.AppPackageUnitTests.Tests.Commands.AppPackages.UpdateApplicationUnitTests_TrpfeUnitTest" name="Microsoft.Azure.Batch.AppPackageUnitTests.Tests.Commands.AppPackages.UpdateApplicationUnitTests_TrpfeUnitTest.IfSetsDisplayName_EmptyString_DisplayNameIs_Nulled" />
    </UnitTest>
    <UnitTest name="Microsoft.Azure.Batch.AppPackageUnitTests.Tests.Commands.AppPackages.UpdateApplicationUnitTests_TrpfeUnitTest.IfChangesDisplayName_DisplayNameIsChanged" storage="microsoft.azure.batch.apppackageunittests\microsoft.azure.batch.apppackageunittests.dll" id="3d25a8bd-a1df-4549-9a28-440587c6ac81">
      <Execution id="f61b20ca-04cc-4ffd-9662-4be4c7e16b7b" />
      <TestMethod codeBase="Microsoft.Azure.Batch.AppPackageUnitTests\Microsoft.Azure.Batch.AppPackageUnitTests.dll" adapterTypeName="Microsoft.VisualStudio.TestTools.TestTypes.Unit.UnitTestAdapter" className="Microsoft.Azure.Batch.AppPackageUnitTests.Tests.Commands.AppPackages.UpdateApplicationUnitTests_TrpfeUnitTest" name="Microsoft.Azure.Batch.AppPackageUnitTests.Tests.Commands.AppPackages.UpdateApplicationUnitTests_TrpfeUnitTest.IfChangesDisplayName_DisplayNameIsChanged" />
    </UnitTest>
    <UnitTest name="Microsoft.Azure.Batch.AppPackageUnitTests.Tests.Commands.AppPackages.UpdateApplicationUnitTests_TrpfeUnitTest.IfSetsDefaultVersion_ToPendingApplicationPackage_CorrectExceptionIsThrown" storage="microsoft.azure.batch.apppackageunittests\microsoft.azure.batch.apppackageunittests.dll" id="cb813745-a786-4520-a5a6-cd86649f1db7">
      <Execution id="78bbb642-cf9e-40b4-98e0-73a3c6dd6435" />
      <TestMethod codeBase="Microsoft.Azure.Batch.AppPackageUnitTests\Microsoft.Azure.Batch.AppPackageUnitTests.dll" adapterTypeName="Microsoft.VisualStudio.TestTools.TestTypes.Unit.UnitTestAdapter" className="Microsoft.Azure.Batch.AppPackageUnitTests.Tests.Commands.AppPackages.UpdateApplicationUnitTests_TrpfeUnitTest" name="Microsoft.Azure.Batch.AppPackageUnitTests.Tests.Commands.AppPackages.UpdateApplicationUnitTests_TrpfeUnitTest.IfSetsDefaultVersion_ToPendingApplicationPackage_CorrectExceptionIsThrown" />
    </UnitTest>
    <UnitTest name="Microsoft.Azure.Batch.AppPackageUnitTests.Tests.Commands.AppPackages.UpdateApplicationUnitTests_TrpfeUnitTest.IfSetsDefaultVersion_EmptyString_ExistingDefaultVersionIsNulled" storage="microsoft.azure.batch.apppackageunittests\microsoft.azure.batch.apppackageunittests.dll" id="28dc76cc-7c2f-42ae-891d-5bd1fc030a7b">
      <Execution id="ed01d0bb-083e-444d-9ced-0a3147a06d90" />
      <TestMethod codeBase="Microsoft.Azure.Batch.AppPackageUnitTests\Microsoft.Azure.Batch.AppPackageUnitTests.dll" adapterTypeName="Microsoft.VisualStudio.TestTools.TestTypes.Unit.UnitTestAdapter" className="Microsoft.Azure.Batch.AppPackageUnitTests.Tests.Commands.AppPackages.UpdateApplicationUnitTests_TrpfeUnitTest" name="Microsoft.Azure.Batch.AppPackageUnitTests.Tests.Commands.AppPackages.UpdateApplicationUnitTests_TrpfeUnitTest.IfSetsDefaultVersion_EmptyString_ExistingDefaultVersionIsNulled" />
    </UnitTest>
    <UnitTest name="Microsoft.Azure.Batch.AppPackageUnitTests.Tests.Commands.AppPackages.UpdateApplicationUnitTests_TrpfeUnitTest.IfSetsAllowUpdates_True_AllowUpdatesIsSet_True" storage="microsoft.azure.batch.apppackageunittests\microsoft.azure.batch.apppackageunittests.dll" id="3da29019-556c-4f3b-adbf-6bb807679fc8">
      <Execution id="da1b50a4-f581-49c4-9815-4c1b443ec7fc" />
      <TestMethod codeBase="Microsoft.Azure.Batch.AppPackageUnitTests\Microsoft.Azure.Batch.AppPackageUnitTests.dll" adapterTypeName="Microsoft.VisualStudio.TestTools.TestTypes.Unit.UnitTestAdapter" className="Microsoft.Azure.Batch.AppPackageUnitTests.Tests.Commands.AppPackages.UpdateApplicationUnitTests_TrpfeUnitTest" name="Microsoft.Azure.Batch.AppPackageUnitTests.Tests.Commands.AppPackages.UpdateApplicationUnitTests_TrpfeUnitTest.IfSetsAllowUpdates_True_AllowUpdatesIsSet_True" />
    </UnitTest>
    <UnitTest name="Microsoft.Azure.Batch.AppPackageUnitTests.Tests.Commands.AppPackages.UpdateApplicationUnitTests_TrpfeUnitTest.IfAllowUpdatesIsInitiallyTrue_AndItIsNotSpecified_ThenItIsNotChanged" storage="microsoft.azure.batch.apppackageunittests\microsoft.azure.batch.apppackageunittests.dll" id="7d887c27-592f-4ada-a4cc-de14b645fdaa">
      <Execution id="5dbece91-07e8-4430-a0b1-56fd52abfe5e" />
      <TestMethod codeBase="Microsoft.Azure.Batch.AppPackageUnitTests\Microsoft.Azure.Batch.AppPackageUnitTests.dll" adapterTypeName="Microsoft.VisualStudio.TestTools.TestTypes.Unit.UnitTestAdapter" className="Microsoft.Azure.Batch.AppPackageUnitTests.Tests.Commands.AppPackages.UpdateApplicationUnitTests_TrpfeUnitTest" name="Microsoft.Azure.Batch.AppPackageUnitTests.Tests.Commands.AppPackages.UpdateApplicationUnitTests_TrpfeUnitTest.IfAllowUpdatesIsInitiallyTrue_AndItIsNotSpecified_ThenItIsNotChanged" />
    </UnitTest>
    <UnitTest name="Microsoft.Azure.Batch.AppPackageUnitTests.Tests.Commands.AppPackages.ActivateApplicationPackageUnitTests_TrpfeUnitTest.WhenActivateIsCalled_BeforeUploadingBlob_CorrectExceptionIsThrown" storage="microsoft.azure.batch.apppackageunittests\microsoft.azure.batch.apppackageunittests.dll" id="b82097ff-5a69-4f91-b79f-1830420b01f9">
      <Execution id="aa3ca35e-3f91-4c0c-b8ff-5e2da7b409bd" />
      <TestMethod codeBase="Microsoft.Azure.Batch.AppPackageUnitTests\Microsoft.Azure.Batch.AppPackageUnitTests.dll" adapterTypeName="Microsoft.VisualStudio.TestTools.TestTypes.Unit.UnitTestAdapter" className="Microsoft.Azure.Batch.AppPackageUnitTests.Tests.Commands.AppPackages.ActivateApplicationPackageUnitTests_TrpfeUnitTest" name="Microsoft.Azure.Batch.AppPackageUnitTests.Tests.Commands.AppPackages.ActivateApplicationPackageUnitTests_TrpfeUnitTest.WhenActivateIsCalled_BeforeUploadingBlob_CorrectExceptionIsThrown" />
    </UnitTest>
    <UnitTest name="Microsoft.Azure.Batch.AppPackageUnitTests.Tests.Commands.AppPackages.ActivateApplicationPackageUnitTests_TrpfeUnitTest.WhenUnknownFormatIsProvided_CorrectExceptionIsThrown" storage="microsoft.azure.batch.apppackageunittests\microsoft.azure.batch.apppackageunittests.dll" id="7e45c9e6-e19f-4b4f-a0b3-3a4ee7a173f5">
      <Execution id="9e870534-aaf7-44c3-855a-76ae76c513f1" />
      <TestMethod codeBase="Microsoft.Azure.Batch.AppPackageUnitTests\Microsoft.Azure.Batch.AppPackageUnitTests.dll" adapterTypeName="Microsoft.VisualStudio.TestTools.TestTypes.Unit.UnitTestAdapter" className="Microsoft.Azure.Batch.AppPackageUnitTests.Tests.Commands.AppPackages.ActivateApplicationPackageUnitTests_TrpfeUnitTest" name="Microsoft.Azure.Batch.AppPackageUnitTests.Tests.Commands.AppPackages.ActivateApplicationPackageUnitTests_TrpfeUnitTest.WhenUnknownFormatIsProvided_CorrectExceptionIsThrown" />
    </UnitTest>
    <UnitTest name="Microsoft.Azure.Batch.AppPackageUnitTests.Tests.Commands.AppPackages.ActivateApplicationPackageUnitTests_TrpfeUnitTest.WhenActivateIsCalled_OnAnActivePackage_AndAllowUpdatesIsTrue_ANewBlobSnapshotIsActivated" storage="microsoft.azure.batch.apppackageunittests\microsoft.azure.batch.apppackageunittests.dll" id="12e38cbc-b9df-4364-abf4-1319fb0763ff">
      <Execution id="d7844294-e3ae-4ebb-b709-c7b86704a783" />
      <TestMethod codeBase="Microsoft.Azure.Batch.AppPackageUnitTests\Microsoft.Azure.Batch.AppPackageUnitTests.dll" adapterTypeName="Microsoft.VisualStudio.TestTools.TestTypes.Unit.UnitTestAdapter" className="Microsoft.Azure.Batch.AppPackageUnitTests.Tests.Commands.AppPackages.ActivateApplicationPackageUnitTests_TrpfeUnitTest" name="Microsoft.Azure.Batch.AppPackageUnitTests.Tests.Commands.AppPackages.ActivateApplicationPackageUnitTests_TrpfeUnitTest.WhenActivateIsCalled_OnAnActivePackage_AndAllowUpdatesIsTrue_ANewBlobSnapshotIsActivated" />
    </UnitTest>
    <UnitTest name="Microsoft.Azure.Batch.AppPackageUnitTests.Tests.Commands.AppPackages.ActivateApplicationPackageUnitTests_TrpfeUnitTest.WhenFormatIsMissing_CorrectExceptionIsThrown" storage="microsoft.azure.batch.apppackageunittests\microsoft.azure.batch.apppackageunittests.dll" id="ef8b7d10-5671-479d-b724-abde8e46318d">
      <Execution id="1bed7a88-dcca-472a-bca2-0ff249cbe48e" />
      <TestMethod codeBase="Microsoft.Azure.Batch.AppPackageUnitTests\Microsoft.Azure.Batch.AppPackageUnitTests.dll" adapterTypeName="Microsoft.VisualStudio.TestTools.TestTypes.Unit.UnitTestAdapter" className="Microsoft.Azure.Batch.AppPackageUnitTests.Tests.Commands.AppPackages.ActivateApplicationPackageUnitTests_TrpfeUnitTest" name="Microsoft.Azure.Batch.AppPackageUnitTests.Tests.Commands.AppPackages.ActivateApplicationPackageUnitTests_TrpfeUnitTest.WhenFormatIsMissing_CorrectExceptionIsThrown" />
    </UnitTest>
    <UnitTest name="Microsoft.Azure.Batch.AppPackageUnitTests.Tests.Commands.AppPackages.ActivateApplicationPackageUnitTests_TrpfeUnitTest.WhenActivateIsCalled_OnANonExistingPackage_CorrectExceptionIsThrown" storage="microsoft.azure.batch.apppackageunittests\microsoft.azure.batch.apppackageunittests.dll" id="4916e9a3-e15b-4a42-9f45-0886fb3bcebf">
      <Execution id="b2f0199c-737f-47cd-85dd-f52c86595440" />
      <TestMethod codeBase="Microsoft.Azure.Batch.AppPackageUnitTests\Microsoft.Azure.Batch.AppPackageUnitTests.dll" adapterTypeName="Microsoft.VisualStudio.TestTools.TestTypes.Unit.UnitTestAdapter" className="Microsoft.Azure.Batch.AppPackageUnitTests.Tests.Commands.AppPackages.ActivateApplicationPackageUnitTests_TrpfeUnitTest" name="Microsoft.Azure.Batch.AppPackageUnitTests.Tests.Commands.AppPackages.ActivateApplicationPackageUnitTests_TrpfeUnitTest.WhenActivateIsCalled_OnANonExistingPackage_CorrectExceptionIsThrown" />
    </UnitTest>
    <UnitTest name="Microsoft.Azure.Batch.AppPackageUnitTests.Tests.Commands.AppPackages.ActivateApplicationPackageUnitTests_TrpfeUnitTest.WhenFormatIsSetToNull_CorrectExceptionIsThrown" storage="microsoft.azure.batch.apppackageunittests\microsoft.azure.batch.apppackageunittests.dll" id="a5bab61e-aa80-4350-bff2-1c80239eb896">
      <Execution id="26857ca8-8c14-4826-80af-bba2f786a9f0" />
      <TestMethod codeBase="Microsoft.Azure.Batch.AppPackageUnitTests\Microsoft.Azure.Batch.AppPackageUnitTests.dll" adapterTypeName="Microsoft.VisualStudio.TestTools.TestTypes.Unit.UnitTestAdapter" className="Microsoft.Azure.Batch.AppPackageUnitTests.Tests.Commands.AppPackages.ActivateApplicationPackageUnitTests_TrpfeUnitTest" name="Microsoft.Azure.Batch.AppPackageUnitTests.Tests.Commands.AppPackages.ActivateApplicationPackageUnitTests_TrpfeUnitTest.WhenFormatIsSetToNull_CorrectExceptionIsThrown" />
    </UnitTest>
    <UnitTest name="Microsoft.Azure.Batch.AppPackageUnitTests.Tests.Commands.AppPackages.ActivateApplicationPackageUnitTests_TrpfeUnitTest.CanActivate_PendingPackage_WhenAllowUpdatesIsFalse" storage="microsoft.azure.batch.apppackageunittests\microsoft.azure.batch.apppackageunittests.dll" id="41dfed72-8d5c-4114-b4dc-b5c2ac2990a9">
      <Execution id="a122b6a2-236e-4e32-84a4-6906cf923c1d" />
      <TestMethod codeBase="Microsoft.Azure.Batch.AppPackageUnitTests\Microsoft.Azure.Batch.AppPackageUnitTests.dll" adapterTypeName="Microsoft.VisualStudio.TestTools.TestTypes.Unit.UnitTestAdapter" className="Microsoft.Azure.Batch.AppPackageUnitTests.Tests.Commands.AppPackages.ActivateApplicationPackageUnitTests_TrpfeUnitTest" name="Microsoft.Azure.Batch.AppPackageUnitTests.Tests.Commands.AppPackages.ActivateApplicationPackageUnitTests_TrpfeUnitTest.CanActivate_PendingPackage_WhenAllowUpdatesIsFalse" />
    </UnitTest>
    <UnitTest name="Microsoft.Azure.Batch.AppPackageUnitTests.Tests.Commands.AppPackages.ActivateApplicationPackageUnitTests_TrpfeUnitTest.WhenActivateIsCalled_OnAnActivePackage_AndAllowUpdatesIsFalse_CorrectExceptionIsThrown" storage="microsoft.azure.batch.apppackageunittests\microsoft.azure.batch.apppackageunittests.dll" id="d9721bf3-7e24-4abd-9431-d91a8a094b4b">
      <Execution id="e312de43-b221-44b6-846b-cfbc7094ccf7" />
      <TestMethod codeBase="Microsoft.Azure.Batch.AppPackageUnitTests\Microsoft.Azure.Batch.AppPackageUnitTests.dll" adapterTypeName="Microsoft.VisualStudio.TestTools.TestTypes.Unit.UnitTestAdapter" className="Microsoft.Azure.Batch.AppPackageUnitTests.Tests.Commands.AppPackages.ActivateApplicationPackageUnitTests_TrpfeUnitTest" name="Microsoft.Azure.Batch.AppPackageUnitTests.Tests.Commands.AppPackages.ActivateApplicationPackageUnitTests_TrpfeUnitTest.WhenActivateIsCalled_OnAnActivePackage_AndAllowUpdatesIsFalse_CorrectExceptionIsThrown" />
    </UnitTest>
    <UnitTest name="Microsoft.Azure.Batch.AppPackageUnitTests.Tests.Commands.AppPackages.ActivateApplicationPackageUnitTests_TrpfeUnitTest.WhenActivateIsCalled_OnAPendingPackage_ANewBlobSnapshotIsActivated_AndRecordSetToActive" storage="microsoft.azure.batch.apppackageunittests\microsoft.azure.batch.apppackageunittests.dll" id="0a9f984c-3fba-4962-970b-b0a63fdc32ab">
      <Execution id="1f59a46e-623b-47d3-8a61-e13306967209" />
      <TestMethod codeBase="Microsoft.Azure.Batch.AppPackageUnitTests\Microsoft.Azure.Batch.AppPackageUnitTests.dll" adapterTypeName="Microsoft.VisualStudio.TestTools.TestTypes.Unit.UnitTestAdapter" className="Microsoft.Azure.Batch.AppPackageUnitTests.Tests.Commands.AppPackages.ActivateApplicationPackageUnitTests_TrpfeUnitTest" name="Microsoft.Azure.Batch.AppPackageUnitTests.Tests.Commands.AppPackages.ActivateApplicationPackageUnitTests_TrpfeUnitTest.WhenActivateIsCalled_OnAPendingPackage_ANewBlobSnapshotIsActivated_AndRecordSetToActive" />
    </UnitTest>
    <UnitTest name="CanSerialiseId(serialisationEnvironment: ResourceProvider)" storage="microsoft.azure.batch.apppackageunittests\microsoft.azure.batch.apppackageunittests.dll" id="5e029ce0-fc17-4a2c-ac7d-ea0e14c3e4d7">
      <Execution id="2f140c2c-911c-4b13-adbb-762702f28f1c" />
      <TestMethod codeBase="Microsoft.Azure.Batch.AppPackageUnitTests\Microsoft.Azure.Batch.AppPackageUnitTests.dll" adapterTypeName="Microsoft.VisualStudio.TestTools.TestTypes.Unit.UnitTestAdapter" className="Microsoft.Azure.Batch.AppPackageUnitTests.Tests.MessageBodies.AddApplicationPackageResponseTests" name="CanSerialiseId(serialisationEnvironment: ResourceProvider)" />
    </UnitTest>
    <UnitTest name="CanSerialiseStorageUrl(serialisationEnvironment: ResourceProvider)" storage="microsoft.azure.batch.apppackageunittests\microsoft.azure.batch.apppackageunittests.dll" id="4824c3e7-50fe-4d6b-bc4f-4cc2d5dcc6bc">
      <Execution id="d4154de8-da4f-4e64-8d2b-619ee418d50b" />
      <TestMethod codeBase="Microsoft.Azure.Batch.AppPackageUnitTests\Microsoft.Azure.Batch.AppPackageUnitTests.dll" adapterTypeName="Microsoft.VisualStudio.TestTools.TestTypes.Unit.UnitTestAdapter" className="Microsoft.Azure.Batch.AppPackageUnitTests.Tests.MessageBodies.AddApplicationPackageResponseTests" name="CanSerialiseStorageUrl(serialisationEnvironment: ResourceProvider)" />
    </UnitTest>
    <UnitTest name="CanSerialiseVersion(serialisationEnvironment: ResourceProvider)" storage="microsoft.azure.batch.apppackageunittests\microsoft.azure.batch.apppackageunittests.dll" id="52661197-8c68-4f39-85aa-307279a9ae00">
      <Execution id="fcd675df-9187-4741-a122-aca661e7b4e0" />
      <TestMethod codeBase="Microsoft.Azure.Batch.AppPackageUnitTests\Microsoft.Azure.Batch.AppPackageUnitTests.dll" adapterTypeName="Microsoft.VisualStudio.TestTools.TestTypes.Unit.UnitTestAdapter" className="Microsoft.Azure.Batch.AppPackageUnitTests.Tests.MessageBodies.AddApplicationPackageResponseTests" name="CanSerialiseVersion(serialisationEnvironment: ResourceProvider)" />
    </UnitTest>
    <UnitTest name="CanSerialiseStorageUrlExpiry(serialisationEnvironment: ResourceProvider)" storage="microsoft.azure.batch.apppackageunittests\microsoft.azure.batch.apppackageunittests.dll" id="20664800-dea1-4817-8685-ccb56371312a">
      <Execution id="7868c141-d96c-48a3-8074-1ee84301e0bb" />
      <TestMethod codeBase="Microsoft.Azure.Batch.AppPackageUnitTests\Microsoft.Azure.Batch.AppPackageUnitTests.dll" adapterTypeName="Microsoft.VisualStudio.TestTools.TestTypes.Unit.UnitTestAdapter" className="Microsoft.Azure.Batch.AppPackageUnitTests.Tests.MessageBodies.AddApplicationPackageResponseTests" name="CanSerialiseStorageUrlExpiry(serialisationEnvironment: ResourceProvider)" />
    </UnitTest>
    <UnitTest name="Microsoft.Azure.Batch.AppPackageUnitTests.Tests.UniqueApplicationPackageBlobPathProviderTests.TestGeneratedContainerNameWithRegex(containerPrefix: &quot;app&quot;, applicationId: &quot;--------------------------------------------------&quot;...)" storage="microsoft.azure.batch.apppackageunittests\microsoft.azure.batch.apppackageunittests.dll" id="2a4297ad-4dea-49be-a5d1-3b257c357aa1">
      <Execution id="3f869857-b4bb-433b-956b-15b1ff127296" />
      <TestMethod codeBase="Microsoft.Azure.Batch.AppPackageUnitTests\Microsoft.Azure.Batch.AppPackageUnitTests.dll" adapterTypeName="Microsoft.VisualStudio.TestTools.TestTypes.Unit.UnitTestAdapter" className="Microsoft.Azure.Batch.AppPackageUnitTests.Tests.UniqueApplicationPackageBlobPathProviderTests" name="Microsoft.Azure.Batch.AppPackageUnitTests.Tests.UniqueApplicationPackageBlobPathProviderTests.TestGeneratedContainerNameWithRegex(containerPrefix: &quot;app&quot;, applicationId: &quot;--------------------------------------------------&quot;...)" />
    </UnitTest>
    <UnitTest name="Microsoft.Azure.Batch.AppPackageUnitTests.Tests.UniqueApplicationPackageBlobPathProviderTests.TestGeneratedContainerNameWithRegex(containerPrefix: &quot;app&quot;, applicationId: &quot;--StartsWith-DoubleDash&quot;)" storage="microsoft.azure.batch.apppackageunittests\microsoft.azure.batch.apppackageunittests.dll" id="f52c7744-fba7-4236-aaf1-6180f66e2b56">
      <Execution id="647a6336-3ca0-4eb7-b9c3-e2a796fc8116" />
      <TestMethod codeBase="Microsoft.Azure.Batch.AppPackageUnitTests\Microsoft.Azure.Batch.AppPackageUnitTests.dll" adapterTypeName="Microsoft.VisualStudio.TestTools.TestTypes.Unit.UnitTestAdapter" className="Microsoft.Azure.Batch.AppPackageUnitTests.Tests.UniqueApplicationPackageBlobPathProviderTests" name="Microsoft.Azure.Batch.AppPackageUnitTests.Tests.UniqueApplicationPackageBlobPathProviderTests.TestGeneratedContainerNameWithRegex(containerPrefix: &quot;app&quot;, applicationId: &quot;--StartsWith-DoubleDash&quot;)" />
    </UnitTest>
    <UnitTest name="Microsoft.Azure.Batch.AppPackageUnitTests.Tests.UniqueApplicationPackageBlobPathProviderTests.TestGeneratedContainerNameWithRegex(containerPrefix: &quot;app&quot;, applicationId: &quot;-_-Maximum-Length_ApplicationId_WithBoth-UnderScor&quot;...)" storage="microsoft.azure.batch.apppackageunittests\microsoft.azure.batch.apppackageunittests.dll" id="05fcc600-d048-4ce2-aacb-b44c314dcdc2">
      <Execution id="845591bc-7a83-4c65-b4eb-ecf00ac0910a" />
      <TestMethod codeBase="Microsoft.Azure.Batch.AppPackageUnitTests\Microsoft.Azure.Batch.AppPackageUnitTests.dll" adapterTypeName="Microsoft.VisualStudio.TestTools.TestTypes.Unit.UnitTestAdapter" className="Microsoft.Azure.Batch.AppPackageUnitTests.Tests.UniqueApplicationPackageBlobPathProviderTests" name="Microsoft.Azure.Batch.AppPackageUnitTests.Tests.UniqueApplicationPackageBlobPathProviderTests.TestGeneratedContainerNameWithRegex(containerPrefix: &quot;app&quot;, applicationId: &quot;-_-Maximum-Length_ApplicationId_WithBoth-UnderScor&quot;...)" />
    </UnitTest>
    <UnitTest name="Microsoft.Azure.Batch.AppPackageUnitTests.Tests.UniqueApplicationPackageBlobPathProviderTests.TestGeneratedContainerNameWithRegex(containerPrefix: &quot;app&quot;, applicationId: &quot;ApplicationId&quot;)" storage="microsoft.azure.batch.apppackageunittests\microsoft.azure.batch.apppackageunittests.dll" id="a3a50489-ec52-4f76-9b8d-baf8c9f947aa">
      <Execution id="cb087ea3-8e0a-42eb-8ded-6452ec307218" />
      <TestMethod codeBase="Microsoft.Azure.Batch.AppPackageUnitTests\Microsoft.Azure.Batch.AppPackageUnitTests.dll" adapterTypeName="Microsoft.VisualStudio.TestTools.TestTypes.Unit.UnitTestAdapter" className="Microsoft.Azure.Batch.AppPackageUnitTests.Tests.UniqueApplicationPackageBlobPathProviderTests" name="Microsoft.Azure.Batch.AppPackageUnitTests.Tests.UniqueApplicationPackageBlobPathProviderTests.TestGeneratedContainerNameWithRegex(containerPrefix: &quot;app&quot;, applicationId: &quot;ApplicationId&quot;)" />
    </UnitTest>
    <UnitTest name="Microsoft.Azure.Batch.AppPackageUnitTests.Tests.UniqueApplicationPackageBlobPathProviderTests.TestGeneratedContainerNameWithRegex(containerPrefix: &quot;app&quot;, applicationId: &quot;-StartsWith-SingleDash&quot;)" storage="microsoft.azure.batch.apppackageunittests\microsoft.azure.batch.apppackageunittests.dll" id="f8dc4df6-490e-43d0-ae0e-b0a09e3c12e8">
      <Execution id="cc0c3d54-9c7d-4afe-8e93-626e17875aa8" />
      <TestMethod codeBase="Microsoft.Azure.Batch.AppPackageUnitTests\Microsoft.Azure.Batch.AppPackageUnitTests.dll" adapterTypeName="Microsoft.VisualStudio.TestTools.TestTypes.Unit.UnitTestAdapter" className="Microsoft.Azure.Batch.AppPackageUnitTests.Tests.UniqueApplicationPackageBlobPathProviderTests" name="Microsoft.Azure.Batch.AppPackageUnitTests.Tests.UniqueApplicationPackageBlobPathProviderTests.TestGeneratedContainerNameWithRegex(containerPrefix: &quot;app&quot;, applicationId: &quot;-StartsWith-SingleDash&quot;)" />
    </UnitTest>
    <UnitTest name="Microsoft.Azure.Batch.AppPackageUnitTests.Tests.UniqueApplicationPackageBlobPathProviderTests.TestGeneratedContainerNameWithRegex(containerPrefix: &quot;app&quot;, applicationId: &quot;---&quot;)" storage="microsoft.azure.batch.apppackageunittests\microsoft.azure.batch.apppackageunittests.dll" id="74a267c6-ccb1-40fb-a17f-3a8a969e7fe1">
      <Execution id="b2e8e1b2-47db-4d88-9dcc-dc3c187a86a9" />
      <TestMethod codeBase="Microsoft.Azure.Batch.AppPackageUnitTests\Microsoft.Azure.Batch.AppPackageUnitTests.dll" adapterTypeName="Microsoft.VisualStudio.TestTools.TestTypes.Unit.UnitTestAdapter" className="Microsoft.Azure.Batch.AppPackageUnitTests.Tests.UniqueApplicationPackageBlobPathProviderTests" name="Microsoft.Azure.Batch.AppPackageUnitTests.Tests.UniqueApplicationPackageBlobPathProviderTests.TestGeneratedContainerNameWithRegex(containerPrefix: &quot;app&quot;, applicationId: &quot;---&quot;)" />
    </UnitTest>
    <UnitTest name="Microsoft.Azure.Batch.AppPackageUnitTests.Tests.UniqueApplicationPackageBlobPathProviderTests.TestGeneratedContainerNameWithRegex(containerPrefix: &quot;app&quot;, applicationId: &quot;MixOf-Dashes_AndUnderScore_-_&quot;)" storage="microsoft.azure.batch.apppackageunittests\microsoft.azure.batch.apppackageunittests.dll" id="cce03404-4f79-40c3-8508-bbfce1e3d85d">
      <Execution id="8b5278bc-bc6e-41d4-8a61-10257bc38700" />
      <TestMethod codeBase="Microsoft.Azure.Batch.AppPackageUnitTests\Microsoft.Azure.Batch.AppPackageUnitTests.dll" adapterTypeName="Microsoft.VisualStudio.TestTools.TestTypes.Unit.UnitTestAdapter" className="Microsoft.Azure.Batch.AppPackageUnitTests.Tests.UniqueApplicationPackageBlobPathProviderTests" name="Microsoft.Azure.Batch.AppPackageUnitTests.Tests.UniqueApplicationPackageBlobPathProviderTests.TestGeneratedContainerNameWithRegex(containerPrefix: &quot;app&quot;, applicationId: &quot;MixOf-Dashes_AndUnderScore_-_&quot;)" />
    </UnitTest>
    <UnitTest name="Microsoft.Azure.Batch.AppPackageUnitTests.Tests.UniqueApplicationPackageBlobPathProviderTests.TestGeneratedContainerNameWithRegex(containerPrefix: &quot;app&quot;, applicationId: &quot;-_-maximum-length_applicationid_withboth-underscor&quot;...)" storage="microsoft.azure.batch.apppackageunittests\microsoft.azure.batch.apppackageunittests.dll" id="c7b055ad-0276-48bb-b07f-99e0c6612d15">
      <Execution id="ac81b043-eb05-4ba4-838a-84e7884219ba" />
      <TestMethod codeBase="Microsoft.Azure.Batch.AppPackageUnitTests\Microsoft.Azure.Batch.AppPackageUnitTests.dll" adapterTypeName="Microsoft.VisualStudio.TestTools.TestTypes.Unit.UnitTestAdapter" className="Microsoft.Azure.Batch.AppPackageUnitTests.Tests.UniqueApplicationPackageBlobPathProviderTests" name="Microsoft.Azure.Batch.AppPackageUnitTests.Tests.UniqueApplicationPackageBlobPathProviderTests.TestGeneratedContainerNameWithRegex(containerPrefix: &quot;app&quot;, applicationId: &quot;-_-maximum-length_applicationid_withboth-underscor&quot;...)" />
    </UnitTest>
    <UnitTest name="Microsoft.Azure.Batch.AppPackageUnitTests.Tests.UniqueApplicationPackageBlobPathProviderTests.TestGeneratedContainerNameWithRegex(containerPrefix: &quot;app&quot;, applicationId: &quot;EndsWith_SingleUnderscore_&quot;)" storage="microsoft.azure.batch.apppackageunittests\microsoft.azure.batch.apppackageunittests.dll" id="2f01d465-6729-4302-bdc3-cea4473f9555">
      <Execution id="cf6dbf3c-5afe-4600-b6a5-79c832f3d094" />
      <TestMethod codeBase="Microsoft.Azure.Batch.AppPackageUnitTests\Microsoft.Azure.Batch.AppPackageUnitTests.dll" adapterTypeName="Microsoft.VisualStudio.TestTools.TestTypes.Unit.UnitTestAdapter" className="Microsoft.Azure.Batch.AppPackageUnitTests.Tests.UniqueApplicationPackageBlobPathProviderTests" name="Microsoft.Azure.Batch.AppPackageUnitTests.Tests.UniqueApplicationPackageBlobPathProviderTests.TestGeneratedContainerNameWithRegex(containerPrefix: &quot;app&quot;, applicationId: &quot;EndsWith_SingleUnderscore_&quot;)" />
    </UnitTest>
    <UnitTest name="Microsoft.Azure.Batch.AppPackageUnitTests.Tests.UniqueApplicationPackageBlobPathProviderTests.TestGeneratedContainerNameWithRegex(containerPrefix: &quot;app&quot;, applicationId: &quot;MaximumLengthApplicationIdWithOnlyAlphaNumericChar&quot;...)" storage="microsoft.azure.batch.apppackageunittests\microsoft.azure.batch.apppackageunittests.dll" id="578b4ca1-dbad-4e8b-9a83-9177963d6966">
      <Execution id="ed94d38a-f942-4015-9414-ab2cdddb6729" />
      <TestMethod codeBase="Microsoft.Azure.Batch.AppPackageUnitTests\Microsoft.Azure.Batch.AppPackageUnitTests.dll" adapterTypeName="Microsoft.VisualStudio.TestTools.TestTypes.Unit.UnitTestAdapter" className="Microsoft.Azure.Batch.AppPackageUnitTests.Tests.UniqueApplicationPackageBlobPathProviderTests" name="Microsoft.Azure.Batch.AppPackageUnitTests.Tests.UniqueApplicationPackageBlobPathProviderTests.TestGeneratedContainerNameWithRegex(containerPrefix: &quot;app&quot;, applicationId: &quot;MaximumLengthApplicationIdWithOnlyAlphaNumericChar&quot;...)" />
    </UnitTest>
    <UnitTest name="Microsoft.Azure.Batch.AppPackageUnitTests.Tests.UniqueApplicationPackageBlobPathProviderTests.TestGeneratedContainerNameWithRegex(containerPrefix: &quot;app&quot;, applicationId: &quot;Includes_Underscore&quot;)" storage="microsoft.azure.batch.apppackageunittests\microsoft.azure.batch.apppackageunittests.dll" id="94188028-71d4-4938-8e4e-b2d71121d36d">
      <Execution id="26926885-2acf-4786-9398-835b539003c7" />
      <TestMethod codeBase="Microsoft.Azure.Batch.AppPackageUnitTests\Microsoft.Azure.Batch.AppPackageUnitTests.dll" adapterTypeName="Microsoft.VisualStudio.TestTools.TestTypes.Unit.UnitTestAdapter" className="Microsoft.Azure.Batch.AppPackageUnitTests.Tests.UniqueApplicationPackageBlobPathProviderTests" name="Microsoft.Azure.Batch.AppPackageUnitTests.Tests.UniqueApplicationPackageBlobPathProviderTests.TestGeneratedContainerNameWithRegex(containerPrefix: &quot;app&quot;, applicationId: &quot;Includes_Underscore&quot;)" />
    </UnitTest>
    <UnitTest name="Microsoft.Azure.Batch.AppPackageUnitTests.Tests.UniqueApplicationPackageBlobPathProviderTests.TestGeneratedContainerNameWithRegex(containerPrefix: &quot;app&quot;, applicationId: &quot;Includes-Dash&quot;)" storage="microsoft.azure.batch.apppackageunittests\microsoft.azure.batch.apppackageunittests.dll" id="d7646a9c-23b2-4e45-a37f-9ac258c45bfd">
      <Execution id="dbd36339-4a0d-45eb-a427-16c588290f69" />
      <TestMethod codeBase="Microsoft.Azure.Batch.AppPackageUnitTests\Microsoft.Azure.Batch.AppPackageUnitTests.dll" adapterTypeName="Microsoft.VisualStudio.TestTools.TestTypes.Unit.UnitTestAdapter" className="Microsoft.Azure.Batch.AppPackageUnitTests.Tests.UniqueApplicationPackageBlobPathProviderTests" name="Microsoft.Azure.Batch.AppPackageUnitTests.Tests.UniqueApplicationPackageBlobPathProviderTests.TestGeneratedContainerNameWithRegex(containerPrefix: &quot;app&quot;, applicationId: &quot;Includes-Dash&quot;)" />
    </UnitTest>
    <UnitTest name="Microsoft.Azure.Batch.AppPackageUnitTests.Tests.UniqueApplicationPackageBlobPathProviderTests.TestGeneratedContainerNameWithRegex(containerPrefix: &quot;app&quot;, applicationId: &quot;MixOf-Dashes_AndUnderScore1_-_&quot;)" storage="microsoft.azure.batch.apppackageunittests\microsoft.azure.batch.apppackageunittests.dll" id="9c8c1f60-910d-42d8-8236-1bfba0d5514f">
      <Execution id="f52611a7-bff5-43b6-baf4-f3425c0210bc" />
      <TestMethod codeBase="Microsoft.Azure.Batch.AppPackageUnitTests\Microsoft.Azure.Batch.AppPackageUnitTests.dll" adapterTypeName="Microsoft.VisualStudio.TestTools.TestTypes.Unit.UnitTestAdapter" className="Microsoft.Azure.Batch.AppPackageUnitTests.Tests.UniqueApplicationPackageBlobPathProviderTests" name="Microsoft.Azure.Batch.AppPackageUnitTests.Tests.UniqueApplicationPackageBlobPathProviderTests.TestGeneratedContainerNameWithRegex(containerPrefix: &quot;app&quot;, applicationId: &quot;MixOf-Dashes_AndUnderScore1_-_&quot;)" />
    </UnitTest>
    <UnitTest name="Microsoft.Azure.Batch.AppPackageUnitTests.Tests.UniqueApplicationPackageBlobPathProviderTests.TestGeneratedContainerNameWithRegex(containerPrefix: &quot;app&quot;, applicationId: &quot;EndsWith-DoubleDash--&quot;)" storage="microsoft.azure.batch.apppackageunittests\microsoft.azure.batch.apppackageunittests.dll" id="adbc68aa-21f1-4542-b942-9b59bc236f14">
      <Execution id="b99c5fc5-2ce4-4147-9aaf-6f92854e00f4" />
      <TestMethod codeBase="Microsoft.Azure.Batch.AppPackageUnitTests\Microsoft.Azure.Batch.AppPackageUnitTests.dll" adapterTypeName="Microsoft.VisualStudio.TestTools.TestTypes.Unit.UnitTestAdapter" className="Microsoft.Azure.Batch.AppPackageUnitTests.Tests.UniqueApplicationPackageBlobPathProviderTests" name="Microsoft.Azure.Batch.AppPackageUnitTests.Tests.UniqueApplicationPackageBlobPathProviderTests.TestGeneratedContainerNameWithRegex(containerPrefix: &quot;app&quot;, applicationId: &quot;EndsWith-DoubleDash--&quot;)" />
    </UnitTest>
    <UnitTest name="Microsoft.Azure.Batch.AppPackageUnitTests.Tests.UniqueApplicationPackageBlobPathProviderTests.TestGeneratedContainerNameWithRegex(containerPrefix: &quot;app&quot;, applicationId: &quot;Includes__DoubleUnderscore&quot;)" storage="microsoft.azure.batch.apppackageunittests\microsoft.azure.batch.apppackageunittests.dll" id="4071c6b3-e02c-48e8-8a5e-9eb8b7f67802">
      <Execution id="ec9ff8e8-0b88-4046-8971-edc577890fcb" />
      <TestMethod codeBase="Microsoft.Azure.Batch.AppPackageUnitTests\Microsoft.Azure.Batch.AppPackageUnitTests.dll" adapterTypeName="Microsoft.VisualStudio.TestTools.TestTypes.Unit.UnitTestAdapter" className="Microsoft.Azure.Batch.AppPackageUnitTests.Tests.UniqueApplicationPackageBlobPathProviderTests" name="Microsoft.Azure.Batch.AppPackageUnitTests.Tests.UniqueApplicationPackageBlobPathProviderTests.TestGeneratedContainerNameWithRegex(containerPrefix: &quot;app&quot;, applicationId: &quot;Includes__DoubleUnderscore&quot;)" />
    </UnitTest>
    <UnitTest name="Microsoft.Azure.Batch.AppPackageUnitTests.Tests.UniqueApplicationPackageBlobPathProviderTests.TestGeneratedContainerNameWithRegex(containerPrefix: &quot;app&quot;, applicationId: &quot;_StartsWith_SingleUnderscore&quot;)" storage="microsoft.azure.batch.apppackageunittests\microsoft.azure.batch.apppackageunittests.dll" id="08341de4-fef7-46b7-9952-632243424727">
      <Execution id="b036570f-af68-4566-90df-e8ff9843d559" />
      <TestMethod codeBase="Microsoft.Azure.Batch.AppPackageUnitTests\Microsoft.Azure.Batch.AppPackageUnitTests.dll" adapterTypeName="Microsoft.VisualStudio.TestTools.TestTypes.Unit.UnitTestAdapter" className="Microsoft.Azure.Batch.AppPackageUnitTests.Tests.UniqueApplicationPackageBlobPathProviderTests" name="Microsoft.Azure.Batch.AppPackageUnitTests.Tests.UniqueApplicationPackageBlobPathProviderTests.TestGeneratedContainerNameWithRegex(containerPrefix: &quot;app&quot;, applicationId: &quot;_StartsWith_SingleUnderscore&quot;)" />
    </UnitTest>
    <UnitTest name="Microsoft.Azure.Batch.AppPackageUnitTests.Tests.UniqueApplicationPackageBlobPathProviderTests.TestGeneratedContainerNameWithRegex(containerPrefix: &quot;app&quot;, applicationId: &quot;EndsWith-SingleDash-&quot;)" storage="microsoft.azure.batch.apppackageunittests\microsoft.azure.batch.apppackageunittests.dll" id="7e82e282-d8a9-419a-9893-719dd04412c8">
      <Execution id="924013dc-2555-4ad0-be4e-bf7b1a7774de" />
      <TestMethod codeBase="Microsoft.Azure.Batch.AppPackageUnitTests\Microsoft.Azure.Batch.AppPackageUnitTests.dll" adapterTypeName="Microsoft.VisualStudio.TestTools.TestTypes.Unit.UnitTestAdapter" className="Microsoft.Azure.Batch.AppPackageUnitTests.Tests.UniqueApplicationPackageBlobPathProviderTests" name="Microsoft.Azure.Batch.AppPackageUnitTests.Tests.UniqueApplicationPackageBlobPathProviderTests.TestGeneratedContainerNameWithRegex(containerPrefix: &quot;app&quot;, applicationId: &quot;EndsWith-SingleDash-&quot;)" />
    </UnitTest>
    <UnitTest name="Microsoft.Azure.Batch.AppPackageUnitTests.Tests.UniqueApplicationPackageBlobPathProviderTests.TestGeneratedContainerNameWithRegex(containerPrefix: &quot;app&quot;, applicationId: &quot;EndsWith_DoubleUnderscore__&quot;)" storage="microsoft.azure.batch.apppackageunittests\microsoft.azure.batch.apppackageunittests.dll" id="8f8af098-ad9e-4628-b6a7-60f40ff0c61e">
      <Execution id="51875324-2752-4e58-b2df-952f008846d1" />
      <TestMethod codeBase="Microsoft.Azure.Batch.AppPackageUnitTests\Microsoft.Azure.Batch.AppPackageUnitTests.dll" adapterTypeName="Microsoft.VisualStudio.TestTools.TestTypes.Unit.UnitTestAdapter" className="Microsoft.Azure.Batch.AppPackageUnitTests.Tests.UniqueApplicationPackageBlobPathProviderTests" name="Microsoft.Azure.Batch.AppPackageUnitTests.Tests.UniqueApplicationPackageBlobPathProviderTests.TestGeneratedContainerNameWithRegex(containerPrefix: &quot;app&quot;, applicationId: &quot;EndsWith_DoubleUnderscore__&quot;)" />
    </UnitTest>
    <UnitTest name="Microsoft.Azure.Batch.AppPackageUnitTests.Tests.UniqueApplicationPackageBlobPathProviderTests.TestGeneratedContainerNameWithRegex(containerPrefix: &quot;app&quot;, applicationId: &quot;__StartsWith_DoubleUnderscore&quot;)" storage="microsoft.azure.batch.apppackageunittests\microsoft.azure.batch.apppackageunittests.dll" id="16d81fe0-ceac-49fd-874d-856c08ea9f18">
      <Execution id="18b11f69-83a2-45e5-8975-5fcf77e67b13" />
      <TestMethod codeBase="Microsoft.Azure.Batch.AppPackageUnitTests\Microsoft.Azure.Batch.AppPackageUnitTests.dll" adapterTypeName="Microsoft.VisualStudio.TestTools.TestTypes.Unit.UnitTestAdapter" className="Microsoft.Azure.Batch.AppPackageUnitTests.Tests.UniqueApplicationPackageBlobPathProviderTests" name="Microsoft.Azure.Batch.AppPackageUnitTests.Tests.UniqueApplicationPackageBlobPathProviderTests.TestGeneratedContainerNameWithRegex(containerPrefix: &quot;app&quot;, applicationId: &quot;__StartsWith_DoubleUnderscore&quot;)" />
    </UnitTest>
    <UnitTest name="Microsoft.Azure.Batch.AppPackageUnitTests.Tests.UniqueApplicationPackageBlobPathProviderTests.TestGeneratedContainerNameWithRegex(containerPrefix: &quot;app&quot;, applicationId: &quot;--&quot;)" storage="microsoft.azure.batch.apppackageunittests\microsoft.azure.batch.apppackageunittests.dll" id="2303d0f9-d3a9-4d05-933a-509fcecb13ab">
      <Execution id="f4cca644-6307-4c76-9108-1bed75d99b84" />
      <TestMethod codeBase="Microsoft.Azure.Batch.AppPackageUnitTests\Microsoft.Azure.Batch.AppPackageUnitTests.dll" adapterTypeName="Microsoft.VisualStudio.TestTools.TestTypes.Unit.UnitTestAdapter" className="Microsoft.Azure.Batch.AppPackageUnitTests.Tests.UniqueApplicationPackageBlobPathProviderTests" name="Microsoft.Azure.Batch.AppPackageUnitTests.Tests.UniqueApplicationPackageBlobPathProviderTests.TestGeneratedContainerNameWithRegex(containerPrefix: &quot;app&quot;, applicationId: &quot;--&quot;)" />
    </UnitTest>
    <UnitTest name="Microsoft.Azure.Batch.AppPackageUnitTests.Tests.UniqueApplicationPackageBlobPathProviderTests.TestGeneratedContainerNameWithRegex(containerPrefix: &quot;app&quot;, applicationId: &quot;-&quot;)" storage="microsoft.azure.batch.apppackageunittests\microsoft.azure.batch.apppackageunittests.dll" id="97ba70d9-dc71-41ed-8eff-044f30618106">
      <Execution id="1b12fec7-16a8-4f0c-a480-fe17a51dae05" />
      <TestMethod codeBase="Microsoft.Azure.Batch.AppPackageUnitTests\Microsoft.Azure.Batch.AppPackageUnitTests.dll" adapterTypeName="Microsoft.VisualStudio.TestTools.TestTypes.Unit.UnitTestAdapter" className="Microsoft.Azure.Batch.AppPackageUnitTests.Tests.UniqueApplicationPackageBlobPathProviderTests" name="Microsoft.Azure.Batch.AppPackageUnitTests.Tests.UniqueApplicationPackageBlobPathProviderTests.TestGeneratedContainerNameWithRegex(containerPrefix: &quot;app&quot;, applicationId: &quot;-&quot;)" />
    </UnitTest>
    <UnitTest name="Microsoft.Azure.Batch.AppPackageUnitTests.Tests.UniqueApplicationPackageBlobPathProviderTests.NoHashesCollide" storage="microsoft.azure.batch.apppackageunittests\microsoft.azure.batch.apppackageunittests.dll" id="ff8b8095-e390-4378-bdb0-3b73427e0f3c">
      <Execution id="c87f68e5-4fd4-459a-bcea-354c7a9631a4" />
      <TestMethod codeBase="Microsoft.Azure.Batch.AppPackageUnitTests\Microsoft.Azure.Batch.AppPackageUnitTests.dll" adapterTypeName="Microsoft.VisualStudio.TestTools.TestTypes.Unit.UnitTestAdapter" className="Microsoft.Azure.Batch.AppPackageUnitTests.Tests.UniqueApplicationPackageBlobPathProviderTests" name="Microsoft.Azure.Batch.AppPackageUnitTests.Tests.UniqueApplicationPackageBlobPathProviderTests.NoHashesCollide" />
    </UnitTest>
    <UnitTest name="Microsoft.Azure.Batch.AppPackageUnitTests.Tests.Commands.AutoStorage.AutoStorageApiTests_UnitTest.AutoStoragePropertiesCanBeSetMultipleTimesOnExistingAccount" storage="microsoft.azure.batch.apppackageunittests\microsoft.azure.batch.apppackageunittests.dll" id="c0eaebd8-401e-4c7a-a1c9-1db042c5f0f5">
      <Execution id="ab3951bc-bb7b-4abd-bcc0-1ca2f8fc9873" />
      <TestMethod codeBase="Microsoft.Azure.Batch.AppPackageUnitTests\Microsoft.Azure.Batch.AppPackageUnitTests.dll" adapterTypeName="Microsoft.VisualStudio.TestTools.TestTypes.Unit.UnitTestAdapter" className="Microsoft.Azure.Batch.AppPackageUnitTests.Tests.Commands.AutoStorage.AutoStorageApiTests_UnitTest" name="Microsoft.Azure.Batch.AppPackageUnitTests.Tests.Commands.AutoStorage.AutoStorageApiTests_UnitTest.AutoStoragePropertiesCanBeSetMultipleTimesOnExistingAccount" />
    </UnitTest>
    <UnitTest name="Microsoft.Azure.Batch.AppPackageUnitTests.Tests.Commands.AutoStorage.AutoStorageApiTests_UnitTest.AutoStoragePropertyIsReturnedOnGetAccountsForSubscriptionRequest" storage="microsoft.azure.batch.apppackageunittests\microsoft.azure.batch.apppackageunittests.dll" id="f0313c6d-e5c6-43f4-902f-e3a4a39ab731">
      <Execution id="f36ff0d8-2cb4-41ef-8cfd-96705e179490" />
      <TestMethod codeBase="Microsoft.Azure.Batch.AppPackageUnitTests\Microsoft.Azure.Batch.AppPackageUnitTests.dll" adapterTypeName="Microsoft.VisualStudio.TestTools.TestTypes.Unit.UnitTestAdapter" className="Microsoft.Azure.Batch.AppPackageUnitTests.Tests.Commands.AutoStorage.AutoStorageApiTests_UnitTest" name="Microsoft.Azure.Batch.AppPackageUnitTests.Tests.Commands.AutoStorage.AutoStorageApiTests_UnitTest.AutoStoragePropertyIsReturnedOnGetAccountsForSubscriptionRequest" />
    </UnitTest>
    <UnitTest name="Microsoft.Azure.Batch.AppPackageUnitTests.Tests.Commands.AutoStorage.AutoStorageApiTests_UnitTest.AutoStorageReturnsErrorWhenAccountIsInvalid" storage="microsoft.azure.batch.apppackageunittests\microsoft.azure.batch.apppackageunittests.dll" id="a1d23653-a0c3-4e8d-b153-5482d41fb1d1">
      <Execution id="f1f3a882-26f0-4c82-8692-fa9d3e99ff53" />
      <TestMethod codeBase="Microsoft.Azure.Batch.AppPackageUnitTests\Microsoft.Azure.Batch.AppPackageUnitTests.dll" adapterTypeName="Microsoft.VisualStudio.TestTools.TestTypes.Unit.UnitTestAdapter" className="Microsoft.Azure.Batch.AppPackageUnitTests.Tests.Commands.AutoStorage.AutoStorageApiTests_UnitTest" name="Microsoft.Azure.Batch.AppPackageUnitTests.Tests.Commands.AutoStorage.AutoStorageApiTests_UnitTest.AutoStorageReturnsErrorWhenAccountIsInvalid" />
    </UnitTest>
    <UnitTest name="Microsoft.Azure.Batch.AppPackageUnitTests.Tests.Commands.AutoStorage.AutoStorageApiTests_UnitTest.PatchWithMissingAutoStoragePropertyDoesNotChangeAutoStorageOnAccount" storage="microsoft.azure.batch.apppackageunittests\microsoft.azure.batch.apppackageunittests.dll" id="3a9e0b89-ea37-45c3-b65b-25d64a3f114e">
      <Execution id="a2701758-f4da-4ea2-b5a1-64a97ccc3f76" />
      <TestMethod codeBase="Microsoft.Azure.Batch.AppPackageUnitTests\Microsoft.Azure.Batch.AppPackageUnitTests.dll" adapterTypeName="Microsoft.VisualStudio.TestTools.TestTypes.Unit.UnitTestAdapter" className="Microsoft.Azure.Batch.AppPackageUnitTests.Tests.Commands.AutoStorage.AutoStorageApiTests_UnitTest" name="Microsoft.Azure.Batch.AppPackageUnitTests.Tests.Commands.AutoStorage.AutoStorageApiTests_UnitTest.PatchWithMissingAutoStoragePropertyDoesNotChangeAutoStorageOnAccount" />
    </UnitTest>
    <UnitTest name="Microsoft.Azure.Batch.AppPackageUnitTests.Tests.Commands.AutoStorage.AutoStorageApiTests_UnitTest.AutoStoragePropertyIsReturnedOnAccountRecord" storage="microsoft.azure.batch.apppackageunittests\microsoft.azure.batch.apppackageunittests.dll" id="46cf3399-49ca-42d8-b431-2d2dd45f1638">
      <Execution id="f780c5dd-3698-4940-a0be-ae5447df2415" />
      <TestMethod codeBase="Microsoft.Azure.Batch.AppPackageUnitTests\Microsoft.Azure.Batch.AppPackageUnitTests.dll" adapterTypeName="Microsoft.VisualStudio.TestTools.TestTypes.Unit.UnitTestAdapter" className="Microsoft.Azure.Batch.AppPackageUnitTests.Tests.Commands.AutoStorage.AutoStorageApiTests_UnitTest" name="Microsoft.Azure.Batch.AppPackageUnitTests.Tests.Commands.AutoStorage.AutoStorageApiTests_UnitTest.AutoStoragePropertyIsReturnedOnAccountRecord" />
    </UnitTest>
    <UnitTest name="Microsoft.Azure.Batch.AppPackageUnitTests.Tests.Commands.AutoStorage.AutoStorageApiTests_UnitTest.AutoStoragePropertiesCanBeChangedOnAccountWithAutoStorageAccountAlreadySet" storage="microsoft.azure.batch.apppackageunittests\microsoft.azure.batch.apppackageunittests.dll" id="f75f3d3f-ab0d-46a9-a48b-0eff06105e0e">
      <Execution id="8f5a6402-1b02-47f9-9d76-d14e06e2515a" />
      <TestMethod codeBase="Microsoft.Azure.Batch.AppPackageUnitTests\Microsoft.Azure.Batch.AppPackageUnitTests.dll" adapterTypeName="Microsoft.VisualStudio.TestTools.TestTypes.Unit.UnitTestAdapter" className="Microsoft.Azure.Batch.AppPackageUnitTests.Tests.Commands.AutoStorage.AutoStorageApiTests_UnitTest" name="Microsoft.Azure.Batch.AppPackageUnitTests.Tests.Commands.AutoStorage.AutoStorageApiTests_UnitTest.AutoStoragePropertiesCanBeChangedOnAccountWithAutoStorageAccountAlreadySet" />
    </UnitTest>
    <UnitTest name="Microsoft.Azure.Batch.AppPackageUnitTests.Tests.Commands.AutoStorage.AutoStorageApiTests_UnitTest.PatchWithNullAutoStoragePropertyRemovesAutoStorageFromAccount" storage="microsoft.azure.batch.apppackageunittests\microsoft.azure.batch.apppackageunittests.dll" id="55d2a05e-cb9d-415a-8161-2d09e57c824d">
      <Execution id="32e12328-fc73-4484-bfaf-25e7aed5e042" />
      <TestMethod codeBase="Microsoft.Azure.Batch.AppPackageUnitTests\Microsoft.Azure.Batch.AppPackageUnitTests.dll" adapterTypeName="Microsoft.VisualStudio.TestTools.TestTypes.Unit.UnitTestAdapter" className="Microsoft.Azure.Batch.AppPackageUnitTests.Tests.Commands.AutoStorage.AutoStorageApiTests_UnitTest" name="Microsoft.Azure.Batch.AppPackageUnitTests.Tests.Commands.AutoStorage.AutoStorageApiTests_UnitTest.PatchWithNullAutoStoragePropertyRemovesAutoStorageFromAccount" />
    </UnitTest>
    <UnitTest name="Microsoft.Azure.Batch.AppPackageUnitTests.Tests.Commands.AutoStorage.AutoStorageApiTests_UnitTest.AutoStorageReturnsErrorWhenAccountIsForDifferentSubscription" storage="microsoft.azure.batch.apppackageunittests\microsoft.azure.batch.apppackageunittests.dll" id="de37970e-eed2-476f-83d4-a98ee2cf52ea">
      <Execution id="95510405-f99d-4e76-88f2-c54529e38c9c" />
      <TestMethod codeBase="Microsoft.Azure.Batch.AppPackageUnitTests\Microsoft.Azure.Batch.AppPackageUnitTests.dll" adapterTypeName="Microsoft.VisualStudio.TestTools.TestTypes.Unit.UnitTestAdapter" className="Microsoft.Azure.Batch.AppPackageUnitTests.Tests.Commands.AutoStorage.AutoStorageApiTests_UnitTest" name="Microsoft.Azure.Batch.AppPackageUnitTests.Tests.Commands.AutoStorage.AutoStorageApiTests_UnitTest.AutoStorageReturnsErrorWhenAccountIsForDifferentSubscription" />
    </UnitTest>
    <UnitTest name="Microsoft.Azure.Batch.AppPackageUnitTests.Tests.Commands.AutoStorage.SyncAutoStorageKeysApiTests_UnitTest.ReturnsConflictWhenAutoStorageNotEnabled" storage="microsoft.azure.batch.apppackageunittests\microsoft.azure.batch.apppackageunittests.dll" id="c1d018f2-3887-4d45-8649-ff6e4cf793aa">
      <Execution id="5d4634e3-7843-40e7-966a-d19ad8e8d17a" />
      <TestMethod codeBase="Microsoft.Azure.Batch.AppPackageUnitTests\Microsoft.Azure.Batch.AppPackageUnitTests.dll" adapterTypeName="Microsoft.VisualStudio.TestTools.TestTypes.Unit.UnitTestAdapter" className="Microsoft.Azure.Batch.AppPackageUnitTests.Tests.Commands.AutoStorage.SyncAutoStorageKeysApiTests_UnitTest" name="Microsoft.Azure.Batch.AppPackageUnitTests.Tests.Commands.AutoStorage.SyncAutoStorageKeysApiTests_UnitTest.ReturnsConflictWhenAutoStorageNotEnabled" />
    </UnitTest>
    <UnitTest name="Microsoft.Azure.Batch.AppPackageUnitTests.Tests.Commands.AutoStorage.SyncAutoStorageKeysApiTests_UnitTest.UpdatesAutoStorageKeys" storage="microsoft.azure.batch.apppackageunittests\microsoft.azure.batch.apppackageunittests.dll" id="a9e6b126-b355-48c1-ac59-d32041ef308d">
      <Execution id="7b663dd0-8939-4cc9-8c30-d8a40910efa2" />
      <TestMethod codeBase="Microsoft.Azure.Batch.AppPackageUnitTests\Microsoft.Azure.Batch.AppPackageUnitTests.dll" adapterTypeName="Microsoft.VisualStudio.TestTools.TestTypes.Unit.UnitTestAdapter" className="Microsoft.Azure.Batch.AppPackageUnitTests.Tests.Commands.AutoStorage.SyncAutoStorageKeysApiTests_UnitTest" name="Microsoft.Azure.Batch.AppPackageUnitTests.Tests.Commands.AutoStorage.SyncAutoStorageKeysApiTests_UnitTest.UpdatesAutoStorageKeys" />
    </UnitTest>
    <UnitTest name="Microsoft.Azure.Batch.AppPackageUnitTests.Tests.Commands.AutoStorage.SyncAutoStorageKeysApiTests_UnitTest.ReturnsBadRequestWhenTenantIdNotPresentOnRequest" storage="microsoft.azure.batch.apppackageunittests\microsoft.azure.batch.apppackageunittests.dll" id="1c49e41b-9dd3-40ee-abb5-38769ce9e8e7">
      <Execution id="0be68e1e-9858-45a0-b9f4-bf569bae3c2e" />
      <TestMethod codeBase="Microsoft.Azure.Batch.AppPackageUnitTests\Microsoft.Azure.Batch.AppPackageUnitTests.dll" adapterTypeName="Microsoft.VisualStudio.TestTools.TestTypes.Unit.UnitTestAdapter" className="Microsoft.Azure.Batch.AppPackageUnitTests.Tests.Commands.AutoStorage.SyncAutoStorageKeysApiTests_UnitTest" name="Microsoft.Azure.Batch.AppPackageUnitTests.Tests.Commands.AutoStorage.SyncAutoStorageKeysApiTests_UnitTest.ReturnsBadRequestWhenTenantIdNotPresentOnRequest" />
    </UnitTest>
    <UnitTest name="Microsoft.Azure.Batch.AppPackageUnitTests.Tests.Commands.AutoStorage.AutoStorageCreateAccount_UnitTests.AccountCanBeCreatedWithAutoStoragePropertiesSet" storage="microsoft.azure.batch.apppackageunittests\microsoft.azure.batch.apppackageunittests.dll" id="e03e0ea3-c285-461a-a2f4-e0b884fab47a">
      <Execution id="403b95cb-d527-4195-9b05-37df2114f9d9" />
      <TestMethod codeBase="Microsoft.Azure.Batch.AppPackageUnitTests\Microsoft.Azure.Batch.AppPackageUnitTests.dll" adapterTypeName="Microsoft.VisualStudio.TestTools.TestTypes.Unit.UnitTestAdapter" className="Microsoft.Azure.Batch.AppPackageUnitTests.Tests.Commands.AutoStorage.AutoStorageCreateAccount_UnitTests" name="Microsoft.Azure.Batch.AppPackageUnitTests.Tests.Commands.AutoStorage.AutoStorageCreateAccount_UnitTests.AccountCanBeCreatedWithAutoStoragePropertiesSet" />
    </UnitTest>
    <UnitTest name="Microsoft.Azure.Batch.AppPackageUnitTests.Tests.Commands.AutoStorage.AutoStorageCreateAccount_UnitTests.OverwritingAccountWithAutoStorageSetUpdatesAutoStorageValues" storage="microsoft.azure.batch.apppackageunittests\microsoft.azure.batch.apppackageunittests.dll" id="bc475630-9dcd-4461-aad4-dceb5da554cf">
      <Execution id="7661fc8d-770b-4108-ae53-62c73d34448e" />
      <TestMethod codeBase="Microsoft.Azure.Batch.AppPackageUnitTests\Microsoft.Azure.Batch.AppPackageUnitTests.dll" adapterTypeName="Microsoft.VisualStudio.TestTools.TestTypes.Unit.UnitTestAdapter" className="Microsoft.Azure.Batch.AppPackageUnitTests.Tests.Commands.AutoStorage.AutoStorageCreateAccount_UnitTests" name="Microsoft.Azure.Batch.AppPackageUnitTests.Tests.Commands.AutoStorage.AutoStorageCreateAccount_UnitTests.OverwritingAccountWithAutoStorageSetUpdatesAutoStorageValues" />
    </UnitTest>
    <UnitTest name="Microsoft.Azure.Batch.AppPackageUnitTests.Tests.Commands.AutoStorage.AutoStorageCreateAccount_UnitTests.AutoStorageCanBeAddedToExistingAccount" storage="microsoft.azure.batch.apppackageunittests\microsoft.azure.batch.apppackageunittests.dll" id="69d1cb06-c737-468b-ad06-ec3c7221918d">
      <Execution id="e3d78593-2164-4053-b31d-2e403fc3a30c" />
      <TestMethod codeBase="Microsoft.Azure.Batch.AppPackageUnitTests\Microsoft.Azure.Batch.AppPackageUnitTests.dll" adapterTypeName="Microsoft.VisualStudio.TestTools.TestTypes.Unit.UnitTestAdapter" className="Microsoft.Azure.Batch.AppPackageUnitTests.Tests.Commands.AutoStorage.AutoStorageCreateAccount_UnitTests" name="Microsoft.Azure.Batch.AppPackageUnitTests.Tests.Commands.AutoStorage.AutoStorageCreateAccount_UnitTests.AutoStorageCanBeAddedToExistingAccount" />
    </UnitTest>
    <UnitTest name="Microsoft.Azure.Batch.AppPackageUnitTests.Tests.Commands.AppPackages.DeleteApplicationUnitTests_TrpfeUnitTest.IfThereIsNoApplication_CorrectExceptionIsThrown" storage="microsoft.azure.batch.apppackageunittests\microsoft.azure.batch.apppackageunittests.dll" id="1cba8926-30d2-4eae-94db-3da119f77241">
      <Execution id="57344d56-e2b7-450e-85d3-0ef3c7dabe94" />
      <TestMethod codeBase="Microsoft.Azure.Batch.AppPackageUnitTests\Microsoft.Azure.Batch.AppPackageUnitTests.dll" adapterTypeName="Microsoft.VisualStudio.TestTools.TestTypes.Unit.UnitTestAdapter" className="Microsoft.Azure.Batch.AppPackageUnitTests.Tests.Commands.AppPackages.DeleteApplicationUnitTests_TrpfeUnitTest" name="Microsoft.Azure.Batch.AppPackageUnitTests.Tests.Commands.AppPackages.DeleteApplicationUnitTests_TrpfeUnitTest.IfThereIsNoApplication_CorrectExceptionIsThrown" />
    </UnitTest>
    <UnitTest name="Microsoft.Azure.Batch.AppPackageUnitTests.Tests.Commands.AppPackages.DeleteApplicationUnitTests_TrpfeUnitTest.IfThereIsOneApplication_WithNoApplicationPackages_ThenAppropriateContainerIsDeleted" storage="microsoft.azure.batch.apppackageunittests\microsoft.azure.batch.apppackageunittests.dll" id="8e25c7db-9df1-488a-92a0-7638818ec17a">
      <Execution id="dc3cbf5d-0e88-41d5-9946-d112c8aa48d9" />
      <TestMethod codeBase="Microsoft.Azure.Batch.AppPackageUnitTests\Microsoft.Azure.Batch.AppPackageUnitTests.dll" adapterTypeName="Microsoft.VisualStudio.TestTools.TestTypes.Unit.UnitTestAdapter" className="Microsoft.Azure.Batch.AppPackageUnitTests.Tests.Commands.AppPackages.DeleteApplicationUnitTests_TrpfeUnitTest" name="Microsoft.Azure.Batch.AppPackageUnitTests.Tests.Commands.AppPackages.DeleteApplicationUnitTests_TrpfeUnitTest.IfThereIsOneApplication_WithNoApplicationPackages_ThenAppropriateContainerIsDeleted" />
    </UnitTest>
    <UnitTest name="Microsoft.Azure.Batch.AppPackageUnitTests.Tests.Commands.AppPackages.DeleteApplicationUnitTests_TrpfeUnitTest.IfApplicationHasPackages_CorrectExceptionIsThrown" storage="microsoft.azure.batch.apppackageunittests\microsoft.azure.batch.apppackageunittests.dll" id="0b59123b-1377-4778-a3cf-0e9fd40fae96">
      <Execution id="683ad25b-8dc1-403b-a209-3fc30a74ef68" />
      <TestMethod codeBase="Microsoft.Azure.Batch.AppPackageUnitTests\Microsoft.Azure.Batch.AppPackageUnitTests.dll" adapterTypeName="Microsoft.VisualStudio.TestTools.TestTypes.Unit.UnitTestAdapter" className="Microsoft.Azure.Batch.AppPackageUnitTests.Tests.Commands.AppPackages.DeleteApplicationUnitTests_TrpfeUnitTest" name="Microsoft.Azure.Batch.AppPackageUnitTests.Tests.Commands.AppPackages.DeleteApplicationUnitTests_TrpfeUnitTest.IfApplicationHasPackages_CorrectExceptionIsThrown" />
    </UnitTest>
    <UnitTest name="Microsoft.Azure.Batch.AppPackageUnitTests.Tests.Commands.AppPackages.DeleteApplicationUnitTests_TrpfeUnitTest.IfThereIsOneApplication_WithNoApplicationPackages_ThenItIsDeleted" storage="microsoft.azure.batch.apppackageunittests\microsoft.azure.batch.apppackageunittests.dll" id="d8de43fe-b533-45bf-b9d0-41e79a1f15ad">
      <Execution id="bf6dc7e1-a755-4944-8cf8-cb48d326c56b" />
      <TestMethod codeBase="Microsoft.Azure.Batch.AppPackageUnitTests\Microsoft.Azure.Batch.AppPackageUnitTests.dll" adapterTypeName="Microsoft.VisualStudio.TestTools.TestTypes.Unit.UnitTestAdapter" className="Microsoft.Azure.Batch.AppPackageUnitTests.Tests.Commands.AppPackages.DeleteApplicationUnitTests_TrpfeUnitTest" name="Microsoft.Azure.Batch.AppPackageUnitTests.Tests.Commands.AppPackages.DeleteApplicationUnitTests_TrpfeUnitTest.IfThereIsOneApplication_WithNoApplicationPackages_ThenItIsDeleted" />
    </UnitTest>
    <UnitTest name="Microsoft.Azure.Batch.AppPackageUnitTests.Tests.TRPFE.AddApplicationUnitTests.Returns409WhenMaxApplicationVersionsReached" storage="microsoft.azure.batch.apppackageunittests\microsoft.azure.batch.apppackageunittests.dll" id="b7ac2d9f-e181-444b-a0cb-fb743b87fa21">
      <Execution id="21bdad15-6cc4-4099-baf6-c753dc4834b3" />
      <TestMethod codeBase="Microsoft.Azure.Batch.AppPackageUnitTests\Microsoft.Azure.Batch.AppPackageUnitTests.dll" adapterTypeName="Microsoft.VisualStudio.TestTools.TestTypes.Unit.UnitTestAdapter" className="Microsoft.Azure.Batch.AppPackageUnitTests.Tests.TRPFE.AddApplicationUnitTests" name="Microsoft.Azure.Batch.AppPackageUnitTests.Tests.TRPFE.AddApplicationUnitTests.Returns409WhenMaxApplicationVersionsReached" />
    </UnitTest>
    <UnitTest name="Microsoft.Azure.Batch.AppPackageUnitTests.Tests.TRPFE.AddApplicationUnitTests.ApplicationsCanBeAddedUntilLimitReached" storage="microsoft.azure.batch.apppackageunittests\microsoft.azure.batch.apppackageunittests.dll" id="ae00149a-bc7d-4b8a-b1cd-4924cc245b87">
      <Execution id="108cc02c-e869-4d24-99e3-c41c6821eed5" />
      <TestMethod codeBase="Microsoft.Azure.Batch.AppPackageUnitTests\Microsoft.Azure.Batch.AppPackageUnitTests.dll" adapterTypeName="Microsoft.VisualStudio.TestTools.TestTypes.Unit.UnitTestAdapter" className="Microsoft.Azure.Batch.AppPackageUnitTests.Tests.TRPFE.AddApplicationUnitTests" name="Microsoft.Azure.Batch.AppPackageUnitTests.Tests.TRPFE.AddApplicationUnitTests.ApplicationsCanBeAddedUntilLimitReached" />
    </UnitTest>
    <UnitTest name="Microsoft.Azure.Batch.AppPackageUnitTests.Tests.Commands.AppPackages.GetApplicationUnitTests_TrpfeUnitTest.AllPackages_AreReturnedWithOriginalCasePreserved" storage="microsoft.azure.batch.apppackageunittests\microsoft.azure.batch.apppackageunittests.dll" id="ee217710-fef5-4356-ac87-08a93b5ad0a0">
      <Execution id="db8bf3bb-dd26-43ef-966f-9ac772ac9d0b" />
      <TestMethod codeBase="Microsoft.Azure.Batch.AppPackageUnitTests\Microsoft.Azure.Batch.AppPackageUnitTests.dll" adapterTypeName="Microsoft.VisualStudio.TestTools.TestTypes.Unit.UnitTestAdapter" className="Microsoft.Azure.Batch.AppPackageUnitTests.Tests.Commands.AppPackages.GetApplicationUnitTests_TrpfeUnitTest" name="Microsoft.Azure.Batch.AppPackageUnitTests.Tests.Commands.AppPackages.GetApplicationUnitTests_TrpfeUnitTest.AllPackages_AreReturnedWithOriginalCasePreserved" />
    </UnitTest>
    <UnitTest name="Microsoft.Azure.Batch.AppPackageUnitTests.Tests.Commands.AppPackages.GetApplicationUnitTests_TrpfeUnitTest.IfThereAreMultipleApplications_TheCorrectOneIsReturned" storage="microsoft.azure.batch.apppackageunittests\microsoft.azure.batch.apppackageunittests.dll" id="01cebd58-a489-4da5-9e9d-98c0863fadbc">
      <Execution id="6a34b07e-2d8b-4ed9-b9f1-4a69825c9a0b" />
      <TestMethod codeBase="Microsoft.Azure.Batch.AppPackageUnitTests\Microsoft.Azure.Batch.AppPackageUnitTests.dll" adapterTypeName="Microsoft.VisualStudio.TestTools.TestTypes.Unit.UnitTestAdapter" className="Microsoft.Azure.Batch.AppPackageUnitTests.Tests.Commands.AppPackages.GetApplicationUnitTests_TrpfeUnitTest" name="Microsoft.Azure.Batch.AppPackageUnitTests.Tests.Commands.AppPackages.GetApplicationUnitTests_TrpfeUnitTest.IfThereAreMultipleApplications_TheCorrectOneIsReturned" />
    </UnitTest>
    <UnitTest name="Microsoft.Azure.Batch.AppPackageUnitTests.Tests.Commands.AppPackages.GetApplicationUnitTests_TrpfeUnitTest.ApplicationId_IsMatchedCaseInsensitively_AndReturnedWithOriginalCasePreserved" storage="microsoft.azure.batch.apppackageunittests\microsoft.azure.batch.apppackageunittests.dll" id="ada9c246-6419-4061-a176-1af30449a13d">
      <Execution id="2be88c7f-d004-4de7-beaa-5a9db994b0e9" />
      <TestMethod codeBase="Microsoft.Azure.Batch.AppPackageUnitTests\Microsoft.Azure.Batch.AppPackageUnitTests.dll" adapterTypeName="Microsoft.VisualStudio.TestTools.TestTypes.Unit.UnitTestAdapter" className="Microsoft.Azure.Batch.AppPackageUnitTests.Tests.Commands.AppPackages.GetApplicationUnitTests_TrpfeUnitTest" name="Microsoft.Azure.Batch.AppPackageUnitTests.Tests.Commands.AppPackages.GetApplicationUnitTests_TrpfeUnitTest.ApplicationId_IsMatchedCaseInsensitively_AndReturnedWithOriginalCasePreserved" />
    </UnitTest>
    <UnitTest name="Microsoft.Azure.Batch.AppPackageUnitTests.Tests.Commands.AppPackages.GetApplicationUnitTests_TrpfeUnitTest.IfThereIsNoApplication_CorrectExceptionIsThrown" storage="microsoft.azure.batch.apppackageunittests\microsoft.azure.batch.apppackageunittests.dll" id="5cbfe931-345c-4de2-9042-4b90c95d44d6">
      <Execution id="9dd48861-3938-4ded-a162-4176848e32cf" />
      <TestMethod codeBase="Microsoft.Azure.Batch.AppPackageUnitTests\Microsoft.Azure.Batch.AppPackageUnitTests.dll" adapterTypeName="Microsoft.VisualStudio.TestTools.TestTypes.Unit.UnitTestAdapter" className="Microsoft.Azure.Batch.AppPackageUnitTests.Tests.Commands.AppPackages.GetApplicationUnitTests_TrpfeUnitTest" name="Microsoft.Azure.Batch.AppPackageUnitTests.Tests.Commands.AppPackages.GetApplicationUnitTests_TrpfeUnitTest.IfThereIsNoApplication_CorrectExceptionIsThrown" />
    </UnitTest>
    <UnitTest name="Microsoft.Azure.Batch.AppPackageUnitTests.Tests.Commands.AppPackages.GetApplicationUnitTests_TrpfeUnitTest.IfThereIsOneApplication_ThenItIsReturned" storage="microsoft.azure.batch.apppackageunittests\microsoft.azure.batch.apppackageunittests.dll" id="30da6021-a73d-47aa-8115-bc7d2f53612c">
      <Execution id="0637cb77-e585-4695-b217-2b9ee92a1e0d" />
      <TestMethod codeBase="Microsoft.Azure.Batch.AppPackageUnitTests\Microsoft.Azure.Batch.AppPackageUnitTests.dll" adapterTypeName="Microsoft.VisualStudio.TestTools.TestTypes.Unit.UnitTestAdapter" className="Microsoft.Azure.Batch.AppPackageUnitTests.Tests.Commands.AppPackages.GetApplicationUnitTests_TrpfeUnitTest" name="Microsoft.Azure.Batch.AppPackageUnitTests.Tests.Commands.AppPackages.GetApplicationUnitTests_TrpfeUnitTest.IfThereIsOneApplication_ThenItIsReturned" />
    </UnitTest>
    <UnitTest name="Microsoft.Azure.Batch.AppPackageUnitTests.Tests.TRPFE.ListApplicationsUnitTests.WhenMaxResultsAreReturnedFromTableStorage_Request2_AndNextLinkIsProvided_AppsWithPartReturnedRecords_ArentSentInResponse_AndArePointedToByNextLink" storage="microsoft.azure.batch.apppackageunittests\microsoft.azure.batch.apppackageunittests.dll" id="e521b6d0-6a60-43c5-8d6d-170ce59a9729">
      <Execution id="eba6c482-b001-4b2e-bb94-1159b59265f3" />
      <TestMethod codeBase="Microsoft.Azure.Batch.AppPackageUnitTests\Microsoft.Azure.Batch.AppPackageUnitTests.dll" adapterTypeName="Microsoft.VisualStudio.TestTools.TestTypes.Unit.UnitTestAdapter" className="Microsoft.Azure.Batch.AppPackageUnitTests.Tests.TRPFE.ListApplicationsUnitTests" name="Microsoft.Azure.Batch.AppPackageUnitTests.Tests.TRPFE.ListApplicationsUnitTests.WhenMaxResultsAreReturnedFromTableStorage_Request2_AndNextLinkIsProvided_AppsWithPartReturnedRecords_ArentSentInResponse_AndArePointedToByNextLink" />
    </UnitTest>
    <UnitTest name="Microsoft.Azure.Batch.AppPackageUnitTests.Tests.TRPFE.ListApplicationsUnitTests.WhenMaxResultsAreReturnedFromTableStorage_Request4_AndRecordsReturnedFromStorage_IncludeLastRecord_FinalAppIsSentInResponse_AndNoNextLink" storage="microsoft.azure.batch.apppackageunittests\microsoft.azure.batch.apppackageunittests.dll" id="a1d96961-dced-460a-a0dc-136c963fe60b">
      <Execution id="9a4480f9-d345-4c24-876c-79d72c965372" />
      <TestMethod codeBase="Microsoft.Azure.Batch.AppPackageUnitTests\Microsoft.Azure.Batch.AppPackageUnitTests.dll" adapterTypeName="Microsoft.VisualStudio.TestTools.TestTypes.Unit.UnitTestAdapter" className="Microsoft.Azure.Batch.AppPackageUnitTests.Tests.TRPFE.ListApplicationsUnitTests" name="Microsoft.Azure.Batch.AppPackageUnitTests.Tests.TRPFE.ListApplicationsUnitTests.WhenMaxResultsAreReturnedFromTableStorage_Request4_AndRecordsReturnedFromStorage_IncludeLastRecord_FinalAppIsSentInResponse_AndNoNextLink" />
    </UnitTest>
    <UnitTest name="Microsoft.Azure.Batch.AppPackageUnitTests.Tests.TRPFE.ListApplicationsUnitTests.WhenMaxResultsAreReturnedFromTableStorage_Request1__AppsWithPartReturnedRecords_ArentSentInResponse_AndArePointedToByNextLink" storage="microsoft.azure.batch.apppackageunittests\microsoft.azure.batch.apppackageunittests.dll" id="e971b702-26fc-4e53-97df-38416ab562e3">
      <Execution id="6fdda4a9-5b2e-4314-99df-f3311c2fb973" />
      <TestMethod codeBase="Microsoft.Azure.Batch.AppPackageUnitTests\Microsoft.Azure.Batch.AppPackageUnitTests.dll" adapterTypeName="Microsoft.VisualStudio.TestTools.TestTypes.Unit.UnitTestAdapter" className="Microsoft.Azure.Batch.AppPackageUnitTests.Tests.TRPFE.ListApplicationsUnitTests" name="Microsoft.Azure.Batch.AppPackageUnitTests.Tests.TRPFE.ListApplicationsUnitTests.WhenMaxResultsAreReturnedFromTableStorage_Request1__AppsWithPartReturnedRecords_ArentSentInResponse_AndArePointedToByNextLink" />
    </UnitTest>
    <UnitTest name="Microsoft.Azure.Batch.AppPackageUnitTests.Tests.TRPFE.ListApplicationsUnitTests.WhenMaxResultsAreReturnedFromTableStorage_Request3_AndNextLinkIsProvided_ReturnsCorrectMultipleAppsInResponse_AndCorrectNextLink" storage="microsoft.azure.batch.apppackageunittests\microsoft.azure.batch.apppackageunittests.dll" id="0666ec88-b663-4803-8b59-65abe2717aab">
      <Execution id="dd8e2357-dc97-4314-b0d0-e9f16817868f" />
      <TestMethod codeBase="Microsoft.Azure.Batch.AppPackageUnitTests\Microsoft.Azure.Batch.AppPackageUnitTests.dll" adapterTypeName="Microsoft.VisualStudio.TestTools.TestTypes.Unit.UnitTestAdapter" className="Microsoft.Azure.Batch.AppPackageUnitTests.Tests.TRPFE.ListApplicationsUnitTests" name="Microsoft.Azure.Batch.AppPackageUnitTests.Tests.TRPFE.ListApplicationsUnitTests.WhenMaxResultsAreReturnedFromTableStorage_Request3_AndNextLinkIsProvided_ReturnsCorrectMultipleAppsInResponse_AndCorrectNextLink" />
    </UnitTest>
    <UnitTest name="Microsoft.Azure.Batch.AppPackageUnitTests.Tests.TRPFE.ListApplicationSummariesUnitTests.WhenMaxResultsAreReturnedFromTableStorage_Request1__AppsWithPartReturnedRecords_ArentSentInResponse_AndArePointedToByNextLink" storage="microsoft.azure.batch.apppackageunittests\microsoft.azure.batch.apppackageunittests.dll" id="57f6482e-4e5b-40a2-bcaa-386130c92b91">
      <Execution id="dfd3d474-9abb-46dc-b4cd-e2e426cc861d" />
      <TestMethod codeBase="Microsoft.Azure.Batch.AppPackageUnitTests\Microsoft.Azure.Batch.AppPackageUnitTests.dll" adapterTypeName="Microsoft.VisualStudio.TestTools.TestTypes.Unit.UnitTestAdapter" className="Microsoft.Azure.Batch.AppPackageUnitTests.Tests.TRPFE.ListApplicationSummariesUnitTests" name="Microsoft.Azure.Batch.AppPackageUnitTests.Tests.TRPFE.ListApplicationSummariesUnitTests.WhenMaxResultsAreReturnedFromTableStorage_Request1__AppsWithPartReturnedRecords_ArentSentInResponse_AndArePointedToByNextLink" />
    </UnitTest>
    <UnitTest name="Microsoft.Azure.Batch.AppPackageUnitTests.Tests.TRPFE.ListApplicationSummariesUnitTests.WhenMaxResultsAreReturnedFromTableStorage_Request2_AndNextLinkIsProvided_AppsWithPartReturnedRecords_ArentSentInResponse_AndArePointedToByNextLink" storage="microsoft.azure.batch.apppackageunittests\microsoft.azure.batch.apppackageunittests.dll" id="c0651891-67d0-4466-b5a2-f82f88cbd69c">
      <Execution id="8000c906-963f-43ad-8e4e-158d586db715" />
      <TestMethod codeBase="Microsoft.Azure.Batch.AppPackageUnitTests\Microsoft.Azure.Batch.AppPackageUnitTests.dll" adapterTypeName="Microsoft.VisualStudio.TestTools.TestTypes.Unit.UnitTestAdapter" className="Microsoft.Azure.Batch.AppPackageUnitTests.Tests.TRPFE.ListApplicationSummariesUnitTests" name="Microsoft.Azure.Batch.AppPackageUnitTests.Tests.TRPFE.ListApplicationSummariesUnitTests.WhenMaxResultsAreReturnedFromTableStorage_Request2_AndNextLinkIsProvided_AppsWithPartReturnedRecords_ArentSentInResponse_AndArePointedToByNextLink" />
    </UnitTest>
    <UnitTest name="Microsoft.Azure.Batch.AppPackageUnitTests.Tests.TRPFE.ListApplicationSummariesUnitTests.WhenMaxResultsAreReturnedFromTableStorage_Request5_AndRecordsReturnedFromStorage_IncludeLastRecord_FinalAppIsSentInResponse_AndNoNextLink" storage="microsoft.azure.batch.apppackageunittests\microsoft.azure.batch.apppackageunittests.dll" id="e7a81e8d-3504-47c5-88f5-f5b5973f4857">
      <Execution id="c800c769-0165-4452-8aee-e108925122eb" />
      <TestMethod codeBase="Microsoft.Azure.Batch.AppPackageUnitTests\Microsoft.Azure.Batch.AppPackageUnitTests.dll" adapterTypeName="Microsoft.VisualStudio.TestTools.TestTypes.Unit.UnitTestAdapter" className="Microsoft.Azure.Batch.AppPackageUnitTests.Tests.TRPFE.ListApplicationSummariesUnitTests" name="Microsoft.Azure.Batch.AppPackageUnitTests.Tests.TRPFE.ListApplicationSummariesUnitTests.WhenMaxResultsAreReturnedFromTableStorage_Request5_AndRecordsReturnedFromStorage_IncludeLastRecord_FinalAppIsSentInResponse_AndNoNextLink" />
    </UnitTest>
    <UnitTest name="Microsoft.Azure.Batch.AppPackageUnitTests.Tests.TRPFE.ListApplicationSummariesUnitTests.WhenMaxResultsAreReturnedFromTableStorage_Request4_AndNextLinkPointsToAppWhichIsHasOnlyPendingPackages_ItIsExcludedFromResponse" storage="microsoft.azure.batch.apppackageunittests\microsoft.azure.batch.apppackageunittests.dll" id="ae1325ce-8ac3-45c6-a908-601fbf29eea2">
      <Execution id="0795d7bf-aad1-4675-91e6-8e458854a7f3" />
      <TestMethod codeBase="Microsoft.Azure.Batch.AppPackageUnitTests\Microsoft.Azure.Batch.AppPackageUnitTests.dll" adapterTypeName="Microsoft.VisualStudio.TestTools.TestTypes.Unit.UnitTestAdapter" className="Microsoft.Azure.Batch.AppPackageUnitTests.Tests.TRPFE.ListApplicationSummariesUnitTests" name="Microsoft.Azure.Batch.AppPackageUnitTests.Tests.TRPFE.ListApplicationSummariesUnitTests.WhenMaxResultsAreReturnedFromTableStorage_Request4_AndNextLinkPointsToAppWhichIsHasOnlyPendingPackages_ItIsExcludedFromResponse" />
    </UnitTest>
    <UnitTest name="Microsoft.Azure.Batch.AppPackageUnitTests.Tests.TRPFE.ListApplicationSummariesUnitTests.WhenMaxResultsAreReturnedFromTableStorage_Request3_AndNextLinkIsProvided_ReturnsCorrectMultipleAppsInResponse_AndCorrectNextLink" storage="microsoft.azure.batch.apppackageunittests\microsoft.azure.batch.apppackageunittests.dll" id="f05cdbe2-8260-4b45-a48e-f6a0a7b6b95f">
      <Execution id="a3a95075-ca2a-45cb-9aa4-08834398e670" />
      <TestMethod codeBase="Microsoft.Azure.Batch.AppPackageUnitTests\Microsoft.Azure.Batch.AppPackageUnitTests.dll" adapterTypeName="Microsoft.VisualStudio.TestTools.TestTypes.Unit.UnitTestAdapter" className="Microsoft.Azure.Batch.AppPackageUnitTests.Tests.TRPFE.ListApplicationSummariesUnitTests" name="Microsoft.Azure.Batch.AppPackageUnitTests.Tests.TRPFE.ListApplicationSummariesUnitTests.WhenMaxResultsAreReturnedFromTableStorage_Request3_AndNextLinkIsProvided_ReturnsCorrectMultipleAppsInResponse_AndCorrectNextLink" />
    </UnitTest>
    <UnitTest name="Microsoft.Azure.Batch.AppPackageUnitTests.Tests.Commands.AppPackages.GetApplicationPackageUnitTests_TrpfeUnitTest.IfThereIsOneApplicationPackage_WithAllowUpdatesTrue_ThenStorageUrl_IsReadWrite" storage="microsoft.azure.batch.apppackageunittests\microsoft.azure.batch.apppackageunittests.dll" id="233a9fd6-7cd6-47f4-be54-947915be5cf6">
      <Execution id="f10c20f0-6136-4667-b69f-3dc3b73ffe13" />
      <TestMethod codeBase="Microsoft.Azure.Batch.AppPackageUnitTests\Microsoft.Azure.Batch.AppPackageUnitTests.dll" adapterTypeName="Microsoft.VisualStudio.TestTools.TestTypes.Unit.UnitTestAdapter" className="Microsoft.Azure.Batch.AppPackageUnitTests.Tests.Commands.AppPackages.GetApplicationPackageUnitTests_TrpfeUnitTest" name="Microsoft.Azure.Batch.AppPackageUnitTests.Tests.Commands.AppPackages.GetApplicationPackageUnitTests_TrpfeUnitTest.IfThereIsOneApplicationPackage_WithAllowUpdatesTrue_ThenStorageUrl_IsReadWrite" />
    </UnitTest>
    <UnitTest name="Microsoft.Azure.Batch.AppPackageUnitTests.Tests.Commands.AppPackages.GetApplicationPackageUnitTests_TrpfeUnitTest.IfThereIsNoApplicationPackageRecord_CorrectExceptionIsThrown" storage="microsoft.azure.batch.apppackageunittests\microsoft.azure.batch.apppackageunittests.dll" id="14ae3eb8-d5ff-4697-893e-1ea383eb0876">
      <Execution id="0abfd7f8-bac5-4ded-9180-b39e3d320279" />
      <TestMethod codeBase="Microsoft.Azure.Batch.AppPackageUnitTests\Microsoft.Azure.Batch.AppPackageUnitTests.dll" adapterTypeName="Microsoft.VisualStudio.TestTools.TestTypes.Unit.UnitTestAdapter" className="Microsoft.Azure.Batch.AppPackageUnitTests.Tests.Commands.AppPackages.GetApplicationPackageUnitTests_TrpfeUnitTest" name="Microsoft.Azure.Batch.AppPackageUnitTests.Tests.Commands.AppPackages.GetApplicationPackageUnitTests_TrpfeUnitTest.IfThereIsNoApplicationPackageRecord_CorrectExceptionIsThrown" />
    </UnitTest>
    <UnitTest name="Microsoft.Azure.Batch.AppPackageUnitTests.Tests.Commands.AppPackages.GetApplicationPackageUnitTests_TrpfeUnitTest.CantDeleteUsingSasTokenReturned_WhenAllowUpdatesIsTrue" storage="microsoft.azure.batch.apppackageunittests\microsoft.azure.batch.apppackageunittests.dll" id="4ac0a3c4-d434-489a-bd84-2a12680dde6f">
      <Execution id="460a1fbd-0f34-4b28-b9a8-64727ee471f9" />
      <TestMethod codeBase="Microsoft.Azure.Batch.AppPackageUnitTests\Microsoft.Azure.Batch.AppPackageUnitTests.dll" adapterTypeName="Microsoft.VisualStudio.TestTools.TestTypes.Unit.UnitTestAdapter" className="Microsoft.Azure.Batch.AppPackageUnitTests.Tests.Commands.AppPackages.GetApplicationPackageUnitTests_TrpfeUnitTest" name="Microsoft.Azure.Batch.AppPackageUnitTests.Tests.Commands.AppPackages.GetApplicationPackageUnitTests_TrpfeUnitTest.CantDeleteUsingSasTokenReturned_WhenAllowUpdatesIsTrue" />
    </UnitTest>
    <UnitTest name="Microsoft.Azure.Batch.AppPackageUnitTests.Tests.Commands.AppPackages.GetApplicationPackageUnitTests_TrpfeUnitTest.ApplicationIdAndPackageVersion_AreMatchedCaseInsensitively_AndReturnedWithOriginalCasePreserved" storage="microsoft.azure.batch.apppackageunittests\microsoft.azure.batch.apppackageunittests.dll" id="5c65220d-cac6-4588-8167-691909a56608">
      <Execution id="81deefc3-b3f0-4a73-b6dc-d84cf3ece2ae" />
      <TestMethod codeBase="Microsoft.Azure.Batch.AppPackageUnitTests\Microsoft.Azure.Batch.AppPackageUnitTests.dll" adapterTypeName="Microsoft.VisualStudio.TestTools.TestTypes.Unit.UnitTestAdapter" className="Microsoft.Azure.Batch.AppPackageUnitTests.Tests.Commands.AppPackages.GetApplicationPackageUnitTests_TrpfeUnitTest" name="Microsoft.Azure.Batch.AppPackageUnitTests.Tests.Commands.AppPackages.GetApplicationPackageUnitTests_TrpfeUnitTest.ApplicationIdAndPackageVersion_AreMatchedCaseInsensitively_AndReturnedWithOriginalCasePreserved" />
    </UnitTest>
    <UnitTest name="Microsoft.Azure.Batch.AppPackageUnitTests.Tests.Commands.AppPackages.GetApplicationPackageUnitTests_TrpfeUnitTest.IfThereIsOneApplicationPackage_ThatHasntBeenActivated_ThenItIsReturned_WithExpectedValues_AndLastActivatedTimeNull" storage="microsoft.azure.batch.apppackageunittests\microsoft.azure.batch.apppackageunittests.dll" id="be28b75a-a6f2-4611-b71c-628a38c3092e">
      <Execution id="b1806b1a-6832-42a3-b0b5-c5bb0d6f4b42" />
      <TestMethod codeBase="Microsoft.Azure.Batch.AppPackageUnitTests\Microsoft.Azure.Batch.AppPackageUnitTests.dll" adapterTypeName="Microsoft.VisualStudio.TestTools.TestTypes.Unit.UnitTestAdapter" className="Microsoft.Azure.Batch.AppPackageUnitTests.Tests.Commands.AppPackages.GetApplicationPackageUnitTests_TrpfeUnitTest" name="Microsoft.Azure.Batch.AppPackageUnitTests.Tests.Commands.AppPackages.GetApplicationPackageUnitTests_TrpfeUnitTest.IfThereIsOneApplicationPackage_ThatHasntBeenActivated_ThenItIsReturned_WithExpectedValues_AndLastActivatedTimeNull" />
    </UnitTest>
    <UnitTest name="Microsoft.Azure.Batch.AppPackageUnitTests.Tests.Commands.AppPackages.GetApplicationPackageUnitTests_TrpfeUnitTest.IfThereIsOneApplicationPackage_WithAllowUpdatesFalse_ThenStorageUrl_IsReadOnly" storage="microsoft.azure.batch.apppackageunittests\microsoft.azure.batch.apppackageunittests.dll" id="94280131-5e46-4d24-8cf3-b34712662a6c">
      <Execution id="9deb1d8e-0f8d-4da3-8ad4-dd84be58bb1e" />
      <TestMethod codeBase="Microsoft.Azure.Batch.AppPackageUnitTests\Microsoft.Azure.Batch.AppPackageUnitTests.dll" adapterTypeName="Microsoft.VisualStudio.TestTools.TestTypes.Unit.UnitTestAdapter" className="Microsoft.Azure.Batch.AppPackageUnitTests.Tests.Commands.AppPackages.GetApplicationPackageUnitTests_TrpfeUnitTest" name="Microsoft.Azure.Batch.AppPackageUnitTests.Tests.Commands.AppPackages.GetApplicationPackageUnitTests_TrpfeUnitTest.IfThereIsOneApplicationPackage_WithAllowUpdatesFalse_ThenStorageUrl_IsReadOnly" />
    </UnitTest>
    <UnitTest name="Microsoft.Azure.Batch.AppPackageUnitTests.Tests.Commands.AppPackages.ListApplicationSummariesUnitTests_TlsfeUnitTest.IfThereIsASingleApplication_WithOnlyPendingPackages_ItIsNotReturned_AndNoNextLink" storage="microsoft.azure.batch.apppackageunittests\microsoft.azure.batch.apppackageunittests.dll" id="30b65bfc-c62d-41f8-bc49-78ff457de648">
      <Execution id="4a608d17-6246-4a4f-990c-fa9aca282864" />
      <TestMethod codeBase="Microsoft.Azure.Batch.AppPackageUnitTests\Microsoft.Azure.Batch.AppPackageUnitTests.dll" adapterTypeName="Microsoft.VisualStudio.TestTools.TestTypes.Unit.UnitTestAdapter" className="Microsoft.Azure.Batch.AppPackageUnitTests.Tests.Commands.AppPackages.ListApplicationSummariesUnitTests_TlsfeUnitTest" name="Microsoft.Azure.Batch.AppPackageUnitTests.Tests.Commands.AppPackages.ListApplicationSummariesUnitTests_TlsfeUnitTest.IfThereIsASingleApplication_WithOnlyPendingPackages_ItIsNotReturned_AndNoNextLink" />
    </UnitTest>
    <UnitTest name="Microsoft.Azure.Batch.AppPackageUnitTests.Tests.Commands.AppPackages.ListApplicationSummariesUnitTests_TlsfeUnitTest.IfValidSkipTokenIsPassedIn_AndMaxResultsIsSpecified_AndResultsDontFitInOneResponse_ThenMaxResultsLexicographicallyGreaterOrEqualApplicationsAreReturned_AndResponseIncludesValidNextLink" storage="microsoft.azure.batch.apppackageunittests\microsoft.azure.batch.apppackageunittests.dll" id="9744147c-af4c-405f-bdfc-6cb604e2bb8c">
      <Execution id="f25dee1c-ac02-443d-b4d9-1fb4dda20c35" />
      <TestMethod codeBase="Microsoft.Azure.Batch.AppPackageUnitTests\Microsoft.Azure.Batch.AppPackageUnitTests.dll" adapterTypeName="Microsoft.VisualStudio.TestTools.TestTypes.Unit.UnitTestAdapter" className="Microsoft.Azure.Batch.AppPackageUnitTests.Tests.Commands.AppPackages.ListApplicationSummariesUnitTests_TlsfeUnitTest" name="Microsoft.Azure.Batch.AppPackageUnitTests.Tests.Commands.AppPackages.ListApplicationSummariesUnitTests_TlsfeUnitTest.IfValidSkipTokenIsPassedIn_AndMaxResultsIsSpecified_AndResultsDontFitInOneResponse_ThenMaxResultsLexicographicallyGreaterOrEqualApplicationsAreReturned_AndResponseIncludesValidNextLink" />
    </UnitTest>
    <UnitTest name="Microsoft.Azure.Batch.AppPackageUnitTests.Tests.Commands.AppPackages.ListApplicationSummariesUnitTests_TlsfeUnitTest.ApplicationsAreReturned_WithApplicationIdAndVersion_PreservingCase" storage="microsoft.azure.batch.apppackageunittests\microsoft.azure.batch.apppackageunittests.dll" id="5f2c42c6-1da3-49d0-979f-b36ed8323ec2">
      <Execution id="45ff7722-ae4a-4174-99ac-b49bc94b1348" />
      <TestMethod codeBase="Microsoft.Azure.Batch.AppPackageUnitTests\Microsoft.Azure.Batch.AppPackageUnitTests.dll" adapterTypeName="Microsoft.VisualStudio.TestTools.TestTypes.Unit.UnitTestAdapter" className="Microsoft.Azure.Batch.AppPackageUnitTests.Tests.Commands.AppPackages.ListApplicationSummariesUnitTests_TlsfeUnitTest" name="Microsoft.Azure.Batch.AppPackageUnitTests.Tests.Commands.AppPackages.ListApplicationSummariesUnitTests_TlsfeUnitTest.ApplicationsAreReturned_WithApplicationIdAndVersion_PreservingCase" />
    </UnitTest>
    <UnitTest name="Microsoft.Azure.Batch.AppPackageUnitTests.Tests.Commands.AppPackages.ListApplicationSummariesUnitTests_TlsfeUnitTest.IfValidSkipTokenIsPassedIn_AndMaxResultsIsSpecified_AndResultsFitInOneResponse_ThenMaxResultsLexicographicallyGreaterOrEqualApplicationsAreReturned_AndNextLinkIsNull" storage="microsoft.azure.batch.apppackageunittests\microsoft.azure.batch.apppackageunittests.dll" id="129c9b93-7455-476a-a4de-0bd7ce74b130">
      <Execution id="f7c26d3c-2662-4cdd-a707-5321ba225029" />
      <TestMethod codeBase="Microsoft.Azure.Batch.AppPackageUnitTests\Microsoft.Azure.Batch.AppPackageUnitTests.dll" adapterTypeName="Microsoft.VisualStudio.TestTools.TestTypes.Unit.UnitTestAdapter" className="Microsoft.Azure.Batch.AppPackageUnitTests.Tests.Commands.AppPackages.ListApplicationSummariesUnitTests_TlsfeUnitTest" name="Microsoft.Azure.Batch.AppPackageUnitTests.Tests.Commands.AppPackages.ListApplicationSummariesUnitTests_TlsfeUnitTest.IfValidSkipTokenIsPassedIn_AndMaxResultsIsSpecified_AndResultsFitInOneResponse_ThenMaxResultsLexicographicallyGreaterOrEqualApplicationsAreReturned_AndNextLinkIsNull" />
    </UnitTest>
    <UnitTest name="Microsoft.Azure.Batch.AppPackageUnitTests.Tests.Commands.AppPackages.ListApplicationSummariesUnitTests_TlsfeUnitTest.IfApplicationPointedToByNextLink_HasBeenDeleted_SkipTokenStillFunctions" storage="microsoft.azure.batch.apppackageunittests\microsoft.azure.batch.apppackageunittests.dll" id="afb6b0eb-2f13-462f-8655-864fda9ddfaf">
      <Execution id="6ad3d646-1b6c-468a-9302-8ec70951ff11" />
      <TestMethod codeBase="Microsoft.Azure.Batch.AppPackageUnitTests\Microsoft.Azure.Batch.AppPackageUnitTests.dll" adapterTypeName="Microsoft.VisualStudio.TestTools.TestTypes.Unit.UnitTestAdapter" className="Microsoft.Azure.Batch.AppPackageUnitTests.Tests.Commands.AppPackages.ListApplicationSummariesUnitTests_TlsfeUnitTest" name="Microsoft.Azure.Batch.AppPackageUnitTests.Tests.Commands.AppPackages.ListApplicationSummariesUnitTests_TlsfeUnitTest.IfApplicationPointedToByNextLink_HasBeenDeleted_SkipTokenStillFunctions" />
    </UnitTest>
    <UnitTest name="Microsoft.Azure.Batch.AppPackageUnitTests.Tests.Commands.AppPackages.ListApplicationSummariesUnitTests_TlsfeUnitTest.IfThereAreNoApplications_ThenTheListIsEmpty_AndNoNextLink" storage="microsoft.azure.batch.apppackageunittests\microsoft.azure.batch.apppackageunittests.dll" id="1271d415-afc2-4247-b11c-f340e5786d41">
      <Execution id="8f2b87a9-b3d6-4eb8-af26-863942a4cc3f" />
      <TestMethod codeBase="Microsoft.Azure.Batch.AppPackageUnitTests\Microsoft.Azure.Batch.AppPackageUnitTests.dll" adapterTypeName="Microsoft.VisualStudio.TestTools.TestTypes.Unit.UnitTestAdapter" className="Microsoft.Azure.Batch.AppPackageUnitTests.Tests.Commands.AppPackages.ListApplicationSummariesUnitTests_TlsfeUnitTest" name="Microsoft.Azure.Batch.AppPackageUnitTests.Tests.Commands.AppPackages.ListApplicationSummariesUnitTests_TlsfeUnitTest.IfThereAreNoApplications_ThenTheListIsEmpty_AndNoNextLink" />
    </UnitTest>
    <UnitTest name="Microsoft.Azure.Batch.AppPackageUnitTests.Tests.Commands.AppPackages.ListApplicationSummariesUnitTests_TlsfeUnitTest.IfAnApplicationHasPendingAndActivePackages_AndResultsFitInOneResponse_OnlyActivePackagesAreReturned_AndNoNextLink" storage="microsoft.azure.batch.apppackageunittests\microsoft.azure.batch.apppackageunittests.dll" id="9c309047-7b40-4127-9e44-7ffb26c0f6e9">
      <Execution id="28bdc544-e2fd-4aa0-a8fe-1d675c2a1187" />
      <TestMethod codeBase="Microsoft.Azure.Batch.AppPackageUnitTests\Microsoft.Azure.Batch.AppPackageUnitTests.dll" adapterTypeName="Microsoft.VisualStudio.TestTools.TestTypes.Unit.UnitTestAdapter" className="Microsoft.Azure.Batch.AppPackageUnitTests.Tests.Commands.AppPackages.ListApplicationSummariesUnitTests_TlsfeUnitTest" name="Microsoft.Azure.Batch.AppPackageUnitTests.Tests.Commands.AppPackages.ListApplicationSummariesUnitTests_TlsfeUnitTest.IfAnApplicationHasPendingAndActivePackages_AndResultsFitInOneResponse_OnlyActivePackagesAreReturned_AndNoNextLink" />
    </UnitTest>
    <UnitTest name="Microsoft.Azure.Batch.AppPackageUnitTests.Tests.Commands.AppPackages.ListApplicationSummariesUnitTests_TlsfeUnitTest.IfThereAreOnlyApplications_WithPendingPackages_ThenTheListIsEmpty_AndNoNextLink" storage="microsoft.azure.batch.apppackageunittests\microsoft.azure.batch.apppackageunittests.dll" id="a69bd1c5-f8a4-4dd5-aea7-4990466be344">
      <Execution id="08279d5b-4860-4292-8ab9-03e77bfe1560" />
      <TestMethod codeBase="Microsoft.Azure.Batch.AppPackageUnitTests\Microsoft.Azure.Batch.AppPackageUnitTests.dll" adapterTypeName="Microsoft.VisualStudio.TestTools.TestTypes.Unit.UnitTestAdapter" className="Microsoft.Azure.Batch.AppPackageUnitTests.Tests.Commands.AppPackages.ListApplicationSummariesUnitTests_TlsfeUnitTest" name="Microsoft.Azure.Batch.AppPackageUnitTests.Tests.Commands.AppPackages.ListApplicationSummariesUnitTests_TlsfeUnitTest.IfThereAreOnlyApplications_WithPendingPackages_ThenTheListIsEmpty_AndNoNextLink" />
    </UnitTest>
    <UnitTest name="Microsoft.Azure.Batch.AppPackageUnitTests.Tests.Commands.AppPackages.ListApplicationSummariesUnitTests_TlsfeUnitTest.MaxResultsIsRespected_AndTopLexicographicallyOrderedApplicationsAreReturnedFirst" storage="microsoft.azure.batch.apppackageunittests\microsoft.azure.batch.apppackageunittests.dll" id="eae22984-1986-4248-8020-8445a40bdcf4">
      <Execution id="224253d0-e439-4085-abaa-499dbb8400cb" />
      <TestMethod codeBase="Microsoft.Azure.Batch.AppPackageUnitTests\Microsoft.Azure.Batch.AppPackageUnitTests.dll" adapterTypeName="Microsoft.VisualStudio.TestTools.TestTypes.Unit.UnitTestAdapter" className="Microsoft.Azure.Batch.AppPackageUnitTests.Tests.Commands.AppPackages.ListApplicationSummariesUnitTests_TlsfeUnitTest" name="Microsoft.Azure.Batch.AppPackageUnitTests.Tests.Commands.AppPackages.ListApplicationSummariesUnitTests_TlsfeUnitTest.MaxResultsIsRespected_AndTopLexicographicallyOrderedApplicationsAreReturnedFirst" />
    </UnitTest>
    <UnitTest name="Microsoft.Azure.Batch.AppPackageUnitTests.Tests.Commands.AppPackages.ListApplicationSummariesUnitTests_TlsfeUnitTest.IfValidSkipTokenIsPassedIn_ButThereAreNoMoreValidApplicationsToReturn_ThenNothingIsReturned_AndNextLinkIsNull" storage="microsoft.azure.batch.apppackageunittests\microsoft.azure.batch.apppackageunittests.dll" id="68c98053-0bd9-494a-a7cb-bff508b50b2a">
      <Execution id="9bc0997a-bdb7-4fe1-8142-d9f137166a82" />
      <TestMethod codeBase="Microsoft.Azure.Batch.AppPackageUnitTests\Microsoft.Azure.Batch.AppPackageUnitTests.dll" adapterTypeName="Microsoft.VisualStudio.TestTools.TestTypes.Unit.UnitTestAdapter" className="Microsoft.Azure.Batch.AppPackageUnitTests.Tests.Commands.AppPackages.ListApplicationSummariesUnitTests_TlsfeUnitTest" name="Microsoft.Azure.Batch.AppPackageUnitTests.Tests.Commands.AppPackages.ListApplicationSummariesUnitTests_TlsfeUnitTest.IfValidSkipTokenIsPassedIn_ButThereAreNoMoreValidApplicationsToReturn_ThenNothingIsReturned_AndNextLinkIsNull" />
    </UnitTest>
    <UnitTest name="Microsoft.Azure.Batch.AppPackageUnitTests.Tests.Commands.AppPackages.ListApplicationSummariesUnitTests_TlsfeUnitTest.IfThereAreOnlyApplicationsForOtherAccounts_ThenTheListIsEmpty_AndNoNextLink" storage="microsoft.azure.batch.apppackageunittests\microsoft.azure.batch.apppackageunittests.dll" id="c125cfc3-71a8-4aa9-b2c2-8e299ec81b9c">
      <Execution id="99fbc141-de56-4f4b-9416-e6b5a378296d" />
      <TestMethod codeBase="Microsoft.Azure.Batch.AppPackageUnitTests\Microsoft.Azure.Batch.AppPackageUnitTests.dll" adapterTypeName="Microsoft.VisualStudio.TestTools.TestTypes.Unit.UnitTestAdapter" className="Microsoft.Azure.Batch.AppPackageUnitTests.Tests.Commands.AppPackages.ListApplicationSummariesUnitTests_TlsfeUnitTest" name="Microsoft.Azure.Batch.AppPackageUnitTests.Tests.Commands.AppPackages.ListApplicationSummariesUnitTests_TlsfeUnitTest.IfThereAreOnlyApplicationsForOtherAccounts_ThenTheListIsEmpty_AndNoNextLink" />
    </UnitTest>
    <UnitTest name="Microsoft.Azure.Batch.AppPackageUnitTests.Tests.Commands.AppPackages.ListApplicationSummariesUnitTests_TlsfeUnitTest.IfThereIsOneApplication_ThenTheListContainsItsDetails_AndNoNextLink" storage="microsoft.azure.batch.apppackageunittests\microsoft.azure.batch.apppackageunittests.dll" id="2ced1f63-e511-4695-bc39-0b129b55086c">
      <Execution id="cee9e8b0-3a01-4a6b-9b9a-0e14d3342923" />
      <TestMethod codeBase="Microsoft.Azure.Batch.AppPackageUnitTests\Microsoft.Azure.Batch.AppPackageUnitTests.dll" adapterTypeName="Microsoft.VisualStudio.TestTools.TestTypes.Unit.UnitTestAdapter" className="Microsoft.Azure.Batch.AppPackageUnitTests.Tests.Commands.AppPackages.ListApplicationSummariesUnitTests_TlsfeUnitTest" name="Microsoft.Azure.Batch.AppPackageUnitTests.Tests.Commands.AppPackages.ListApplicationSummariesUnitTests_TlsfeUnitTest.IfThereIsOneApplication_ThenTheListContainsItsDetails_AndNoNextLink" />
    </UnitTest>
    <UnitTest name="Microsoft.Azure.Batch.AppPackageUnitTests.Tests.Commands.AppPackages.ListApplicationSummariesUnitTests_TlsfeUnitTest.IfAnApplicationHasNoPackages_ThenItIsNotReturned_AndNoNextLink" storage="microsoft.azure.batch.apppackageunittests\microsoft.azure.batch.apppackageunittests.dll" id="a11ef332-00da-4541-aa7c-22237263402a">
      <Execution id="7176e40c-177a-4ba2-9193-e302c6115ed2" />
      <TestMethod codeBase="Microsoft.Azure.Batch.AppPackageUnitTests\Microsoft.Azure.Batch.AppPackageUnitTests.dll" adapterTypeName="Microsoft.VisualStudio.TestTools.TestTypes.Unit.UnitTestAdapter" className="Microsoft.Azure.Batch.AppPackageUnitTests.Tests.Commands.AppPackages.ListApplicationSummariesUnitTests_TlsfeUnitTest" name="Microsoft.Azure.Batch.AppPackageUnitTests.Tests.Commands.AppPackages.ListApplicationSummariesUnitTests_TlsfeUnitTest.IfAnApplicationHasNoPackages_ThenItIsNotReturned_AndNoNextLink" />
    </UnitTest>
    <UnitTest name="Microsoft.Azure.Batch.AppPackageUnitTests.Tests.Commands.AppPackages.ListApplicationSummariesUnitTests_TlsfeUnitTest.IfThereAreMultipleApplications_ThatFitIneOnResponse_ThenTheListContainsTheirDetails_AndNoNextLink" storage="microsoft.azure.batch.apppackageunittests\microsoft.azure.batch.apppackageunittests.dll" id="2b28eb27-b395-411c-bb16-d53d20a2faa1">
      <Execution id="8390a498-a7e4-4bdc-93e1-80e9838f8521" />
      <TestMethod codeBase="Microsoft.Azure.Batch.AppPackageUnitTests\Microsoft.Azure.Batch.AppPackageUnitTests.dll" adapterTypeName="Microsoft.VisualStudio.TestTools.TestTypes.Unit.UnitTestAdapter" className="Microsoft.Azure.Batch.AppPackageUnitTests.Tests.Commands.AppPackages.ListApplicationSummariesUnitTests_TlsfeUnitTest" name="Microsoft.Azure.Batch.AppPackageUnitTests.Tests.Commands.AppPackages.ListApplicationSummariesUnitTests_TlsfeUnitTest.IfThereAreMultipleApplications_ThatFitIneOnResponse_ThenTheListContainsTheirDetails_AndNoNextLink" />
    </UnitTest>
    <UnitTest name="Microsoft.Azure.Batch.AppPackageUnitTests.Tests.Commands.AppPackages.ListApplicationSummariesUnitTests_TlsfeUnitTest.IfThereAreMultipleApplications_ThatFitInOneResponse_ThenOnlyTheActivePackagesAreReturned_AndNoNextLink" storage="microsoft.azure.batch.apppackageunittests\microsoft.azure.batch.apppackageunittests.dll" id="38f2fca4-f1fc-435d-89fa-b805964f4f5a">
      <Execution id="5fa183c6-f676-404e-b1d6-a40546555948" />
      <TestMethod codeBase="Microsoft.Azure.Batch.AppPackageUnitTests\Microsoft.Azure.Batch.AppPackageUnitTests.dll" adapterTypeName="Microsoft.VisualStudio.TestTools.TestTypes.Unit.UnitTestAdapter" className="Microsoft.Azure.Batch.AppPackageUnitTests.Tests.Commands.AppPackages.ListApplicationSummariesUnitTests_TlsfeUnitTest" name="Microsoft.Azure.Batch.AppPackageUnitTests.Tests.Commands.AppPackages.ListApplicationSummariesUnitTests_TlsfeUnitTest.IfThereAreMultipleApplications_ThatFitInOneResponse_ThenOnlyTheActivePackagesAreReturned_AndNoNextLink" />
    </UnitTest>
    <UnitTest name="Microsoft.Azure.Batch.AppPackageUnitTests.Tests.Commands.AppPackages.ListApplicationSummariesUnitTests_TlsfeUnitTest.IfValidSkipTokenIsPassedIn_AndResultsFitInOneResponse_ThenOnlyLexicographicallyGreaterOrEqualApplicationsAreReturned_AndNoNextLink" storage="microsoft.azure.batch.apppackageunittests\microsoft.azure.batch.apppackageunittests.dll" id="5562ea71-1b28-46ae-9de2-0f387f54dfba">
      <Execution id="4a7a3940-a2f3-4d26-b77e-ff70acfbc655" />
      <TestMethod codeBase="Microsoft.Azure.Batch.AppPackageUnitTests\Microsoft.Azure.Batch.AppPackageUnitTests.dll" adapterTypeName="Microsoft.VisualStudio.TestTools.TestTypes.Unit.UnitTestAdapter" className="Microsoft.Azure.Batch.AppPackageUnitTests.Tests.Commands.AppPackages.ListApplicationSummariesUnitTests_TlsfeUnitTest" name="Microsoft.Azure.Batch.AppPackageUnitTests.Tests.Commands.AppPackages.ListApplicationSummariesUnitTests_TlsfeUnitTest.IfValidSkipTokenIsPassedIn_AndResultsFitInOneResponse_ThenOnlyLexicographicallyGreaterOrEqualApplicationsAreReturned_AndNoNextLink" />
    </UnitTest>
    <UnitTest name="Microsoft.Azure.Batch.AppPackageUnitTests.Tests.Commands.AppPackages.ListApplicationSummariesUnitTests_TlsfeUnitTest.IfThereAreMultipleApplications_EachWithMultiplePackages_AndTheyFitInOneResponse_ThenTheListContainsTheirDetails_AndNoNextLink" storage="microsoft.azure.batch.apppackageunittests\microsoft.azure.batch.apppackageunittests.dll" id="e9ce8c12-79c1-4f07-93d0-cd7a1cb7a81c">
      <Execution id="d7f38bbe-6f83-4d81-8e7c-eccffc49af82" />
      <TestMethod codeBase="Microsoft.Azure.Batch.AppPackageUnitTests\Microsoft.Azure.Batch.AppPackageUnitTests.dll" adapterTypeName="Microsoft.VisualStudio.TestTools.TestTypes.Unit.UnitTestAdapter" className="Microsoft.Azure.Batch.AppPackageUnitTests.Tests.Commands.AppPackages.ListApplicationSummariesUnitTests_TlsfeUnitTest" name="Microsoft.Azure.Batch.AppPackageUnitTests.Tests.Commands.AppPackages.ListApplicationSummariesUnitTests_TlsfeUnitTest.IfThereAreMultipleApplications_EachWithMultiplePackages_AndTheyFitInOneResponse_ThenTheListContainsTheirDetails_AndNoNextLink" />
    </UnitTest>
    <UnitTest name="Microsoft.Azure.Batch.AppPackageUnitTests.Tests.Commands.AppPackages.ListApplicationSummariesUnitTests_TlsfeUnitTest.WhenMaxResultsAreReturned_AndThereAreMoreResults_ResponseIncludesValidNextLink" storage="microsoft.azure.batch.apppackageunittests\microsoft.azure.batch.apppackageunittests.dll" id="5c5d16a5-5e5d-4f78-b157-c3b0da2463eb">
      <Execution id="9734b4b0-5cbb-4a59-847d-91aa18b9400b" />
      <TestMethod codeBase="Microsoft.Azure.Batch.AppPackageUnitTests\Microsoft.Azure.Batch.AppPackageUnitTests.dll" adapterTypeName="Microsoft.VisualStudio.TestTools.TestTypes.Unit.UnitTestAdapter" className="Microsoft.Azure.Batch.AppPackageUnitTests.Tests.Commands.AppPackages.ListApplicationSummariesUnitTests_TlsfeUnitTest" name="Microsoft.Azure.Batch.AppPackageUnitTests.Tests.Commands.AppPackages.ListApplicationSummariesUnitTests_TlsfeUnitTest.WhenMaxResultsAreReturned_AndThereAreMoreResults_ResponseIncludesValidNextLink" />
    </UnitTest>
    <UnitTest name="CanSerialiseStorageUrl(serialisationEnvironment: ResourceProvider)" storage="microsoft.azure.batch.apppackageunittests\microsoft.azure.batch.apppackageunittests.dll" id="f9bab89c-f6ca-434b-b667-9978470ecf08">
      <Execution id="8aba1142-1220-4078-be7b-670748650f77" />
      <TestMethod codeBase="Microsoft.Azure.Batch.AppPackageUnitTests\Microsoft.Azure.Batch.AppPackageUnitTests.dll" adapterTypeName="Microsoft.VisualStudio.TestTools.TestTypes.Unit.UnitTestAdapter" className="Microsoft.Azure.Batch.AppPackageUnitTests.Tests.MessageBodies.GetApplicationPackageResponseTests" name="CanSerialiseStorageUrl(serialisationEnvironment: ResourceProvider)" />
    </UnitTest>
    <UnitTest name="CanSerialiseStorageUrlExpiry(serialisationEnvironment: ResourceProvider)" storage="microsoft.azure.batch.apppackageunittests\microsoft.azure.batch.apppackageunittests.dll" id="be5ab982-d928-4d15-b123-b1daeba11bb7">
      <Execution id="14d69817-51cf-4b63-8b5f-fc16a5ef0089" />
      <TestMethod codeBase="Microsoft.Azure.Batch.AppPackageUnitTests\Microsoft.Azure.Batch.AppPackageUnitTests.dll" adapterTypeName="Microsoft.VisualStudio.TestTools.TestTypes.Unit.UnitTestAdapter" className="Microsoft.Azure.Batch.AppPackageUnitTests.Tests.MessageBodies.GetApplicationPackageResponseTests" name="CanSerialiseStorageUrlExpiry(serialisationEnvironment: ResourceProvider)" />
    </UnitTest>
    <UnitTest name="CanSerialiseFormat(serialisationEnvironment: ResourceProvider)" storage="microsoft.azure.batch.apppackageunittests\microsoft.azure.batch.apppackageunittests.dll" id="4f9a1ab9-c89f-4cd9-a323-62f65f94b3ea">
      <Execution id="16ed224a-ed0e-408b-97c6-1cfdc48d196e" />
      <TestMethod codeBase="Microsoft.Azure.Batch.AppPackageUnitTests\Microsoft.Azure.Batch.AppPackageUnitTests.dll" adapterTypeName="Microsoft.VisualStudio.TestTools.TestTypes.Unit.UnitTestAdapter" className="Microsoft.Azure.Batch.AppPackageUnitTests.Tests.MessageBodies.GetApplicationPackageResponseTests" name="CanSerialiseFormat(serialisationEnvironment: ResourceProvider)" />
    </UnitTest>
    <UnitTest name="CanSerialiseLastActivationTime(serialisationEnvironment: ResourceProvider)" storage="microsoft.azure.batch.apppackageunittests\microsoft.azure.batch.apppackageunittests.dll" id="05634383-6b54-476e-9f83-c1ea00c59dcf">
      <Execution id="83fc1911-8a57-4ff7-a329-4d8c1995a3ca" />
      <TestMethod codeBase="Microsoft.Azure.Batch.AppPackageUnitTests\Microsoft.Azure.Batch.AppPackageUnitTests.dll" adapterTypeName="Microsoft.VisualStudio.TestTools.TestTypes.Unit.UnitTestAdapter" className="Microsoft.Azure.Batch.AppPackageUnitTests.Tests.MessageBodies.GetApplicationPackageResponseTests" name="CanSerialiseLastActivationTime(serialisationEnvironment: ResourceProvider)" />
    </UnitTest>
    <UnitTest name="CanSerialiseVersion(serialisationEnvironment: ResourceProvider)" storage="microsoft.azure.batch.apppackageunittests\microsoft.azure.batch.apppackageunittests.dll" id="4557c801-5519-44c2-ba56-75a61270a28e">
      <Execution id="c439589b-fb14-49af-969b-fd75cc303cf2" />
      <TestMethod codeBase="Microsoft.Azure.Batch.AppPackageUnitTests\Microsoft.Azure.Batch.AppPackageUnitTests.dll" adapterTypeName="Microsoft.VisualStudio.TestTools.TestTypes.Unit.UnitTestAdapter" className="Microsoft.Azure.Batch.AppPackageUnitTests.Tests.MessageBodies.GetApplicationPackageResponseTests" name="CanSerialiseVersion(serialisationEnvironment: ResourceProvider)" />
    </UnitTest>
    <UnitTest name="CanSerialiseId(serialisationEnvironment: ResourceProvider)" storage="microsoft.azure.batch.apppackageunittests\microsoft.azure.batch.apppackageunittests.dll" id="d80e5943-3e6b-48d9-a2ed-32d243c4f27e">
      <Execution id="874c5d5e-a2e0-4b8f-8e07-1608b1dce413" />
      <TestMethod codeBase="Microsoft.Azure.Batch.AppPackageUnitTests\Microsoft.Azure.Batch.AppPackageUnitTests.dll" adapterTypeName="Microsoft.VisualStudio.TestTools.TestTypes.Unit.UnitTestAdapter" className="Microsoft.Azure.Batch.AppPackageUnitTests.Tests.MessageBodies.GetApplicationPackageResponseTests" name="CanSerialiseId(serialisationEnvironment: ResourceProvider)" />
    </UnitTest>
    <UnitTest name="CanSerialiseState(serialisationEnvironment: ResourceProvider)" storage="microsoft.azure.batch.apppackageunittests\microsoft.azure.batch.apppackageunittests.dll" id="ffca7cec-4493-45cd-b440-bd961e08957c">
      <Execution id="62b2a196-a54e-4246-9e2e-a1d34ecef582" />
      <TestMethod codeBase="Microsoft.Azure.Batch.AppPackageUnitTests\Microsoft.Azure.Batch.AppPackageUnitTests.dll" adapterTypeName="Microsoft.VisualStudio.TestTools.TestTypes.Unit.UnitTestAdapter" className="Microsoft.Azure.Batch.AppPackageUnitTests.Tests.MessageBodies.GetApplicationPackageResponseTests" name="CanSerialiseState(serialisationEnvironment: ResourceProvider)" />
    </UnitTest>
    <UnitTest name="Microsoft.Azure.Batch.AppPackageUnitTests.Tests.ApplicationBaseTableOperationsTests.GetRecordsTranslatesBlobName" storage="microsoft.azure.batch.apppackageunittests\microsoft.azure.batch.apppackageunittests.dll" id="89aea29f-df0d-46c9-acf9-c1f0ddbf8511">
      <Execution id="d6569a2c-3ece-494c-8338-1f4027b60c7c" />
      <TestMethod codeBase="Microsoft.Azure.Batch.AppPackageUnitTests\Microsoft.Azure.Batch.AppPackageUnitTests.dll" adapterTypeName="Microsoft.VisualStudio.TestTools.TestTypes.Unit.UnitTestAdapter" className="Microsoft.Azure.Batch.AppPackageUnitTests.Tests.ApplicationBaseTableOperationsTests" name="Microsoft.Azure.Batch.AppPackageUnitTests.Tests.ApplicationBaseTableOperationsTests.GetRecordsTranslatesBlobName" />
    </UnitTest>
    <UnitTest name="Microsoft.Azure.Batch.AppPackageUnitTests.Tests.ApplicationBaseTableOperationsTests.GetRecordsForApplicationRetrievesOnlyPerAccountAndApplicationRecords" storage="microsoft.azure.batch.apppackageunittests\microsoft.azure.batch.apppackageunittests.dll" id="89f4282a-4b63-4b77-89cb-e32e1a80c84e">
      <Execution id="66e75298-28a5-47fa-88a1-50df95d93ba4" />
      <TestMethod codeBase="Microsoft.Azure.Batch.AppPackageUnitTests\Microsoft.Azure.Batch.AppPackageUnitTests.dll" adapterTypeName="Microsoft.VisualStudio.TestTools.TestTypes.Unit.UnitTestAdapter" className="Microsoft.Azure.Batch.AppPackageUnitTests.Tests.ApplicationBaseTableOperationsTests" name="Microsoft.Azure.Batch.AppPackageUnitTests.Tests.ApplicationBaseTableOperationsTests.GetRecordsForApplicationRetrievesOnlyPerAccountAndApplicationRecords" />
    </UnitTest>
    <UnitTest name="Microsoft.Azure.Batch.AppPackageUnitTests.Tests.ApplicationBaseTableOperationsTests.GetRecordsTranslatesActiveSnapshotUrl" storage="microsoft.azure.batch.apppackageunittests\microsoft.azure.batch.apppackageunittests.dll" id="e2198328-6b5b-4157-a936-a26f47f74600">
      <Execution id="fb85b55f-4f01-4b5a-80ba-08ca84cd47ea" />
      <TestMethod codeBase="Microsoft.Azure.Batch.AppPackageUnitTests\Microsoft.Azure.Batch.AppPackageUnitTests.dll" adapterTypeName="Microsoft.VisualStudio.TestTools.TestTypes.Unit.UnitTestAdapter" className="Microsoft.Azure.Batch.AppPackageUnitTests.Tests.ApplicationBaseTableOperationsTests" name="Microsoft.Azure.Batch.AppPackageUnitTests.Tests.ApplicationBaseTableOperationsTests.GetRecordsTranslatesActiveSnapshotUrl" />
    </UnitTest>
    <UnitTest name="Microsoft.Azure.Batch.AppPackageUnitTests.Tests.ApplicationBaseTableOperationsTests.GetRecordsTranslatesPackageType" storage="microsoft.azure.batch.apppackageunittests\microsoft.azure.batch.apppackageunittests.dll" id="1055a70a-b6c5-49f3-a6d2-c1ff25e60742">
      <Execution id="7a72b7df-8dee-40dd-b2c3-d9c29fea82eb" />
      <TestMethod codeBase="Microsoft.Azure.Batch.AppPackageUnitTests\Microsoft.Azure.Batch.AppPackageUnitTests.dll" adapterTypeName="Microsoft.VisualStudio.TestTools.TestTypes.Unit.UnitTestAdapter" className="Microsoft.Azure.Batch.AppPackageUnitTests.Tests.ApplicationBaseTableOperationsTests" name="Microsoft.Azure.Batch.AppPackageUnitTests.Tests.ApplicationBaseTableOperationsTests.GetRecordsTranslatesPackageType" />
    </UnitTest>
    <UnitTest name="Microsoft.Azure.Batch.AppPackageUnitTests.Tests.ApplicationBaseTableOperationsTests.GetRecordsTranslatesState" storage="microsoft.azure.batch.apppackageunittests\microsoft.azure.batch.apppackageunittests.dll" id="bf150b94-b507-4e4d-8953-10331df8253d">
      <Execution id="1b7478e5-9d2e-47aa-9615-5319162681ea" />
      <TestMethod codeBase="Microsoft.Azure.Batch.AppPackageUnitTests\Microsoft.Azure.Batch.AppPackageUnitTests.dll" adapterTypeName="Microsoft.VisualStudio.TestTools.TestTypes.Unit.UnitTestAdapter" className="Microsoft.Azure.Batch.AppPackageUnitTests.Tests.ApplicationBaseTableOperationsTests" name="Microsoft.Azure.Batch.AppPackageUnitTests.Tests.ApplicationBaseTableOperationsTests.GetRecordsTranslatesState" />
    </UnitTest>
    <UnitTest name="Microsoft.Azure.Batch.AppPackageUnitTests.Tests.ApplicationBaseTableOperationsTests.GetRecordsTranslatesAllowUpdates" storage="microsoft.azure.batch.apppackageunittests\microsoft.azure.batch.apppackageunittests.dll" id="2d8cd1ce-e92e-4aea-a1cd-c1fc706deb8b">
      <Execution id="de639a5d-ac5a-45f7-a243-aecbd6c52bf9" />
      <TestMethod codeBase="Microsoft.Azure.Batch.AppPackageUnitTests\Microsoft.Azure.Batch.AppPackageUnitTests.dll" adapterTypeName="Microsoft.VisualStudio.TestTools.TestTypes.Unit.UnitTestAdapter" className="Microsoft.Azure.Batch.AppPackageUnitTests.Tests.ApplicationBaseTableOperationsTests" name="Microsoft.Azure.Batch.AppPackageUnitTests.Tests.ApplicationBaseTableOperationsTests.GetRecordsTranslatesAllowUpdates" />
    </UnitTest>
    <UnitTest name="Microsoft.Azure.Batch.AppPackageUnitTests.Tests.ApplicationBaseTableOperationsTests.GetRecordsTranslatesDisplayName" storage="microsoft.azure.batch.apppackageunittests\microsoft.azure.batch.apppackageunittests.dll" id="b23efe78-e331-44bf-a2ad-ac631debbd66">
      <Execution id="15b20581-1627-4543-bd01-e21962cc15c0" />
      <TestMethod codeBase="Microsoft.Azure.Batch.AppPackageUnitTests\Microsoft.Azure.Batch.AppPackageUnitTests.dll" adapterTypeName="Microsoft.VisualStudio.TestTools.TestTypes.Unit.UnitTestAdapter" className="Microsoft.Azure.Batch.AppPackageUnitTests.Tests.ApplicationBaseTableOperationsTests" name="Microsoft.Azure.Batch.AppPackageUnitTests.Tests.ApplicationBaseTableOperationsTests.GetRecordsTranslatesDisplayName" />
    </UnitTest>
    <UnitTest name="Microsoft.Azure.Batch.AppPackageUnitTests.Tests.ApplicationBaseTableOperationsTests.GetRecordsTranslatesVersion" storage="microsoft.azure.batch.apppackageunittests\microsoft.azure.batch.apppackageunittests.dll" id="5fc89aa7-e942-4e6d-a6cf-aab4af62785d">
      <Execution id="47c0d739-7923-4595-8b29-ba70eb1e8275" />
      <TestMethod codeBase="Microsoft.Azure.Batch.AppPackageUnitTests\Microsoft.Azure.Batch.AppPackageUnitTests.dll" adapterTypeName="Microsoft.VisualStudio.TestTools.TestTypes.Unit.UnitTestAdapter" className="Microsoft.Azure.Batch.AppPackageUnitTests.Tests.ApplicationBaseTableOperationsTests" name="Microsoft.Azure.Batch.AppPackageUnitTests.Tests.ApplicationBaseTableOperationsTests.GetRecordsTranslatesVersion" />
    </UnitTest>
    <UnitTest name="Microsoft.Azure.Batch.AppPackageUnitTests.Tests.ApplicationBaseTableOperationsTests.GetRecordsTranslatesApplicationId" storage="microsoft.azure.batch.apppackageunittests\microsoft.azure.batch.apppackageunittests.dll" id="a7521d8c-bf4b-4442-9cd9-bf8dab887215">
      <Execution id="ce37cc3a-4330-4448-b024-3ab91da0cf40" />
      <TestMethod codeBase="Microsoft.Azure.Batch.AppPackageUnitTests\Microsoft.Azure.Batch.AppPackageUnitTests.dll" adapterTypeName="Microsoft.VisualStudio.TestTools.TestTypes.Unit.UnitTestAdapter" className="Microsoft.Azure.Batch.AppPackageUnitTests.Tests.ApplicationBaseTableOperationsTests" name="Microsoft.Azure.Batch.AppPackageUnitTests.Tests.ApplicationBaseTableOperationsTests.GetRecordsTranslatesApplicationId" />
    </UnitTest>
    <UnitTest name="Microsoft.Azure.Batch.AppPackageUnitTests.Tests.ApplicationBaseTableOperationsTests.GetRecordsTranslatesDefaultVersion" storage="microsoft.azure.batch.apppackageunittests\microsoft.azure.batch.apppackageunittests.dll" id="1764cc94-9c0f-4ec7-8b56-421eba1de893">
      <Execution id="6dcb8f30-7f48-4cc8-b9c6-90e33d618795" />
      <TestMethod codeBase="Microsoft.Azure.Batch.AppPackageUnitTests\Microsoft.Azure.Batch.AppPackageUnitTests.dll" adapterTypeName="Microsoft.VisualStudio.TestTools.TestTypes.Unit.UnitTestAdapter" className="Microsoft.Azure.Batch.AppPackageUnitTests.Tests.ApplicationBaseTableOperationsTests" name="Microsoft.Azure.Batch.AppPackageUnitTests.Tests.ApplicationBaseTableOperationsTests.GetRecordsTranslatesDefaultVersion" />
    </UnitTest>
    <UnitTest name="Microsoft.Azure.Batch.AppPackageUnitTests.Tests.ApplicationBaseTableOperationsTests.GetRecordsRetrievesOnlyPerAccountRecords" storage="microsoft.azure.batch.apppackageunittests\microsoft.azure.batch.apppackageunittests.dll" id="da8a094e-f4f6-445e-9746-ba12d7cadebc">
      <Execution id="730b1d35-6898-45ab-9e01-20fc1d621763" />
      <TestMethod codeBase="Microsoft.Azure.Batch.AppPackageUnitTests\Microsoft.Azure.Batch.AppPackageUnitTests.dll" adapterTypeName="Microsoft.VisualStudio.TestTools.TestTypes.Unit.UnitTestAdapter" className="Microsoft.Azure.Batch.AppPackageUnitTests.Tests.ApplicationBaseTableOperationsTests" name="Microsoft.Azure.Batch.AppPackageUnitTests.Tests.ApplicationBaseTableOperationsTests.GetRecordsRetrievesOnlyPerAccountRecords" />
    </UnitTest>
    <UnitTest name="Microsoft.Azure.Batch.AppPackageUnitTests.Tests.ApplicationBaseTableOperationsTests.GetRecordsTranslatesActiveSnapshotTimestamp" storage="microsoft.azure.batch.apppackageunittests\microsoft.azure.batch.apppackageunittests.dll" id="5a3ca0b7-3b18-4915-9b53-e8c255e8f075">
      <Execution id="4d1dce6d-9543-4949-a9b0-0e19c757ca6c" />
      <TestMethod codeBase="Microsoft.Azure.Batch.AppPackageUnitTests\Microsoft.Azure.Batch.AppPackageUnitTests.dll" adapterTypeName="Microsoft.VisualStudio.TestTools.TestTypes.Unit.UnitTestAdapter" className="Microsoft.Azure.Batch.AppPackageUnitTests.Tests.ApplicationBaseTableOperationsTests" name="Microsoft.Azure.Batch.AppPackageUnitTests.Tests.ApplicationBaseTableOperationsTests.GetRecordsTranslatesActiveSnapshotTimestamp" />
    </UnitTest>
    <UnitTest name="Microsoft.Azure.Batch.AppPackageUnitTests.Tests.ApplicationSettingsTableOperationsTests.GetRecordsTranslatesDefaultVersion" storage="microsoft.azure.batch.apppackageunittests\microsoft.azure.batch.apppackageunittests.dll" id="7c377520-11e1-4499-815f-bd5e463c8618">
      <Execution id="93ea92dc-2cfa-41e9-a2bb-984c335c5202" />
      <TestMethod codeBase="Microsoft.Azure.Batch.AppPackageUnitTests\Microsoft.Azure.Batch.AppPackageUnitTests.dll" adapterTypeName="Microsoft.VisualStudio.TestTools.TestTypes.Unit.UnitTestAdapter" className="Microsoft.Azure.Batch.AppPackageUnitTests.Tests.ApplicationSettingsTableOperationsTests" name="Microsoft.Azure.Batch.AppPackageUnitTests.Tests.ApplicationSettingsTableOperationsTests.GetRecordsTranslatesDefaultVersion" />
    </UnitTest>
    <UnitTest name="Microsoft.Azure.Batch.AppPackageUnitTests.Tests.ApplicationSettingsTableOperationsTests.InsertRecordErrorsIfApplicationIdAlreadyExists" storage="microsoft.azure.batch.apppackageunittests\microsoft.azure.batch.apppackageunittests.dll" id="ae91eea7-3f9f-4456-b4b5-d3978cd64586">
      <Execution id="a4b27b9c-2f60-4b90-8ee3-8fd97c618f85" />
      <TestMethod codeBase="Microsoft.Azure.Batch.AppPackageUnitTests\Microsoft.Azure.Batch.AppPackageUnitTests.dll" adapterTypeName="Microsoft.VisualStudio.TestTools.TestTypes.Unit.UnitTestAdapter" className="Microsoft.Azure.Batch.AppPackageUnitTests.Tests.ApplicationSettingsTableOperationsTests" name="Microsoft.Azure.Batch.AppPackageUnitTests.Tests.ApplicationSettingsTableOperationsTests.InsertRecordErrorsIfApplicationIdAlreadyExists" />
    </UnitTest>
    <UnitTest name="Microsoft.Azure.Batch.AppPackageUnitTests.Tests.ApplicationSettingsTableOperationsTests.IfRecordExistsButHasChanged__ThenDeleteRecordErrorsWithConflict" storage="microsoft.azure.batch.apppackageunittests\microsoft.azure.batch.apppackageunittests.dll" id="5f0386f6-24d9-4637-a263-366733e84385">
      <Execution id="42d7ce8d-5081-49c4-a5af-b90749147d39" />
      <TestMethod codeBase="Microsoft.Azure.Batch.AppPackageUnitTests\Microsoft.Azure.Batch.AppPackageUnitTests.dll" adapterTypeName="Microsoft.VisualStudio.TestTools.TestTypes.Unit.UnitTestAdapter" className="Microsoft.Azure.Batch.AppPackageUnitTests.Tests.ApplicationSettingsTableOperationsTests" name="Microsoft.Azure.Batch.AppPackageUnitTests.Tests.ApplicationSettingsTableOperationsTests.IfRecordExistsButHasChanged__ThenDeleteRecordErrorsWithConflict" />
    </UnitTest>
    <UnitTest name="Microsoft.Azure.Batch.AppPackageUnitTests.Tests.ApplicationSettingsTableOperationsTests.GetRecordsTranslatesApplicationId" storage="microsoft.azure.batch.apppackageunittests\microsoft.azure.batch.apppackageunittests.dll" id="4330de59-1944-4e71-ab38-e7868158e79d">
      <Execution id="6f281ec4-4e91-4ae3-84ce-4ab7b082084d" />
      <TestMethod codeBase="Microsoft.Azure.Batch.AppPackageUnitTests\Microsoft.Azure.Batch.AppPackageUnitTests.dll" adapterTypeName="Microsoft.VisualStudio.TestTools.TestTypes.Unit.UnitTestAdapter" className="Microsoft.Azure.Batch.AppPackageUnitTests.Tests.ApplicationSettingsTableOperationsTests" name="Microsoft.Azure.Batch.AppPackageUnitTests.Tests.ApplicationSettingsTableOperationsTests.GetRecordsTranslatesApplicationId" />
    </UnitTest>
    <UnitTest name="Microsoft.Azure.Batch.AppPackageUnitTests.Tests.ApplicationSettingsTableOperationsTests.IfRecordDoesNotExist_ThenUpdateRecordErrorsWithNotFound" storage="microsoft.azure.batch.apppackageunittests\microsoft.azure.batch.apppackageunittests.dll" id="7ca4bd90-38ca-4308-8207-fbc198b3765e">
      <Execution id="2f9c3749-fd25-4816-ab04-f102bdb4d245" />
      <TestMethod codeBase="Microsoft.Azure.Batch.AppPackageUnitTests\Microsoft.Azure.Batch.AppPackageUnitTests.dll" adapterTypeName="Microsoft.VisualStudio.TestTools.TestTypes.Unit.UnitTestAdapter" className="Microsoft.Azure.Batch.AppPackageUnitTests.Tests.ApplicationSettingsTableOperationsTests" name="Microsoft.Azure.Batch.AppPackageUnitTests.Tests.ApplicationSettingsTableOperationsTests.IfRecordDoesNotExist_ThenUpdateRecordErrorsWithNotFound" />
    </UnitTest>
    <UnitTest name="Microsoft.Azure.Batch.AppPackageUnitTests.Tests.ApplicationSettingsTableOperationsTests.IfRecordExistsButHasChanged_ThenUpdateRecordErrorsWithConflict" storage="microsoft.azure.batch.apppackageunittests\microsoft.azure.batch.apppackageunittests.dll" id="e6b6943d-8373-4809-8d83-7a5d74754edd">
      <Execution id="e36ccce6-6db5-4abc-af1e-f01b29e3b3b6" />
      <TestMethod codeBase="Microsoft.Azure.Batch.AppPackageUnitTests\Microsoft.Azure.Batch.AppPackageUnitTests.dll" adapterTypeName="Microsoft.VisualStudio.TestTools.TestTypes.Unit.UnitTestAdapter" className="Microsoft.Azure.Batch.AppPackageUnitTests.Tests.ApplicationSettingsTableOperationsTests" name="Microsoft.Azure.Batch.AppPackageUnitTests.Tests.ApplicationSettingsTableOperationsTests.IfRecordExistsButHasChanged_ThenUpdateRecordErrorsWithConflict" />
    </UnitTest>
    <UnitTest name="Microsoft.Azure.Batch.AppPackageUnitTests.Tests.ApplicationSettingsTableOperationsTests.GetRecordRetrievesOnlyFromTheAccount" storage="microsoft.azure.batch.apppackageunittests\microsoft.azure.batch.apppackageunittests.dll" id="6acdf9c7-7695-4f36-b6ab-f2c0626a1a8a">
      <Execution id="0f4f514a-e191-4778-8182-380dc0e63910" />
      <TestMethod codeBase="Microsoft.Azure.Batch.AppPackageUnitTests\Microsoft.Azure.Batch.AppPackageUnitTests.dll" adapterTypeName="Microsoft.VisualStudio.TestTools.TestTypes.Unit.UnitTestAdapter" className="Microsoft.Azure.Batch.AppPackageUnitTests.Tests.ApplicationSettingsTableOperationsTests" name="Microsoft.Azure.Batch.AppPackageUnitTests.Tests.ApplicationSettingsTableOperationsTests.GetRecordRetrievesOnlyFromTheAccount" />
    </UnitTest>
    <UnitTest name="Microsoft.Azure.Batch.AppPackageUnitTests.Tests.ApplicationSettingsTableOperationsTests.IfAccountDoesNotContainAnApplication_ThenContainsReturnsFalse" storage="microsoft.azure.batch.apppackageunittests\microsoft.azure.batch.apppackageunittests.dll" id="06b34b03-a1be-46a6-bf6b-2c072c924287">
      <Execution id="19736ae6-ad44-4d9a-878d-2778aadab361" />
      <TestMethod codeBase="Microsoft.Azure.Batch.AppPackageUnitTests\Microsoft.Azure.Batch.AppPackageUnitTests.dll" adapterTypeName="Microsoft.VisualStudio.TestTools.TestTypes.Unit.UnitTestAdapter" className="Microsoft.Azure.Batch.AppPackageUnitTests.Tests.ApplicationSettingsTableOperationsTests" name="Microsoft.Azure.Batch.AppPackageUnitTests.Tests.ApplicationSettingsTableOperationsTests.IfAccountDoesNotContainAnApplication_ThenContainsReturnsFalse" />
    </UnitTest>
    <UnitTest name="Microsoft.Azure.Batch.AppPackageUnitTests.Tests.ApplicationSettingsTableOperationsTests.IfRecordExistsAndHasNotChanged_ThenUpdateRecordCommitsData" storage="microsoft.azure.batch.apppackageunittests\microsoft.azure.batch.apppackageunittests.dll" id="3cbbcf22-3743-4a43-8da5-15f708de8668">
      <Execution id="84a3ccca-91d3-4b83-a742-a463ddc8cc2f" />
      <TestMethod codeBase="Microsoft.Azure.Batch.AppPackageUnitTests\Microsoft.Azure.Batch.AppPackageUnitTests.dll" adapterTypeName="Microsoft.VisualStudio.TestTools.TestTypes.Unit.UnitTestAdapter" className="Microsoft.Azure.Batch.AppPackageUnitTests.Tests.ApplicationSettingsTableOperationsTests" name="Microsoft.Azure.Batch.AppPackageUnitTests.Tests.ApplicationSettingsTableOperationsTests.IfRecordExistsAndHasNotChanged_ThenUpdateRecordCommitsData" />
    </UnitTest>
    <UnitTest name="Microsoft.Azure.Batch.AppPackageUnitTests.Tests.ApplicationSettingsTableOperationsTests.DeleteRecordErrorsIfRecordDoesNotExist" storage="microsoft.azure.batch.apppackageunittests\microsoft.azure.batch.apppackageunittests.dll" id="17f2a1fd-0401-45f0-8285-8428a84bb307">
      <Execution id="4501d0ff-da53-4215-aca1-832ccc6111df" />
      <TestMethod codeBase="Microsoft.Azure.Batch.AppPackageUnitTests\Microsoft.Azure.Batch.AppPackageUnitTests.dll" adapterTypeName="Microsoft.VisualStudio.TestTools.TestTypes.Unit.UnitTestAdapter" className="Microsoft.Azure.Batch.AppPackageUnitTests.Tests.ApplicationSettingsTableOperationsTests" name="Microsoft.Azure.Batch.AppPackageUnitTests.Tests.ApplicationSettingsTableOperationsTests.DeleteRecordErrorsIfRecordDoesNotExist" />
    </UnitTest>
    <UnitTest name="Microsoft.Azure.Batch.AppPackageUnitTests.Tests.ApplicationSettingsTableOperationsTests.GetRecordsTranslatesAllowUpdates" storage="microsoft.azure.batch.apppackageunittests\microsoft.azure.batch.apppackageunittests.dll" id="aae27327-68db-4cea-9795-f0c6a8171e71">
      <Execution id="563d4b38-b36f-4ff1-ac4a-137bd8c384d1" />
      <TestMethod codeBase="Microsoft.Azure.Batch.AppPackageUnitTests\Microsoft.Azure.Batch.AppPackageUnitTests.dll" adapterTypeName="Microsoft.VisualStudio.TestTools.TestTypes.Unit.UnitTestAdapter" className="Microsoft.Azure.Batch.AppPackageUnitTests.Tests.ApplicationSettingsTableOperationsTests" name="Microsoft.Azure.Batch.AppPackageUnitTests.Tests.ApplicationSettingsTableOperationsTests.GetRecordsTranslatesAllowUpdates" />
    </UnitTest>
    <UnitTest name="Microsoft.Azure.Batch.AppPackageUnitTests.Tests.ApplicationSettingsTableOperationsTests.IfAccountContainsAnApplication_ThenContainsReturnsTrue" storage="microsoft.azure.batch.apppackageunittests\microsoft.azure.batch.apppackageunittests.dll" id="9eb11e68-1b43-4955-bcf6-3053f0005b3f">
      <Execution id="3f4d87ac-09b2-4c80-841b-cf0d0f6e1ec5" />
      <TestMethod codeBase="Microsoft.Azure.Batch.AppPackageUnitTests\Microsoft.Azure.Batch.AppPackageUnitTests.dll" adapterTypeName="Microsoft.VisualStudio.TestTools.TestTypes.Unit.UnitTestAdapter" className="Microsoft.Azure.Batch.AppPackageUnitTests.Tests.ApplicationSettingsTableOperationsTests" name="Microsoft.Azure.Batch.AppPackageUnitTests.Tests.ApplicationSettingsTableOperationsTests.IfAccountContainsAnApplication_ThenContainsReturnsTrue" />
    </UnitTest>
    <UnitTest name="Microsoft.Azure.Batch.AppPackageUnitTests.Tests.ApplicationSettingsTableOperationsTests.GetRecordsRetrievesOnlyPerAccountRecords" storage="microsoft.azure.batch.apppackageunittests\microsoft.azure.batch.apppackageunittests.dll" id="488f024e-5c5c-4074-a2c7-67b839af5205">
      <Execution id="b4d92835-92a8-491e-b1b1-625ee72fd7c8" />
      <TestMethod codeBase="Microsoft.Azure.Batch.AppPackageUnitTests\Microsoft.Azure.Batch.AppPackageUnitTests.dll" adapterTypeName="Microsoft.VisualStudio.TestTools.TestTypes.Unit.UnitTestAdapter" className="Microsoft.Azure.Batch.AppPackageUnitTests.Tests.ApplicationSettingsTableOperationsTests" name="Microsoft.Azure.Batch.AppPackageUnitTests.Tests.ApplicationSettingsTableOperationsTests.GetRecordsRetrievesOnlyPerAccountRecords" />
    </UnitTest>
    <UnitTest name="Microsoft.Azure.Batch.AppPackageUnitTests.Tests.ApplicationSettingsTableOperationsTests.InsertRecordCommitsDataIfNoConflict" storage="microsoft.azure.batch.apppackageunittests\microsoft.azure.batch.apppackageunittests.dll" id="aedfe025-9e02-4e1c-897d-ac815ebb6081">
      <Execution id="ea2b42f8-8cb7-4001-ba95-2c58e931b674" />
      <TestMethod codeBase="Microsoft.Azure.Batch.AppPackageUnitTests\Microsoft.Azure.Batch.AppPackageUnitTests.dll" adapterTypeName="Microsoft.VisualStudio.TestTools.TestTypes.Unit.UnitTestAdapter" className="Microsoft.Azure.Batch.AppPackageUnitTests.Tests.ApplicationSettingsTableOperationsTests" name="Microsoft.Azure.Batch.AppPackageUnitTests.Tests.ApplicationSettingsTableOperationsTests.InsertRecordCommitsDataIfNoConflict" />
    </UnitTest>
    <UnitTest name="Microsoft.Azure.Batch.AppPackageUnitTests.Tests.ApplicationSettingsTableOperationsTests.IfRecordExistsAndHasNotChanged_ThenDeleteRecordDeletesRecord" storage="microsoft.azure.batch.apppackageunittests\microsoft.azure.batch.apppackageunittests.dll" id="d409a697-688c-4b3d-b751-b54442a7b18f">
      <Execution id="42a87ba6-dad6-41fc-9187-6149719ec465" />
      <TestMethod codeBase="Microsoft.Azure.Batch.AppPackageUnitTests\Microsoft.Azure.Batch.AppPackageUnitTests.dll" adapterTypeName="Microsoft.VisualStudio.TestTools.TestTypes.Unit.UnitTestAdapter" className="Microsoft.Azure.Batch.AppPackageUnitTests.Tests.ApplicationSettingsTableOperationsTests" name="Microsoft.Azure.Batch.AppPackageUnitTests.Tests.ApplicationSettingsTableOperationsTests.IfRecordExistsAndHasNotChanged_ThenDeleteRecordDeletesRecord" />
    </UnitTest>
    <UnitTest name="Microsoft.Azure.Batch.AppPackageUnitTests.Tests.ApplicationSettingsTableOperationsTests.GetRecordRetrievesApplicationInfo" storage="microsoft.azure.batch.apppackageunittests\microsoft.azure.batch.apppackageunittests.dll" id="b5eddd8b-b644-465b-a4f5-4f35dac8f6b8">
      <Execution id="4cd93418-2924-4f5c-b9b3-adab7fd02a5a" />
      <TestMethod codeBase="Microsoft.Azure.Batch.AppPackageUnitTests\Microsoft.Azure.Batch.AppPackageUnitTests.dll" adapterTypeName="Microsoft.VisualStudio.TestTools.TestTypes.Unit.UnitTestAdapter" className="Microsoft.Azure.Batch.AppPackageUnitTests.Tests.ApplicationSettingsTableOperationsTests" name="Microsoft.Azure.Batch.AppPackageUnitTests.Tests.ApplicationSettingsTableOperationsTests.GetRecordRetrievesApplicationInfo" />
    </UnitTest>
    <UnitTest name="Microsoft.Azure.Batch.AppPackageUnitTests.Tests.ApplicationSettingsTableOperationsTests.GetRecordsTranslatesDisplayName" storage="microsoft.azure.batch.apppackageunittests\microsoft.azure.batch.apppackageunittests.dll" id="fbabb4d1-e24f-4ff1-8572-42cfee64bde0">
      <Execution id="08cdd6ab-e13a-4cd1-8ae5-c7023ab51d6e" />
      <TestMethod codeBase="Microsoft.Azure.Batch.AppPackageUnitTests\Microsoft.Azure.Batch.AppPackageUnitTests.dll" adapterTypeName="Microsoft.VisualStudio.TestTools.TestTypes.Unit.UnitTestAdapter" className="Microsoft.Azure.Batch.AppPackageUnitTests.Tests.ApplicationSettingsTableOperationsTests" name="Microsoft.Azure.Batch.AppPackageUnitTests.Tests.ApplicationSettingsTableOperationsTests.GetRecordsTranslatesDisplayName" />
    </UnitTest>
    <UnitTest name="Microsoft.Azure.Batch.AppPackageUnitTests.Tests.Commands.AppPackages.GetApplicationSummaryUnitTests_TlsfeUnitTest.IfThereIsOneVersion_ThenItIsReturned" storage="microsoft.azure.batch.apppackageunittests\microsoft.azure.batch.apppackageunittests.dll" id="feaef8ff-c019-48f7-bb50-0bf57843983e">
      <Execution id="ee29215a-19ac-40e1-88e1-e9b9959960c7" />
      <TestMethod codeBase="Microsoft.Azure.Batch.AppPackageUnitTests\Microsoft.Azure.Batch.AppPackageUnitTests.dll" adapterTypeName="Microsoft.VisualStudio.TestTools.TestTypes.Unit.UnitTestAdapter" className="Microsoft.Azure.Batch.AppPackageUnitTests.Tests.Commands.AppPackages.GetApplicationSummaryUnitTests_TlsfeUnitTest" name="Microsoft.Azure.Batch.AppPackageUnitTests.Tests.Commands.AppPackages.GetApplicationSummaryUnitTests_TlsfeUnitTest.IfThereIsOneVersion_ThenItIsReturned" />
    </UnitTest>
    <UnitTest name="Microsoft.Azure.Batch.AppPackageUnitTests.Tests.Commands.AppPackages.GetApplicationSummaryUnitTests_TlsfeUnitTest.IfAnApplicationHasNoPackages_Returns404ApplicationNotFound" storage="microsoft.azure.batch.apppackageunittests\microsoft.azure.batch.apppackageunittests.dll" id="c89b6388-2550-4d67-ad06-216e1132204a">
      <Execution id="5558e640-c9c2-435c-b1d0-291c2d9e7202" />
      <TestMethod codeBase="Microsoft.Azure.Batch.AppPackageUnitTests\Microsoft.Azure.Batch.AppPackageUnitTests.dll" adapterTypeName="Microsoft.VisualStudio.TestTools.TestTypes.Unit.UnitTestAdapter" className="Microsoft.Azure.Batch.AppPackageUnitTests.Tests.Commands.AppPackages.GetApplicationSummaryUnitTests_TlsfeUnitTest" name="Microsoft.Azure.Batch.AppPackageUnitTests.Tests.Commands.AppPackages.GetApplicationSummaryUnitTests_TlsfeUnitTest.IfAnApplicationHasNoPackages_Returns404ApplicationNotFound" />
    </UnitTest>
    <UnitTest name="Microsoft.Azure.Batch.AppPackageUnitTests.Tests.Commands.AppPackages.GetApplicationSummaryUnitTests_TlsfeUnitTest.ApplicationId_IsMatchedCaseInsensitively_AndApplicationIdAndPackageVersionAreReturned_WithOriginalCasePreserved" storage="microsoft.azure.batch.apppackageunittests\microsoft.azure.batch.apppackageunittests.dll" id="8e89c3d2-d602-4034-a0df-87918855d3aa">
      <Execution id="44e7ca25-34d4-48f2-b78e-1912e3e64408" />
      <TestMethod codeBase="Microsoft.Azure.Batch.AppPackageUnitTests\Microsoft.Azure.Batch.AppPackageUnitTests.dll" adapterTypeName="Microsoft.VisualStudio.TestTools.TestTypes.Unit.UnitTestAdapter" className="Microsoft.Azure.Batch.AppPackageUnitTests.Tests.Commands.AppPackages.GetApplicationSummaryUnitTests_TlsfeUnitTest" name="Microsoft.Azure.Batch.AppPackageUnitTests.Tests.Commands.AppPackages.GetApplicationSummaryUnitTests_TlsfeUnitTest.ApplicationId_IsMatchedCaseInsensitively_AndApplicationIdAndPackageVersionAreReturned_WithOriginalCasePreserved" />
    </UnitTest>
    <UnitTest name="Microsoft.Azure.Batch.AppPackageUnitTests.Tests.Commands.AppPackages.GetApplicationSummaryUnitTests_TlsfeUnitTest.IfThereAreOnlyPendingApplicationPackages_Returns404ApplicationNotFound" storage="microsoft.azure.batch.apppackageunittests\microsoft.azure.batch.apppackageunittests.dll" id="9ae9bf4e-64f9-47c8-bc31-1581c5c9e8cf">
      <Execution id="cfd806d7-2639-4029-846d-885511ca6219" />
      <TestMethod codeBase="Microsoft.Azure.Batch.AppPackageUnitTests\Microsoft.Azure.Batch.AppPackageUnitTests.dll" adapterTypeName="Microsoft.VisualStudio.TestTools.TestTypes.Unit.UnitTestAdapter" className="Microsoft.Azure.Batch.AppPackageUnitTests.Tests.Commands.AppPackages.GetApplicationSummaryUnitTests_TlsfeUnitTest" name="Microsoft.Azure.Batch.AppPackageUnitTests.Tests.Commands.AppPackages.GetApplicationSummaryUnitTests_TlsfeUnitTest.IfThereAreOnlyPendingApplicationPackages_Returns404ApplicationNotFound" />
    </UnitTest>
    <UnitTest name="Microsoft.Azure.Batch.AppPackageUnitTests.Tests.Commands.AppPackages.GetApplicationSummaryUnitTests_TlsfeUnitTest.IfThereAreOnlyApplicationsForOtherAccounts_Returns404ApplicationNotFound" storage="microsoft.azure.batch.apppackageunittests\microsoft.azure.batch.apppackageunittests.dll" id="0185ddc3-4740-482e-bde5-b0e586973cd0">
      <Execution id="f2ebeb5e-44f8-45eb-bcdd-882601ab319c" />
      <TestMethod codeBase="Microsoft.Azure.Batch.AppPackageUnitTests\Microsoft.Azure.Batch.AppPackageUnitTests.dll" adapterTypeName="Microsoft.VisualStudio.TestTools.TestTypes.Unit.UnitTestAdapter" className="Microsoft.Azure.Batch.AppPackageUnitTests.Tests.Commands.AppPackages.GetApplicationSummaryUnitTests_TlsfeUnitTest" name="Microsoft.Azure.Batch.AppPackageUnitTests.Tests.Commands.AppPackages.GetApplicationSummaryUnitTests_TlsfeUnitTest.IfThereAreOnlyApplicationsForOtherAccounts_Returns404ApplicationNotFound" />
    </UnitTest>
    <UnitTest name="Microsoft.Azure.Batch.AppPackageUnitTests.Tests.Commands.AppPackages.GetApplicationSummaryUnitTests_TlsfeUnitTest.IfThereAreNoApplications_Returns404ApplicationNotFound" storage="microsoft.azure.batch.apppackageunittests\microsoft.azure.batch.apppackageunittests.dll" id="b3bb33c6-c5c8-45e5-84e1-1ad20481bb95">
      <Execution id="29410a84-ca96-4dd0-a595-623f3fe000c0" />
      <TestMethod codeBase="Microsoft.Azure.Batch.AppPackageUnitTests\Microsoft.Azure.Batch.AppPackageUnitTests.dll" adapterTypeName="Microsoft.VisualStudio.TestTools.TestTypes.Unit.UnitTestAdapter" className="Microsoft.Azure.Batch.AppPackageUnitTests.Tests.Commands.AppPackages.GetApplicationSummaryUnitTests_TlsfeUnitTest" name="Microsoft.Azure.Batch.AppPackageUnitTests.Tests.Commands.AppPackages.GetApplicationSummaryUnitTests_TlsfeUnitTest.IfThereAreNoApplications_Returns404ApplicationNotFound" />
    </UnitTest>
    <UnitTest name="Microsoft.Azure.Batch.AppPackageUnitTests.Tests.Commands.AppPackages.GetApplicationSummaryUnitTests_TlsfeUnitTest.IfThereAreOnlyVersionsForDifferentApplications_Returns404ApplicationNotFound" storage="microsoft.azure.batch.apppackageunittests\microsoft.azure.batch.apppackageunittests.dll" id="f91d6d92-8d6e-4452-9ba5-ba28810bbf33">
      <Execution id="96f80cab-d344-4778-8591-b2b8207eea0b" />
      <TestMethod codeBase="Microsoft.Azure.Batch.AppPackageUnitTests\Microsoft.Azure.Batch.AppPackageUnitTests.dll" adapterTypeName="Microsoft.VisualStudio.TestTools.TestTypes.Unit.UnitTestAdapter" className="Microsoft.Azure.Batch.AppPackageUnitTests.Tests.Commands.AppPackages.GetApplicationSummaryUnitTests_TlsfeUnitTest" name="Microsoft.Azure.Batch.AppPackageUnitTests.Tests.Commands.AppPackages.GetApplicationSummaryUnitTests_TlsfeUnitTest.IfThereAreOnlyVersionsForDifferentApplications_Returns404ApplicationNotFound" />
    </UnitTest>
    <UnitTest name="Microsoft.Azure.Batch.AppPackageUnitTests.Tests.Commands.AppPackages.GetApplicationSummaryUnitTests_TlsfeUnitTest.IfThereAreActiveAndPendingApplicationPackages_OnlyActivePackagesAreReturned" storage="microsoft.azure.batch.apppackageunittests\microsoft.azure.batch.apppackageunittests.dll" id="98e3738e-2a9e-4c1e-bb1c-121f7344febb">
      <Execution id="b9f9dc43-210e-4d03-a831-b6e686efc1b8" />
      <TestMethod codeBase="Microsoft.Azure.Batch.AppPackageUnitTests\Microsoft.Azure.Batch.AppPackageUnitTests.dll" adapterTypeName="Microsoft.VisualStudio.TestTools.TestTypes.Unit.UnitTestAdapter" className="Microsoft.Azure.Batch.AppPackageUnitTests.Tests.Commands.AppPackages.GetApplicationSummaryUnitTests_TlsfeUnitTest" name="Microsoft.Azure.Batch.AppPackageUnitTests.Tests.Commands.AppPackages.GetApplicationSummaryUnitTests_TlsfeUnitTest.IfThereAreActiveAndPendingApplicationPackages_OnlyActivePackagesAreReturned" />
    </UnitTest>
    <UnitTest name="Microsoft.Azure.Batch.AppPackageUnitTests.Tests.Commands.AppPackages.GetApplicationSummaryUnitTests_TlsfeUnitTest.IfThereAreMultiplePackageVersions_TheyAreAllReturned" storage="microsoft.azure.batch.apppackageunittests\microsoft.azure.batch.apppackageunittests.dll" id="ec416415-a5cf-41e7-8f8f-e35889fec381">
      <Execution id="49c412b1-2b51-4cc7-bd7a-aa48dcd2c12b" />
      <TestMethod codeBase="Microsoft.Azure.Batch.AppPackageUnitTests\Microsoft.Azure.Batch.AppPackageUnitTests.dll" adapterTypeName="Microsoft.VisualStudio.TestTools.TestTypes.Unit.UnitTestAdapter" className="Microsoft.Azure.Batch.AppPackageUnitTests.Tests.Commands.AppPackages.GetApplicationSummaryUnitTests_TlsfeUnitTest" name="Microsoft.Azure.Batch.AppPackageUnitTests.Tests.Commands.AppPackages.GetApplicationSummaryUnitTests_TlsfeUnitTest.IfThereAreMultiplePackageVersions_TheyAreAllReturned" />
    </UnitTest>
    <UnitTest name="Microsoft.Azure.Batch.AppPackageUnitTests.Tests.ApplicationTableRecordTests.TheRowKeyRangeForAnApplicationsPackagesContainsAllRecordsStartingWithThePackageIndicator" storage="microsoft.azure.batch.apppackageunittests\microsoft.azure.batch.apppackageunittests.dll" id="8bf55ecb-ed32-4193-9e42-b725cf436057">
      <Execution id="bce54e3c-c371-488e-9a9d-0e0dc3f672ac" />
      <TestMethod codeBase="Microsoft.Azure.Batch.AppPackageUnitTests\Microsoft.Azure.Batch.AppPackageUnitTests.dll" adapterTypeName="Microsoft.VisualStudio.TestTools.TestTypes.Unit.UnitTestAdapter" className="Microsoft.Azure.Batch.AppPackageUnitTests.Tests.ApplicationTableRecordTests" name="Microsoft.Azure.Batch.AppPackageUnitTests.Tests.ApplicationTableRecordTests.TheRowKeyRangeForAnApplicationsPackagesContainsAllRecordsStartingWithThePackageIndicator" />
    </UnitTest>
    <UnitTest name="Microsoft.Azure.Batch.AppPackageUnitTests.Tests.ApplicationTableRecordTests.IfTheRowKeyContainsTheApplicationIndicator_ThenItDoesNotHaveAVersion" storage="microsoft.azure.batch.apppackageunittests\microsoft.azure.batch.apppackageunittests.dll" id="8bc0b961-ed98-4b06-9f74-fe0626c682c7">
      <Execution id="58784fee-b335-4f86-8cc3-892f9db9a941" />
      <TestMethod codeBase="Microsoft.Azure.Batch.AppPackageUnitTests\Microsoft.Azure.Batch.AppPackageUnitTests.dll" adapterTypeName="Microsoft.VisualStudio.TestTools.TestTypes.Unit.UnitTestAdapter" className="Microsoft.Azure.Batch.AppPackageUnitTests.Tests.ApplicationTableRecordTests" name="Microsoft.Azure.Batch.AppPackageUnitTests.Tests.ApplicationTableRecordTests.IfTheRowKeyContainsTheApplicationIndicator_ThenItDoesNotHaveAVersion" />
    </UnitTest>
    <UnitTest name="Microsoft.Azure.Batch.AppPackageUnitTests.Tests.ApplicationTableRecordTests.IfTheRowKeyContainsThePackageIndicator_ThenItIsAPackageRecord" storage="microsoft.azure.batch.apppackageunittests\microsoft.azure.batch.apppackageunittests.dll" id="70d90c63-987c-4d12-ad26-154b63675da1">
      <Execution id="97bd3185-69b7-49c9-b533-97ec1bc5add3" />
      <TestMethod codeBase="Microsoft.Azure.Batch.AppPackageUnitTests\Microsoft.Azure.Batch.AppPackageUnitTests.dll" adapterTypeName="Microsoft.VisualStudio.TestTools.TestTypes.Unit.UnitTestAdapter" className="Microsoft.Azure.Batch.AppPackageUnitTests.Tests.ApplicationTableRecordTests" name="Microsoft.Azure.Batch.AppPackageUnitTests.Tests.ApplicationTableRecordTests.IfTheRowKeyContainsThePackageIndicator_ThenItIsAPackageRecord" />
    </UnitTest>
    <UnitTest name="Microsoft.Azure.Batch.AppPackageUnitTests.Tests.ApplicationTableRecordTests.IfTheRowKeyContainsTheApplicationIndicator_ThenItIsNotAPackageRecord" storage="microsoft.azure.batch.apppackageunittests\microsoft.azure.batch.apppackageunittests.dll" id="59f2256e-32df-45e6-8b6b-cef80f8dbbcf">
      <Execution id="7a8ff412-b2cb-4fa2-bc90-5fe6ce287e93" />
      <TestMethod codeBase="Microsoft.Azure.Batch.AppPackageUnitTests\Microsoft.Azure.Batch.AppPackageUnitTests.dll" adapterTypeName="Microsoft.VisualStudio.TestTools.TestTypes.Unit.UnitTestAdapter" className="Microsoft.Azure.Batch.AppPackageUnitTests.Tests.ApplicationTableRecordTests" name="Microsoft.Azure.Batch.AppPackageUnitTests.Tests.ApplicationTableRecordTests.IfTheRowKeyContainsTheApplicationIndicator_ThenItIsNotAPackageRecord" />
    </UnitTest>
    <UnitTest name="Microsoft.Azure.Batch.AppPackageUnitTests.Tests.ApplicationTableRecordTests.IfTheRowKeyContainsTheApplicationIndicator_ThenTheApplicationIdCanBeExtracted" storage="microsoft.azure.batch.apppackageunittests\microsoft.azure.batch.apppackageunittests.dll" id="0241b69a-823d-4fc2-ade4-0d8c87e2dbac">
      <Execution id="cef196cb-5536-4560-bfac-0ce98dcac24f" />
      <TestMethod codeBase="Microsoft.Azure.Batch.AppPackageUnitTests\Microsoft.Azure.Batch.AppPackageUnitTests.dll" adapterTypeName="Microsoft.VisualStudio.TestTools.TestTypes.Unit.UnitTestAdapter" className="Microsoft.Azure.Batch.AppPackageUnitTests.Tests.ApplicationTableRecordTests" name="Microsoft.Azure.Batch.AppPackageUnitTests.Tests.ApplicationTableRecordTests.IfTheRowKeyContainsTheApplicationIndicator_ThenTheApplicationIdCanBeExtracted" />
    </UnitTest>
    <UnitTest name="Microsoft.Azure.Batch.AppPackageUnitTests.Tests.ApplicationTableRecordTests.IfTheRowKeyContainsThePackageIndicator_ThenItIsNotAnApplicationRecord" storage="microsoft.azure.batch.apppackageunittests\microsoft.azure.batch.apppackageunittests.dll" id="8746ed25-39b4-4055-9002-8fcb73d616f8">
      <Execution id="4e728c48-24e9-42a9-a85b-26f912253a06" />
      <TestMethod codeBase="Microsoft.Azure.Batch.AppPackageUnitTests\Microsoft.Azure.Batch.AppPackageUnitTests.dll" adapterTypeName="Microsoft.VisualStudio.TestTools.TestTypes.Unit.UnitTestAdapter" className="Microsoft.Azure.Batch.AppPackageUnitTests.Tests.ApplicationTableRecordTests" name="Microsoft.Azure.Batch.AppPackageUnitTests.Tests.ApplicationTableRecordTests.IfTheRowKeyContainsThePackageIndicator_ThenItIsNotAnApplicationRecord" />
    </UnitTest>
    <UnitTest name="Microsoft.Azure.Batch.AppPackageUnitTests.Tests.ApplicationTableRecordTests.IfTheRowKeyContainsThePackageIndicator_ThenTheVersionCanBeExtracted" storage="microsoft.azure.batch.apppackageunittests\microsoft.azure.batch.apppackageunittests.dll" id="66235a1f-7887-4322-8b91-08ed91ddd45c">
      <Execution id="5bca228a-0f02-4712-a4a7-ef2d7a476ff0" />
      <TestMethod codeBase="Microsoft.Azure.Batch.AppPackageUnitTests\Microsoft.Azure.Batch.AppPackageUnitTests.dll" adapterTypeName="Microsoft.VisualStudio.TestTools.TestTypes.Unit.UnitTestAdapter" className="Microsoft.Azure.Batch.AppPackageUnitTests.Tests.ApplicationTableRecordTests" name="Microsoft.Azure.Batch.AppPackageUnitTests.Tests.ApplicationTableRecordTests.IfTheRowKeyContainsThePackageIndicator_ThenTheVersionCanBeExtracted" />
    </UnitTest>
    <UnitTest name="Microsoft.Azure.Batch.AppPackageUnitTests.Tests.ApplicationTableRecordTests.TheRowKeyForAPackageContainsThePackageIndicator" storage="microsoft.azure.batch.apppackageunittests\microsoft.azure.batch.apppackageunittests.dll" id="c66266a1-622d-45b1-9b68-4813c68e364b">
      <Execution id="6ebe3093-1b92-4c1e-a457-6da73e4b6aea" />
      <TestMethod codeBase="Microsoft.Azure.Batch.AppPackageUnitTests\Microsoft.Azure.Batch.AppPackageUnitTests.dll" adapterTypeName="Microsoft.VisualStudio.TestTools.TestTypes.Unit.UnitTestAdapter" className="Microsoft.Azure.Batch.AppPackageUnitTests.Tests.ApplicationTableRecordTests" name="Microsoft.Azure.Batch.AppPackageUnitTests.Tests.ApplicationTableRecordTests.TheRowKeyForAPackageContainsThePackageIndicator" />
    </UnitTest>
    <UnitTest name="Microsoft.Azure.Batch.AppPackageUnitTests.Tests.ApplicationTableRecordTests.IfTheRowKeyContainsTheApplicationIndicator_ThenItIsAnApplicationRecord" storage="microsoft.azure.batch.apppackageunittests\microsoft.azure.batch.apppackageunittests.dll" id="69d65e63-170c-4467-8e11-228e844ccad9">
      <Execution id="54b26f92-49ec-4022-bc0d-433ff6f30c25" />
      <TestMethod codeBase="Microsoft.Azure.Batch.AppPackageUnitTests\Microsoft.Azure.Batch.AppPackageUnitTests.dll" adapterTypeName="Microsoft.VisualStudio.TestTools.TestTypes.Unit.UnitTestAdapter" className="Microsoft.Azure.Batch.AppPackageUnitTests.Tests.ApplicationTableRecordTests" name="Microsoft.Azure.Batch.AppPackageUnitTests.Tests.ApplicationTableRecordTests.IfTheRowKeyContainsTheApplicationIndicator_ThenItIsAnApplicationRecord" />
    </UnitTest>
    <UnitTest name="Microsoft.Azure.Batch.AppPackageUnitTests.Tests.ApplicationTableRecordTests.TheRowKeyForAnApplicationContainsTheApplicationIndicator" storage="microsoft.azure.batch.apppackageunittests\microsoft.azure.batch.apppackageunittests.dll" id="97c04c02-fc47-413c-aed3-2f82b5b72f4c">
      <Execution id="5035fee7-e498-4321-9991-27b3a4aba230" />
      <TestMethod codeBase="Microsoft.Azure.Batch.AppPackageUnitTests\Microsoft.Azure.Batch.AppPackageUnitTests.dll" adapterTypeName="Microsoft.VisualStudio.TestTools.TestTypes.Unit.UnitTestAdapter" className="Microsoft.Azure.Batch.AppPackageUnitTests.Tests.ApplicationTableRecordTests" name="Microsoft.Azure.Batch.AppPackageUnitTests.Tests.ApplicationTableRecordTests.TheRowKeyForAnApplicationContainsTheApplicationIndicator" />
    </UnitTest>
    <UnitTest name="Microsoft.Azure.Batch.AppPackageUnitTests.Tests.ApplicationTableRecordTests.IfTheRowKeyContainsThePackageIndicator_ThenTheApplicationIdCanBeExtracted" storage="microsoft.azure.batch.apppackageunittests\microsoft.azure.batch.apppackageunittests.dll" id="329a4bcb-8d97-41f8-8701-51ab394f945d">
      <Execution id="316d042e-ba55-4c38-8371-0415a41ad13e" />
      <TestMethod codeBase="Microsoft.Azure.Batch.AppPackageUnitTests\Microsoft.Azure.Batch.AppPackageUnitTests.dll" adapterTypeName="Microsoft.VisualStudio.TestTools.TestTypes.Unit.UnitTestAdapter" className="Microsoft.Azure.Batch.AppPackageUnitTests.Tests.ApplicationTableRecordTests" name="Microsoft.Azure.Batch.AppPackageUnitTests.Tests.ApplicationTableRecordTests.IfTheRowKeyContainsThePackageIndicator_ThenTheApplicationIdCanBeExtracted" />
    </UnitTest>
    <UnitTest name="CanDeserialiseAbsenceOfAllowUpdates(serialisationEnvironment: ResourceProvider)" storage="microsoft.azure.batch.apppackageunittests\microsoft.azure.batch.apppackageunittests.dll" id="d9d1f337-5e74-4e33-a6ae-75e58840fc6f">
      <Execution id="f3041f59-c443-483f-a5e3-645b574bef9e" />
      <TestMethod codeBase="Microsoft.Azure.Batch.AppPackageUnitTests\Microsoft.Azure.Batch.AppPackageUnitTests.dll" adapterTypeName="Microsoft.VisualStudio.TestTools.TestTypes.Unit.UnitTestAdapter" className="Microsoft.Azure.Batch.AppPackageUnitTests.Tests.MessageBodies.UpdateApplicationRequestTests" name="CanDeserialiseAbsenceOfAllowUpdates(serialisationEnvironment: ResourceProvider)" />
    </UnitTest>
    <UnitTest name="CanDeserialiseAllowUpdates(serialisationEnvironment: ResourceProvider)" storage="microsoft.azure.batch.apppackageunittests\microsoft.azure.batch.apppackageunittests.dll" id="b6ffface-51d8-47b6-a63c-801732eca167">
      <Execution id="cdf7417a-8c9c-445c-b7e8-6d5c9404fc2f" />
      <TestMethod codeBase="Microsoft.Azure.Batch.AppPackageUnitTests\Microsoft.Azure.Batch.AppPackageUnitTests.dll" adapterTypeName="Microsoft.VisualStudio.TestTools.TestTypes.Unit.UnitTestAdapter" className="Microsoft.Azure.Batch.AppPackageUnitTests.Tests.MessageBodies.UpdateApplicationRequestTests" name="CanDeserialiseAllowUpdates(serialisationEnvironment: ResourceProvider)" />
    </UnitTest>
    <UnitTest name="CanDeserialiseAbsenceOfDisplayName(serialisationEnvironment: ResourceProvider)" storage="microsoft.azure.batch.apppackageunittests\microsoft.azure.batch.apppackageunittests.dll" id="02b066de-3881-4573-8bc4-a9d2526b5fb0">
      <Execution id="cc6c39de-5890-43b4-91ef-728794accb50" />
      <TestMethod codeBase="Microsoft.Azure.Batch.AppPackageUnitTests\Microsoft.Azure.Batch.AppPackageUnitTests.dll" adapterTypeName="Microsoft.VisualStudio.TestTools.TestTypes.Unit.UnitTestAdapter" className="Microsoft.Azure.Batch.AppPackageUnitTests.Tests.MessageBodies.UpdateApplicationRequestTests" name="CanDeserialiseAbsenceOfDisplayName(serialisationEnvironment: ResourceProvider)" />
    </UnitTest>
    <UnitTest name="CanDeserialiseDisplayName(serialisationEnvironment: ResourceProvider)" storage="microsoft.azure.batch.apppackageunittests\microsoft.azure.batch.apppackageunittests.dll" id="401f8261-0089-4d7e-8bfe-01a05ead717d">
      <Execution id="a4870c5c-a898-460e-abec-89398457b21c" />
      <TestMethod codeBase="Microsoft.Azure.Batch.AppPackageUnitTests\Microsoft.Azure.Batch.AppPackageUnitTests.dll" adapterTypeName="Microsoft.VisualStudio.TestTools.TestTypes.Unit.UnitTestAdapter" className="Microsoft.Azure.Batch.AppPackageUnitTests.Tests.MessageBodies.UpdateApplicationRequestTests" name="CanDeserialiseDisplayName(serialisationEnvironment: ResourceProvider)" />
    </UnitTest>
    <UnitTest name="CanDeserialiseAbsenceOfDefaultVersion(serialisationEnvironment: ResourceProvider)" storage="microsoft.azure.batch.apppackageunittests\microsoft.azure.batch.apppackageunittests.dll" id="0150258d-f770-4f3c-948f-44ea912243e8">
      <Execution id="812603d7-8604-4620-b8d7-63440e2e33bf" />
      <TestMethod codeBase="Microsoft.Azure.Batch.AppPackageUnitTests\Microsoft.Azure.Batch.AppPackageUnitTests.dll" adapterTypeName="Microsoft.VisualStudio.TestTools.TestTypes.Unit.UnitTestAdapter" className="Microsoft.Azure.Batch.AppPackageUnitTests.Tests.MessageBodies.UpdateApplicationRequestTests" name="CanDeserialiseAbsenceOfDefaultVersion(serialisationEnvironment: ResourceProvider)" />
    </UnitTest>
    <UnitTest name="CanDeserialiseDefaultVersion(serialisationEnvironment: ResourceProvider)" storage="microsoft.azure.batch.apppackageunittests\microsoft.azure.batch.apppackageunittests.dll" id="7c07247c-fee1-43af-a35c-376b65f881bf">
      <Execution id="6d9707e0-785a-4c8d-a143-65c2c598789e" />
      <TestMethod codeBase="Microsoft.Azure.Batch.AppPackageUnitTests\Microsoft.Azure.Batch.AppPackageUnitTests.dll" adapterTypeName="Microsoft.VisualStudio.TestTools.TestTypes.Unit.UnitTestAdapter" className="Microsoft.Azure.Batch.AppPackageUnitTests.Tests.MessageBodies.UpdateApplicationRequestTests" name="CanDeserialiseDefaultVersion(serialisationEnvironment: ResourceProvider)" />
    </UnitTest>
    <UnitTest name="CanDeserialiseNullDefaultVersion(serialisationEnvironment: ResourceProvider)" storage="microsoft.azure.batch.apppackageunittests\microsoft.azure.batch.apppackageunittests.dll" id="9a313b72-133c-42e5-858a-b1fbfab7c13f">
      <Execution id="bf82c962-6d98-4c3e-b3e1-cd57e6b282be" />
      <TestMethod codeBase="Microsoft.Azure.Batch.AppPackageUnitTests\Microsoft.Azure.Batch.AppPackageUnitTests.dll" adapterTypeName="Microsoft.VisualStudio.TestTools.TestTypes.Unit.UnitTestAdapter" className="Microsoft.Azure.Batch.AppPackageUnitTests.Tests.MessageBodies.UpdateApplicationRequestTests" name="CanDeserialiseNullDefaultVersion(serialisationEnvironment: ResourceProvider)" />
    </UnitTest>
    <UnitTest name="Microsoft.Azure.Batch.AppPackageUnitTests.Tests.Serialization.AutoStoragePropertiesConverterTests.WhenAutoStorageHasValue_PopulatesValue" storage="microsoft.azure.batch.apppackageunittests\microsoft.azure.batch.apppackageunittests.dll" id="7ef48785-449e-4979-920b-335ee0c6725f">
      <Execution id="5d71249f-ac46-442a-880e-bdb4be9c6398" />
      <TestMethod codeBase="Microsoft.Azure.Batch.AppPackageUnitTests\Microsoft.Azure.Batch.AppPackageUnitTests.dll" adapterTypeName="Microsoft.VisualStudio.TestTools.TestTypes.Unit.UnitTestAdapter" className="Microsoft.Azure.Batch.AppPackageUnitTests.Tests.Serialization.AutoStoragePropertiesConverterTests" name="Microsoft.Azure.Batch.AppPackageUnitTests.Tests.Serialization.AutoStoragePropertiesConverterTests.WhenAutoStorageHasValue_PopulatesValue" />
    </UnitTest>
    <UnitTest name="Microsoft.Azure.Batch.AppPackageUnitTests.Tests.Serialization.AutoStoragePropertiesConverterTests.SerializerDoesNotSerializeWhenHasValue" storage="microsoft.azure.batch.apppackageunittests\microsoft.azure.batch.apppackageunittests.dll" id="8ef2954e-619f-4b66-abdf-75b0c3ef0e44">
      <Execution id="0658e30d-f5a7-4cfd-b99e-cb0b0d988c4d" />
      <TestMethod codeBase="Microsoft.Azure.Batch.AppPackageUnitTests\Microsoft.Azure.Batch.AppPackageUnitTests.dll" adapterTypeName="Microsoft.VisualStudio.TestTools.TestTypes.Unit.UnitTestAdapter" className="Microsoft.Azure.Batch.AppPackageUnitTests.Tests.Serialization.AutoStoragePropertiesConverterTests" name="Microsoft.Azure.Batch.AppPackageUnitTests.Tests.Serialization.AutoStoragePropertiesConverterTests.SerializerDoesNotSerializeWhenHasValue" />
    </UnitTest>
    <UnitTest name="Microsoft.Azure.Batch.AppPackageUnitTests.Tests.Serialization.AutoStoragePropertiesConverterTests.WhenAutoStorageMissing_SetsValueToNull" storage="microsoft.azure.batch.apppackageunittests\microsoft.azure.batch.apppackageunittests.dll" id="4d3753ce-3a8d-4982-9e53-fc1327ee5981">
      <Execution id="a37eab11-2316-4672-bbae-7cbbd2d21131" />
      <TestMethod codeBase="Microsoft.Azure.Batch.AppPackageUnitTests\Microsoft.Azure.Batch.AppPackageUnitTests.dll" adapterTypeName="Microsoft.VisualStudio.TestTools.TestTypes.Unit.UnitTestAdapter" className="Microsoft.Azure.Batch.AppPackageUnitTests.Tests.Serialization.AutoStoragePropertiesConverterTests" name="Microsoft.Azure.Batch.AppPackageUnitTests.Tests.Serialization.AutoStoragePropertiesConverterTests.WhenAutoStorageMissing_SetsValueToNull" />
    </UnitTest>
    <UnitTest name="Microsoft.Azure.Batch.AppPackageUnitTests.Tests.Serialization.AutoStoragePropertiesConverterTests.SerializerDoesNotSerializeWhenNull" storage="microsoft.azure.batch.apppackageunittests\microsoft.azure.batch.apppackageunittests.dll" id="4fd4710b-048a-43fd-a388-005931c329a5">
      <Execution id="7c2376b6-2b33-4ea7-98e3-e304d6e097af" />
      <TestMethod codeBase="Microsoft.Azure.Batch.AppPackageUnitTests\Microsoft.Azure.Batch.AppPackageUnitTests.dll" adapterTypeName="Microsoft.VisualStudio.TestTools.TestTypes.Unit.UnitTestAdapter" className="Microsoft.Azure.Batch.AppPackageUnitTests.Tests.Serialization.AutoStoragePropertiesConverterTests" name="Microsoft.Azure.Batch.AppPackageUnitTests.Tests.Serialization.AutoStoragePropertiesConverterTests.SerializerDoesNotSerializeWhenNull" />
    </UnitTest>
    <UnitTest name="Microsoft.Azure.Batch.AppPackageUnitTests.Tests.Serialization.AutoStoragePropertiesConverterTests.WhenAutoStorageNull_SetsValueToNullValue" storage="microsoft.azure.batch.apppackageunittests\microsoft.azure.batch.apppackageunittests.dll" id="6d3fa1b9-199d-44ed-a04d-491542f271d6">
      <Execution id="f56d1014-bedf-42e6-81fe-8443a5473a56" />
      <TestMethod codeBase="Microsoft.Azure.Batch.AppPackageUnitTests\Microsoft.Azure.Batch.AppPackageUnitTests.dll" adapterTypeName="Microsoft.VisualStudio.TestTools.TestTypes.Unit.UnitTestAdapter" className="Microsoft.Azure.Batch.AppPackageUnitTests.Tests.Serialization.AutoStoragePropertiesConverterTests" name="Microsoft.Azure.Batch.AppPackageUnitTests.Tests.Serialization.AutoStoragePropertiesConverterTests.WhenAutoStorageNull_SetsValueToNullValue" />
    </UnitTest>
    <UnitTest name="Microsoft.Azure.Batch.AppPackageUnitTests.Tests.ApplicationPackageTableOperationsTests.IfRecordExistsAndHasNotChanged_ThenUpdateRecordCommitsData" storage="microsoft.azure.batch.apppackageunittests\microsoft.azure.batch.apppackageunittests.dll" id="c93f0509-3ec6-422d-9fae-e55a5e1915db">
      <Execution id="dcee9c77-d366-4d32-aff7-fba13b933512" />
      <TestMethod codeBase="Microsoft.Azure.Batch.AppPackageUnitTests\Microsoft.Azure.Batch.AppPackageUnitTests.dll" adapterTypeName="Microsoft.VisualStudio.TestTools.TestTypes.Unit.UnitTestAdapter" className="Microsoft.Azure.Batch.AppPackageUnitTests.Tests.ApplicationPackageTableOperationsTests" name="Microsoft.Azure.Batch.AppPackageUnitTests.Tests.ApplicationPackageTableOperationsTests.IfRecordExistsAndHasNotChanged_ThenUpdateRecordCommitsData" />
    </UnitTest>
    <UnitTest name="Microsoft.Azure.Batch.AppPackageUnitTests.Tests.ApplicationPackageTableOperationsTests.DeleteRecordErrorsIfRecordDoesNotExist" storage="microsoft.azure.batch.apppackageunittests\microsoft.azure.batch.apppackageunittests.dll" id="49c4b1b1-18d4-4c70-a070-84e4bbfdbb7b">
      <Execution id="f9a02f82-c7eb-4041-a656-d8e66e53b1b2" />
      <TestMethod codeBase="Microsoft.Azure.Batch.AppPackageUnitTests\Microsoft.Azure.Batch.AppPackageUnitTests.dll" adapterTypeName="Microsoft.VisualStudio.TestTools.TestTypes.Unit.UnitTestAdapter" className="Microsoft.Azure.Batch.AppPackageUnitTests.Tests.ApplicationPackageTableOperationsTests" name="Microsoft.Azure.Batch.AppPackageUnitTests.Tests.ApplicationPackageTableOperationsTests.DeleteRecordErrorsIfRecordDoesNotExist" />
    </UnitTest>
    <UnitTest name="Microsoft.Azure.Batch.AppPackageUnitTests.Tests.ApplicationPackageTableOperationsTests.GetRecordsTranslatesActiveSnapshotUrl" storage="microsoft.azure.batch.apppackageunittests\microsoft.azure.batch.apppackageunittests.dll" id="cecc367c-c31f-4c72-af98-6cfc6d44b595">
      <Execution id="c9a9b827-1aa7-4697-9f9d-1340a97f03dd" />
      <TestMethod codeBase="Microsoft.Azure.Batch.AppPackageUnitTests\Microsoft.Azure.Batch.AppPackageUnitTests.dll" adapterTypeName="Microsoft.VisualStudio.TestTools.TestTypes.Unit.UnitTestAdapter" className="Microsoft.Azure.Batch.AppPackageUnitTests.Tests.ApplicationPackageTableOperationsTests" name="Microsoft.Azure.Batch.AppPackageUnitTests.Tests.ApplicationPackageTableOperationsTests.GetRecordsTranslatesActiveSnapshotUrl" />
    </UnitTest>
    <UnitTest name="Microsoft.Azure.Batch.AppPackageUnitTests.Tests.ApplicationPackageTableOperationsTests.IfRecordExistsAndHasNotChanged_ThenDeleteRecordDeletesRecord" storage="microsoft.azure.batch.apppackageunittests\microsoft.azure.batch.apppackageunittests.dll" id="28aa5e55-d26f-4101-8d42-16792132f243">
      <Execution id="f93064f2-7a85-4464-947f-3df8a77e9413" />
      <TestMethod codeBase="Microsoft.Azure.Batch.AppPackageUnitTests\Microsoft.Azure.Batch.AppPackageUnitTests.dll" adapterTypeName="Microsoft.VisualStudio.TestTools.TestTypes.Unit.UnitTestAdapter" className="Microsoft.Azure.Batch.AppPackageUnitTests.Tests.ApplicationPackageTableOperationsTests" name="Microsoft.Azure.Batch.AppPackageUnitTests.Tests.ApplicationPackageTableOperationsTests.IfRecordExistsAndHasNotChanged_ThenDeleteRecordDeletesRecord" />
    </UnitTest>
    <UnitTest name="Microsoft.Azure.Batch.AppPackageUnitTests.Tests.ApplicationPackageTableOperationsTests.IfRecordDoesNotExist_ThenUpdateRecordErrorsWithNotFound" storage="microsoft.azure.batch.apppackageunittests\microsoft.azure.batch.apppackageunittests.dll" id="05373681-b97b-4b34-be1c-bdd546973e1d">
      <Execution id="b2c4f356-cf75-4bc5-8739-1bd021886de0" />
      <TestMethod codeBase="Microsoft.Azure.Batch.AppPackageUnitTests\Microsoft.Azure.Batch.AppPackageUnitTests.dll" adapterTypeName="Microsoft.VisualStudio.TestTools.TestTypes.Unit.UnitTestAdapter" className="Microsoft.Azure.Batch.AppPackageUnitTests.Tests.ApplicationPackageTableOperationsTests" name="Microsoft.Azure.Batch.AppPackageUnitTests.Tests.ApplicationPackageTableOperationsTests.IfRecordDoesNotExist_ThenUpdateRecordErrorsWithNotFound" />
    </UnitTest>
    <UnitTest name="Microsoft.Azure.Batch.AppPackageUnitTests.Tests.ApplicationPackageTableOperationsTests.GetRecordRetrievesOnlyFromTheAccount" storage="microsoft.azure.batch.apppackageunittests\microsoft.azure.batch.apppackageunittests.dll" id="454bb99e-30d1-40e1-9a56-9ddc8a6f5254">
      <Execution id="385b093b-17e8-4b71-b83a-98eca3da0f54" />
      <TestMethod codeBase="Microsoft.Azure.Batch.AppPackageUnitTests\Microsoft.Azure.Batch.AppPackageUnitTests.dll" adapterTypeName="Microsoft.VisualStudio.TestTools.TestTypes.Unit.UnitTestAdapter" className="Microsoft.Azure.Batch.AppPackageUnitTests.Tests.ApplicationPackageTableOperationsTests" name="Microsoft.Azure.Batch.AppPackageUnitTests.Tests.ApplicationPackageTableOperationsTests.GetRecordRetrievesOnlyFromTheAccount" />
    </UnitTest>
    <UnitTest name="Microsoft.Azure.Batch.AppPackageUnitTests.Tests.ApplicationPackageTableOperationsTests.GetRecordsTranslatesState" storage="microsoft.azure.batch.apppackageunittests\microsoft.azure.batch.apppackageunittests.dll" id="f256f57c-ee52-4218-8086-1719f1701fc6">
      <Execution id="d5137856-1bf8-4e9d-9150-2ddb67636963" />
      <TestMethod codeBase="Microsoft.Azure.Batch.AppPackageUnitTests\Microsoft.Azure.Batch.AppPackageUnitTests.dll" adapterTypeName="Microsoft.VisualStudio.TestTools.TestTypes.Unit.UnitTestAdapter" className="Microsoft.Azure.Batch.AppPackageUnitTests.Tests.ApplicationPackageTableOperationsTests" name="Microsoft.Azure.Batch.AppPackageUnitTests.Tests.ApplicationPackageTableOperationsTests.GetRecordsTranslatesState" />
    </UnitTest>
    <UnitTest name="Microsoft.Azure.Batch.AppPackageUnitTests.Tests.ApplicationPackageTableOperationsTests.IfRecordExistsButHasChanged_ThenUpdateRecordErrorsWithConflict" storage="microsoft.azure.batch.apppackageunittests\microsoft.azure.batch.apppackageunittests.dll" id="c269b0d0-2c08-48c2-9b34-13ebca9dbe81">
      <Execution id="6271a99c-5698-4acc-8da6-1049f6bfdb58" />
      <TestMethod codeBase="Microsoft.Azure.Batch.AppPackageUnitTests\Microsoft.Azure.Batch.AppPackageUnitTests.dll" adapterTypeName="Microsoft.VisualStudio.TestTools.TestTypes.Unit.UnitTestAdapter" className="Microsoft.Azure.Batch.AppPackageUnitTests.Tests.ApplicationPackageTableOperationsTests" name="Microsoft.Azure.Batch.AppPackageUnitTests.Tests.ApplicationPackageTableOperationsTests.IfRecordExistsButHasChanged_ThenUpdateRecordErrorsWithConflict" />
    </UnitTest>
    <UnitTest name="Microsoft.Azure.Batch.AppPackageUnitTests.Tests.ApplicationPackageTableOperationsTests.GetRecordsTranslatesFormat" storage="microsoft.azure.batch.apppackageunittests\microsoft.azure.batch.apppackageunittests.dll" id="00423a08-84bf-459e-b163-c10b465f9b8c">
      <Execution id="434ab9b4-28b3-44d5-bd2a-e0d282772860" />
      <TestMethod codeBase="Microsoft.Azure.Batch.AppPackageUnitTests\Microsoft.Azure.Batch.AppPackageUnitTests.dll" adapterTypeName="Microsoft.VisualStudio.TestTools.TestTypes.Unit.UnitTestAdapter" className="Microsoft.Azure.Batch.AppPackageUnitTests.Tests.ApplicationPackageTableOperationsTests" name="Microsoft.Azure.Batch.AppPackageUnitTests.Tests.ApplicationPackageTableOperationsTests.GetRecordsTranslatesFormat" />
    </UnitTest>
    <UnitTest name="Microsoft.Azure.Batch.AppPackageUnitTests.Tests.ApplicationPackageTableOperationsTests.InsertRecordCommitsDataIfThereIsNoConflict" storage="microsoft.azure.batch.apppackageunittests\microsoft.azure.batch.apppackageunittests.dll" id="614ecb4d-85b9-41ca-9d7a-f42f5d89f24f">
      <Execution id="bbe5d0cf-316a-42a0-96e7-033e663fdb2f" />
      <TestMethod codeBase="Microsoft.Azure.Batch.AppPackageUnitTests\Microsoft.Azure.Batch.AppPackageUnitTests.dll" adapterTypeName="Microsoft.VisualStudio.TestTools.TestTypes.Unit.UnitTestAdapter" className="Microsoft.Azure.Batch.AppPackageUnitTests.Tests.ApplicationPackageTableOperationsTests" name="Microsoft.Azure.Batch.AppPackageUnitTests.Tests.ApplicationPackageTableOperationsTests.InsertRecordCommitsDataIfThereIsNoConflict" />
    </UnitTest>
    <UnitTest name="Microsoft.Azure.Batch.AppPackageUnitTests.Tests.ApplicationPackageTableOperationsTests.GetRecordsForApplicationRetrievesOnlyPerAccountAndApplicationRecords" storage="microsoft.azure.batch.apppackageunittests\microsoft.azure.batch.apppackageunittests.dll" id="4cfeb321-2be5-426b-a365-0b4e905127a6">
      <Execution id="e281b999-0910-486c-a287-37742c4d5e36" />
      <TestMethod codeBase="Microsoft.Azure.Batch.AppPackageUnitTests\Microsoft.Azure.Batch.AppPackageUnitTests.dll" adapterTypeName="Microsoft.VisualStudio.TestTools.TestTypes.Unit.UnitTestAdapter" className="Microsoft.Azure.Batch.AppPackageUnitTests.Tests.ApplicationPackageTableOperationsTests" name="Microsoft.Azure.Batch.AppPackageUnitTests.Tests.ApplicationPackageTableOperationsTests.GetRecordsForApplicationRetrievesOnlyPerAccountAndApplicationRecords" />
    </UnitTest>
    <UnitTest name="Microsoft.Azure.Batch.AppPackageUnitTests.Tests.ApplicationPackageTableOperationsTests.IfAccountDoesNotContainAPackage_ThenContainsReturnsFalse" storage="microsoft.azure.batch.apppackageunittests\microsoft.azure.batch.apppackageunittests.dll" id="8e1e2906-3abe-4ca0-b7fc-7027d4c15744">
      <Execution id="7b8bf19b-b1fe-4447-b719-f0417a6f561e" />
      <TestMethod codeBase="Microsoft.Azure.Batch.AppPackageUnitTests\Microsoft.Azure.Batch.AppPackageUnitTests.dll" adapterTypeName="Microsoft.VisualStudio.TestTools.TestTypes.Unit.UnitTestAdapter" className="Microsoft.Azure.Batch.AppPackageUnitTests.Tests.ApplicationPackageTableOperationsTests" name="Microsoft.Azure.Batch.AppPackageUnitTests.Tests.ApplicationPackageTableOperationsTests.IfAccountDoesNotContainAPackage_ThenContainsReturnsFalse" />
    </UnitTest>
    <UnitTest name="Microsoft.Azure.Batch.AppPackageUnitTests.Tests.ApplicationPackageTableOperationsTests.GetRecordsTranslatesVersion" storage="microsoft.azure.batch.apppackageunittests\microsoft.azure.batch.apppackageunittests.dll" id="cf66aa0d-1751-4cb3-9de8-836ffbab088d">
      <Execution id="65e54cf2-c735-4cf5-9801-657a96e81beb" />
      <TestMethod codeBase="Microsoft.Azure.Batch.AppPackageUnitTests\Microsoft.Azure.Batch.AppPackageUnitTests.dll" adapterTypeName="Microsoft.VisualStudio.TestTools.TestTypes.Unit.UnitTestAdapter" className="Microsoft.Azure.Batch.AppPackageUnitTests.Tests.ApplicationPackageTableOperationsTests" name="Microsoft.Azure.Batch.AppPackageUnitTests.Tests.ApplicationPackageTableOperationsTests.GetRecordsTranslatesVersion" />
    </UnitTest>
    <UnitTest name="Microsoft.Azure.Batch.AppPackageUnitTests.Tests.ApplicationPackageTableOperationsTests.GetRecordsTranslatesBlobName" storage="microsoft.azure.batch.apppackageunittests\microsoft.azure.batch.apppackageunittests.dll" id="904cc4db-69da-4034-be92-f9d0c25155e6">
      <Execution id="7ee93d3f-41cb-4609-99be-da10a74820e4" />
      <TestMethod codeBase="Microsoft.Azure.Batch.AppPackageUnitTests\Microsoft.Azure.Batch.AppPackageUnitTests.dll" adapterTypeName="Microsoft.VisualStudio.TestTools.TestTypes.Unit.UnitTestAdapter" className="Microsoft.Azure.Batch.AppPackageUnitTests.Tests.ApplicationPackageTableOperationsTests" name="Microsoft.Azure.Batch.AppPackageUnitTests.Tests.ApplicationPackageTableOperationsTests.GetRecordsTranslatesBlobName" />
    </UnitTest>
    <UnitTest name="Microsoft.Azure.Batch.AppPackageUnitTests.Tests.ApplicationPackageTableOperationsTests.IfRecordExistsButHasChanged_ThenDeleteRecordErrorsWithConflict" storage="microsoft.azure.batch.apppackageunittests\microsoft.azure.batch.apppackageunittests.dll" id="cc7749f2-6456-4159-97bf-4d2f5a8360ac">
      <Execution id="a9078fbd-5ab6-4281-b297-94a6e0bb41eb" />
      <TestMethod codeBase="Microsoft.Azure.Batch.AppPackageUnitTests\Microsoft.Azure.Batch.AppPackageUnitTests.dll" adapterTypeName="Microsoft.VisualStudio.TestTools.TestTypes.Unit.UnitTestAdapter" className="Microsoft.Azure.Batch.AppPackageUnitTests.Tests.ApplicationPackageTableOperationsTests" name="Microsoft.Azure.Batch.AppPackageUnitTests.Tests.ApplicationPackageTableOperationsTests.IfRecordExistsButHasChanged_ThenDeleteRecordErrorsWithConflict" />
    </UnitTest>
    <UnitTest name="Microsoft.Azure.Batch.AppPackageUnitTests.Tests.ApplicationPackageTableOperationsTests.GetRecordsRetrievesOnlyPerAccountRecords" storage="microsoft.azure.batch.apppackageunittests\microsoft.azure.batch.apppackageunittests.dll" id="d5240e3f-ce9c-4279-8288-8b481d603e40">
      <Execution id="2b023717-1a6b-41a2-96f5-b7b2d1c4c474" />
      <TestMethod codeBase="Microsoft.Azure.Batch.AppPackageUnitTests\Microsoft.Azure.Batch.AppPackageUnitTests.dll" adapterTypeName="Microsoft.VisualStudio.TestTools.TestTypes.Unit.UnitTestAdapter" className="Microsoft.Azure.Batch.AppPackageUnitTests.Tests.ApplicationPackageTableOperationsTests" name="Microsoft.Azure.Batch.AppPackageUnitTests.Tests.ApplicationPackageTableOperationsTests.GetRecordsRetrievesOnlyPerAccountRecords" />
    </UnitTest>
    <UnitTest name="Microsoft.Azure.Batch.AppPackageUnitTests.Tests.ApplicationPackageTableOperationsTests.GetRecordsTranslatesActiveSnapshotTimestamp" storage="microsoft.azure.batch.apppackageunittests\microsoft.azure.batch.apppackageunittests.dll" id="fdbfcda2-be19-4dff-b4b7-efda02014b9a">
      <Execution id="2b87a6cc-14e2-45c5-a137-b595872bc787" />
      <TestMethod codeBase="Microsoft.Azure.Batch.AppPackageUnitTests\Microsoft.Azure.Batch.AppPackageUnitTests.dll" adapterTypeName="Microsoft.VisualStudio.TestTools.TestTypes.Unit.UnitTestAdapter" className="Microsoft.Azure.Batch.AppPackageUnitTests.Tests.ApplicationPackageTableOperationsTests" name="Microsoft.Azure.Batch.AppPackageUnitTests.Tests.ApplicationPackageTableOperationsTests.GetRecordsTranslatesActiveSnapshotTimestamp" />
    </UnitTest>
    <UnitTest name="Microsoft.Azure.Batch.AppPackageUnitTests.Tests.ApplicationPackageTableOperationsTests.IfAccountContainsAPackage_ThenContainsReturnsTrue" storage="microsoft.azure.batch.apppackageunittests\microsoft.azure.batch.apppackageunittests.dll" id="582f4208-2d9f-425b-9ebb-e09f139844be">
      <Execution id="997e5ccc-ff80-4ede-acb6-e124cb71df5c" />
      <TestMethod codeBase="Microsoft.Azure.Batch.AppPackageUnitTests\Microsoft.Azure.Batch.AppPackageUnitTests.dll" adapterTypeName="Microsoft.VisualStudio.TestTools.TestTypes.Unit.UnitTestAdapter" className="Microsoft.Azure.Batch.AppPackageUnitTests.Tests.ApplicationPackageTableOperationsTests" name="Microsoft.Azure.Batch.AppPackageUnitTests.Tests.ApplicationPackageTableOperationsTests.IfAccountContainsAPackage_ThenContainsReturnsTrue" />
    </UnitTest>
    <UnitTest name="Microsoft.Azure.Batch.AppPackageUnitTests.Tests.ApplicationPackageTableOperationsTests.GetRecordRetrievesPackageInfo" storage="microsoft.azure.batch.apppackageunittests\microsoft.azure.batch.apppackageunittests.dll" id="bf8397b5-dffd-4220-9d0e-6965a2d5ea96">
      <Execution id="2fb4bc58-638b-4b00-b508-5ab7699330c0" />
      <TestMethod codeBase="Microsoft.Azure.Batch.AppPackageUnitTests\Microsoft.Azure.Batch.AppPackageUnitTests.dll" adapterTypeName="Microsoft.VisualStudio.TestTools.TestTypes.Unit.UnitTestAdapter" className="Microsoft.Azure.Batch.AppPackageUnitTests.Tests.ApplicationPackageTableOperationsTests" name="Microsoft.Azure.Batch.AppPackageUnitTests.Tests.ApplicationPackageTableOperationsTests.GetRecordRetrievesPackageInfo" />
    </UnitTest>
    <UnitTest name="Microsoft.Azure.Batch.AppPackageUnitTests.Tests.ApplicationPackageTableOperationsTests.InsertRecordErrorsIfRecordAlreadyExists" storage="microsoft.azure.batch.apppackageunittests\microsoft.azure.batch.apppackageunittests.dll" id="4e9ef932-049e-41fa-adcf-c935aca09ae6">
      <Execution id="50c3e1e3-c105-4b20-995b-4a2dc5437b0a" />
      <TestMethod codeBase="Microsoft.Azure.Batch.AppPackageUnitTests\Microsoft.Azure.Batch.AppPackageUnitTests.dll" adapterTypeName="Microsoft.VisualStudio.TestTools.TestTypes.Unit.UnitTestAdapter" className="Microsoft.Azure.Batch.AppPackageUnitTests.Tests.ApplicationPackageTableOperationsTests" name="Microsoft.Azure.Batch.AppPackageUnitTests.Tests.ApplicationPackageTableOperationsTests.InsertRecordErrorsIfRecordAlreadyExists" />
    </UnitTest>
    <UnitTest name="Microsoft.Azure.Batch.AppPackageUnitTests.Tests.Commands.AppPackages.DeleteApplicationPackageUnitTests_TrpfeUnitTest.IfThereIsNoApplicationPackageRecord_CorrectExceptionIsThrown" storage="microsoft.azure.batch.apppackageunittests\microsoft.azure.batch.apppackageunittests.dll" id="a34d7405-88b0-47e5-bba5-95e6392e1953">
      <Execution id="8e468c32-0761-4dfc-8857-d6f9348a0ef8" />
      <TestMethod codeBase="Microsoft.Azure.Batch.AppPackageUnitTests\Microsoft.Azure.Batch.AppPackageUnitTests.dll" adapterTypeName="Microsoft.VisualStudio.TestTools.TestTypes.Unit.UnitTestAdapter" className="Microsoft.Azure.Batch.AppPackageUnitTests.Tests.Commands.AppPackages.DeleteApplicationPackageUnitTests_TrpfeUnitTest" name="Microsoft.Azure.Batch.AppPackageUnitTests.Tests.Commands.AppPackages.DeleteApplicationPackageUnitTests_TrpfeUnitTest.IfThereIsNoApplicationPackageRecord_CorrectExceptionIsThrown" />
    </UnitTest>
    <UnitTest name="Microsoft.Azure.Batch.AppPackageUnitTests.Tests.Commands.AppPackages.DeleteApplicationPackageUnitTests_TrpfeUnitTest.IfApplicationPackageIsActive_ButBlobDoesntExist_ThenRecordIsDeleted_AndNoExceptionThrown" storage="microsoft.azure.batch.apppackageunittests\microsoft.azure.batch.apppackageunittests.dll" id="e7c58b45-f967-45e3-8b49-c024cecb07b5">
      <Execution id="e6635f14-9f51-4ed1-a90e-693e5f595aae" />
      <TestMethod codeBase="Microsoft.Azure.Batch.AppPackageUnitTests\Microsoft.Azure.Batch.AppPackageUnitTests.dll" adapterTypeName="Microsoft.VisualStudio.TestTools.TestTypes.Unit.UnitTestAdapter" className="Microsoft.Azure.Batch.AppPackageUnitTests.Tests.Commands.AppPackages.DeleteApplicationPackageUnitTests_TrpfeUnitTest" name="Microsoft.Azure.Batch.AppPackageUnitTests.Tests.Commands.AppPackages.DeleteApplicationPackageUnitTests_TrpfeUnitTest.IfApplicationPackageIsActive_ButBlobDoesntExist_ThenRecordIsDeleted_AndNoExceptionThrown" />
    </UnitTest>
    <UnitTest name="Microsoft.Azure.Batch.AppPackageUnitTests.Tests.Commands.AppPackages.DeleteApplicationPackageUnitTests_TrpfeUnitTest.IfDeletingDefaultPackageForApplication_ApplicationDefaultPackageIsNulled" storage="microsoft.azure.batch.apppackageunittests\microsoft.azure.batch.apppackageunittests.dll" id="702faee7-9e0b-4117-a3c8-27d56b1c970a">
      <Execution id="b291288b-3833-4d94-a348-d37f56bdd2b7" />
      <TestMethod codeBase="Microsoft.Azure.Batch.AppPackageUnitTests\Microsoft.Azure.Batch.AppPackageUnitTests.dll" adapterTypeName="Microsoft.VisualStudio.TestTools.TestTypes.Unit.UnitTestAdapter" className="Microsoft.Azure.Batch.AppPackageUnitTests.Tests.Commands.AppPackages.DeleteApplicationPackageUnitTests_TrpfeUnitTest" name="Microsoft.Azure.Batch.AppPackageUnitTests.Tests.Commands.AppPackages.DeleteApplicationPackageUnitTests_TrpfeUnitTest.IfDeletingDefaultPackageForApplication_ApplicationDefaultPackageIsNulled" />
    </UnitTest>
    <UnitTest name="Microsoft.Azure.Batch.AppPackageUnitTests.Tests.Commands.AppPackages.DeleteApplicationPackageUnitTests_TrpfeUnitTest.IfDeletingNonDefaultPackageForApplication_ApplicationDefaultPackageIsUnchanged" storage="microsoft.azure.batch.apppackageunittests\microsoft.azure.batch.apppackageunittests.dll" id="fa52fc10-5add-4392-b13f-2d3957a20ac3">
      <Execution id="a6e60828-7298-4167-8c35-596503b00743" />
      <TestMethod codeBase="Microsoft.Azure.Batch.AppPackageUnitTests\Microsoft.Azure.Batch.AppPackageUnitTests.dll" adapterTypeName="Microsoft.VisualStudio.TestTools.TestTypes.Unit.UnitTestAdapter" className="Microsoft.Azure.Batch.AppPackageUnitTests.Tests.Commands.AppPackages.DeleteApplicationPackageUnitTests_TrpfeUnitTest" name="Microsoft.Azure.Batch.AppPackageUnitTests.Tests.Commands.AppPackages.DeleteApplicationPackageUnitTests_TrpfeUnitTest.IfDeletingNonDefaultPackageForApplication_ApplicationDefaultPackageIsUnchanged" />
    </UnitTest>
    <UnitTest name="Microsoft.Azure.Batch.AppPackageUnitTests.Tests.Commands.AppPackages.DeleteApplicationPackageUnitTests_TrpfeUnitTest.IfApplicationPackageIsPending_ThenRecordIsDeleted" storage="microsoft.azure.batch.apppackageunittests\microsoft.azure.batch.apppackageunittests.dll" id="7f339d71-fb9e-49d4-b5aa-2d81b8670ee1">
      <Execution id="ef57b2fc-705f-4910-9edc-74e5090158c9" />
      <TestMethod codeBase="Microsoft.Azure.Batch.AppPackageUnitTests\Microsoft.Azure.Batch.AppPackageUnitTests.dll" adapterTypeName="Microsoft.VisualStudio.TestTools.TestTypes.Unit.UnitTestAdapter" className="Microsoft.Azure.Batch.AppPackageUnitTests.Tests.Commands.AppPackages.DeleteApplicationPackageUnitTests_TrpfeUnitTest" name="Microsoft.Azure.Batch.AppPackageUnitTests.Tests.Commands.AppPackages.DeleteApplicationPackageUnitTests_TrpfeUnitTest.IfApplicationPackageIsPending_ThenRecordIsDeleted" />
    </UnitTest>
    <UnitTest name="Microsoft.Azure.Batch.AppPackageUnitTests.Tests.Commands.AppPackages.DeleteApplicationPackageUnitTests_TrpfeUnitTest.IfApplicationPackageIsActive_AndBlobHasSnapshot_ThenRecordIsDeleted_AndBlobIsDeleted" storage="microsoft.azure.batch.apppackageunittests\microsoft.azure.batch.apppackageunittests.dll" id="9c0225f2-33f5-4e8a-9052-4dff8c96259d">
      <Execution id="7cf6c88b-85fa-498c-983e-566cba8e34a2" />
      <TestMethod codeBase="Microsoft.Azure.Batch.AppPackageUnitTests\Microsoft.Azure.Batch.AppPackageUnitTests.dll" adapterTypeName="Microsoft.VisualStudio.TestTools.TestTypes.Unit.UnitTestAdapter" className="Microsoft.Azure.Batch.AppPackageUnitTests.Tests.Commands.AppPackages.DeleteApplicationPackageUnitTests_TrpfeUnitTest" name="Microsoft.Azure.Batch.AppPackageUnitTests.Tests.Commands.AppPackages.DeleteApplicationPackageUnitTests_TrpfeUnitTest.IfApplicationPackageIsActive_AndBlobHasSnapshot_ThenRecordIsDeleted_AndBlobIsDeleted" />
    </UnitTest>
    <UnitTest name="Microsoft.Azure.Batch.AppPackageUnitTests.Tests.TRPFE.AutoStorageTrpfeTests.PatchReturns409WhenBatchNotRegisteredForSubscriptionTenant" storage="microsoft.azure.batch.apppackageunittests\microsoft.azure.batch.apppackageunittests.dll" id="47c8ddd5-ae03-40ea-9932-c21614a6042e">
      <Execution id="00c09ac7-8618-495d-9fd2-1aef57196238" />
      <TestMethod codeBase="Microsoft.Azure.Batch.AppPackageUnitTests\Microsoft.Azure.Batch.AppPackageUnitTests.dll" adapterTypeName="Microsoft.VisualStudio.TestTools.TestTypes.Unit.UnitTestAdapter" className="Microsoft.Azure.Batch.AppPackageUnitTests.Tests.TRPFE.AutoStorageTrpfeTests" name="Microsoft.Azure.Batch.AppPackageUnitTests.Tests.TRPFE.AutoStorageTrpfeTests.PatchReturns409WhenBatchNotRegisteredForSubscriptionTenant" />
    </UnitTest>
    <UnitTest name="Microsoft.Azure.Batch.AppPackageUnitTests.Tests.TRPFE.AutoStorageTrpfeTests.AddAccountReturnsSuccessWhenAutoStorageAccountValid" storage="microsoft.azure.batch.apppackageunittests\microsoft.azure.batch.apppackageunittests.dll" id="c5958e8d-559c-4eb4-b2c1-4fe49644b78c">
      <Execution id="f767c14c-4e15-4186-a62d-23f6771f3cd9" />
      <TestMethod codeBase="Microsoft.Azure.Batch.AppPackageUnitTests\Microsoft.Azure.Batch.AppPackageUnitTests.dll" adapterTypeName="Microsoft.VisualStudio.TestTools.TestTypes.Unit.UnitTestAdapter" className="Microsoft.Azure.Batch.AppPackageUnitTests.Tests.TRPFE.AutoStorageTrpfeTests" name="Microsoft.Azure.Batch.AppPackageUnitTests.Tests.TRPFE.AutoStorageTrpfeTests.AddAccountReturnsSuccessWhenAutoStorageAccountValid" />
    </UnitTest>
    <UnitTest name="Microsoft.Azure.Batch.AppPackageUnitTests.Tests.TRPFE.AutoStorageTrpfeTests.PatchReturnsConflictWhenAutoStorageAccountNotFound" storage="microsoft.azure.batch.apppackageunittests\microsoft.azure.batch.apppackageunittests.dll" id="2bebaf21-acc8-4d50-a975-2c612e7de699">
      <Execution id="78d7abe2-ff09-4ad3-89b6-2c15e70e71e8" />
      <TestMethod codeBase="Microsoft.Azure.Batch.AppPackageUnitTests\Microsoft.Azure.Batch.AppPackageUnitTests.dll" adapterTypeName="Microsoft.VisualStudio.TestTools.TestTypes.Unit.UnitTestAdapter" className="Microsoft.Azure.Batch.AppPackageUnitTests.Tests.TRPFE.AutoStorageTrpfeTests" name="Microsoft.Azure.Batch.AppPackageUnitTests.Tests.TRPFE.AutoStorageTrpfeTests.PatchReturnsConflictWhenAutoStorageAccountNotFound" />
    </UnitTest>
    <UnitTest name="Microsoft.Azure.Batch.AppPackageUnitTests.Tests.TRPFE.AutoStorageTrpfeTests.PatchReturnsConflictWhenAutoStorageAccountInvalidType" storage="microsoft.azure.batch.apppackageunittests\microsoft.azure.batch.apppackageunittests.dll" id="f38e51ba-fed3-4e89-a244-1405f90849fc">
      <Execution id="3179591f-54fa-4558-aaf4-e3de3c565136" />
      <TestMethod codeBase="Microsoft.Azure.Batch.AppPackageUnitTests\Microsoft.Azure.Batch.AppPackageUnitTests.dll" adapterTypeName="Microsoft.VisualStudio.TestTools.TestTypes.Unit.UnitTestAdapter" className="Microsoft.Azure.Batch.AppPackageUnitTests.Tests.TRPFE.AutoStorageTrpfeTests" name="Microsoft.Azure.Batch.AppPackageUnitTests.Tests.TRPFE.AutoStorageTrpfeTests.PatchReturnsConflictWhenAutoStorageAccountInvalidType" />
    </UnitTest>
    <UnitTest name="Microsoft.Azure.Batch.AppPackageUnitTests.Tests.TRPFE.AutoStorageTrpfeTests.GetReturnsAutoStorageDetailsWhenPresent" storage="microsoft.azure.batch.apppackageunittests\microsoft.azure.batch.apppackageunittests.dll" id="9d5d2b93-c9fc-435e-b793-b77170067ba5">
      <Execution id="13a87f46-09ba-45ea-a437-388a3f1133a9" />
      <TestMethod codeBase="Microsoft.Azure.Batch.AppPackageUnitTests\Microsoft.Azure.Batch.AppPackageUnitTests.dll" adapterTypeName="Microsoft.VisualStudio.TestTools.TestTypes.Unit.UnitTestAdapter" className="Microsoft.Azure.Batch.AppPackageUnitTests.Tests.TRPFE.AutoStorageTrpfeTests" name="Microsoft.Azure.Batch.AppPackageUnitTests.Tests.TRPFE.AutoStorageTrpfeTests.GetReturnsAutoStorageDetailsWhenPresent" />
    </UnitTest>
    <UnitTest name="Microsoft.Azure.Batch.AppPackageUnitTests.Tests.TRPFE.AutoStorageTrpfeTests.PatchReturnsSuccessWhenAutoStorageAccountValid" storage="microsoft.azure.batch.apppackageunittests\microsoft.azure.batch.apppackageunittests.dll" id="3f90ac5a-fda8-4d77-a7b9-7cde924d6a8b">
      <Execution id="08aac70f-a999-4db2-82d2-63d64a8f15e4" />
      <TestMethod codeBase="Microsoft.Azure.Batch.AppPackageUnitTests\Microsoft.Azure.Batch.AppPackageUnitTests.dll" adapterTypeName="Microsoft.VisualStudio.TestTools.TestTypes.Unit.UnitTestAdapter" className="Microsoft.Azure.Batch.AppPackageUnitTests.Tests.TRPFE.AutoStorageTrpfeTests" name="Microsoft.Azure.Batch.AppPackageUnitTests.Tests.TRPFE.AutoStorageTrpfeTests.PatchReturnsSuccessWhenAutoStorageAccountValid" />
    </UnitTest>
    <UnitTest name="Microsoft.Azure.Batch.AppPackageUnitTests.Tests.TRPFE.AutoStorageTrpfeTests.GetDoesNotReturnAutoStorageDetailsWhenNotPresent" storage="microsoft.azure.batch.apppackageunittests\microsoft.azure.batch.apppackageunittests.dll" id="c3c94561-dc2d-4a61-9496-4450434c955c">
      <Execution id="a7e1fa9c-63c9-438c-93a3-8bd9fde858d4" />
      <TestMethod codeBase="Microsoft.Azure.Batch.AppPackageUnitTests\Microsoft.Azure.Batch.AppPackageUnitTests.dll" adapterTypeName="Microsoft.VisualStudio.TestTools.TestTypes.Unit.UnitTestAdapter" className="Microsoft.Azure.Batch.AppPackageUnitTests.Tests.TRPFE.AutoStorageTrpfeTests" name="Microsoft.Azure.Batch.AppPackageUnitTests.Tests.TRPFE.AutoStorageTrpfeTests.GetDoesNotReturnAutoStorageDetailsWhenNotPresent" />
    </UnitTest>
    <UnitTest name="Microsoft.Azure.Batch.AppPackageUnitTests.Tests.TRPFE.AutoStorageTrpfeTests.PatchReturnsBadRequestWhenAccountInInvalidFormat" storage="microsoft.azure.batch.apppackageunittests\microsoft.azure.batch.apppackageunittests.dll" id="95f32e37-503f-456d-8612-f95e4e07319f">
      <Execution id="1121315b-efa4-47df-8b28-27e1ebaa90f7" />
      <TestMethod codeBase="Microsoft.Azure.Batch.AppPackageUnitTests\Microsoft.Azure.Batch.AppPackageUnitTests.dll" adapterTypeName="Microsoft.VisualStudio.TestTools.TestTypes.Unit.UnitTestAdapter" className="Microsoft.Azure.Batch.AppPackageUnitTests.Tests.TRPFE.AutoStorageTrpfeTests" name="Microsoft.Azure.Batch.AppPackageUnitTests.Tests.TRPFE.AutoStorageTrpfeTests.PatchReturnsBadRequestWhenAccountInInvalidFormat" />
    </UnitTest>
    <UnitTest name="Microsoft.Azure.Batch.AppPackageUnitTests.Tests.TRPFE.AutoStorageTrpfeTests.PatchReturnsInternalServerErrorWhenAutoStorageThrowsException" storage="microsoft.azure.batch.apppackageunittests\microsoft.azure.batch.apppackageunittests.dll" id="17fe14d4-f130-4f2f-8866-8eb0afebed69">
      <Execution id="3d5dbc1a-38aa-4220-94c0-48f2df0a4861" />
      <TestMethod codeBase="Microsoft.Azure.Batch.AppPackageUnitTests\Microsoft.Azure.Batch.AppPackageUnitTests.dll" adapterTypeName="Microsoft.VisualStudio.TestTools.TestTypes.Unit.UnitTestAdapter" className="Microsoft.Azure.Batch.AppPackageUnitTests.Tests.TRPFE.AutoStorageTrpfeTests" name="Microsoft.Azure.Batch.AppPackageUnitTests.Tests.TRPFE.AutoStorageTrpfeTests.PatchReturnsInternalServerErrorWhenAutoStorageThrowsException" />
    </UnitTest>
    <UnitTest name="Microsoft.Azure.Batch.AppPackageUnitTests.Tests.Commands.AppPackages.AddApplicationUnitTests_TrpfeUnitTest.IfDisplayNameIsTooLong_CorrectExceptionIsThrown_AndNoRecordInserted" storage="microsoft.azure.batch.apppackageunittests\microsoft.azure.batch.apppackageunittests.dll" id="133e3f79-9dc4-4679-86d4-8b84d658888c">
      <Execution id="4c3c21df-b307-4841-b344-c452e3d34548" />
      <TestMethod codeBase="Microsoft.Azure.Batch.AppPackageUnitTests\Microsoft.Azure.Batch.AppPackageUnitTests.dll" adapterTypeName="Microsoft.VisualStudio.TestTools.TestTypes.Unit.UnitTestAdapter" className="Microsoft.Azure.Batch.AppPackageUnitTests.Tests.Commands.AppPackages.AddApplicationUnitTests_TrpfeUnitTest" name="Microsoft.Azure.Batch.AppPackageUnitTests.Tests.Commands.AppPackages.AddApplicationUnitTests_TrpfeUnitTest.IfDisplayNameIsTooLong_CorrectExceptionIsThrown_AndNoRecordInserted" />
    </UnitTest>
    <UnitTest name="Microsoft.Azure.Batch.AppPackageUnitTests.Tests.Commands.AppPackages.AddApplicationUnitTests_TrpfeUnitTest.IfAllowUpdatesIsSpecifiedAsNull_ThenItDefaultsToTrueInStorageAndResponse" storage="microsoft.azure.batch.apppackageunittests\microsoft.azure.batch.apppackageunittests.dll" id="7ee7280c-f798-484d-a713-d206d1ea976a">
      <Execution id="31379497-8155-47da-928b-2ec9865a71b2" />
      <TestMethod codeBase="Microsoft.Azure.Batch.AppPackageUnitTests\Microsoft.Azure.Batch.AppPackageUnitTests.dll" adapterTypeName="Microsoft.VisualStudio.TestTools.TestTypes.Unit.UnitTestAdapter" className="Microsoft.Azure.Batch.AppPackageUnitTests.Tests.Commands.AppPackages.AddApplicationUnitTests_TrpfeUnitTest" name="Microsoft.Azure.Batch.AppPackageUnitTests.Tests.Commands.AppPackages.AddApplicationUnitTests_TrpfeUnitTest.IfAllowUpdatesIsSpecifiedAsNull_ThenItDefaultsToTrueInStorageAndResponse" />
    </UnitTest>
    <UnitTest name="Microsoft.Azure.Batch.AppPackageUnitTests.Tests.Commands.AppPackages.AddApplicationUnitTests_TrpfeUnitTest.CanReAddPreExistingApplication_ToSameAccountAndVersion_AndRecordIsUpdated" storage="microsoft.azure.batch.apppackageunittests\microsoft.azure.batch.apppackageunittests.dll" id="91cd0b95-5dbd-4725-8b47-93140780512d">
      <Execution id="b7ec17e5-fd7f-4bf9-bf1a-093dc4d4c6a0" />
      <TestMethod codeBase="Microsoft.Azure.Batch.AppPackageUnitTests\Microsoft.Azure.Batch.AppPackageUnitTests.dll" adapterTypeName="Microsoft.VisualStudio.TestTools.TestTypes.Unit.UnitTestAdapter" className="Microsoft.Azure.Batch.AppPackageUnitTests.Tests.Commands.AppPackages.AddApplicationUnitTests_TrpfeUnitTest" name="Microsoft.Azure.Batch.AppPackageUnitTests.Tests.Commands.AppPackages.AddApplicationUnitTests_TrpfeUnitTest.CanReAddPreExistingApplication_ToSameAccountAndVersion_AndRecordIsUpdated" />
    </UnitTest>
    <UnitTest name="Microsoft.Azure.Batch.AppPackageUnitTests.Tests.Commands.AppPackages.AddApplicationUnitTests_TrpfeUnitTest.WhenApplicationSpecifiesDefaultVersion_WhichIsntActive_CorrectExceptionIsThrown_AndRecordIsntUpdated" storage="microsoft.azure.batch.apppackageunittests\microsoft.azure.batch.apppackageunittests.dll" id="a9d44575-e222-411d-9f2f-c0be9a76943d">
      <Execution id="8aec9986-8456-43a0-a069-805e1764806e" />
      <TestMethod codeBase="Microsoft.Azure.Batch.AppPackageUnitTests\Microsoft.Azure.Batch.AppPackageUnitTests.dll" adapterTypeName="Microsoft.VisualStudio.TestTools.TestTypes.Unit.UnitTestAdapter" className="Microsoft.Azure.Batch.AppPackageUnitTests.Tests.Commands.AppPackages.AddApplicationUnitTests_TrpfeUnitTest" name="Microsoft.Azure.Batch.AppPackageUnitTests.Tests.Commands.AppPackages.AddApplicationUnitTests_TrpfeUnitTest.WhenApplicationSpecifiesDefaultVersion_WhichIsntActive_CorrectExceptionIsThrown_AndRecordIsntUpdated" />
    </UnitTest>
    <UnitTest name="Microsoft.Azure.Batch.AppPackageUnitTests.Tests.Commands.AppPackages.AddApplicationUnitTests_TrpfeUnitTest.IfAllowUpdatesIsNotSpecified_ThenItDefaultsToTrueInStorageAndResponse" storage="microsoft.azure.batch.apppackageunittests\microsoft.azure.batch.apppackageunittests.dll" id="690a4fad-049b-4b6c-9f65-3c9d1599e6af">
      <Execution id="8545ff95-a4e9-4c0a-ab31-e5f35eae0269" />
      <TestMethod codeBase="Microsoft.Azure.Batch.AppPackageUnitTests\Microsoft.Azure.Batch.AppPackageUnitTests.dll" adapterTypeName="Microsoft.VisualStudio.TestTools.TestTypes.Unit.UnitTestAdapter" className="Microsoft.Azure.Batch.AppPackageUnitTests.Tests.Commands.AppPackages.AddApplicationUnitTests_TrpfeUnitTest" name="Microsoft.Azure.Batch.AppPackageUnitTests.Tests.Commands.AppPackages.AddApplicationUnitTests_TrpfeUnitTest.IfAllowUpdatesIsNotSpecified_ThenItDefaultsToTrueInStorageAndResponse" />
    </UnitTest>
    <UnitTest name="Microsoft.Azure.Batch.AppPackageUnitTests.Tests.Commands.AppPackages.AddApplicationUnitTests_TrpfeUnitTest.IfAllowUpdatesIsSpecifiedAsTrue_ThenItIsStoredAndReturnedAsTrue" storage="microsoft.azure.batch.apppackageunittests\microsoft.azure.batch.apppackageunittests.dll" id="d0aa9c95-71c4-4ba4-b1f9-ebf143abd5dd">
      <Execution id="3e10c6e1-cbe6-469d-bf76-04816ae6c5c3" />
      <TestMethod codeBase="Microsoft.Azure.Batch.AppPackageUnitTests\Microsoft.Azure.Batch.AppPackageUnitTests.dll" adapterTypeName="Microsoft.VisualStudio.TestTools.TestTypes.Unit.UnitTestAdapter" className="Microsoft.Azure.Batch.AppPackageUnitTests.Tests.Commands.AppPackages.AddApplicationUnitTests_TrpfeUnitTest" name="Microsoft.Azure.Batch.AppPackageUnitTests.Tests.Commands.AppPackages.AddApplicationUnitTests_TrpfeUnitTest.IfAllowUpdatesIsSpecifiedAsTrue_ThenItIsStoredAndReturnedAsTrue" />
    </UnitTest>
    <UnitTest name="Microsoft.Azure.Batch.AppPackageUnitTests.Tests.Commands.AppPackages.AddApplicationUnitTests_TrpfeUnitTest.WhenApplicationAlreadyExistsWithDefaultVersion_AndNoDefaultVersionInRequest_DefaultVersionIsNulled" storage="microsoft.azure.batch.apppackageunittests\microsoft.azure.batch.apppackageunittests.dll" id="cff44cb4-732d-467d-ba82-31dc6dd0aa24">
      <Execution id="431756c9-932e-427c-a159-953ca044fe40" />
      <TestMethod codeBase="Microsoft.Azure.Batch.AppPackageUnitTests\Microsoft.Azure.Batch.AppPackageUnitTests.dll" adapterTypeName="Microsoft.VisualStudio.TestTools.TestTypes.Unit.UnitTestAdapter" className="Microsoft.Azure.Batch.AppPackageUnitTests.Tests.Commands.AppPackages.AddApplicationUnitTests_TrpfeUnitTest" name="Microsoft.Azure.Batch.AppPackageUnitTests.Tests.Commands.AppPackages.AddApplicationUnitTests_TrpfeUnitTest.WhenApplicationAlreadyExistsWithDefaultVersion_AndNoDefaultVersionInRequest_DefaultVersionIsNulled" />
    </UnitTest>
    <UnitTest name="Microsoft.Azure.Batch.AppPackageUnitTests.Tests.Commands.AppPackages.AddApplicationUnitTests_TrpfeUnitTest.IfDisplayNameIsNotSpecified_ThenItIsNotDefaultedInStorageAndResponse" storage="microsoft.azure.batch.apppackageunittests\microsoft.azure.batch.apppackageunittests.dll" id="e9d9fd3f-0dd2-4604-b02f-46e75afbee2a">
      <Execution id="e6f7ca39-74d1-4e81-83f1-254424763a5d" />
      <TestMethod codeBase="Microsoft.Azure.Batch.AppPackageUnitTests\Microsoft.Azure.Batch.AppPackageUnitTests.dll" adapterTypeName="Microsoft.VisualStudio.TestTools.TestTypes.Unit.UnitTestAdapter" className="Microsoft.Azure.Batch.AppPackageUnitTests.Tests.Commands.AppPackages.AddApplicationUnitTests_TrpfeUnitTest" name="Microsoft.Azure.Batch.AppPackageUnitTests.Tests.Commands.AppPackages.AddApplicationUnitTests_TrpfeUnitTest.IfDisplayNameIsNotSpecified_ThenItIsNotDefaultedInStorageAndResponse" />
    </UnitTest>
    <UnitTest name="Microsoft.Azure.Batch.AppPackageUnitTests.Tests.Commands.AppPackages.AddApplicationUnitTests_TrpfeUnitTest.IfDefaultVersionIsSpecifiedAsEmptyString_ThenItIsNotDefaulted" storage="microsoft.azure.batch.apppackageunittests\microsoft.azure.batch.apppackageunittests.dll" id="efe4ce4a-6b30-44d8-8b9b-72351df918ff">
      <Execution id="dcc1987f-a388-4740-98ef-70a2e29ffb8f" />
      <TestMethod codeBase="Microsoft.Azure.Batch.AppPackageUnitTests\Microsoft.Azure.Batch.AppPackageUnitTests.dll" adapterTypeName="Microsoft.VisualStudio.TestTools.TestTypes.Unit.UnitTestAdapter" className="Microsoft.Azure.Batch.AppPackageUnitTests.Tests.Commands.AppPackages.AddApplicationUnitTests_TrpfeUnitTest" name="Microsoft.Azure.Batch.AppPackageUnitTests.Tests.Commands.AppPackages.AddApplicationUnitTests_TrpfeUnitTest.IfDefaultVersionIsSpecifiedAsEmptyString_ThenItIsNotDefaulted" />
    </UnitTest>
    <UnitTest name="Microsoft.Azure.Batch.AppPackageUnitTests.Tests.Commands.AppPackages.AddApplicationUnitTests_TrpfeUnitTest.WhenApplicationSpecifiesDefaultVersion_WhichDoesntExist_CorrectExceptionIsThrown_AndRecordIsntUpdated" storage="microsoft.azure.batch.apppackageunittests\microsoft.azure.batch.apppackageunittests.dll" id="d1344c86-a035-4804-959e-eecfb0f21a54">
      <Execution id="5cac88e5-3db7-4228-bbd8-797589703f54" />
      <TestMethod codeBase="Microsoft.Azure.Batch.AppPackageUnitTests\Microsoft.Azure.Batch.AppPackageUnitTests.dll" adapterTypeName="Microsoft.VisualStudio.TestTools.TestTypes.Unit.UnitTestAdapter" className="Microsoft.Azure.Batch.AppPackageUnitTests.Tests.Commands.AppPackages.AddApplicationUnitTests_TrpfeUnitTest" name="Microsoft.Azure.Batch.AppPackageUnitTests.Tests.Commands.AppPackages.AddApplicationUnitTests_TrpfeUnitTest.WhenApplicationSpecifiesDefaultVersion_WhichDoesntExist_CorrectExceptionIsThrown_AndRecordIsntUpdated" />
    </UnitTest>
    <UnitTest name="Microsoft.Azure.Batch.AppPackageUnitTests.Tests.Commands.AppPackages.AddApplicationUnitTests_TrpfeUnitTest.WhenAddingAnApplication_WhichAlreadyExistsWithDifferentCasing_TheRecordIsUpdated_AndResponseIncludesdAppIdWithNewCasing" storage="microsoft.azure.batch.apppackageunittests\microsoft.azure.batch.apppackageunittests.dll" id="5ec2e34a-ee15-442e-b558-5d0aba921114">
      <Execution id="2709c151-8721-4f6d-808c-943f0a0d7adf" />
      <TestMethod codeBase="Microsoft.Azure.Batch.AppPackageUnitTests\Microsoft.Azure.Batch.AppPackageUnitTests.dll" adapterTypeName="Microsoft.VisualStudio.TestTools.TestTypes.Unit.UnitTestAdapter" className="Microsoft.Azure.Batch.AppPackageUnitTests.Tests.Commands.AppPackages.AddApplicationUnitTests_TrpfeUnitTest" name="Microsoft.Azure.Batch.AppPackageUnitTests.Tests.Commands.AppPackages.AddApplicationUnitTests_TrpfeUnitTest.WhenAddingAnApplication_WhichAlreadyExistsWithDifferentCasing_TheRecordIsUpdated_AndResponseIncludesdAppIdWithNewCasing" />
    </UnitTest>
    <UnitTest name="Microsoft.Azure.Batch.AppPackageUnitTests.Tests.Commands.AppPackages.AddApplicationUnitTests_TrpfeUnitTest.ResponseAndRecordIncludeCasePreservedApplicationId" storage="microsoft.azure.batch.apppackageunittests\microsoft.azure.batch.apppackageunittests.dll" id="ac5f5f71-a80e-40de-a396-89d4467fbeb1">
      <Execution id="148459d9-163f-4135-a484-e39baa5c86aa" />
      <TestMethod codeBase="Microsoft.Azure.Batch.AppPackageUnitTests\Microsoft.Azure.Batch.AppPackageUnitTests.dll" adapterTypeName="Microsoft.VisualStudio.TestTools.TestTypes.Unit.UnitTestAdapter" className="Microsoft.Azure.Batch.AppPackageUnitTests.Tests.Commands.AppPackages.AddApplicationUnitTests_TrpfeUnitTest" name="Microsoft.Azure.Batch.AppPackageUnitTests.Tests.Commands.AppPackages.AddApplicationUnitTests_TrpfeUnitTest.ResponseAndRecordIncludeCasePreservedApplicationId" />
    </UnitTest>
    <UnitTest name="Microsoft.Azure.Batch.AppPackageUnitTests.Tests.Commands.AppPackages.AddApplicationUnitTests_TrpfeUnitTest.WhenApplicationAlreadyExistsWithAllPropertiesSet_AllPropertiesCanBeOverridden" storage="microsoft.azure.batch.apppackageunittests\microsoft.azure.batch.apppackageunittests.dll" id="adfce97e-a849-4ea5-9aa7-5b9e85d5622f">
      <Execution id="0b0202a9-fc46-4124-8741-1a59f150b58c" />
      <TestMethod codeBase="Microsoft.Azure.Batch.AppPackageUnitTests\Microsoft.Azure.Batch.AppPackageUnitTests.dll" adapterTypeName="Microsoft.VisualStudio.TestTools.TestTypes.Unit.UnitTestAdapter" className="Microsoft.Azure.Batch.AppPackageUnitTests.Tests.Commands.AppPackages.AddApplicationUnitTests_TrpfeUnitTest" name="Microsoft.Azure.Batch.AppPackageUnitTests.Tests.Commands.AppPackages.AddApplicationUnitTests_TrpfeUnitTest.WhenApplicationAlreadyExistsWithAllPropertiesSet_AllPropertiesCanBeOverridden" />
    </UnitTest>
    <UnitTest name="Microsoft.Azure.Batch.AppPackageUnitTests.Tests.Commands.AppPackages.AddApplicationUnitTests_TrpfeUnitTest.WhenApplicationAlreadyExistsWithDisplayName_AndNoDisplayNameInRequest_DisplayNameIsNulled" storage="microsoft.azure.batch.apppackageunittests\microsoft.azure.batch.apppackageunittests.dll" id="3ff59605-84cd-4c04-9cce-ff0e8a133d20">
      <Execution id="c4130b9c-9475-4808-9092-a8e119be93fe" />
      <TestMethod codeBase="Microsoft.Azure.Batch.AppPackageUnitTests\Microsoft.Azure.Batch.AppPackageUnitTests.dll" adapterTypeName="Microsoft.VisualStudio.TestTools.TestTypes.Unit.UnitTestAdapter" className="Microsoft.Azure.Batch.AppPackageUnitTests.Tests.Commands.AppPackages.AddApplicationUnitTests_TrpfeUnitTest" name="Microsoft.Azure.Batch.AppPackageUnitTests.Tests.Commands.AppPackages.AddApplicationUnitTests_TrpfeUnitTest.WhenApplicationAlreadyExistsWithDisplayName_AndNoDisplayNameInRequest_DisplayNameIsNulled" />
    </UnitTest>
    <UnitTest name="Microsoft.Azure.Batch.AppPackageUnitTests.Tests.Commands.AppPackages.AddApplicationUnitTests_TrpfeUnitTest.IfDefaultVersionIsSpecifiedAsNull_ThenItIsNotDefaulted" storage="microsoft.azure.batch.apppackageunittests\microsoft.azure.batch.apppackageunittests.dll" id="102bccd6-b3ed-48b7-a7d6-a99e0685821f">
      <Execution id="25c916fc-b3c8-42e8-b6c7-3bce3249bb93" />
      <TestMethod codeBase="Microsoft.Azure.Batch.AppPackageUnitTests\Microsoft.Azure.Batch.AppPackageUnitTests.dll" adapterTypeName="Microsoft.VisualStudio.TestTools.TestTypes.Unit.UnitTestAdapter" className="Microsoft.Azure.Batch.AppPackageUnitTests.Tests.Commands.AppPackages.AddApplicationUnitTests_TrpfeUnitTest" name="Microsoft.Azure.Batch.AppPackageUnitTests.Tests.Commands.AppPackages.AddApplicationUnitTests_TrpfeUnitTest.IfDefaultVersionIsSpecifiedAsNull_ThenItIsNotDefaulted" />
    </UnitTest>
    <UnitTest name="Microsoft.Azure.Batch.AppPackageUnitTests.Tests.Commands.AppPackages.AddApplicationUnitTests_TrpfeUnitTest.IfDisplayNameIsSpecifiedAsEmptyString_ThenItIsSetToEmptyString" storage="microsoft.azure.batch.apppackageunittests\microsoft.azure.batch.apppackageunittests.dll" id="5b52cfb8-0190-48e2-9ebf-6782986e6f6d">
      <Execution id="7b5aab64-f07b-4fbe-b0d6-fd6340bde4db" />
      <TestMethod codeBase="Microsoft.Azure.Batch.AppPackageUnitTests\Microsoft.Azure.Batch.AppPackageUnitTests.dll" adapterTypeName="Microsoft.VisualStudio.TestTools.TestTypes.Unit.UnitTestAdapter" className="Microsoft.Azure.Batch.AppPackageUnitTests.Tests.Commands.AppPackages.AddApplicationUnitTests_TrpfeUnitTest" name="Microsoft.Azure.Batch.AppPackageUnitTests.Tests.Commands.AppPackages.AddApplicationUnitTests_TrpfeUnitTest.IfDisplayNameIsSpecifiedAsEmptyString_ThenItIsSetToEmptyString" />
    </UnitTest>
    <UnitTest name="Microsoft.Azure.Batch.AppPackageUnitTests.Tests.Commands.AppPackages.AddApplicationUnitTests_TrpfeUnitTest.IfDefaultVersionIsSet_ToExistingAndActivePackage_ThenItIsStored" storage="microsoft.azure.batch.apppackageunittests\microsoft.azure.batch.apppackageunittests.dll" id="f93ace39-e9e5-4427-acf5-136f1db80c85">
      <Execution id="c17516a9-dd32-4d60-98d1-7a79b720ffef" />
      <TestMethod codeBase="Microsoft.Azure.Batch.AppPackageUnitTests\Microsoft.Azure.Batch.AppPackageUnitTests.dll" adapterTypeName="Microsoft.VisualStudio.TestTools.TestTypes.Unit.UnitTestAdapter" className="Microsoft.Azure.Batch.AppPackageUnitTests.Tests.Commands.AppPackages.AddApplicationUnitTests_TrpfeUnitTest" name="Microsoft.Azure.Batch.AppPackageUnitTests.Tests.Commands.AppPackages.AddApplicationUnitTests_TrpfeUnitTest.IfDefaultVersionIsSet_ToExistingAndActivePackage_ThenItIsStored" />
    </UnitTest>
    <UnitTest name="Microsoft.Azure.Batch.AppPackageUnitTests.Tests.Commands.AppPackages.AddApplicationUnitTests_TrpfeUnitTest.WhenReAddingExistingAppWithExistingPackages_ResponseIncludesExistingPackages" storage="microsoft.azure.batch.apppackageunittests\microsoft.azure.batch.apppackageunittests.dll" id="f59c252c-6cbe-46fd-8f90-6f10305f4641">
      <Execution id="24941d08-5dab-4260-b3ee-f1612763ca77" />
      <TestMethod codeBase="Microsoft.Azure.Batch.AppPackageUnitTests\Microsoft.Azure.Batch.AppPackageUnitTests.dll" adapterTypeName="Microsoft.VisualStudio.TestTools.TestTypes.Unit.UnitTestAdapter" className="Microsoft.Azure.Batch.AppPackageUnitTests.Tests.Commands.AppPackages.AddApplicationUnitTests_TrpfeUnitTest" name="Microsoft.Azure.Batch.AppPackageUnitTests.Tests.Commands.AppPackages.AddApplicationUnitTests_TrpfeUnitTest.WhenReAddingExistingAppWithExistingPackages_ResponseIncludesExistingPackages" />
    </UnitTest>
    <UnitTest name="Microsoft.Azure.Batch.AppPackageUnitTests.Tests.Commands.AppPackages.AddApplicationUnitTests_TrpfeUnitTest.IfAllowUpdatesIsSpecifiedAsFalse_ThenItIsStoredAndReturnedAsFalse" storage="microsoft.azure.batch.apppackageunittests\microsoft.azure.batch.apppackageunittests.dll" id="bc5c4bdb-154f-4be2-98cb-8d793c3a8071">
      <Execution id="1a23e4a5-3d32-4d33-a3ff-f0e95dc2c946" />
      <TestMethod codeBase="Microsoft.Azure.Batch.AppPackageUnitTests\Microsoft.Azure.Batch.AppPackageUnitTests.dll" adapterTypeName="Microsoft.VisualStudio.TestTools.TestTypes.Unit.UnitTestAdapter" className="Microsoft.Azure.Batch.AppPackageUnitTests.Tests.Commands.AppPackages.AddApplicationUnitTests_TrpfeUnitTest" name="Microsoft.Azure.Batch.AppPackageUnitTests.Tests.Commands.AppPackages.AddApplicationUnitTests_TrpfeUnitTest.IfAllowUpdatesIsSpecifiedAsFalse_ThenItIsStoredAndReturnedAsFalse" />
    </UnitTest>
    <UnitTest name="Microsoft.Azure.Batch.AppPackageUnitTests.Tests.Commands.AppPackages.AddApplicationUnitTests_TrpfeUnitTest.IfDisplayNameIsSpecifiedAsNull_ThenItIsNotSet" storage="microsoft.azure.batch.apppackageunittests\microsoft.azure.batch.apppackageunittests.dll" id="b7a373fc-e0c8-470e-8634-8d11d69de689">
      <Execution id="8bb64827-8113-4e81-ba4e-e8f239dc5ae4" />
      <TestMethod codeBase="Microsoft.Azure.Batch.AppPackageUnitTests\Microsoft.Azure.Batch.AppPackageUnitTests.dll" adapterTypeName="Microsoft.VisualStudio.TestTools.TestTypes.Unit.UnitTestAdapter" className="Microsoft.Azure.Batch.AppPackageUnitTests.Tests.Commands.AppPackages.AddApplicationUnitTests_TrpfeUnitTest" name="Microsoft.Azure.Batch.AppPackageUnitTests.Tests.Commands.AppPackages.AddApplicationUnitTests_TrpfeUnitTest.IfDisplayNameIsSpecifiedAsNull_ThenItIsNotSet" />
    </UnitTest>
    <UnitTest name="Microsoft.Azure.Batch.AppPackageUnitTests.Tests.Commands.AppPackages.AddApplicationUnitTests_TrpfeUnitTest.IfDefaultVersionIsNotSpecified_ThenItIsNotDefaulted" storage="microsoft.azure.batch.apppackageunittests\microsoft.azure.batch.apppackageunittests.dll" id="a2fae189-9da1-46f3-9360-1c5029fa867d">
      <Execution id="d0d46dc9-2b90-41b4-ab59-100908c86971" />
      <TestMethod codeBase="Microsoft.Azure.Batch.AppPackageUnitTests\Microsoft.Azure.Batch.AppPackageUnitTests.dll" adapterTypeName="Microsoft.VisualStudio.TestTools.TestTypes.Unit.UnitTestAdapter" className="Microsoft.Azure.Batch.AppPackageUnitTests.Tests.Commands.AppPackages.AddApplicationUnitTests_TrpfeUnitTest" name="Microsoft.Azure.Batch.AppPackageUnitTests.Tests.Commands.AppPackages.AddApplicationUnitTests_TrpfeUnitTest.IfDefaultVersionIsNotSpecified_ThenItIsNotDefaulted" />
    </UnitTest>
    <UnitTest name="Microsoft.Azure.Batch.AppPackageUnitTests.Tests.Commands.AppPackages.AddApplicationUnitTests_TrpfeUnitTest.WhenApplicationAlreadyExistsWithAllowUpdatesFalse_AndNoAllowUpdatesInRequest_AllowUpdatesIsSetToTrueInStorageAndResponse" storage="microsoft.azure.batch.apppackageunittests\microsoft.azure.batch.apppackageunittests.dll" id="9769aae5-e8f6-4555-85a7-c6118f7484b8">
      <Execution id="54440863-6321-4970-8826-ddb802056f8f" />
      <TestMethod codeBase="Microsoft.Azure.Batch.AppPackageUnitTests\Microsoft.Azure.Batch.AppPackageUnitTests.dll" adapterTypeName="Microsoft.VisualStudio.TestTools.TestTypes.Unit.UnitTestAdapter" className="Microsoft.Azure.Batch.AppPackageUnitTests.Tests.Commands.AppPackages.AddApplicationUnitTests_TrpfeUnitTest" name="Microsoft.Azure.Batch.AppPackageUnitTests.Tests.Commands.AppPackages.AddApplicationUnitTests_TrpfeUnitTest.WhenApplicationAlreadyExistsWithAllowUpdatesFalse_AndNoAllowUpdatesInRequest_AllowUpdatesIsSetToTrueInStorageAndResponse" />
    </UnitTest>
    <UnitTest name="Microsoft.Azure.Batch.AppPackageUnitTests.Tests.Commands.AppPackages.AddApplicationUnitTests_TrpfeUnitTest.IfDisplayNameIsSpecified_ThenItIsSetInStorageAndResponse" storage="microsoft.azure.batch.apppackageunittests\microsoft.azure.batch.apppackageunittests.dll" id="ce4652d8-1b78-4ac5-9d55-d507ce924c78">
      <Execution id="6832a078-91e1-4a1d-ba52-5119c8052959" />
      <TestMethod codeBase="Microsoft.Azure.Batch.AppPackageUnitTests\Microsoft.Azure.Batch.AppPackageUnitTests.dll" adapterTypeName="Microsoft.VisualStudio.TestTools.TestTypes.Unit.UnitTestAdapter" className="Microsoft.Azure.Batch.AppPackageUnitTests.Tests.Commands.AppPackages.AddApplicationUnitTests_TrpfeUnitTest" name="Microsoft.Azure.Batch.AppPackageUnitTests.Tests.Commands.AppPackages.AddApplicationUnitTests_TrpfeUnitTest.IfDisplayNameIsSpecified_ThenItIsSetInStorageAndResponse" />
    </UnitTest>
    <UnitTest name="CanDeserialiseAbsenceOfAllowUpdates(serialisationEnvironment: ResourceProvider)" storage="microsoft.azure.batch.apppackageunittests\microsoft.azure.batch.apppackageunittests.dll" id="2573c806-490a-407a-a0e8-7e298010bcce">
      <Execution id="471e710d-efa9-4598-9710-ac17c3cc0b0b" />
      <TestMethod codeBase="Microsoft.Azure.Batch.AppPackageUnitTests\Microsoft.Azure.Batch.AppPackageUnitTests.dll" adapterTypeName="Microsoft.VisualStudio.TestTools.TestTypes.Unit.UnitTestAdapter" className="Microsoft.Azure.Batch.AppPackageUnitTests.Tests.MessageBodies.AddApplicationRequestTests" name="CanDeserialiseAbsenceOfAllowUpdates(serialisationEnvironment: ResourceProvider)" />
    </UnitTest>
    <UnitTest name="CanDeserialiseAllowUpdates(serialisationEnvironment: ResourceProvider)" storage="microsoft.azure.batch.apppackageunittests\microsoft.azure.batch.apppackageunittests.dll" id="69cd9782-0384-4226-b417-0ed8cf1c324b">
      <Execution id="a9a47501-5446-47d8-96fd-5f91e00d3314" />
      <TestMethod codeBase="Microsoft.Azure.Batch.AppPackageUnitTests\Microsoft.Azure.Batch.AppPackageUnitTests.dll" adapterTypeName="Microsoft.VisualStudio.TestTools.TestTypes.Unit.UnitTestAdapter" className="Microsoft.Azure.Batch.AppPackageUnitTests.Tests.MessageBodies.AddApplicationRequestTests" name="CanDeserialiseAllowUpdates(serialisationEnvironment: ResourceProvider)" />
    </UnitTest>
    <UnitTest name="CanDeserialiseAbsenceOfDisplayName(serialisationEnvironment: ResourceProvider)" storage="microsoft.azure.batch.apppackageunittests\microsoft.azure.batch.apppackageunittests.dll" id="961baee1-e839-42c4-a87f-98438cf45f82">
      <Execution id="1d31e522-41e4-4d09-86a4-fbc47a61fd79" />
      <TestMethod codeBase="Microsoft.Azure.Batch.AppPackageUnitTests\Microsoft.Azure.Batch.AppPackageUnitTests.dll" adapterTypeName="Microsoft.VisualStudio.TestTools.TestTypes.Unit.UnitTestAdapter" className="Microsoft.Azure.Batch.AppPackageUnitTests.Tests.MessageBodies.AddApplicationRequestTests" name="CanDeserialiseAbsenceOfDisplayName(serialisationEnvironment: ResourceProvider)" />
    </UnitTest>
    <UnitTest name="CanDeserialiseDisplayName(serialisationEnvironment: ResourceProvider)" storage="microsoft.azure.batch.apppackageunittests\microsoft.azure.batch.apppackageunittests.dll" id="1b867f90-6246-4a71-8a96-2a68389cc5f8">
      <Execution id="f4ce905b-0d86-4457-9679-2223609d5730" />
      <TestMethod codeBase="Microsoft.Azure.Batch.AppPackageUnitTests\Microsoft.Azure.Batch.AppPackageUnitTests.dll" adapterTypeName="Microsoft.VisualStudio.TestTools.TestTypes.Unit.UnitTestAdapter" className="Microsoft.Azure.Batch.AppPackageUnitTests.Tests.MessageBodies.AddApplicationRequestTests" name="CanDeserialiseDisplayName(serialisationEnvironment: ResourceProvider)" />
    </UnitTest>
    <UnitTest name="Microsoft.Azure.Batch.AppPackageUnitTests.Tests.Commands.AppPackages.AddApplicationPackageUnitTests_TrpfeUnitTest.CanAddNewApplicationPackage_WhenApplicationExists" storage="microsoft.azure.batch.apppackageunittests\microsoft.azure.batch.apppackageunittests.dll" id="a745b0eb-beb1-4754-ad9b-1bf8285d698c">
      <Execution id="008b2e11-3ab7-4e9a-a133-a730e8138876" />
      <TestMethod codeBase="Microsoft.Azure.Batch.AppPackageUnitTests\Microsoft.Azure.Batch.AppPackageUnitTests.dll" adapterTypeName="Microsoft.VisualStudio.TestTools.TestTypes.Unit.UnitTestAdapter" className="Microsoft.Azure.Batch.AppPackageUnitTests.Tests.Commands.AppPackages.AddApplicationPackageUnitTests_TrpfeUnitTest" name="Microsoft.Azure.Batch.AppPackageUnitTests.Tests.Commands.AppPackages.AddApplicationPackageUnitTests_TrpfeUnitTest.CanAddNewApplicationPackage_WhenApplicationExists" />
    </UnitTest>
    <UnitTest name="Microsoft.Azure.Batch.AppPackageUnitTests.Tests.Commands.AppPackages.AddApplicationPackageUnitTests_TrpfeUnitTest.ApplicationPackageWhichDoesntAlreadyExist_IsAdded_WithStateSetToPending" storage="microsoft.azure.batch.apppackageunittests\microsoft.azure.batch.apppackageunittests.dll" id="04bee291-ec13-4d14-ad37-ed6b4c1f4c20">
      <Execution id="e4980f46-d43b-4364-b0a2-93cda75eae8c" />
      <TestMethod codeBase="Microsoft.Azure.Batch.AppPackageUnitTests\Microsoft.Azure.Batch.AppPackageUnitTests.dll" adapterTypeName="Microsoft.VisualStudio.TestTools.TestTypes.Unit.UnitTestAdapter" className="Microsoft.Azure.Batch.AppPackageUnitTests.Tests.Commands.AppPackages.AddApplicationPackageUnitTests_TrpfeUnitTest" name="Microsoft.Azure.Batch.AppPackageUnitTests.Tests.Commands.AppPackages.AddApplicationPackageUnitTests_TrpfeUnitTest.ApplicationPackageWhichDoesntAlreadyExist_IsAdded_WithStateSetToPending" />
    </UnitTest>
    <UnitTest name="Microsoft.Azure.Batch.AppPackageUnitTests.Tests.Commands.AppPackages.AddApplicationPackageUnitTests_TrpfeUnitTest.WhenReAddingPackageWhichAlreadyExists_PropertiesNotPartOfTheRequestBodyAreMaintained" storage="microsoft.azure.batch.apppackageunittests\microsoft.azure.batch.apppackageunittests.dll" id="3e996075-e7e0-4d53-b7f6-1523f5e23873">
      <Execution id="342be0df-3c35-4713-978b-43ecd4b5ae97" />
      <TestMethod codeBase="Microsoft.Azure.Batch.AppPackageUnitTests\Microsoft.Azure.Batch.AppPackageUnitTests.dll" adapterTypeName="Microsoft.VisualStudio.TestTools.TestTypes.Unit.UnitTestAdapter" className="Microsoft.Azure.Batch.AppPackageUnitTests.Tests.Commands.AppPackages.AddApplicationPackageUnitTests_TrpfeUnitTest" name="Microsoft.Azure.Batch.AppPackageUnitTests.Tests.Commands.AppPackages.AddApplicationPackageUnitTests_TrpfeUnitTest.WhenReAddingPackageWhichAlreadyExists_PropertiesNotPartOfTheRequestBodyAreMaintained" />
    </UnitTest>
    <UnitTest name="Microsoft.Azure.Batch.AppPackageUnitTests.Tests.Commands.AppPackages.AddApplicationPackageUnitTests_TrpfeUnitTest.WhenAddingAPackage_ToAnApplicationWhichAlreadyExistsWithDifferentCasing_MatchingOfApplication_IsCaseInsensitive_AndOriginalCaseOfApplicationIdIsPreservedInResponse" storage="microsoft.azure.batch.apppackageunittests\microsoft.azure.batch.apppackageunittests.dll" id="2a0673c8-503b-4a81-b3dc-cdda0f4e00ea">
      <Execution id="27efc513-68c7-4718-a39b-850f901f8e30" />
      <TestMethod codeBase="Microsoft.Azure.Batch.AppPackageUnitTests\Microsoft.Azure.Batch.AppPackageUnitTests.dll" adapterTypeName="Microsoft.VisualStudio.TestTools.TestTypes.Unit.UnitTestAdapter" className="Microsoft.Azure.Batch.AppPackageUnitTests.Tests.Commands.AppPackages.AddApplicationPackageUnitTests_TrpfeUnitTest" name="Microsoft.Azure.Batch.AppPackageUnitTests.Tests.Commands.AppPackages.AddApplicationPackageUnitTests_TrpfeUnitTest.WhenAddingAPackage_ToAnApplicationWhichAlreadyExistsWithDifferentCasing_MatchingOfApplication_IsCaseInsensitive_AndOriginalCaseOfApplicationIdIsPreservedInResponse" />
    </UnitTest>
    <UnitTest name="Microsoft.Azure.Batch.AppPackageUnitTests.Tests.Commands.AppPackages.AddApplicationPackageUnitTests_TrpfeUnitTest.CanAddApplicationPackage_WhenSameVersionAlreadyExists" storage="microsoft.azure.batch.apppackageunittests\microsoft.azure.batch.apppackageunittests.dll" id="fa7b78bf-246d-45e0-9628-2bbdfef37976">
      <Execution id="b0f8011b-3b5e-4075-ae82-692dbcf3002f" />
      <TestMethod codeBase="Microsoft.Azure.Batch.AppPackageUnitTests\Microsoft.Azure.Batch.AppPackageUnitTests.dll" adapterTypeName="Microsoft.VisualStudio.TestTools.TestTypes.Unit.UnitTestAdapter" className="Microsoft.Azure.Batch.AppPackageUnitTests.Tests.Commands.AppPackages.AddApplicationPackageUnitTests_TrpfeUnitTest" name="Microsoft.Azure.Batch.AppPackageUnitTests.Tests.Commands.AppPackages.AddApplicationPackageUnitTests_TrpfeUnitTest.CanAddApplicationPackage_WhenSameVersionAlreadyExists" />
    </UnitTest>
    <UnitTest name="Microsoft.Azure.Batch.AppPackageUnitTests.Tests.Commands.AppPackages.AddApplicationPackageUnitTests_TrpfeUnitTest.AddingApplicationPackage_CreatesContainer" storage="microsoft.azure.batch.apppackageunittests\microsoft.azure.batch.apppackageunittests.dll" id="cd4c2771-1d86-4b22-9379-be6d4fa8843a">
      <Execution id="fd5b0acc-9bdf-47c2-9341-e9da7f3c5e1b" />
      <TestMethod codeBase="Microsoft.Azure.Batch.AppPackageUnitTests\Microsoft.Azure.Batch.AppPackageUnitTests.dll" adapterTypeName="Microsoft.VisualStudio.TestTools.TestTypes.Unit.UnitTestAdapter" className="Microsoft.Azure.Batch.AppPackageUnitTests.Tests.Commands.AppPackages.AddApplicationPackageUnitTests_TrpfeUnitTest" name="Microsoft.Azure.Batch.AppPackageUnitTests.Tests.Commands.AppPackages.AddApplicationPackageUnitTests_TrpfeUnitTest.AddingApplicationPackage_CreatesContainer" />
    </UnitTest>
    <UnitTest name="Microsoft.Azure.Batch.AppPackageUnitTests.Tests.Commands.AppPackages.AddApplicationPackageUnitTests_TrpfeUnitTest.ResponseIncludesAllExpectedFields" storage="microsoft.azure.batch.apppackageunittests\microsoft.azure.batch.apppackageunittests.dll" id="8b4fdbbe-63b0-443e-bcbb-88a4baeaedeb">
      <Execution id="a90a3bef-89dc-4726-b02c-2becbc4b4a6e" />
      <TestMethod codeBase="Microsoft.Azure.Batch.AppPackageUnitTests\Microsoft.Azure.Batch.AppPackageUnitTests.dll" adapterTypeName="Microsoft.VisualStudio.TestTools.TestTypes.Unit.UnitTestAdapter" className="Microsoft.Azure.Batch.AppPackageUnitTests.Tests.Commands.AppPackages.AddApplicationPackageUnitTests_TrpfeUnitTest" name="Microsoft.Azure.Batch.AppPackageUnitTests.Tests.Commands.AppPackages.AddApplicationPackageUnitTests_TrpfeUnitTest.ResponseIncludesAllExpectedFields" />
    </UnitTest>
    <UnitTest name="Microsoft.Azure.Batch.AppPackageUnitTests.Tests.Commands.AppPackages.AddApplicationPackageUnitTests_TrpfeUnitTest.ApplicationPackageWhichDoesntAlreadyExist_IsAdded_WithFormatSetToNull" storage="microsoft.azure.batch.apppackageunittests\microsoft.azure.batch.apppackageunittests.dll" id="e2b89428-00f0-4774-a57d-73ea82daae11">
      <Execution id="78c9e66e-7ab8-48b4-9056-cc05acb7461a" />
      <TestMethod codeBase="Microsoft.Azure.Batch.AppPackageUnitTests\Microsoft.Azure.Batch.AppPackageUnitTests.dll" adapterTypeName="Microsoft.VisualStudio.TestTools.TestTypes.Unit.UnitTestAdapter" className="Microsoft.Azure.Batch.AppPackageUnitTests.Tests.Commands.AppPackages.AddApplicationPackageUnitTests_TrpfeUnitTest" name="Microsoft.Azure.Batch.AppPackageUnitTests.Tests.Commands.AppPackages.AddApplicationPackageUnitTests_TrpfeUnitTest.ApplicationPackageWhichDoesntAlreadyExist_IsAdded_WithFormatSetToNull" />
    </UnitTest>
    <UnitTest name="Microsoft.Azure.Batch.AppPackageUnitTests.Tests.Commands.AppPackages.AddApplicationPackageUnitTests_TrpfeUnitTest.CanAddNewApplicationPackage_WhenApplicationDoesntExist" storage="microsoft.azure.batch.apppackageunittests\microsoft.azure.batch.apppackageunittests.dll" id="b2548652-d655-48ad-ab86-809e71fa0474">
      <Execution id="8266c2e7-8ee8-4c93-afaf-9838ac5ebf6b" />
      <TestMethod codeBase="Microsoft.Azure.Batch.AppPackageUnitTests\Microsoft.Azure.Batch.AppPackageUnitTests.dll" adapterTypeName="Microsoft.VisualStudio.TestTools.TestTypes.Unit.UnitTestAdapter" className="Microsoft.Azure.Batch.AppPackageUnitTests.Tests.Commands.AppPackages.AddApplicationPackageUnitTests_TrpfeUnitTest" name="Microsoft.Azure.Batch.AppPackageUnitTests.Tests.Commands.AppPackages.AddApplicationPackageUnitTests_TrpfeUnitTest.CanAddNewApplicationPackage_WhenApplicationDoesntExist" />
    </UnitTest>
    <UnitTest name="CanDeserialiseZipFormat_LowerCase(serialisationEnvironment: ResourceProvider)" storage="microsoft.azure.batch.apppackageunittests\microsoft.azure.batch.apppackageunittests.dll" id="f8a577a0-e52c-4c13-b047-632e69d8e1a1">
      <Execution id="f8616fd9-5d71-481d-b135-cb27e10cc543" />
      <TestMethod codeBase="Microsoft.Azure.Batch.AppPackageUnitTests\Microsoft.Azure.Batch.AppPackageUnitTests.dll" adapterTypeName="Microsoft.VisualStudio.TestTools.TestTypes.Unit.UnitTestAdapter" className="Microsoft.Azure.Batch.AppPackageUnitTests.Tests.MessageBodies.ActivateApplicationPackageRequestTests" name="CanDeserialiseZipFormat_LowerCase(serialisationEnvironment: ResourceProvider)" />
    </UnitTest>
    <UnitTest name="CanDeserialiseZipFormat_UpperCase(serialisationEnvironment: ResourceProvider)" storage="microsoft.azure.batch.apppackageunittests\microsoft.azure.batch.apppackageunittests.dll" id="65a0ada7-de6a-4027-8717-db5e4fa41a3a">
      <Execution id="5977b40c-e42c-4ce8-b2fc-f7e9a2f083bf" />
      <TestMethod codeBase="Microsoft.Azure.Batch.AppPackageUnitTests\Microsoft.Azure.Batch.AppPackageUnitTests.dll" adapterTypeName="Microsoft.VisualStudio.TestTools.TestTypes.Unit.UnitTestAdapter" className="Microsoft.Azure.Batch.AppPackageUnitTests.Tests.MessageBodies.ActivateApplicationPackageRequestTests" name="CanDeserialiseZipFormat_UpperCase(serialisationEnvironment: ResourceProvider)" />
    </UnitTest>
    <UnitTest name="CannotDeserialiseMissingFormat(serialisationEnvironment: ResourceProvider)" storage="microsoft.azure.batch.apppackageunittests\microsoft.azure.batch.apppackageunittests.dll" id="df25c04a-1862-4062-9dd8-6698d00cf868">
      <Execution id="d12455ef-384f-419d-8b37-0289f45c6758" />
      <TestMethod codeBase="Microsoft.Azure.Batch.AppPackageUnitTests\Microsoft.Azure.Batch.AppPackageUnitTests.dll" adapterTypeName="Microsoft.VisualStudio.TestTools.TestTypes.Unit.UnitTestAdapter" className="Microsoft.Azure.Batch.AppPackageUnitTests.Tests.MessageBodies.ActivateApplicationPackageRequestTests" name="CannotDeserialiseMissingFormat(serialisationEnvironment: ResourceProvider)" />
    </UnitTest>
    <UnitTest name="CannotDeserialiseInvalidFormat(serialisationEnvironment: ResourceProvider)" storage="microsoft.azure.batch.apppackageunittests\microsoft.azure.batch.apppackageunittests.dll" id="92e8e073-0892-4697-a4ce-5acdf8644d44">
      <Execution id="2d1d70ab-d4cb-4cdf-a6bf-03ba38066c9b" />
      <TestMethod codeBase="Microsoft.Azure.Batch.AppPackageUnitTests\Microsoft.Azure.Batch.AppPackageUnitTests.dll" adapterTypeName="Microsoft.VisualStudio.TestTools.TestTypes.Unit.UnitTestAdapter" className="Microsoft.Azure.Batch.AppPackageUnitTests.Tests.MessageBodies.ActivateApplicationPackageRequestTests" name="CannotDeserialiseInvalidFormat(serialisationEnvironment: ResourceProvider)" />
    </UnitTest>
    <UnitTest name="CannotDeserialiseNullFormat(serialisationEnvironment: ResourceProvider)" storage="microsoft.azure.batch.apppackageunittests\microsoft.azure.batch.apppackageunittests.dll" id="5af0c4b4-29c4-4689-b5e4-b846b645dad2">
      <Execution id="a6644acf-923a-465d-b19d-d032a83a5cab" />
      <TestMethod codeBase="Microsoft.Azure.Batch.AppPackageUnitTests\Microsoft.Azure.Batch.AppPackageUnitTests.dll" adapterTypeName="Microsoft.VisualStudio.TestTools.TestTypes.Unit.UnitTestAdapter" className="Microsoft.Azure.Batch.AppPackageUnitTests.Tests.MessageBodies.ActivateApplicationPackageRequestTests" name="CannotDeserialiseNullFormat(serialisationEnvironment: ResourceProvider)" />
    </UnitTest>
    <UnitTest name="Microsoft.Azure.Batch.AppPackageUnitTests.Tests.Commands.AppPackages.ListApplicationsUnitTests_TrpfeUnitTest.IfValidSkipTokenIsPassedIn_AndMaxResultsIsSpecified_AndResultsDontFitInOneResponse_ThenResponseIncludesValidNextLink" storage="microsoft.azure.batch.apppackageunittests\microsoft.azure.batch.apppackageunittests.dll" id="d6d89951-f6f0-4aa2-953b-060b7fef70c7">
      <Execution id="26f5fdf8-3bd7-49ab-9401-59b4c7ab3ab9" />
      <TestMethod codeBase="Microsoft.Azure.Batch.AppPackageUnitTests\Microsoft.Azure.Batch.AppPackageUnitTests.dll" adapterTypeName="Microsoft.VisualStudio.TestTools.TestTypes.Unit.UnitTestAdapter" className="Microsoft.Azure.Batch.AppPackageUnitTests.Tests.Commands.AppPackages.ListApplicationsUnitTests_TrpfeUnitTest" name="Microsoft.Azure.Batch.AppPackageUnitTests.Tests.Commands.AppPackages.ListApplicationsUnitTests_TrpfeUnitTest.IfValidSkipTokenIsPassedIn_AndMaxResultsIsSpecified_AndResultsDontFitInOneResponse_ThenResponseIncludesValidNextLink" />
    </UnitTest>
    <UnitTest name="Microsoft.Azure.Batch.AppPackageUnitTests.Tests.Commands.AppPackages.ListApplicationsUnitTests_TrpfeUnitTest.IfValidSkipTokenIsPassedIn_AndResultsFitInOneResponse_ThenCorrectResultsAreReturned_AndNoNextLink" storage="microsoft.azure.batch.apppackageunittests\microsoft.azure.batch.apppackageunittests.dll" id="fb0a1129-ff5b-4509-91f8-0eda792ce559">
      <Execution id="5fbc9d34-1a87-4d61-a0b8-c1fcb710cee1" />
      <TestMethod codeBase="Microsoft.Azure.Batch.AppPackageUnitTests\Microsoft.Azure.Batch.AppPackageUnitTests.dll" adapterTypeName="Microsoft.VisualStudio.TestTools.TestTypes.Unit.UnitTestAdapter" className="Microsoft.Azure.Batch.AppPackageUnitTests.Tests.Commands.AppPackages.ListApplicationsUnitTests_TrpfeUnitTest" name="Microsoft.Azure.Batch.AppPackageUnitTests.Tests.Commands.AppPackages.ListApplicationsUnitTests_TrpfeUnitTest.IfValidSkipTokenIsPassedIn_AndResultsFitInOneResponse_ThenCorrectResultsAreReturned_AndNoNextLink" />
    </UnitTest>
    <UnitTest name="Microsoft.Azure.Batch.AppPackageUnitTests.Tests.Commands.AppPackages.ListApplicationsUnitTests_TrpfeUnitTest.ApplicationsAreReturned_WithApplicationIdAndVersion_PreservingCase" storage="microsoft.azure.batch.apppackageunittests\microsoft.azure.batch.apppackageunittests.dll" id="1442b68b-01a3-4fce-92b3-74e6cd427d0c">
      <Execution id="575acc00-2bd8-44a4-ae74-427078689166" />
      <TestMethod codeBase="Microsoft.Azure.Batch.AppPackageUnitTests\Microsoft.Azure.Batch.AppPackageUnitTests.dll" adapterTypeName="Microsoft.VisualStudio.TestTools.TestTypes.Unit.UnitTestAdapter" className="Microsoft.Azure.Batch.AppPackageUnitTests.Tests.Commands.AppPackages.ListApplicationsUnitTests_TrpfeUnitTest" name="Microsoft.Azure.Batch.AppPackageUnitTests.Tests.Commands.AppPackages.ListApplicationsUnitTests_TrpfeUnitTest.ApplicationsAreReturned_WithApplicationIdAndVersion_PreservingCase" />
    </UnitTest>
    <UnitTest name="Microsoft.Azure.Batch.AppPackageUnitTests.Tests.Commands.AppPackages.ListApplicationsUnitTests_TrpfeUnitTest.IfAnApplicationHasNoPackages_ThenItsPackagesListIsEmpty" storage="microsoft.azure.batch.apppackageunittests\microsoft.azure.batch.apppackageunittests.dll" id="f6c50272-8173-4410-acd8-d023f2061a1d">
      <Execution id="bcce148e-316d-4383-aed0-9efd63d78adf" />
      <TestMethod codeBase="Microsoft.Azure.Batch.AppPackageUnitTests\Microsoft.Azure.Batch.AppPackageUnitTests.dll" adapterTypeName="Microsoft.VisualStudio.TestTools.TestTypes.Unit.UnitTestAdapter" className="Microsoft.Azure.Batch.AppPackageUnitTests.Tests.Commands.AppPackages.ListApplicationsUnitTests_TrpfeUnitTest" name="Microsoft.Azure.Batch.AppPackageUnitTests.Tests.Commands.AppPackages.ListApplicationsUnitTests_TrpfeUnitTest.IfAnApplicationHasNoPackages_ThenItsPackagesListIsEmpty" />
    </UnitTest>
    <UnitTest name="Microsoft.Azure.Batch.AppPackageUnitTests.Tests.Commands.AppPackages.ListApplicationsUnitTests_TrpfeUnitTest.IfThereIsOneApplication_ThenTheListContainsItsDetails_AndNoNextLink" storage="microsoft.azure.batch.apppackageunittests\microsoft.azure.batch.apppackageunittests.dll" id="ecf9d14e-cfe2-4586-973d-c44616d6a1a1">
      <Execution id="82941837-cd91-4a23-8cb4-d2ff40d1fbbb" />
      <TestMethod codeBase="Microsoft.Azure.Batch.AppPackageUnitTests\Microsoft.Azure.Batch.AppPackageUnitTests.dll" adapterTypeName="Microsoft.VisualStudio.TestTools.TestTypes.Unit.UnitTestAdapter" className="Microsoft.Azure.Batch.AppPackageUnitTests.Tests.Commands.AppPackages.ListApplicationsUnitTests_TrpfeUnitTest" name="Microsoft.Azure.Batch.AppPackageUnitTests.Tests.Commands.AppPackages.ListApplicationsUnitTests_TrpfeUnitTest.IfThereIsOneApplication_ThenTheListContainsItsDetails_AndNoNextLink" />
    </UnitTest>
    <UnitTest name="Microsoft.Azure.Batch.AppPackageUnitTests.Tests.Commands.AppPackages.ListApplicationsUnitTests_TrpfeUnitTest.IfThereAreNoApplications_ThenTheListIsEmpty_AndNoNextLink" storage="microsoft.azure.batch.apppackageunittests\microsoft.azure.batch.apppackageunittests.dll" id="1595a391-cf68-43e8-9d23-8fe159ff7382">
      <Execution id="e2ebc7cc-9da1-4797-b1c6-d50b3c867712" />
      <TestMethod codeBase="Microsoft.Azure.Batch.AppPackageUnitTests\Microsoft.Azure.Batch.AppPackageUnitTests.dll" adapterTypeName="Microsoft.VisualStudio.TestTools.TestTypes.Unit.UnitTestAdapter" className="Microsoft.Azure.Batch.AppPackageUnitTests.Tests.Commands.AppPackages.ListApplicationsUnitTests_TrpfeUnitTest" name="Microsoft.Azure.Batch.AppPackageUnitTests.Tests.Commands.AppPackages.ListApplicationsUnitTests_TrpfeUnitTest.IfThereAreNoApplications_ThenTheListIsEmpty_AndNoNextLink" />
    </UnitTest>
    <UnitTest name="Microsoft.Azure.Batch.AppPackageUnitTests.Tests.Commands.AppPackages.ListApplicationsUnitTests_TrpfeUnitTest.IfThereAreOnlyApplicationsForOtherAccounts_ThenTheListIsEmpty_AndNoNextLink" storage="microsoft.azure.batch.apppackageunittests\microsoft.azure.batch.apppackageunittests.dll" id="4683eb6a-384f-46b8-87d9-7415fe97f6d0">
      <Execution id="253680a8-3f9e-45fc-8d3a-6a7f09995fd8" />
      <TestMethod codeBase="Microsoft.Azure.Batch.AppPackageUnitTests\Microsoft.Azure.Batch.AppPackageUnitTests.dll" adapterTypeName="Microsoft.VisualStudio.TestTools.TestTypes.Unit.UnitTestAdapter" className="Microsoft.Azure.Batch.AppPackageUnitTests.Tests.Commands.AppPackages.ListApplicationsUnitTests_TrpfeUnitTest" name="Microsoft.Azure.Batch.AppPackageUnitTests.Tests.Commands.AppPackages.ListApplicationsUnitTests_TrpfeUnitTest.IfThereAreOnlyApplicationsForOtherAccounts_ThenTheListIsEmpty_AndNoNextLink" />
    </UnitTest>
    <UnitTest name="Microsoft.Azure.Batch.AppPackageUnitTests.Tests.Commands.AppPackages.ListApplicationsUnitTests_TrpfeUnitTest.IfThereAreOnlyApplicationsForOtherAccounts_AndMaxResultsAndSkipTokenAreProvided_ThenTheListIsEmpty_AndNoNextLink" storage="microsoft.azure.batch.apppackageunittests\microsoft.azure.batch.apppackageunittests.dll" id="dc71cb0e-8005-4887-9bcf-2bff9bb4fa71">
      <Execution id="a4bbc937-88c8-46c6-8c77-651152c4564a" />
      <TestMethod codeBase="Microsoft.Azure.Batch.AppPackageUnitTests\Microsoft.Azure.Batch.AppPackageUnitTests.dll" adapterTypeName="Microsoft.VisualStudio.TestTools.TestTypes.Unit.UnitTestAdapter" className="Microsoft.Azure.Batch.AppPackageUnitTests.Tests.Commands.AppPackages.ListApplicationsUnitTests_TrpfeUnitTest" name="Microsoft.Azure.Batch.AppPackageUnitTests.Tests.Commands.AppPackages.ListApplicationsUnitTests_TrpfeUnitTest.IfThereAreOnlyApplicationsForOtherAccounts_AndMaxResultsAndSkipTokenAreProvided_ThenTheListIsEmpty_AndNoNextLink" />
    </UnitTest>
    <UnitTest name="Microsoft.Azure.Batch.AppPackageUnitTests.Tests.Commands.AppPackages.ListApplicationsUnitTests_TrpfeUnitTest.IfValidSkipTokenIsPassedIn_AndMaxResultsIsSpecified_AndResultsFitInOneResponse_ThenMaxResultsLexicographicallyGreaterOrEqualApplicationsAreReturned_AndNextLinkIsNull" storage="microsoft.azure.batch.apppackageunittests\microsoft.azure.batch.apppackageunittests.dll" id="13b603ff-5377-4a58-9eb8-6b0f11e4b407">
      <Execution id="e3c449f2-2764-46dd-98a6-a1790f6b0348" />
      <TestMethod codeBase="Microsoft.Azure.Batch.AppPackageUnitTests\Microsoft.Azure.Batch.AppPackageUnitTests.dll" adapterTypeName="Microsoft.VisualStudio.TestTools.TestTypes.Unit.UnitTestAdapter" className="Microsoft.Azure.Batch.AppPackageUnitTests.Tests.Commands.AppPackages.ListApplicationsUnitTests_TrpfeUnitTest" name="Microsoft.Azure.Batch.AppPackageUnitTests.Tests.Commands.AppPackages.ListApplicationsUnitTests_TrpfeUnitTest.IfValidSkipTokenIsPassedIn_AndMaxResultsIsSpecified_AndResultsFitInOneResponse_ThenMaxResultsLexicographicallyGreaterOrEqualApplicationsAreReturned_AndNextLinkIsNull" />
    </UnitTest>
    <UnitTest name="Microsoft.Azure.Batch.AppPackageUnitTests.Tests.Commands.AppPackages.ListApplicationsUnitTests_TrpfeUnitTest.IfThereAreMultipleApplications_ThatFitInOneResponse_ThenTheListContainsTheirDetails_AndNoNextLink" storage="microsoft.azure.batch.apppackageunittests\microsoft.azure.batch.apppackageunittests.dll" id="e9cd2121-ec3b-41e5-b2b8-8898492b470e">
      <Execution id="0e19969b-d523-486c-b091-06cff8406d01" />
      <TestMethod codeBase="Microsoft.Azure.Batch.AppPackageUnitTests\Microsoft.Azure.Batch.AppPackageUnitTests.dll" adapterTypeName="Microsoft.VisualStudio.TestTools.TestTypes.Unit.UnitTestAdapter" className="Microsoft.Azure.Batch.AppPackageUnitTests.Tests.Commands.AppPackages.ListApplicationsUnitTests_TrpfeUnitTest" name="Microsoft.Azure.Batch.AppPackageUnitTests.Tests.Commands.AppPackages.ListApplicationsUnitTests_TrpfeUnitTest.IfThereAreMultipleApplications_ThatFitInOneResponse_ThenTheListContainsTheirDetails_AndNoNextLink" />
    </UnitTest>
    <UnitTest name="Microsoft.Azure.Batch.AppPackageUnitTests.Tests.Commands.AppPackages.ListApplicationsUnitTests_TrpfeUnitTest.IfApplicationPointedToByNextLink_HasBeenDeleted_SkipTokenStillFunctions" storage="microsoft.azure.batch.apppackageunittests\microsoft.azure.batch.apppackageunittests.dll" id="ff78c180-b494-458a-8b24-3c16b95acf9a">
      <Execution id="0ed14fb8-8f74-4f30-b2a1-ea3735367c63" />
      <TestMethod codeBase="Microsoft.Azure.Batch.AppPackageUnitTests\Microsoft.Azure.Batch.AppPackageUnitTests.dll" adapterTypeName="Microsoft.VisualStudio.TestTools.TestTypes.Unit.UnitTestAdapter" className="Microsoft.Azure.Batch.AppPackageUnitTests.Tests.Commands.AppPackages.ListApplicationsUnitTests_TrpfeUnitTest" name="Microsoft.Azure.Batch.AppPackageUnitTests.Tests.Commands.AppPackages.ListApplicationsUnitTests_TrpfeUnitTest.IfApplicationPointedToByNextLink_HasBeenDeleted_SkipTokenStillFunctions" />
    </UnitTest>
    <UnitTest name="Microsoft.Azure.Batch.AppPackageUnitTests.Tests.Commands.AppPackages.ListApplicationsUnitTests_TrpfeUnitTest.IfThereAreMultipleApplications_EachWithMultiplePackages_AndTheyFitInOneResponse_ThenTheListContainsTheirDetails_AndNoNextLink" storage="microsoft.azure.batch.apppackageunittests\microsoft.azure.batch.apppackageunittests.dll" id="fa8cd058-5074-4aac-9f1b-8a3a163d7c49">
      <Execution id="d23c587e-14ff-40ea-96f7-35d1af333cdc" />
      <TestMethod codeBase="Microsoft.Azure.Batch.AppPackageUnitTests\Microsoft.Azure.Batch.AppPackageUnitTests.dll" adapterTypeName="Microsoft.VisualStudio.TestTools.TestTypes.Unit.UnitTestAdapter" className="Microsoft.Azure.Batch.AppPackageUnitTests.Tests.Commands.AppPackages.ListApplicationsUnitTests_TrpfeUnitTest" name="Microsoft.Azure.Batch.AppPackageUnitTests.Tests.Commands.AppPackages.ListApplicationsUnitTests_TrpfeUnitTest.IfThereAreMultipleApplications_EachWithMultiplePackages_AndTheyFitInOneResponse_ThenTheListContainsTheirDetails_AndNoNextLink" />
    </UnitTest>
    <UnitTest name="Microsoft.Azure.Batch.AppPackageUnitTests.Tests.Commands.AppPackages.ListApplicationsUnitTests_TrpfeUnitTest.IfValidSkipTokenIsPassedIn_AndResultsFitInOneResponse_ThenOnlyLexicographicallyGreaterOrEqualApplicationsAreReturned_AndNoNextLink" storage="microsoft.azure.batch.apppackageunittests\microsoft.azure.batch.apppackageunittests.dll" id="486dbe16-b3f6-4eb3-ae44-989e5bd448c5">
      <Execution id="d4de9188-74ea-495a-8e44-01257b63b14b" />
      <TestMethod codeBase="Microsoft.Azure.Batch.AppPackageUnitTests\Microsoft.Azure.Batch.AppPackageUnitTests.dll" adapterTypeName="Microsoft.VisualStudio.TestTools.TestTypes.Unit.UnitTestAdapter" className="Microsoft.Azure.Batch.AppPackageUnitTests.Tests.Commands.AppPackages.ListApplicationsUnitTests_TrpfeUnitTest" name="Microsoft.Azure.Batch.AppPackageUnitTests.Tests.Commands.AppPackages.ListApplicationsUnitTests_TrpfeUnitTest.IfValidSkipTokenIsPassedIn_AndResultsFitInOneResponse_ThenOnlyLexicographicallyGreaterOrEqualApplicationsAreReturned_AndNoNextLink" />
    </UnitTest>
    <UnitTest name="Microsoft.Azure.Batch.AppPackageUnitTests.Tests.Commands.AppPackages.ListApplicationsUnitTests_TrpfeUnitTest.WhenMaxResultsAreReturned_AndThereAreMoreResults_ResponseIncludesNextLink" storage="microsoft.azure.batch.apppackageunittests\microsoft.azure.batch.apppackageunittests.dll" id="fd9af0c8-1dd1-49ed-8bc7-16d677483c32">
      <Execution id="555bc4d1-9c20-48e3-8a88-48d839e919c4" />
      <TestMethod codeBase="Microsoft.Azure.Batch.AppPackageUnitTests\Microsoft.Azure.Batch.AppPackageUnitTests.dll" adapterTypeName="Microsoft.VisualStudio.TestTools.TestTypes.Unit.UnitTestAdapter" className="Microsoft.Azure.Batch.AppPackageUnitTests.Tests.Commands.AppPackages.ListApplicationsUnitTests_TrpfeUnitTest" name="Microsoft.Azure.Batch.AppPackageUnitTests.Tests.Commands.AppPackages.ListApplicationsUnitTests_TrpfeUnitTest.WhenMaxResultsAreReturned_AndThereAreMoreResults_ResponseIncludesNextLink" />
    </UnitTest>
    <UnitTest name="Microsoft.Azure.Batch.AppPackageUnitTests.Tests.Commands.AppPackages.ListApplicationsUnitTests_TrpfeUnitTest.MaxResultsIsRespected_AndTopLexicographicallyOrderedApplicationsAreReturnedFirst" storage="microsoft.azure.batch.apppackageunittests\microsoft.azure.batch.apppackageunittests.dll" id="ce6cb600-d5e7-4dba-b434-27496038f02e">
      <Execution id="fb1cd5bf-46b4-4893-ad72-c198865fde21" />
      <TestMethod codeBase="Microsoft.Azure.Batch.AppPackageUnitTests\Microsoft.Azure.Batch.AppPackageUnitTests.dll" adapterTypeName="Microsoft.VisualStudio.TestTools.TestTypes.Unit.UnitTestAdapter" className="Microsoft.Azure.Batch.AppPackageUnitTests.Tests.Commands.AppPackages.ListApplicationsUnitTests_TrpfeUnitTest" name="Microsoft.Azure.Batch.AppPackageUnitTests.Tests.Commands.AppPackages.ListApplicationsUnitTests_TrpfeUnitTest.MaxResultsIsRespected_AndTopLexicographicallyOrderedApplicationsAreReturnedFirst" />
    </UnitTest>
    <UnitTest name="CanSerialisePackageTimestamp(serialisationEnvironment: ResourceProvider)" storage="microsoft.azure.batch.apppackageunittests\microsoft.azure.batch.apppackageunittests.dll" id="4dfbc86e-5dea-4017-ab06-131a640a8340">
      <Execution id="ef53475a-a805-4f6d-ade0-f705f385ac95" />
      <TestMethod codeBase="Microsoft.Azure.Batch.AppPackageUnitTests\Microsoft.Azure.Batch.AppPackageUnitTests.dll" adapterTypeName="Microsoft.VisualStudio.TestTools.TestTypes.Unit.UnitTestAdapter" className="Microsoft.Azure.Batch.AppPackageUnitTests.Tests.MessageBodies.GetApplicationResponseTests" name="CanSerialisePackageTimestamp(serialisationEnvironment: ResourceProvider)" />
    </UnitTest>
    <UnitTest name="CanSerialiseDefaultVersion(serialisationEnvironment: ResourceProvider)" storage="microsoft.azure.batch.apppackageunittests\microsoft.azure.batch.apppackageunittests.dll" id="6d0cf680-c446-47b2-93d0-200202fbae3a">
      <Execution id="5ded1820-90ee-4a92-937e-728481dad0c8" />
      <TestMethod codeBase="Microsoft.Azure.Batch.AppPackageUnitTests\Microsoft.Azure.Batch.AppPackageUnitTests.dll" adapterTypeName="Microsoft.VisualStudio.TestTools.TestTypes.Unit.UnitTestAdapter" className="Microsoft.Azure.Batch.AppPackageUnitTests.Tests.MessageBodies.GetApplicationResponseTests" name="CanSerialiseDefaultVersion(serialisationEnvironment: ResourceProvider)" />
    </UnitTest>
    <UnitTest name="CanSerialiseAllowUpdates(serialisationEnvironment: ResourceProvider)" storage="microsoft.azure.batch.apppackageunittests\microsoft.azure.batch.apppackageunittests.dll" id="f47bc3a9-ca08-4b5d-910c-98d8d41f1f7a">
      <Execution id="41367bb6-3e9a-48fd-81ec-50eeeb514741" />
      <TestMethod codeBase="Microsoft.Azure.Batch.AppPackageUnitTests\Microsoft.Azure.Batch.AppPackageUnitTests.dll" adapterTypeName="Microsoft.VisualStudio.TestTools.TestTypes.Unit.UnitTestAdapter" className="Microsoft.Azure.Batch.AppPackageUnitTests.Tests.MessageBodies.GetApplicationResponseTests" name="CanSerialiseAllowUpdates(serialisationEnvironment: ResourceProvider)" />
    </UnitTest>
    <UnitTest name="CanSerialisePackageVersion(serialisationEnvironment: ResourceProvider)" storage="microsoft.azure.batch.apppackageunittests\microsoft.azure.batch.apppackageunittests.dll" id="ed6dc9ef-d1b1-4871-abba-11835fef7265">
      <Execution id="ff643f3a-2ad4-4266-b965-944de0de1d53" />
      <TestMethod codeBase="Microsoft.Azure.Batch.AppPackageUnitTests\Microsoft.Azure.Batch.AppPackageUnitTests.dll" adapterTypeName="Microsoft.VisualStudio.TestTools.TestTypes.Unit.UnitTestAdapter" className="Microsoft.Azure.Batch.AppPackageUnitTests.Tests.MessageBodies.GetApplicationResponseTests" name="CanSerialisePackageVersion(serialisationEnvironment: ResourceProvider)" />
    </UnitTest>
    <UnitTest name="CanSerialisePackageFormat(serialisationEnvironment: ResourceProvider)" storage="microsoft.azure.batch.apppackageunittests\microsoft.azure.batch.apppackageunittests.dll" id="7eb9dd52-beae-4881-93b9-a94284c49de1">
      <Execution id="4c97baa6-7697-4ae5-afeb-5f52e015e1dd" />
      <TestMethod codeBase="Microsoft.Azure.Batch.AppPackageUnitTests\Microsoft.Azure.Batch.AppPackageUnitTests.dll" adapterTypeName="Microsoft.VisualStudio.TestTools.TestTypes.Unit.UnitTestAdapter" className="Microsoft.Azure.Batch.AppPackageUnitTests.Tests.MessageBodies.GetApplicationResponseTests" name="CanSerialisePackageFormat(serialisationEnvironment: ResourceProvider)" />
    </UnitTest>
    <UnitTest name="CanSerialiseMultiplePackages(serialisationEnvironment: ResourceProvider)" storage="microsoft.azure.batch.apppackageunittests\microsoft.azure.batch.apppackageunittests.dll" id="fe30a6a9-07a6-4132-9a3f-ece6d2e637d2">
      <Execution id="1bc79197-0375-44d9-9d6c-1af9677cdfe1" />
      <TestMethod codeBase="Microsoft.Azure.Batch.AppPackageUnitTests\Microsoft.Azure.Batch.AppPackageUnitTests.dll" adapterTypeName="Microsoft.VisualStudio.TestTools.TestTypes.Unit.UnitTestAdapter" className="Microsoft.Azure.Batch.AppPackageUnitTests.Tests.MessageBodies.GetApplicationResponseTests" name="CanSerialiseMultiplePackages(serialisationEnvironment: ResourceProvider)" />
    </UnitTest>
    <UnitTest name="CanSerialiseEmptyList(serialisationEnvironment: ResourceProvider)" storage="microsoft.azure.batch.apppackageunittests\microsoft.azure.batch.apppackageunittests.dll" id="fc8c6c01-7647-464f-abe2-3f9979061244">
      <Execution id="4caeab53-24e8-445e-90a6-8e1f02c86911" />
      <TestMethod codeBase="Microsoft.Azure.Batch.AppPackageUnitTests\Microsoft.Azure.Batch.AppPackageUnitTests.dll" adapterTypeName="Microsoft.VisualStudio.TestTools.TestTypes.Unit.UnitTestAdapter" className="Microsoft.Azure.Batch.AppPackageUnitTests.Tests.MessageBodies.GetApplicationResponseTests" name="CanSerialiseEmptyList(serialisationEnvironment: ResourceProvider)" />
    </UnitTest>
    <UnitTest name="CanSerialiseApplicationId(serialisationEnvironment: ResourceProvider)" storage="microsoft.azure.batch.apppackageunittests\microsoft.azure.batch.apppackageunittests.dll" id="47c588c9-d4b3-4af5-90d6-3fb480e3c934">
      <Execution id="ddbc7791-34f9-40bf-9b57-935b52857ef3" />
      <TestMethod codeBase="Microsoft.Azure.Batch.AppPackageUnitTests\Microsoft.Azure.Batch.AppPackageUnitTests.dll" adapterTypeName="Microsoft.VisualStudio.TestTools.TestTypes.Unit.UnitTestAdapter" className="Microsoft.Azure.Batch.AppPackageUnitTests.Tests.MessageBodies.GetApplicationResponseTests" name="CanSerialiseApplicationId(serialisationEnvironment: ResourceProvider)" />
    </UnitTest>
    <UnitTest name="CanSerialisePackageState(serialisationEnvironment: ResourceProvider)" storage="microsoft.azure.batch.apppackageunittests\microsoft.azure.batch.apppackageunittests.dll" id="1ad6ffe8-e1fc-4217-af5a-cbde3b66e599">
      <Execution id="ed0e9a69-4f48-4b04-8680-80544ce2cb6e" />
      <TestMethod codeBase="Microsoft.Azure.Batch.AppPackageUnitTests\Microsoft.Azure.Batch.AppPackageUnitTests.dll" adapterTypeName="Microsoft.VisualStudio.TestTools.TestTypes.Unit.UnitTestAdapter" className="Microsoft.Azure.Batch.AppPackageUnitTests.Tests.MessageBodies.GetApplicationResponseTests" name="CanSerialisePackageState(serialisationEnvironment: ResourceProvider)" />
    </UnitTest>
    <UnitTest name="CanSerialiseNullList(serialisationEnvironment: ResourceProvider)" storage="microsoft.azure.batch.apppackageunittests\microsoft.azure.batch.apppackageunittests.dll" id="b4bde983-16b2-4873-bed3-1740fb7a105a">
      <Execution id="abe3c524-159e-4064-a90e-1897acc7d4e8" />
      <TestMethod codeBase="Microsoft.Azure.Batch.AppPackageUnitTests\Microsoft.Azure.Batch.AppPackageUnitTests.dll" adapterTypeName="Microsoft.VisualStudio.TestTools.TestTypes.Unit.UnitTestAdapter" className="Microsoft.Azure.Batch.AppPackageUnitTests.Tests.MessageBodies.GetApplicationResponseTests" name="CanSerialiseNullList(serialisationEnvironment: ResourceProvider)" />
    </UnitTest>
    <UnitTest name="CanSerialiseDisplayName(serialisationEnvironment: ResourceProvider)" storage="microsoft.azure.batch.apppackageunittests\microsoft.azure.batch.apppackageunittests.dll" id="9f844913-e534-448c-964b-fa167cc9c84e">
      <Execution id="95f86405-3e06-46e6-a3bf-3b84f5cac9f5" />
      <TestMethod codeBase="Microsoft.Azure.Batch.AppPackageUnitTests\Microsoft.Azure.Batch.AppPackageUnitTests.dll" adapterTypeName="Microsoft.VisualStudio.TestTools.TestTypes.Unit.UnitTestAdapter" className="Microsoft.Azure.Batch.AppPackageUnitTests.Tests.MessageBodies.GetApplicationResponseTests" name="CanSerialiseDisplayName(serialisationEnvironment: ResourceProvider)" />
    </UnitTest>
    <UnitTest name="Microsoft.Azure.Batch.AppPackageUnitTests.Tests.Serialization.UpdateApplicationRequestConverterTests.WhenAllowUpdatesSetToFalse_PropertySetToFalse" storage="microsoft.azure.batch.apppackageunittests\microsoft.azure.batch.apppackageunittests.dll" id="1fe7f7ff-de69-4d2c-9c3a-8ddaede5d6f9">
      <Execution id="9533c0ef-3499-4398-9431-a8ffd268f14b" />
      <TestMethod codeBase="Microsoft.Azure.Batch.AppPackageUnitTests\Microsoft.Azure.Batch.AppPackageUnitTests.dll" adapterTypeName="Microsoft.VisualStudio.TestTools.TestTypes.Unit.UnitTestAdapter" className="Microsoft.Azure.Batch.AppPackageUnitTests.Tests.Serialization.UpdateApplicationRequestConverterTests" name="Microsoft.Azure.Batch.AppPackageUnitTests.Tests.Serialization.UpdateApplicationRequestConverterTests.WhenAllowUpdatesSetToFalse_PropertySetToFalse" />
    </UnitTest>
    <UnitTest name="Microsoft.Azure.Batch.AppPackageUnitTests.Tests.Serialization.UpdateApplicationRequestConverterTests.WhenDefaultVersionPresent_SetsDefaultVersionToTrue" storage="microsoft.azure.batch.apppackageunittests\microsoft.azure.batch.apppackageunittests.dll" id="6d0abdc3-d414-4101-a1cb-435a5ad30c64">
      <Execution id="d94ebe23-5fe4-4987-af6a-0d86f67f9ac0" />
      <TestMethod codeBase="Microsoft.Azure.Batch.AppPackageUnitTests\Microsoft.Azure.Batch.AppPackageUnitTests.dll" adapterTypeName="Microsoft.VisualStudio.TestTools.TestTypes.Unit.UnitTestAdapter" className="Microsoft.Azure.Batch.AppPackageUnitTests.Tests.Serialization.UpdateApplicationRequestConverterTests" name="Microsoft.Azure.Batch.AppPackageUnitTests.Tests.Serialization.UpdateApplicationRequestConverterTests.WhenDefaultVersionPresent_SetsDefaultVersionToTrue" />
    </UnitTest>
    <UnitTest name="Microsoft.Azure.Batch.AppPackageUnitTests.Tests.Serialization.UpdateApplicationRequestConverterTests.WhenDisplayNamePresentAndNull_SetsDisplayNameToTrue" storage="microsoft.azure.batch.apppackageunittests\microsoft.azure.batch.apppackageunittests.dll" id="87977c21-0117-41dd-b424-3e85ccb9392b">
      <Execution id="d7f6ffcc-8338-4035-b915-897a9336defd" />
      <TestMethod codeBase="Microsoft.Azure.Batch.AppPackageUnitTests\Microsoft.Azure.Batch.AppPackageUnitTests.dll" adapterTypeName="Microsoft.VisualStudio.TestTools.TestTypes.Unit.UnitTestAdapter" className="Microsoft.Azure.Batch.AppPackageUnitTests.Tests.Serialization.UpdateApplicationRequestConverterTests" name="Microsoft.Azure.Batch.AppPackageUnitTests.Tests.Serialization.UpdateApplicationRequestConverterTests.WhenDisplayNamePresentAndNull_SetsDisplayNameToTrue" />
    </UnitTest>
    <UnitTest name="Microsoft.Azure.Batch.AppPackageUnitTests.Tests.Serialization.UpdateApplicationRequestConverterTests.WhenAllowUpdatesSetToNull_PropertySetToNull" storage="microsoft.azure.batch.apppackageunittests\microsoft.azure.batch.apppackageunittests.dll" id="5e9b9630-051b-4261-99f6-64438d34b1ae">
      <Execution id="bf08a9fa-e5b9-49da-8b9a-9e388b17c415" />
      <TestMethod codeBase="Microsoft.Azure.Batch.AppPackageUnitTests\Microsoft.Azure.Batch.AppPackageUnitTests.dll" adapterTypeName="Microsoft.VisualStudio.TestTools.TestTypes.Unit.UnitTestAdapter" className="Microsoft.Azure.Batch.AppPackageUnitTests.Tests.Serialization.UpdateApplicationRequestConverterTests" name="Microsoft.Azure.Batch.AppPackageUnitTests.Tests.Serialization.UpdateApplicationRequestConverterTests.WhenAllowUpdatesSetToNull_PropertySetToNull" />
    </UnitTest>
    <UnitTest name="Microsoft.Azure.Batch.AppPackageUnitTests.Tests.Serialization.UpdateApplicationRequestConverterTests.WhenAllowUpdatesSetToString_ExceptionIsThrown" storage="microsoft.azure.batch.apppackageunittests\microsoft.azure.batch.apppackageunittests.dll" id="a03871cb-0141-4a5f-852d-adeead6e9b54">
      <Execution id="a9174c61-f6aa-4c6c-927d-ff900d2d2b26" />
      <TestMethod codeBase="Microsoft.Azure.Batch.AppPackageUnitTests\Microsoft.Azure.Batch.AppPackageUnitTests.dll" adapterTypeName="Microsoft.VisualStudio.TestTools.TestTypes.Unit.UnitTestAdapter" className="Microsoft.Azure.Batch.AppPackageUnitTests.Tests.Serialization.UpdateApplicationRequestConverterTests" name="Microsoft.Azure.Batch.AppPackageUnitTests.Tests.Serialization.UpdateApplicationRequestConverterTests.WhenAllowUpdatesSetToString_ExceptionIsThrown" />
    </UnitTest>
    <UnitTest name="Microsoft.Azure.Batch.AppPackageUnitTests.Tests.Serialization.UpdateApplicationRequestConverterTests.WhenAllowUpdatesSetToTrue_PropertySetToTrue" storage="microsoft.azure.batch.apppackageunittests\microsoft.azure.batch.apppackageunittests.dll" id="ca8becce-13e0-4634-b83a-60935f241cb2">
      <Execution id="85bfb4af-70bf-4c47-8a2b-83daff5ce25d" />
      <TestMethod codeBase="Microsoft.Azure.Batch.AppPackageUnitTests\Microsoft.Azure.Batch.AppPackageUnitTests.dll" adapterTypeName="Microsoft.VisualStudio.TestTools.TestTypes.Unit.UnitTestAdapter" className="Microsoft.Azure.Batch.AppPackageUnitTests.Tests.Serialization.UpdateApplicationRequestConverterTests" name="Microsoft.Azure.Batch.AppPackageUnitTests.Tests.Serialization.UpdateApplicationRequestConverterTests.WhenAllowUpdatesSetToTrue_PropertySetToTrue" />
    </UnitTest>
    <UnitTest name="Microsoft.Azure.Batch.AppPackageUnitTests.Tests.Serialization.UpdateApplicationRequestConverterTests.WhenDefaultVersionNotPresent_SetsDefaultVersionToFalse" storage="microsoft.azure.batch.apppackageunittests\microsoft.azure.batch.apppackageunittests.dll" id="7991575c-9b73-404c-8f0f-13c7c582cb43">
      <Execution id="86d96eef-36ae-465a-a71f-8cb01fc19eca" />
      <TestMethod codeBase="Microsoft.Azure.Batch.AppPackageUnitTests\Microsoft.Azure.Batch.AppPackageUnitTests.dll" adapterTypeName="Microsoft.VisualStudio.TestTools.TestTypes.Unit.UnitTestAdapter" className="Microsoft.Azure.Batch.AppPackageUnitTests.Tests.Serialization.UpdateApplicationRequestConverterTests" name="Microsoft.Azure.Batch.AppPackageUnitTests.Tests.Serialization.UpdateApplicationRequestConverterTests.WhenDefaultVersionNotPresent_SetsDefaultVersionToFalse" />
    </UnitTest>
    <UnitTest name="Microsoft.Azure.Batch.AppPackageUnitTests.Tests.Serialization.UpdateApplicationRequestConverterTests.WhenDisplayNamePresent_SetsDisplayNameToTrue" storage="microsoft.azure.batch.apppackageunittests\microsoft.azure.batch.apppackageunittests.dll" id="6dd2f841-91f1-4c07-9cd8-9fbb7e0679a4">
      <Execution id="92e83f3b-fc58-4007-9869-c1dd61e25aaa" />
      <TestMethod codeBase="Microsoft.Azure.Batch.AppPackageUnitTests\Microsoft.Azure.Batch.AppPackageUnitTests.dll" adapterTypeName="Microsoft.VisualStudio.TestTools.TestTypes.Unit.UnitTestAdapter" className="Microsoft.Azure.Batch.AppPackageUnitTests.Tests.Serialization.UpdateApplicationRequestConverterTests" name="Microsoft.Azure.Batch.AppPackageUnitTests.Tests.Serialization.UpdateApplicationRequestConverterTests.WhenDisplayNamePresent_SetsDisplayNameToTrue" />
    </UnitTest>
    <UnitTest name="Microsoft.Azure.Batch.AppPackageUnitTests.Tests.Serialization.UpdateApplicationRequestConverterTests.WhenAllowUpdatesNotSet_PropertySetToNull" storage="microsoft.azure.batch.apppackageunittests\microsoft.azure.batch.apppackageunittests.dll" id="3cd7e3bf-be1f-4bb3-a03a-d0981ed5affd">
      <Execution id="09ef422f-8670-45f5-9632-f5b8d1eeab24" />
      <TestMethod codeBase="Microsoft.Azure.Batch.AppPackageUnitTests\Microsoft.Azure.Batch.AppPackageUnitTests.dll" adapterTypeName="Microsoft.VisualStudio.TestTools.TestTypes.Unit.UnitTestAdapter" className="Microsoft.Azure.Batch.AppPackageUnitTests.Tests.Serialization.UpdateApplicationRequestConverterTests" name="Microsoft.Azure.Batch.AppPackageUnitTests.Tests.Serialization.UpdateApplicationRequestConverterTests.WhenAllowUpdatesNotSet_PropertySetToNull" />
    </UnitTest>
    <UnitTest name="Microsoft.Azure.Batch.AppPackageUnitTests.Tests.Serialization.UpdateApplicationRequestConverterTests.AllowsCaseInsensitivePropertyNames" storage="microsoft.azure.batch.apppackageunittests\microsoft.azure.batch.apppackageunittests.dll" id="2ab326ed-7eb7-4f2e-b190-c3bef6d0c247">
      <Execution id="d2eb7946-a39b-480a-9d27-79f95ac80449" />
      <TestMethod codeBase="Microsoft.Azure.Batch.AppPackageUnitTests\Microsoft.Azure.Batch.AppPackageUnitTests.dll" adapterTypeName="Microsoft.VisualStudio.TestTools.TestTypes.Unit.UnitTestAdapter" className="Microsoft.Azure.Batch.AppPackageUnitTests.Tests.Serialization.UpdateApplicationRequestConverterTests" name="Microsoft.Azure.Batch.AppPackageUnitTests.Tests.Serialization.UpdateApplicationRequestConverterTests.AllowsCaseInsensitivePropertyNames" />
    </UnitTest>
    <UnitTest name="Microsoft.Azure.Batch.AppPackageUnitTests.Tests.Serialization.UpdateApplicationRequestConverterTests.WhenDefaultVersionPresentAndNull_SetsDefaultVersionToTrue" storage="microsoft.azure.batch.apppackageunittests\microsoft.azure.batch.apppackageunittests.dll" id="1a43e16e-9f4b-4aa5-854a-888f51b42108">
      <Execution id="8232d4b3-9b85-4c0e-a250-8abe5cfcbbcd" />
      <TestMethod codeBase="Microsoft.Azure.Batch.AppPackageUnitTests\Microsoft.Azure.Batch.AppPackageUnitTests.dll" adapterTypeName="Microsoft.VisualStudio.TestTools.TestTypes.Unit.UnitTestAdapter" className="Microsoft.Azure.Batch.AppPackageUnitTests.Tests.Serialization.UpdateApplicationRequestConverterTests" name="Microsoft.Azure.Batch.AppPackageUnitTests.Tests.Serialization.UpdateApplicationRequestConverterTests.WhenDefaultVersionPresentAndNull_SetsDefaultVersionToTrue" />
    </UnitTest>
    <UnitTest name="Microsoft.Azure.Batch.AppPackageUnitTests.Tests.Serialization.UpdateApplicationRequestConverterTests.WhenDisplayNamePresentAndEmptyString_SetsDisplayNameToTrue_AndDisplayNameToNull" storage="microsoft.azure.batch.apppackageunittests\microsoft.azure.batch.apppackageunittests.dll" id="e83ff41e-0a2e-4de8-9dab-609f50d97686">
      <Execution id="5cb39386-f5b5-4dc6-899f-d105f8827bc7" />
      <TestMethod codeBase="Microsoft.Azure.Batch.AppPackageUnitTests\Microsoft.Azure.Batch.AppPackageUnitTests.dll" adapterTypeName="Microsoft.VisualStudio.TestTools.TestTypes.Unit.UnitTestAdapter" className="Microsoft.Azure.Batch.AppPackageUnitTests.Tests.Serialization.UpdateApplicationRequestConverterTests" name="Microsoft.Azure.Batch.AppPackageUnitTests.Tests.Serialization.UpdateApplicationRequestConverterTests.WhenDisplayNamePresentAndEmptyString_SetsDisplayNameToTrue_AndDisplayNameToNull" />
    </UnitTest>
    <UnitTest name="Microsoft.Azure.Batch.AppPackageUnitTests.Tests.Serialization.UpdateApplicationRequestConverterTests.WhenDisplayNameNotPresent_SetsDisplayNameToFalse" storage="microsoft.azure.batch.apppackageunittests\microsoft.azure.batch.apppackageunittests.dll" id="9ded35d3-788f-428e-9a18-ec77b06c6237">
      <Execution id="55faeb16-460c-4648-a1d9-eb3ae563d5af" />
      <TestMethod codeBase="Microsoft.Azure.Batch.AppPackageUnitTests\Microsoft.Azure.Batch.AppPackageUnitTests.dll" adapterTypeName="Microsoft.VisualStudio.TestTools.TestTypes.Unit.UnitTestAdapter" className="Microsoft.Azure.Batch.AppPackageUnitTests.Tests.Serialization.UpdateApplicationRequestConverterTests" name="Microsoft.Azure.Batch.AppPackageUnitTests.Tests.Serialization.UpdateApplicationRequestConverterTests.WhenDisplayNameNotPresent_SetsDisplayNameToFalse" />
    </UnitTest>
    <UnitTest name="Microsoft.Azure.Batch.AppPackageUnitTests.Tests.Serialization.UpdateApplicationRequestConverterTests.WhenDefaultVersionPresentAndEmptyString_SetsDefaultVersionToTrue_AndDisplayNameToNull" storage="microsoft.azure.batch.apppackageunittests\microsoft.azure.batch.apppackageunittests.dll" id="fff1b0af-2c23-4fb3-b1ed-9073ed82357d">
      <Execution id="34561341-3ce4-461c-8df0-0b89bd65bbd1" />
      <TestMethod codeBase="Microsoft.Azure.Batch.AppPackageUnitTests\Microsoft.Azure.Batch.AppPackageUnitTests.dll" adapterTypeName="Microsoft.VisualStudio.TestTools.TestTypes.Unit.UnitTestAdapter" className="Microsoft.Azure.Batch.AppPackageUnitTests.Tests.Serialization.UpdateApplicationRequestConverterTests" name="Microsoft.Azure.Batch.AppPackageUnitTests.Tests.Serialization.UpdateApplicationRequestConverterTests.WhenDefaultVersionPresentAndEmptyString_SetsDefaultVersionToTrue_AndDisplayNameToNull" />
    </UnitTest>
    <UnitTest name="Microsoft.Azure.Batch.AppPackageUnitTests.Tests.TRPFE.AddApplicationPackageUnitTests.Returns409WhenMaxApplicationPackageVersionsReached" storage="microsoft.azure.batch.apppackageunittests\microsoft.azure.batch.apppackageunittests.dll" id="1743f5e5-3a49-4036-b17c-23851bfb51bb">
      <Execution id="2edf0929-8406-4f0f-bebd-f18a2998b0a3" />
      <TestMethod codeBase="Microsoft.Azure.Batch.AppPackageUnitTests\Microsoft.Azure.Batch.AppPackageUnitTests.dll" adapterTypeName="Microsoft.VisualStudio.TestTools.TestTypes.Unit.UnitTestAdapter" className="Microsoft.Azure.Batch.AppPackageUnitTests.Tests.TRPFE.AddApplicationPackageUnitTests" name="Microsoft.Azure.Batch.AppPackageUnitTests.Tests.TRPFE.AddApplicationPackageUnitTests.Returns409WhenMaxApplicationPackageVersionsReached" />
    </UnitTest>
    <UnitTest name="Microsoft.Azure.Batch.AppPackageUnitTests.Tests.TRPFE.AddApplicationPackageUnitTests.ApplicationPackagesCanBeAddedUntilLimitReached" storage="microsoft.azure.batch.apppackageunittests\microsoft.azure.batch.apppackageunittests.dll" id="8e79d6a4-7a0c-4813-8c92-0cee8a9ceea5">
      <Execution id="8acd2140-a0b7-4c77-97be-cb8c7c31dd5e" />
      <TestMethod codeBase="Microsoft.Azure.Batch.AppPackageUnitTests\Microsoft.Azure.Batch.AppPackageUnitTests.dll" adapterTypeName="Microsoft.VisualStudio.TestTools.TestTypes.Unit.UnitTestAdapter" className="Microsoft.Azure.Batch.AppPackageUnitTests.Tests.TRPFE.AddApplicationPackageUnitTests" name="Microsoft.Azure.Batch.AppPackageUnitTests.Tests.TRPFE.AddApplicationPackageUnitTests.ApplicationPackagesCanBeAddedUntilLimitReached" />
    </UnitTest>
    <UnitTest name="CanSerialiseApplicationDisplayName(serialisationEnvironment: Tlsfe)" storage="microsoft.azure.batch.apppackageunittests\microsoft.azure.batch.apppackageunittests.dll" id="40801a1e-8434-4caa-aca7-80cc9b9df3af">
      <Execution id="e673889d-46da-4088-809f-3f124772ab7a" />
      <TestMethod codeBase="Microsoft.Azure.Batch.AppPackageUnitTests\Microsoft.Azure.Batch.AppPackageUnitTests.dll" adapterTypeName="Microsoft.VisualStudio.TestTools.TestTypes.Unit.UnitTestAdapter" className="Microsoft.Azure.Batch.AppPackageUnitTests.Tests.MessageBodies.ApplicationSummaryAsResponseTests" name="CanSerialiseApplicationDisplayName(serialisationEnvironment: Tlsfe)" />
    </UnitTest>
    <UnitTest name="CanSerialiseEmptyApplicationVersionsList(serialisationEnvironment: Tlsfe)" storage="microsoft.azure.batch.apppackageunittests\microsoft.azure.batch.apppackageunittests.dll" id="bc1982cf-ce70-4eb9-83db-28ed792683d9">
      <Execution id="e0fb9d8c-9bfe-4942-acb9-c7275085ed76" />
      <TestMethod codeBase="Microsoft.Azure.Batch.AppPackageUnitTests\Microsoft.Azure.Batch.AppPackageUnitTests.dll" adapterTypeName="Microsoft.VisualStudio.TestTools.TestTypes.Unit.UnitTestAdapter" className="Microsoft.Azure.Batch.AppPackageUnitTests.Tests.MessageBodies.ApplicationSummaryAsResponseTests" name="CanSerialiseEmptyApplicationVersionsList(serialisationEnvironment: Tlsfe)" />
    </UnitTest>
    <UnitTest name="CanSerialiseApplicationVersionsList(serialisationEnvironment: Tlsfe)" storage="microsoft.azure.batch.apppackageunittests\microsoft.azure.batch.apppackageunittests.dll" id="feaa87e9-1e20-456f-928d-10759d57707b">
      <Execution id="4ca0ba33-a932-4e50-a279-c1b3771e1068" />
      <TestMethod codeBase="Microsoft.Azure.Batch.AppPackageUnitTests\Microsoft.Azure.Batch.AppPackageUnitTests.dll" adapterTypeName="Microsoft.VisualStudio.TestTools.TestTypes.Unit.UnitTestAdapter" className="Microsoft.Azure.Batch.AppPackageUnitTests.Tests.MessageBodies.ApplicationSummaryAsResponseTests" name="CanSerialiseApplicationVersionsList(serialisationEnvironment: Tlsfe)" />
    </UnitTest>
    <UnitTest name="CanSerialiseApplicationId(serialisationEnvironment: Tlsfe)" storage="microsoft.azure.batch.apppackageunittests\microsoft.azure.batch.apppackageunittests.dll" id="11f36dcf-0a65-4265-83f3-e2bb066e7891">
      <Execution id="86f671dc-5ca8-43b8-aa9b-21b9f743f12f" />
      <TestMethod codeBase="Microsoft.Azure.Batch.AppPackageUnitTests\Microsoft.Azure.Batch.AppPackageUnitTests.dll" adapterTypeName="Microsoft.VisualStudio.TestTools.TestTypes.Unit.UnitTestAdapter" className="Microsoft.Azure.Batch.AppPackageUnitTests.Tests.MessageBodies.ApplicationSummaryAsResponseTests" name="CanSerialiseApplicationId(serialisationEnvironment: Tlsfe)" />
    </UnitTest>
    <UnitTest name="CanSerialiseApplicationVersionsValue(serialisationEnvironment: Tlsfe)" storage="microsoft.azure.batch.apppackageunittests\microsoft.azure.batch.apppackageunittests.dll" id="8bed99ff-15cd-4f4e-9209-86ad08391e3d">
      <Execution id="3e1f122d-3e26-46c0-9179-01b7b5c29f66" />
      <TestMethod codeBase="Microsoft.Azure.Batch.AppPackageUnitTests\Microsoft.Azure.Batch.AppPackageUnitTests.dll" adapterTypeName="Microsoft.VisualStudio.TestTools.TestTypes.Unit.UnitTestAdapter" className="Microsoft.Azure.Batch.AppPackageUnitTests.Tests.MessageBodies.ApplicationSummaryAsResponseTests" name="CanSerialiseApplicationVersionsValue(serialisationEnvironment: Tlsfe)" />
    </UnitTest>
    <UnitTest name="Microsoft.Azure.Batch.AppPackageUnitTests.HelperTests.FakeTableOperationsTests.SkipTokens_ContinuationTokenAppliedAndReturningLastRecord_ContinuationTokenIsEmpty" storage="microsoft.azure.batch.apppackageunittests\microsoft.azure.batch.apppackageunittests.dll" id="140b3a54-9529-4f41-88b7-7c13d19bcaf1">
      <Execution id="f284746c-bc18-449d-9fe0-4bc3e3f41fb9" />
      <TestMethod codeBase="Microsoft.Azure.Batch.AppPackageUnitTests\Microsoft.Azure.Batch.AppPackageUnitTests.dll" adapterTypeName="Microsoft.VisualStudio.TestTools.TestTypes.Unit.UnitTestAdapter" className="Microsoft.Azure.Batch.AppPackageUnitTests.HelperTests.FakeTableOperationsTests" name="Microsoft.Azure.Batch.AppPackageUnitTests.HelperTests.FakeTableOperationsTests.SkipTokens_ContinuationTokenAppliedAndReturningLastRecord_ContinuationTokenIsEmpty" />
    </UnitTest>
    <UnitTest name="Microsoft.Azure.Batch.AppPackageUnitTests.HelperTests.FakeTableOperationsTests.SkipTokens_FilterAppliedReturningNoRecords_ContinuationTokenIsEmpty" storage="microsoft.azure.batch.apppackageunittests\microsoft.azure.batch.apppackageunittests.dll" id="8dbcbde0-1151-44d7-adab-b69384359fce">
      <Execution id="c71f5443-bd7f-46b8-abca-2cc1e64bd571" />
      <TestMethod codeBase="Microsoft.Azure.Batch.AppPackageUnitTests\Microsoft.Azure.Batch.AppPackageUnitTests.dll" adapterTypeName="Microsoft.VisualStudio.TestTools.TestTypes.Unit.UnitTestAdapter" className="Microsoft.Azure.Batch.AppPackageUnitTests.HelperTests.FakeTableOperationsTests" name="Microsoft.Azure.Batch.AppPackageUnitTests.HelperTests.FakeTableOperationsTests.SkipTokens_FilterAppliedReturningNoRecords_ContinuationTokenIsEmpty" />
    </UnitTest>
    <UnitTest name="Microsoft.Azure.Batch.AppPackageUnitTests.HelperTests.FakeTableOperationsTests.SkipTokens_ContinuationTokenAppliedAndReturningSecondRecord_ContinuationTokenRepresentsThirdRecord" storage="microsoft.azure.batch.apppackageunittests\microsoft.azure.batch.apppackageunittests.dll" id="43496b60-6d18-4a3e-86eb-dc1753a70fff">
      <Execution id="19bccdd3-019c-411b-bd67-edecec6cfeb7" />
      <TestMethod codeBase="Microsoft.Azure.Batch.AppPackageUnitTests\Microsoft.Azure.Batch.AppPackageUnitTests.dll" adapterTypeName="Microsoft.VisualStudio.TestTools.TestTypes.Unit.UnitTestAdapter" className="Microsoft.Azure.Batch.AppPackageUnitTests.HelperTests.FakeTableOperationsTests" name="Microsoft.Azure.Batch.AppPackageUnitTests.HelperTests.FakeTableOperationsTests.SkipTokens_ContinuationTokenAppliedAndReturningSecondRecord_ContinuationTokenRepresentsThirdRecord" />
    </UnitTest>
    <UnitTest name="Microsoft.Azure.Batch.AppPackageUnitTests.HelperTests.FakeTableOperationsTests.SkipTokens_TakeMethodTakesAnExpression_SecondRecordIsReturned" storage="microsoft.azure.batch.apppackageunittests\microsoft.azure.batch.apppackageunittests.dll" id="2231b542-a706-4986-90ad-f918f15b2007">
      <Execution id="fd8af8fb-603a-43e1-804a-637fc0bfd440" />
      <TestMethod codeBase="Microsoft.Azure.Batch.AppPackageUnitTests\Microsoft.Azure.Batch.AppPackageUnitTests.dll" adapterTypeName="Microsoft.VisualStudio.TestTools.TestTypes.Unit.UnitTestAdapter" className="Microsoft.Azure.Batch.AppPackageUnitTests.HelperTests.FakeTableOperationsTests" name="Microsoft.Azure.Batch.AppPackageUnitTests.HelperTests.FakeTableOperationsTests.SkipTokens_TakeMethodTakesAnExpression_SecondRecordIsReturned" />
    </UnitTest>
    <UnitTest name="Microsoft.Azure.Batch.AppPackageUnitTests.HelperTests.FakeTableOperationsTests.SkipTokens_ContinuationTokenRepresentsSecondRecord_SecondRecordIsReturned" storage="microsoft.azure.batch.apppackageunittests\microsoft.azure.batch.apppackageunittests.dll" id="6b5531d1-3ebc-4505-b126-ee49b25dbc23">
      <Execution id="348b5aa5-772a-4863-9ab0-baccfd55ea1e" />
      <TestMethod codeBase="Microsoft.Azure.Batch.AppPackageUnitTests\Microsoft.Azure.Batch.AppPackageUnitTests.dll" adapterTypeName="Microsoft.VisualStudio.TestTools.TestTypes.Unit.UnitTestAdapter" className="Microsoft.Azure.Batch.AppPackageUnitTests.HelperTests.FakeTableOperationsTests" name="Microsoft.Azure.Batch.AppPackageUnitTests.HelperTests.FakeTableOperationsTests.SkipTokens_ContinuationTokenRepresentsSecondRecord_SecondRecordIsReturned" />
    </UnitTest>
    <UnitTest name="Microsoft.Azure.Batch.AppPackageUnitTests.HelperTests.FakeTableOperationsTests.SkipTokens_MoreEntriesAvailable_ContinuationTokenRepresentsNextRecord" storage="microsoft.azure.batch.apppackageunittests\microsoft.azure.batch.apppackageunittests.dll" id="df4345a9-9976-4fa4-a580-0ebe91b30d35">
      <Execution id="565cf1b4-683c-4495-8f49-e05e961d0e55" />
      <TestMethod codeBase="Microsoft.Azure.Batch.AppPackageUnitTests\Microsoft.Azure.Batch.AppPackageUnitTests.dll" adapterTypeName="Microsoft.VisualStudio.TestTools.TestTypes.Unit.UnitTestAdapter" className="Microsoft.Azure.Batch.AppPackageUnitTests.HelperTests.FakeTableOperationsTests" name="Microsoft.Azure.Batch.AppPackageUnitTests.HelperTests.FakeTableOperationsTests.SkipTokens_MoreEntriesAvailable_ContinuationTokenRepresentsNextRecord" />
    </UnitTest>
    <UnitTest name="Microsoft.Azure.Batch.AppPackageUnitTests.HelperTests.FakeTableOperationsTests.SkipTokens_NoMoreEntriesAvailable_ContinuationTokenIsEmpty" storage="microsoft.azure.batch.apppackageunittests\microsoft.azure.batch.apppackageunittests.dll" id="0b0ae8e9-eda3-4806-a538-7e731a33564d">
      <Execution id="146845c2-85c7-49b7-851b-bd6b56e23229" />
      <TestMethod codeBase="Microsoft.Azure.Batch.AppPackageUnitTests\Microsoft.Azure.Batch.AppPackageUnitTests.dll" adapterTypeName="Microsoft.VisualStudio.TestTools.TestTypes.Unit.UnitTestAdapter" className="Microsoft.Azure.Batch.AppPackageUnitTests.HelperTests.FakeTableOperationsTests" name="Microsoft.Azure.Batch.AppPackageUnitTests.HelperTests.FakeTableOperationsTests.SkipTokens_NoMoreEntriesAvailable_ContinuationTokenIsEmpty" />
    </UnitTest>
    <UnitTest name="Microsoft.Azure.Batch.AppPackageUnitTests.Tests.TRPFE.AppPackagesHttpTests.InvalidCharactersInsideApplicationIdAreRejected(relativeUrl: &quot;/applications/123456789012345678901234567890123456&quot;...)" storage="microsoft.azure.batch.apppackageunittests\microsoft.azure.batch.apppackageunittests.dll" id="b012b07a-2147-45c2-8ef5-97adce39a906">
      <Execution id="fa445bc8-b0a3-4a9c-8be2-683150718bde" />
      <TestMethod codeBase="Microsoft.Azure.Batch.AppPackageUnitTests\Microsoft.Azure.Batch.AppPackageUnitTests.dll" adapterTypeName="Microsoft.VisualStudio.TestTools.TestTypes.Unit.UnitTestAdapter" className="Microsoft.Azure.Batch.AppPackageUnitTests.Tests.TRPFE.AppPackagesHttpTests" name="Microsoft.Azure.Batch.AppPackageUnitTests.Tests.TRPFE.AppPackagesHttpTests.InvalidCharactersInsideApplicationIdAreRejected(relativeUrl: &quot;/applications/123456789012345678901234567890123456&quot;...)" />
    </UnitTest>
    <UnitTest name="Microsoft.Azure.Batch.AppPackageUnitTests.Tests.TRPFE.AppPackagesHttpTests.InvalidCharactersInsideApplicationIdAreRejected(relativeUrl: &quot;/applications/abc123_A.1&quot;)" storage="microsoft.azure.batch.apppackageunittests\microsoft.azure.batch.apppackageunittests.dll" id="96c3c866-b890-4dd1-9076-4212781c9468">
      <Execution id="029c1782-e137-4667-b351-88bc6518250d" />
      <TestMethod codeBase="Microsoft.Azure.Batch.AppPackageUnitTests\Microsoft.Azure.Batch.AppPackageUnitTests.dll" adapterTypeName="Microsoft.VisualStudio.TestTools.TestTypes.Unit.UnitTestAdapter" className="Microsoft.Azure.Batch.AppPackageUnitTests.Tests.TRPFE.AppPackagesHttpTests" name="Microsoft.Azure.Batch.AppPackageUnitTests.Tests.TRPFE.AppPackagesHttpTests.InvalidCharactersInsideApplicationIdAreRejected(relativeUrl: &quot;/applications/abc123_A.1&quot;)" />
    </UnitTest>
    <UnitTest name="Microsoft.Azure.Batch.AppPackageUnitTests.Tests.TRPFE.AppPackagesHttpTests.InvalidCharactersInsideApplicationIdAreRejected(relativeUrl: &quot;/applications/ab34 ' or '1'='1&quot;)" storage="microsoft.azure.batch.apppackageunittests\microsoft.azure.batch.apppackageunittests.dll" id="c77b25e6-1c65-4816-b87b-695960b3d1fb">
      <Execution id="02b7d328-6f39-4ffc-b11d-645e4a5c24e6" />
      <TestMethod codeBase="Microsoft.Azure.Batch.AppPackageUnitTests\Microsoft.Azure.Batch.AppPackageUnitTests.dll" adapterTypeName="Microsoft.VisualStudio.TestTools.TestTypes.Unit.UnitTestAdapter" className="Microsoft.Azure.Batch.AppPackageUnitTests.Tests.TRPFE.AppPackagesHttpTests" name="Microsoft.Azure.Batch.AppPackageUnitTests.Tests.TRPFE.AppPackagesHttpTests.InvalidCharactersInsideApplicationIdAreRejected(relativeUrl: &quot;/applications/ab34 ' or '1'='1&quot;)" />
    </UnitTest>
    <UnitTest name="Microsoft.Azure.Batch.AppPackageUnitTests.Tests.TRPFE.AppPackagesHttpTests.InvalidCharactersInsideApplicationIdAreRejected(relativeUrl: &quot;/applications/ab34!23&quot;)" storage="microsoft.azure.batch.apppackageunittests\microsoft.azure.batch.apppackageunittests.dll" id="90b7b252-f6cf-4e76-9db6-a04c88461c2e">
      <Execution id="180ae12d-5838-4b8d-84d3-6e8a50411334" />
      <TestMethod codeBase="Microsoft.Azure.Batch.AppPackageUnitTests\Microsoft.Azure.Batch.AppPackageUnitTests.dll" adapterTypeName="Microsoft.VisualStudio.TestTools.TestTypes.Unit.UnitTestAdapter" className="Microsoft.Azure.Batch.AppPackageUnitTests.Tests.TRPFE.AppPackagesHttpTests" name="Microsoft.Azure.Batch.AppPackageUnitTests.Tests.TRPFE.AppPackagesHttpTests.InvalidCharactersInsideApplicationIdAreRejected(relativeUrl: &quot;/applications/ab34!23&quot;)" />
    </UnitTest>
    <UnitTest name="Microsoft.Azure.Batch.AppPackageUnitTests.Tests.TRPFE.AppPackagesHttpTests.ValidCharactersInsideApplicationIdAreAccepted(relativeUrl: &quot;/applications/abc123&quot;)" storage="microsoft.azure.batch.apppackageunittests\microsoft.azure.batch.apppackageunittests.dll" id="3d94c9b5-41c2-4a07-9158-1c9876a94b57">
      <Execution id="a300ed48-414a-4861-85e9-9f30fb6ab718" />
      <TestMethod codeBase="Microsoft.Azure.Batch.AppPackageUnitTests\Microsoft.Azure.Batch.AppPackageUnitTests.dll" adapterTypeName="Microsoft.VisualStudio.TestTools.TestTypes.Unit.UnitTestAdapter" className="Microsoft.Azure.Batch.AppPackageUnitTests.Tests.TRPFE.AppPackagesHttpTests" name="Microsoft.Azure.Batch.AppPackageUnitTests.Tests.TRPFE.AppPackagesHttpTests.ValidCharactersInsideApplicationIdAreAccepted(relativeUrl: &quot;/applications/abc123&quot;)" />
    </UnitTest>
    <UnitTest name="Microsoft.Azure.Batch.AppPackageUnitTests.Tests.TRPFE.AppPackagesHttpTests.ValidCharactersInsideApplicationIdAreAccepted(relativeUrl: &quot;/applications/-_&quot;)" storage="microsoft.azure.batch.apppackageunittests\microsoft.azure.batch.apppackageunittests.dll" id="a4b30e4a-e099-4468-9434-72804e38f007">
      <Execution id="b3a7c77f-0bba-49f5-b8a3-623abce3ac1e" />
      <TestMethod codeBase="Microsoft.Azure.Batch.AppPackageUnitTests\Microsoft.Azure.Batch.AppPackageUnitTests.dll" adapterTypeName="Microsoft.VisualStudio.TestTools.TestTypes.Unit.UnitTestAdapter" className="Microsoft.Azure.Batch.AppPackageUnitTests.Tests.TRPFE.AppPackagesHttpTests" name="Microsoft.Azure.Batch.AppPackageUnitTests.Tests.TRPFE.AppPackagesHttpTests.ValidCharactersInsideApplicationIdAreAccepted(relativeUrl: &quot;/applications/-_&quot;)" />
    </UnitTest>
    <UnitTest name="Microsoft.Azure.Batch.AppPackageUnitTests.Tests.TRPFE.AppPackagesHttpTests.ValidCharactersInsideApplicationIdAreAccepted(relativeUrl: &quot;/applications/_&quot;)" storage="microsoft.azure.batch.apppackageunittests\microsoft.azure.batch.apppackageunittests.dll" id="3012d61c-5044-4b18-8338-bdf7ac7b22d4">
      <Execution id="4004e8cf-dece-4b6f-8e8b-584e0d8749be" />
      <TestMethod codeBase="Microsoft.Azure.Batch.AppPackageUnitTests\Microsoft.Azure.Batch.AppPackageUnitTests.dll" adapterTypeName="Microsoft.VisualStudio.TestTools.TestTypes.Unit.UnitTestAdapter" className="Microsoft.Azure.Batch.AppPackageUnitTests.Tests.TRPFE.AppPackagesHttpTests" name="Microsoft.Azure.Batch.AppPackageUnitTests.Tests.TRPFE.AppPackagesHttpTests.ValidCharactersInsideApplicationIdAreAccepted(relativeUrl: &quot;/applications/_&quot;)" />
    </UnitTest>
    <UnitTest name="Microsoft.Azure.Batch.AppPackageUnitTests.Tests.TRPFE.AppPackagesHttpTests.ValidCharactersInsideApplicationIdAreAccepted(relativeUrl: &quot;/applications/123456789012345678901234567890123456&quot;...)" storage="microsoft.azure.batch.apppackageunittests\microsoft.azure.batch.apppackageunittests.dll" id="70ddfc37-09c7-4e76-aca4-66671686c376">
      <Execution id="30ab7b06-9de3-4a45-8b58-f139ebe92e33" />
      <TestMethod codeBase="Microsoft.Azure.Batch.AppPackageUnitTests\Microsoft.Azure.Batch.AppPackageUnitTests.dll" adapterTypeName="Microsoft.VisualStudio.TestTools.TestTypes.Unit.UnitTestAdapter" className="Microsoft.Azure.Batch.AppPackageUnitTests.Tests.TRPFE.AppPackagesHttpTests" name="Microsoft.Azure.Batch.AppPackageUnitTests.Tests.TRPFE.AppPackagesHttpTests.ValidCharactersInsideApplicationIdAreAccepted(relativeUrl: &quot;/applications/123456789012345678901234567890123456&quot;...)" />
    </UnitTest>
    <UnitTest name="Microsoft.Azure.Batch.AppPackageUnitTests.Tests.TRPFE.AppPackagesHttpTests.ValidCharactersInsideApplicationIdAreAccepted(relativeUrl: &quot;/applications/-BC&quot;)" storage="microsoft.azure.batch.apppackageunittests\microsoft.azure.batch.apppackageunittests.dll" id="dc5d07c6-61a9-4d4c-a60d-afd0aa294748">
      <Execution id="056e8dc4-cc5e-4af2-ab41-5d9a7d4e4438" />
      <TestMethod codeBase="Microsoft.Azure.Batch.AppPackageUnitTests\Microsoft.Azure.Batch.AppPackageUnitTests.dll" adapterTypeName="Microsoft.VisualStudio.TestTools.TestTypes.Unit.UnitTestAdapter" className="Microsoft.Azure.Batch.AppPackageUnitTests.Tests.TRPFE.AppPackagesHttpTests" name="Microsoft.Azure.Batch.AppPackageUnitTests.Tests.TRPFE.AppPackagesHttpTests.ValidCharactersInsideApplicationIdAreAccepted(relativeUrl: &quot;/applications/-BC&quot;)" />
    </UnitTest>
    <UnitTest name="Microsoft.Azure.Batch.AppPackageUnitTests.Tests.TRPFE.AppPackagesHttpTests.ValidCharactersInsideApplicationIdAreAccepted(relativeUrl: &quot;/applications/-&quot;)" storage="microsoft.azure.batch.apppackageunittests\microsoft.azure.batch.apppackageunittests.dll" id="89e9e889-c84e-43cb-88c3-4ca6b526abf0">
      <Execution id="3992a110-377e-47d2-a7b6-60159c65d0a4" />
      <TestMethod codeBase="Microsoft.Azure.Batch.AppPackageUnitTests\Microsoft.Azure.Batch.AppPackageUnitTests.dll" adapterTypeName="Microsoft.VisualStudio.TestTools.TestTypes.Unit.UnitTestAdapter" className="Microsoft.Azure.Batch.AppPackageUnitTests.Tests.TRPFE.AppPackagesHttpTests" name="Microsoft.Azure.Batch.AppPackageUnitTests.Tests.TRPFE.AppPackagesHttpTests.ValidCharactersInsideApplicationIdAreAccepted(relativeUrl: &quot;/applications/-&quot;)" />
    </UnitTest>
    <UnitTest name="Microsoft.Azure.Batch.AppPackageUnitTests.Tests.TRPFE.AppPackagesHttpTests.ValidCharactersInsideApplicationIdAreAccepted(relativeUrl: &quot;/applications/aBc123&quot;)" storage="microsoft.azure.batch.apppackageunittests\microsoft.azure.batch.apppackageunittests.dll" id="3f8d3326-82fd-4dd7-9e75-518003ad08b6">
      <Execution id="1fe75c37-894c-4c88-befb-c742f316daae" />
      <TestMethod codeBase="Microsoft.Azure.Batch.AppPackageUnitTests\Microsoft.Azure.Batch.AppPackageUnitTests.dll" adapterTypeName="Microsoft.VisualStudio.TestTools.TestTypes.Unit.UnitTestAdapter" className="Microsoft.Azure.Batch.AppPackageUnitTests.Tests.TRPFE.AppPackagesHttpTests" name="Microsoft.Azure.Batch.AppPackageUnitTests.Tests.TRPFE.AppPackagesHttpTests.ValidCharactersInsideApplicationIdAreAccepted(relativeUrl: &quot;/applications/aBc123&quot;)" />
    </UnitTest>
    <UnitTest name="Microsoft.Azure.Batch.AppPackageUnitTests.Tests.TRPFE.AppPackagesHttpTests.InvalidCharactersInsideApplicationVersionIdAreRejected(relativeUrl: &quot;/applications/ab34/versions/def!2A@&quot;)" storage="microsoft.azure.batch.apppackageunittests\microsoft.azure.batch.apppackageunittests.dll" id="0cdca3f9-0ceb-40fd-affb-3d1bf504776a">
      <Execution id="a3bd711c-30ba-4b6b-871f-428bc88805f9" />
      <TestMethod codeBase="Microsoft.Azure.Batch.AppPackageUnitTests\Microsoft.Azure.Batch.AppPackageUnitTests.dll" adapterTypeName="Microsoft.VisualStudio.TestTools.TestTypes.Unit.UnitTestAdapter" className="Microsoft.Azure.Batch.AppPackageUnitTests.Tests.TRPFE.AppPackagesHttpTests" name="Microsoft.Azure.Batch.AppPackageUnitTests.Tests.TRPFE.AppPackagesHttpTests.InvalidCharactersInsideApplicationVersionIdAreRejected(relativeUrl: &quot;/applications/ab34/versions/def!2A@&quot;)" />
    </UnitTest>
    <UnitTest name="Microsoft.Azure.Batch.AppPackageUnitTests.Tests.TRPFE.AppPackagesHttpTests.InvalidCharactersInsideApplicationVersionIdAreRejected(relativeUrl: &quot;/applications/ab34/versions/..as&quot;)" storage="microsoft.azure.batch.apppackageunittests\microsoft.azure.batch.apppackageunittests.dll" id="4b661570-b9a1-4338-9c32-a2583bf12bb2">
      <Execution id="ef808af5-5f2f-4414-819d-4d5a3fe52897" />
      <TestMethod codeBase="Microsoft.Azure.Batch.AppPackageUnitTests\Microsoft.Azure.Batch.AppPackageUnitTests.dll" adapterTypeName="Microsoft.VisualStudio.TestTools.TestTypes.Unit.UnitTestAdapter" className="Microsoft.Azure.Batch.AppPackageUnitTests.Tests.TRPFE.AppPackagesHttpTests" name="Microsoft.Azure.Batch.AppPackageUnitTests.Tests.TRPFE.AppPackagesHttpTests.InvalidCharactersInsideApplicationVersionIdAreRejected(relativeUrl: &quot;/applications/ab34/versions/..as&quot;)" />
    </UnitTest>
    <UnitTest name="Microsoft.Azure.Batch.AppPackageUnitTests.Tests.TRPFE.AppPackagesHttpTests.InvalidCharactersInsideApplicationVersionIdAreRejected(relativeUrl: &quot;/applications/ab34/versions/ab34 ' or '1'='1&quot;)" storage="microsoft.azure.batch.apppackageunittests\microsoft.azure.batch.apppackageunittests.dll" id="4f7aece6-0baa-45f7-9d2a-e8fa4886eb77">
      <Execution id="d358b8f6-dc57-4f4c-91a8-cac341ea18d5" />
      <TestMethod codeBase="Microsoft.Azure.Batch.AppPackageUnitTests\Microsoft.Azure.Batch.AppPackageUnitTests.dll" adapterTypeName="Microsoft.VisualStudio.TestTools.TestTypes.Unit.UnitTestAdapter" className="Microsoft.Azure.Batch.AppPackageUnitTests.Tests.TRPFE.AppPackagesHttpTests" name="Microsoft.Azure.Batch.AppPackageUnitTests.Tests.TRPFE.AppPackagesHttpTests.InvalidCharactersInsideApplicationVersionIdAreRejected(relativeUrl: &quot;/applications/ab34/versions/ab34 ' or '1'='1&quot;)" />
    </UnitTest>
    <UnitTest name="Microsoft.Azure.Batch.AppPackageUnitTests.Tests.TRPFE.AppPackagesHttpTests.ValidCharactersInsideApplicationVersionIdAreAccepted(relativeUrl: &quot;/applications/abc123/versions/def123&quot;, expectedApplicationPackageId: &quot;def123&quot;)" storage="microsoft.azure.batch.apppackageunittests\microsoft.azure.batch.apppackageunittests.dll" id="8bd09b4b-292c-472c-b59b-f55af3f0d129">
      <Execution id="18975017-9e7f-4e08-b4e7-275b12abf559" />
      <TestMethod codeBase="Microsoft.Azure.Batch.AppPackageUnitTests\Microsoft.Azure.Batch.AppPackageUnitTests.dll" adapterTypeName="Microsoft.VisualStudio.TestTools.TestTypes.Unit.UnitTestAdapter" className="Microsoft.Azure.Batch.AppPackageUnitTests.Tests.TRPFE.AppPackagesHttpTests" name="Microsoft.Azure.Batch.AppPackageUnitTests.Tests.TRPFE.AppPackagesHttpTests.ValidCharactersInsideApplicationVersionIdAreAccepted(relativeUrl: &quot;/applications/abc123/versions/def123&quot;, expectedApplicationPackageId: &quot;def123&quot;)" />
    </UnitTest>
    <UnitTest name="Microsoft.Azure.Batch.AppPackageUnitTests.Tests.TRPFE.AppPackagesHttpTests.ValidCharactersInsideApplicationVersionIdAreAccepted(relativeUrl: &quot;/applications/ab34/versions/a-c_&quot;, expectedApplicationPackageId: &quot;a-c_&quot;)" storage="microsoft.azure.batch.apppackageunittests\microsoft.azure.batch.apppackageunittests.dll" id="84927a16-5715-4152-be9e-84356944e84f">
      <Execution id="c03045bc-20f2-429f-9ffe-9c74522e9f5d" />
      <TestMethod codeBase="Microsoft.Azure.Batch.AppPackageUnitTests\Microsoft.Azure.Batch.AppPackageUnitTests.dll" adapterTypeName="Microsoft.VisualStudio.TestTools.TestTypes.Unit.UnitTestAdapter" className="Microsoft.Azure.Batch.AppPackageUnitTests.Tests.TRPFE.AppPackagesHttpTests" name="Microsoft.Azure.Batch.AppPackageUnitTests.Tests.TRPFE.AppPackagesHttpTests.ValidCharactersInsideApplicationVersionIdAreAccepted(relativeUrl: &quot;/applications/ab34/versions/a-c_&quot;, expectedApplicationPackageId: &quot;a-c_&quot;)" />
    </UnitTest>
    <UnitTest name="Microsoft.Azure.Batch.AppPackageUnitTests.Tests.TRPFE.AppPackagesHttpTests.ValidCharactersInsideApplicationVersionIdAreAccepted(relativeUrl: &quot;/applications/ab34/versions/a.c&quot;, expectedApplicationPackageId: &quot;a.c&quot;)" storage="microsoft.azure.batch.apppackageunittests\microsoft.azure.batch.apppackageunittests.dll" id="3121b9f6-c6fb-4acf-97fb-a6faa2995456">
      <Execution id="95603537-0d54-4639-bd1e-03b3d3bb1402" />
      <TestMethod codeBase="Microsoft.Azure.Batch.AppPackageUnitTests\Microsoft.Azure.Batch.AppPackageUnitTests.dll" adapterTypeName="Microsoft.VisualStudio.TestTools.TestTypes.Unit.UnitTestAdapter" className="Microsoft.Azure.Batch.AppPackageUnitTests.Tests.TRPFE.AppPackagesHttpTests" name="Microsoft.Azure.Batch.AppPackageUnitTests.Tests.TRPFE.AppPackagesHttpTests.ValidCharactersInsideApplicationVersionIdAreAccepted(relativeUrl: &quot;/applications/ab34/versions/a.c&quot;, expectedApplicationPackageId: &quot;a.c&quot;)" />
    </UnitTest>
    <UnitTest name="Microsoft.Azure.Batch.AppPackageUnitTests.Tests.TRPFE.AppPackagesHttpTests.ValidCharactersInsideApplicationVersionIdAreAccepted(relativeUrl: &quot;/applications/ab34/versions/as..&quot;, expectedApplicationPackageId: &quot;as..&quot;)" storage="microsoft.azure.batch.apppackageunittests\microsoft.azure.batch.apppackageunittests.dll" id="a02d824e-26e5-449b-a589-ff573779bc31">
      <Execution id="fda89c21-49f4-4993-97b2-a80b7807ce99" />
      <TestMethod codeBase="Microsoft.Azure.Batch.AppPackageUnitTests\Microsoft.Azure.Batch.AppPackageUnitTests.dll" adapterTypeName="Microsoft.VisualStudio.TestTools.TestTypes.Unit.UnitTestAdapter" className="Microsoft.Azure.Batch.AppPackageUnitTests.Tests.TRPFE.AppPackagesHttpTests" name="Microsoft.Azure.Batch.AppPackageUnitTests.Tests.TRPFE.AppPackagesHttpTests.ValidCharactersInsideApplicationVersionIdAreAccepted(relativeUrl: &quot;/applications/ab34/versions/as..&quot;, expectedApplicationPackageId: &quot;as..&quot;)" />
    </UnitTest>
    <UnitTest name="Microsoft.Azure.Batch.AppPackageUnitTests.Tests.TRPFE.SyncAutoStorageKeysUnitTests.Returns500WhenListStorageAccountsReturns500" storage="microsoft.azure.batch.apppackageunittests\microsoft.azure.batch.apppackageunittests.dll" id="d10c8d66-dead-4149-ad8c-86baab3f1b5e">
      <Execution id="4acc8d11-ae92-4b40-b0f5-5ff18b0a5220" />
      <TestMethod codeBase="Microsoft.Azure.Batch.AppPackageUnitTests\Microsoft.Azure.Batch.AppPackageUnitTests.dll" adapterTypeName="Microsoft.VisualStudio.TestTools.TestTypes.Unit.UnitTestAdapter" className="Microsoft.Azure.Batch.AppPackageUnitTests.Tests.TRPFE.SyncAutoStorageKeysUnitTests" name="Microsoft.Azure.Batch.AppPackageUnitTests.Tests.TRPFE.SyncAutoStorageKeysUnitTests.Returns500WhenListStorageAccountsReturns500" />
    </UnitTest>
    <UnitTest name="Microsoft.Azure.Batch.AppPackageUnitTests.Tests.TRPFE.SyncAutoStorageKeysUnitTests.MakesRequestToArmUsingTenantIdOfRequest" storage="microsoft.azure.batch.apppackageunittests\microsoft.azure.batch.apppackageunittests.dll" id="568259c8-a259-4b91-a5c9-79fcfa820540">
      <Execution id="92326a11-bc52-412a-a33f-21fa20f4edca" />
      <TestMethod codeBase="Microsoft.Azure.Batch.AppPackageUnitTests\Microsoft.Azure.Batch.AppPackageUnitTests.dll" adapterTypeName="Microsoft.VisualStudio.TestTools.TestTypes.Unit.UnitTestAdapter" className="Microsoft.Azure.Batch.AppPackageUnitTests.Tests.TRPFE.SyncAutoStorageKeysUnitTests" name="Microsoft.Azure.Batch.AppPackageUnitTests.Tests.TRPFE.SyncAutoStorageKeysUnitTests.MakesRequestToArmUsingTenantIdOfRequest" />
    </UnitTest>
    <UnitTest name="Microsoft.Azure.Batch.AppPackageUnitTests.Tests.TRPFE.SyncAutoStorageKeysUnitTests.Returns500WhenStorageAccountTimesOut" storage="microsoft.azure.batch.apppackageunittests\microsoft.azure.batch.apppackageunittests.dll" id="e65ebe84-d6dd-4bfd-a566-eff4af4262c5">
      <Execution id="5b86b71a-8ec2-4f44-9e1d-f9096078f5d0" />
      <TestMethod codeBase="Microsoft.Azure.Batch.AppPackageUnitTests\Microsoft.Azure.Batch.AppPackageUnitTests.dll" adapterTypeName="Microsoft.VisualStudio.TestTools.TestTypes.Unit.UnitTestAdapter" className="Microsoft.Azure.Batch.AppPackageUnitTests.Tests.TRPFE.SyncAutoStorageKeysUnitTests" name="Microsoft.Azure.Batch.AppPackageUnitTests.Tests.TRPFE.SyncAutoStorageKeysUnitTests.Returns500WhenStorageAccountTimesOut" />
    </UnitTest>
    <UnitTest name="Microsoft.Azure.Batch.AppPackageUnitTests.Tests.TRPFE.SyncAutoStorageKeysUnitTests.Returns409WhenStorageAccountNotFound" storage="microsoft.azure.batch.apppackageunittests\microsoft.azure.batch.apppackageunittests.dll" id="eef49bd9-3233-4acd-958a-a9963fb8a4f2">
      <Execution id="bc5ca56d-18e1-41f3-9477-a814e3dbb01d" />
      <TestMethod codeBase="Microsoft.Azure.Batch.AppPackageUnitTests\Microsoft.Azure.Batch.AppPackageUnitTests.dll" adapterTypeName="Microsoft.VisualStudio.TestTools.TestTypes.Unit.UnitTestAdapter" className="Microsoft.Azure.Batch.AppPackageUnitTests.Tests.TRPFE.SyncAutoStorageKeysUnitTests" name="Microsoft.Azure.Batch.AppPackageUnitTests.Tests.TRPFE.SyncAutoStorageKeysUnitTests.Returns409WhenStorageAccountNotFound" />
    </UnitTest>
    <UnitTest name="Microsoft.Azure.Batch.AppPackageUnitTests.Tests.TRPFE.ArmStorageAccountProviderTests.OperationCancelationExceptionIsPropagated(accountType: Classic)" storage="microsoft.azure.batch.apppackageunittests\microsoft.azure.batch.apppackageunittests.dll" id="f7eb46af-bf1f-4d1d-8778-0640eb2da4a7">
      <Execution id="68ee8cc5-523e-46b4-b114-7a8e0fa95291" />
      <TestMethod codeBase="Microsoft.Azure.Batch.AppPackageUnitTests\Microsoft.Azure.Batch.AppPackageUnitTests.dll" adapterTypeName="Microsoft.VisualStudio.TestTools.TestTypes.Unit.UnitTestAdapter" className="Microsoft.Azure.Batch.AppPackageUnitTests.Tests.TRPFE.ArmStorageAccountProviderTests" name="Microsoft.Azure.Batch.AppPackageUnitTests.Tests.TRPFE.ArmStorageAccountProviderTests.OperationCancelationExceptionIsPropagated(accountType: Classic)" />
    </UnitTest>
    <UnitTest name="Microsoft.Azure.Batch.AppPackageUnitTests.Tests.TRPFE.ArmStorageAccountProviderTests.OperationCancelationExceptionIsPropagated(accountType: New)" storage="microsoft.azure.batch.apppackageunittests\microsoft.azure.batch.apppackageunittests.dll" id="cfa6a35d-739f-4f7c-ba8d-e7b1f9be222b">
      <Execution id="b5fdfb76-9931-48bf-867b-e320bebcfba8" />
      <TestMethod codeBase="Microsoft.Azure.Batch.AppPackageUnitTests\Microsoft.Azure.Batch.AppPackageUnitTests.dll" adapterTypeName="Microsoft.VisualStudio.TestTools.TestTypes.Unit.UnitTestAdapter" className="Microsoft.Azure.Batch.AppPackageUnitTests.Tests.TRPFE.ArmStorageAccountProviderTests" name="Microsoft.Azure.Batch.AppPackageUnitTests.Tests.TRPFE.ArmStorageAccountProviderTests.OperationCancelationExceptionIsPropagated(accountType: New)" />
    </UnitTest>
    <UnitTest name="Microsoft.Azure.Batch.AppPackageUnitTests.Tests.TRPFE.ArmStorageAccountProviderTests.ClassicAccountDetailsAreReturnedWhenFound" storage="microsoft.azure.batch.apppackageunittests\microsoft.azure.batch.apppackageunittests.dll" id="83b05c8d-9344-4818-935e-dcdd1283da9d">
      <Execution id="b1d36cd8-580b-42b9-859e-b1d74d481bc4" />
      <TestMethod codeBase="Microsoft.Azure.Batch.AppPackageUnitTests\Microsoft.Azure.Batch.AppPackageUnitTests.dll" adapterTypeName="Microsoft.VisualStudio.TestTools.TestTypes.Unit.UnitTestAdapter" className="Microsoft.Azure.Batch.AppPackageUnitTests.Tests.TRPFE.ArmStorageAccountProviderTests" name="Microsoft.Azure.Batch.AppPackageUnitTests.Tests.TRPFE.ArmStorageAccountProviderTests.ClassicAccountDetailsAreReturnedWhenFound" />
    </UnitTest>
    <UnitTest name="Microsoft.Azure.Batch.AppPackageUnitTests.Tests.TRPFE.ArmStorageAccountProviderTests.InvalidStorageAccountIdThrowsFormatException(storageAccountId: &quot;def&quot;)" storage="microsoft.azure.batch.apppackageunittests\microsoft.azure.batch.apppackageunittests.dll" id="8525393e-6edf-417a-a563-5bbb64adc391">
      <Execution id="2a679d01-1d53-4582-8ae7-75a0e9bdc47f" />
      <TestMethod codeBase="Microsoft.Azure.Batch.AppPackageUnitTests\Microsoft.Azure.Batch.AppPackageUnitTests.dll" adapterTypeName="Microsoft.VisualStudio.TestTools.TestTypes.Unit.UnitTestAdapter" className="Microsoft.Azure.Batch.AppPackageUnitTests.Tests.TRPFE.ArmStorageAccountProviderTests" name="Microsoft.Azure.Batch.AppPackageUnitTests.Tests.TRPFE.ArmStorageAccountProviderTests.InvalidStorageAccountIdThrowsFormatException(storageAccountId: &quot;def&quot;)" />
    </UnitTest>
    <UnitTest name="Microsoft.Azure.Batch.AppPackageUnitTests.Tests.TRPFE.ArmStorageAccountProviderTests.InvalidStorageAccountIdThrowsFormatException(storageAccountId: &quot;ubscriptions/234/resourceGroups/123/providers/Micr&quot;...)" storage="microsoft.azure.batch.apppackageunittests\microsoft.azure.batch.apppackageunittests.dll" id="3642db3c-bd1f-4a25-abf3-81dcedc89099">
      <Execution id="af896650-25eb-416f-9054-2c47a75ecd3f" />
      <TestMethod codeBase="Microsoft.Azure.Batch.AppPackageUnitTests\Microsoft.Azure.Batch.AppPackageUnitTests.dll" adapterTypeName="Microsoft.VisualStudio.TestTools.TestTypes.Unit.UnitTestAdapter" className="Microsoft.Azure.Batch.AppPackageUnitTests.Tests.TRPFE.ArmStorageAccountProviderTests" name="Microsoft.Azure.Batch.AppPackageUnitTests.Tests.TRPFE.ArmStorageAccountProviderTests.InvalidStorageAccountIdThrowsFormatException(storageAccountId: &quot;ubscriptions/234/resourceGroups/123/providers/Micr&quot;...)" />
    </UnitTest>
    <UnitTest name="Microsoft.Azure.Batch.AppPackageUnitTests.Tests.TRPFE.ArmStorageAccountProviderTests.InvalidStorageAccountIdThrowsFormatException(storageAccountId: &quot;/subscriptions/234/resourceGroups/123/providers/Mi&quot;...)" storage="microsoft.azure.batch.apppackageunittests\microsoft.azure.batch.apppackageunittests.dll" id="49d01cc0-7a84-4e4a-9a12-65a4f84a2b02">
      <Execution id="93b870bb-7c1f-4e7c-9ddc-fb9072a027d9" />
      <TestMethod codeBase="Microsoft.Azure.Batch.AppPackageUnitTests\Microsoft.Azure.Batch.AppPackageUnitTests.dll" adapterTypeName="Microsoft.VisualStudio.TestTools.TestTypes.Unit.UnitTestAdapter" className="Microsoft.Azure.Batch.AppPackageUnitTests.Tests.TRPFE.ArmStorageAccountProviderTests" name="Microsoft.Azure.Batch.AppPackageUnitTests.Tests.TRPFE.ArmStorageAccountProviderTests.InvalidStorageAccountIdThrowsFormatException(storageAccountId: &quot;/subscriptions/234/resourceGroups/123/providers/Mi&quot;...)" />
    </UnitTest>
    <UnitTest name="Microsoft.Azure.Batch.AppPackageUnitTests.Tests.TRPFE.ArmStorageAccountProviderTests.InvalidStorageAccountIdThrowsFormatException(storageAccountId: &quot;/subscriptions/21dd4ed1-9ce5-4633-b202-a27b157920d&quot;...)" storage="microsoft.azure.batch.apppackageunittests\microsoft.azure.batch.apppackageunittests.dll" id="00bb7c21-0313-4492-9925-33a69bb466ec">
      <Execution id="69d930f9-708a-488b-af67-c6a1a88c79d7" />
      <TestMethod codeBase="Microsoft.Azure.Batch.AppPackageUnitTests\Microsoft.Azure.Batch.AppPackageUnitTests.dll" adapterTypeName="Microsoft.VisualStudio.TestTools.TestTypes.Unit.UnitTestAdapter" className="Microsoft.Azure.Batch.AppPackageUnitTests.Tests.TRPFE.ArmStorageAccountProviderTests" name="Microsoft.Azure.Batch.AppPackageUnitTests.Tests.TRPFE.ArmStorageAccountProviderTests.InvalidStorageAccountIdThrowsFormatException(storageAccountId: &quot;/subscriptions/21dd4ed1-9ce5-4633-b202-a27b157920d&quot;...)" />
    </UnitTest>
    <UnitTest name="Microsoft.Azure.Batch.AppPackageUnitTests.Tests.TRPFE.ArmStorageAccountProviderTests.NewAccountReturnsDetailsWhenZRSStorage" storage="microsoft.azure.batch.apppackageunittests\microsoft.azure.batch.apppackageunittests.dll" id="d4fdf322-2297-492c-ad1d-b31fa9bb7dda">
      <Execution id="c5b3563f-0c61-41ef-a478-0a1324522b20" />
      <TestMethod codeBase="Microsoft.Azure.Batch.AppPackageUnitTests\Microsoft.Azure.Batch.AppPackageUnitTests.dll" adapterTypeName="Microsoft.VisualStudio.TestTools.TestTypes.Unit.UnitTestAdapter" className="Microsoft.Azure.Batch.AppPackageUnitTests.Tests.TRPFE.ArmStorageAccountProviderTests" name="Microsoft.Azure.Batch.AppPackageUnitTests.Tests.TRPFE.ArmStorageAccountProviderTests.NewAccountReturnsDetailsWhenZRSStorage" />
    </UnitTest>
    <UnitTest name="Microsoft.Azure.Batch.AppPackageUnitTests.Tests.TRPFE.ArmStorageAccountProviderTests.AccountReturnsNullWhenForbidden(accountType: New)" storage="microsoft.azure.batch.apppackageunittests\microsoft.azure.batch.apppackageunittests.dll" id="13fa1716-3d5f-4e14-bb94-ef718ce0e79a">
      <Execution id="33807ece-3329-4a62-a57a-b39839a2e7cd" />
      <TestMethod codeBase="Microsoft.Azure.Batch.AppPackageUnitTests\Microsoft.Azure.Batch.AppPackageUnitTests.dll" adapterTypeName="Microsoft.VisualStudio.TestTools.TestTypes.Unit.UnitTestAdapter" className="Microsoft.Azure.Batch.AppPackageUnitTests.Tests.TRPFE.ArmStorageAccountProviderTests" name="Microsoft.Azure.Batch.AppPackageUnitTests.Tests.TRPFE.ArmStorageAccountProviderTests.AccountReturnsNullWhenForbidden(accountType: New)" />
    </UnitTest>
    <UnitTest name="Microsoft.Azure.Batch.AppPackageUnitTests.Tests.TRPFE.ArmStorageAccountProviderTests.AccountReturnsNullWhenForbidden(accountType: Classic)" storage="microsoft.azure.batch.apppackageunittests\microsoft.azure.batch.apppackageunittests.dll" id="1b25431b-1e4a-4c9f-8915-d536b828fd7b">
      <Execution id="280a5039-3ee8-4f5b-b9eb-db55b303d7ff" />
      <TestMethod codeBase="Microsoft.Azure.Batch.AppPackageUnitTests\Microsoft.Azure.Batch.AppPackageUnitTests.dll" adapterTypeName="Microsoft.VisualStudio.TestTools.TestTypes.Unit.UnitTestAdapter" className="Microsoft.Azure.Batch.AppPackageUnitTests.Tests.TRPFE.ArmStorageAccountProviderTests" name="Microsoft.Azure.Batch.AppPackageUnitTests.Tests.TRPFE.ArmStorageAccountProviderTests.AccountReturnsNullWhenForbidden(accountType: Classic)" />
    </UnitTest>
    <UnitTest name="Microsoft.Azure.Batch.AppPackageUnitTests.Tests.TRPFE.ArmStorageAccountProviderTests.AccountSubscriptionNotFoundReturnsNull(accountType: New)" storage="microsoft.azure.batch.apppackageunittests\microsoft.azure.batch.apppackageunittests.dll" id="c8dad4ad-2eea-4092-a56e-88ced92180d2">
      <Execution id="7210dc04-9055-4644-a7f2-7e2d0f6eb972" />
      <TestMethod codeBase="Microsoft.Azure.Batch.AppPackageUnitTests\Microsoft.Azure.Batch.AppPackageUnitTests.dll" adapterTypeName="Microsoft.VisualStudio.TestTools.TestTypes.Unit.UnitTestAdapter" className="Microsoft.Azure.Batch.AppPackageUnitTests.Tests.TRPFE.ArmStorageAccountProviderTests" name="Microsoft.Azure.Batch.AppPackageUnitTests.Tests.TRPFE.ArmStorageAccountProviderTests.AccountSubscriptionNotFoundReturnsNull(accountType: New)" />
    </UnitTest>
    <UnitTest name="Microsoft.Azure.Batch.AppPackageUnitTests.Tests.TRPFE.ArmStorageAccountProviderTests.AccountSubscriptionNotFoundReturnsNull(accountType: Classic)" storage="microsoft.azure.batch.apppackageunittests\microsoft.azure.batch.apppackageunittests.dll" id="e494404b-8114-4ab3-baa4-3c91728109f1">
      <Execution id="4c857479-b76c-42ac-af1b-7c2ff031de81" />
      <TestMethod codeBase="Microsoft.Azure.Batch.AppPackageUnitTests\Microsoft.Azure.Batch.AppPackageUnitTests.dll" adapterTypeName="Microsoft.VisualStudio.TestTools.TestTypes.Unit.UnitTestAdapter" className="Microsoft.Azure.Batch.AppPackageUnitTests.Tests.TRPFE.ArmStorageAccountProviderTests" name="Microsoft.Azure.Batch.AppPackageUnitTests.Tests.TRPFE.ArmStorageAccountProviderTests.AccountSubscriptionNotFoundReturnsNull(accountType: Classic)" />
    </UnitTest>
    <UnitTest name="Microsoft.Azure.Batch.AppPackageUnitTests.Tests.TRPFE.ArmStorageAccountProviderTests.AccountNotFoundReturnsNull(accountType: New)" storage="microsoft.azure.batch.apppackageunittests\microsoft.azure.batch.apppackageunittests.dll" id="b76bb11d-7e17-4b4a-976f-36f7515b188a">
      <Execution id="d88de05f-a6fd-4df9-b0ae-2cf15d3a9f53" />
      <TestMethod codeBase="Microsoft.Azure.Batch.AppPackageUnitTests\Microsoft.Azure.Batch.AppPackageUnitTests.dll" adapterTypeName="Microsoft.VisualStudio.TestTools.TestTypes.Unit.UnitTestAdapter" className="Microsoft.Azure.Batch.AppPackageUnitTests.Tests.TRPFE.ArmStorageAccountProviderTests" name="Microsoft.Azure.Batch.AppPackageUnitTests.Tests.TRPFE.ArmStorageAccountProviderTests.AccountNotFoundReturnsNull(accountType: New)" />
    </UnitTest>
    <UnitTest name="Microsoft.Azure.Batch.AppPackageUnitTests.Tests.TRPFE.ArmStorageAccountProviderTests.AccountNotFoundReturnsNull(accountType: Classic)" storage="microsoft.azure.batch.apppackageunittests\microsoft.azure.batch.apppackageunittests.dll" id="29e141b2-529f-48a6-9a89-13516543482c">
      <Execution id="def83fb3-8f7c-4a09-bca7-2f752d3b0c26" />
      <TestMethod codeBase="Microsoft.Azure.Batch.AppPackageUnitTests\Microsoft.Azure.Batch.AppPackageUnitTests.dll" adapterTypeName="Microsoft.VisualStudio.TestTools.TestTypes.Unit.UnitTestAdapter" className="Microsoft.Azure.Batch.AppPackageUnitTests.Tests.TRPFE.ArmStorageAccountProviderTests" name="Microsoft.Azure.Batch.AppPackageUnitTests.Tests.TRPFE.ArmStorageAccountProviderTests.AccountNotFoundReturnsNull(accountType: Classic)" />
    </UnitTest>
    <UnitTest name="Microsoft.Azure.Batch.AppPackageUnitTests.Tests.TRPFE.ArmStorageAccountProviderTests.InvalidTenantIdReturnsNull" storage="microsoft.azure.batch.apppackageunittests\microsoft.azure.batch.apppackageunittests.dll" id="87a3132a-9fd1-4117-9115-00283bbebfe7">
      <Execution id="86bb2d5a-7c6a-4b29-a6e7-6e138fb4aadf" />
      <TestMethod codeBase="Microsoft.Azure.Batch.AppPackageUnitTests\Microsoft.Azure.Batch.AppPackageUnitTests.dll" adapterTypeName="Microsoft.VisualStudio.TestTools.TestTypes.Unit.UnitTestAdapter" className="Microsoft.Azure.Batch.AppPackageUnitTests.Tests.TRPFE.ArmStorageAccountProviderTests" name="Microsoft.Azure.Batch.AppPackageUnitTests.Tests.TRPFE.ArmStorageAccountProviderTests.InvalidTenantIdReturnsNull" />
    </UnitTest>
    <UnitTest name="Microsoft.Azure.Batch.AppPackageUnitTests.Tests.TRPFE.ArmStorageAccountProviderTests.AccountThrowsExceptionWhenInternalServerError(accountType: Classic)" storage="microsoft.azure.batch.apppackageunittests\microsoft.azure.batch.apppackageunittests.dll" id="d55aeace-ac2a-4df9-8392-b3eb3ebb73e4">
      <Execution id="1a45837f-fbe5-41ed-82f4-4ec391bd73e5" />
      <TestMethod codeBase="Microsoft.Azure.Batch.AppPackageUnitTests\Microsoft.Azure.Batch.AppPackageUnitTests.dll" adapterTypeName="Microsoft.VisualStudio.TestTools.TestTypes.Unit.UnitTestAdapter" className="Microsoft.Azure.Batch.AppPackageUnitTests.Tests.TRPFE.ArmStorageAccountProviderTests" name="Microsoft.Azure.Batch.AppPackageUnitTests.Tests.TRPFE.ArmStorageAccountProviderTests.AccountThrowsExceptionWhenInternalServerError(accountType: Classic)" />
    </UnitTest>
    <UnitTest name="Microsoft.Azure.Batch.AppPackageUnitTests.Tests.TRPFE.ArmStorageAccountProviderTests.AccountThrowsExceptionWhenInternalServerError(accountType: New)" storage="microsoft.azure.batch.apppackageunittests\microsoft.azure.batch.apppackageunittests.dll" id="7fe23f68-4223-4e5d-b60c-211296b10de5">
      <Execution id="73c97744-f9d3-4725-868b-23702d959d87" />
      <TestMethod codeBase="Microsoft.Azure.Batch.AppPackageUnitTests\Microsoft.Azure.Batch.AppPackageUnitTests.dll" adapterTypeName="Microsoft.VisualStudio.TestTools.TestTypes.Unit.UnitTestAdapter" className="Microsoft.Azure.Batch.AppPackageUnitTests.Tests.TRPFE.ArmStorageAccountProviderTests" name="Microsoft.Azure.Batch.AppPackageUnitTests.Tests.TRPFE.ArmStorageAccountProviderTests.AccountThrowsExceptionWhenInternalServerError(accountType: New)" />
    </UnitTest>
    <UnitTest name="Microsoft.Azure.Batch.AppPackageUnitTests.Tests.TRPFE.ArmStorageAccountProviderTests.ClassicAccountDetailsAreReturnedWhenZRSStorage" storage="microsoft.azure.batch.apppackageunittests\microsoft.azure.batch.apppackageunittests.dll" id="f0f0f1c5-a1ab-4f9a-aac4-74b3c80aa3cc">
      <Execution id="b598b3c1-a80b-4033-9871-0cc578487b0e" />
      <TestMethod codeBase="Microsoft.Azure.Batch.AppPackageUnitTests\Microsoft.Azure.Batch.AppPackageUnitTests.dll" adapterTypeName="Microsoft.VisualStudio.TestTools.TestTypes.Unit.UnitTestAdapter" className="Microsoft.Azure.Batch.AppPackageUnitTests.Tests.TRPFE.ArmStorageAccountProviderTests" name="Microsoft.Azure.Batch.AppPackageUnitTests.Tests.TRPFE.ArmStorageAccountProviderTests.ClassicAccountDetailsAreReturnedWhenZRSStorage" />
    </UnitTest>
    <UnitTest name="Microsoft.Azure.Batch.AppPackageUnitTests.Tests.TRPFE.ArmStorageAccountProviderTests.NewAccountDetailsAreReturnedWhenFound" storage="microsoft.azure.batch.apppackageunittests\microsoft.azure.batch.apppackageunittests.dll" id="1ed5409f-5d8f-4ec6-93f7-5b46204f5552">
      <Execution id="fba60a5c-1b2e-4b1c-98f5-40c0d09788bc" />
      <TestMethod codeBase="Microsoft.Azure.Batch.AppPackageUnitTests\Microsoft.Azure.Batch.AppPackageUnitTests.dll" adapterTypeName="Microsoft.VisualStudio.TestTools.TestTypes.Unit.UnitTestAdapter" className="Microsoft.Azure.Batch.AppPackageUnitTests.Tests.TRPFE.ArmStorageAccountProviderTests" name="Microsoft.Azure.Batch.AppPackageUnitTests.Tests.TRPFE.ArmStorageAccountProviderTests.NewAccountDetailsAreReturnedWhenFound" />
    </UnitTest>
    <UnitTest name="Microsoft.Azure.Batch.AppPackageUnitTests.Tests.TRPFE.ArmStorageAccountProviderTests.NewAccountThrowsExceptionWhenPremiumStorage" storage="microsoft.azure.batch.apppackageunittests\microsoft.azure.batch.apppackageunittests.dll" id="4b241372-bb42-4f42-af2f-7d0319d1ebb8">
      <Execution id="d88e5b19-95d2-4a20-b0de-7a66643784ac" />
      <TestMethod codeBase="Microsoft.Azure.Batch.AppPackageUnitTests\Microsoft.Azure.Batch.AppPackageUnitTests.dll" adapterTypeName="Microsoft.VisualStudio.TestTools.TestTypes.Unit.UnitTestAdapter" className="Microsoft.Azure.Batch.AppPackageUnitTests.Tests.TRPFE.ArmStorageAccountProviderTests" name="Microsoft.Azure.Batch.AppPackageUnitTests.Tests.TRPFE.ArmStorageAccountProviderTests.NewAccountThrowsExceptionWhenPremiumStorage" />
    </UnitTest>
  </TestDefinitions>
  <TestEntries>
    <TestEntry testId="3c99158a-0a63-4f71-af35-fb660be4ff8e" executionId="e1b04ed7-edaa-4a3d-93aa-277eccf066a0" testListId="8c84fa94-04c1-424b-9868-57a2d4851a1d" />
    <TestEntry testId="9c9cb65f-e5a0-4183-b475-e982ec1df1bb" executionId="c3fc309f-7e88-4221-b333-f26ecf081176" testListId="8c84fa94-04c1-424b-9868-57a2d4851a1d" />
    <TestEntry testId="db155ac8-20ae-4200-ab25-cb1b7c235b88" executionId="071c24d3-3c45-4e3d-a2ac-c7929f40e7df" testListId="8c84fa94-04c1-424b-9868-57a2d4851a1d" />
    <TestEntry testId="2b6607c8-1ed1-4001-b702-06720afe6027" executionId="a7032e81-67e1-43e5-9a56-9d2ce18798b9" testListId="8c84fa94-04c1-424b-9868-57a2d4851a1d" />
    <TestEntry testId="0fb57ceb-c64e-4c84-a566-1e5ff5248257" executionId="33916864-055d-49fc-a9c3-bb2806b57e7b" testListId="8c84fa94-04c1-424b-9868-57a2d4851a1d" />
    <TestEntry testId="71da9301-fac3-4c4a-a5cc-ffd2dcdb005d" executionId="cd8a0137-604e-4fd5-83cb-37593f34903a" testListId="8c84fa94-04c1-424b-9868-57a2d4851a1d" />
    <TestEntry testId="12828c57-25ea-4c73-b9cf-e43bc49141f0" executionId="98470076-0442-4d7e-a396-f48887865e8d" testListId="8c84fa94-04c1-424b-9868-57a2d4851a1d" />
    <TestEntry testId="04efb071-955e-45c7-b6bc-63f81ccfd89b" executionId="aec23f0a-8f6f-4aa5-8bf0-7858f8c8750c" testListId="8c84fa94-04c1-424b-9868-57a2d4851a1d" />
    <TestEntry testId="78f7447b-f2a0-4396-b42f-a32f7a9e1473" executionId="c4f80831-26f8-4792-826f-11317624beb9" testListId="8c84fa94-04c1-424b-9868-57a2d4851a1d" />
    <TestEntry testId="c8ff5c21-a745-4d37-a472-441c9bad29f3" executionId="354e1ae3-378c-4818-853a-292f96ee9f55" testListId="8c84fa94-04c1-424b-9868-57a2d4851a1d" />
    <TestEntry testId="0a2cb0e0-e54b-4f5c-b27c-4730548669b0" executionId="f4b6463d-f68d-4c5f-a264-903ec2151c8f" testListId="8c84fa94-04c1-424b-9868-57a2d4851a1d" />
    <TestEntry testId="4dcfac27-3f71-471d-ab46-09304b4d8cb9" executionId="f6e4354f-3cf8-488c-91f9-c949bed00482" testListId="8c84fa94-04c1-424b-9868-57a2d4851a1d" />
    <TestEntry testId="fb9ba008-3b02-4c90-97d2-aab28e6db76a" executionId="c4b65b43-988c-4516-bb01-da569d06d139" testListId="8c84fa94-04c1-424b-9868-57a2d4851a1d" />
    <TestEntry testId="4779ecff-fa81-4fb1-8bd5-c51fdfba31c7" executionId="9a5caaf1-3b54-40c6-9003-50c50986365b" testListId="8c84fa94-04c1-424b-9868-57a2d4851a1d" />
    <TestEntry testId="c5c10b91-3854-4755-a9a6-750ce5bdac3f" executionId="ec50013b-9d90-4757-9124-f215e4a95bbe" testListId="8c84fa94-04c1-424b-9868-57a2d4851a1d" />
    <TestEntry testId="1547f5f4-0fc1-4b2d-ab12-4a9c5d9d7fa4" executionId="95ec142e-3fe0-44cd-b852-6009b519771d" testListId="8c84fa94-04c1-424b-9868-57a2d4851a1d" />
    <TestEntry testId="6b681360-5ac5-4daf-acbb-1c704513a0fb" executionId="aa9d0254-c839-46bf-af0c-0be43af766d7" testListId="8c84fa94-04c1-424b-9868-57a2d4851a1d" />
    <TestEntry testId="3f34b7c0-e60d-4405-a467-6ffb5222e964" executionId="fc928e32-5a71-4d33-89b0-8b6411956f13" testListId="8c84fa94-04c1-424b-9868-57a2d4851a1d" />
    <TestEntry testId="64011535-0a79-48cc-b953-80ed36bc71c1" executionId="f44d735a-007c-4faa-b886-3f49ef41e4b5" testListId="8c84fa94-04c1-424b-9868-57a2d4851a1d" />
    <TestEntry testId="3d25a8bd-a1df-4549-9a28-440587c6ac81" executionId="f61b20ca-04cc-4ffd-9662-4be4c7e16b7b" testListId="8c84fa94-04c1-424b-9868-57a2d4851a1d" />
    <TestEntry testId="cb813745-a786-4520-a5a6-cd86649f1db7" executionId="78bbb642-cf9e-40b4-98e0-73a3c6dd6435" testListId="8c84fa94-04c1-424b-9868-57a2d4851a1d" />
    <TestEntry testId="28dc76cc-7c2f-42ae-891d-5bd1fc030a7b" executionId="ed01d0bb-083e-444d-9ced-0a3147a06d90" testListId="8c84fa94-04c1-424b-9868-57a2d4851a1d" />
    <TestEntry testId="3da29019-556c-4f3b-adbf-6bb807679fc8" executionId="da1b50a4-f581-49c4-9815-4c1b443ec7fc" testListId="8c84fa94-04c1-424b-9868-57a2d4851a1d" />
    <TestEntry testId="7d887c27-592f-4ada-a4cc-de14b645fdaa" executionId="5dbece91-07e8-4430-a0b1-56fd52abfe5e" testListId="8c84fa94-04c1-424b-9868-57a2d4851a1d" />
    <TestEntry testId="b82097ff-5a69-4f91-b79f-1830420b01f9" executionId="aa3ca35e-3f91-4c0c-b8ff-5e2da7b409bd" testListId="8c84fa94-04c1-424b-9868-57a2d4851a1d" />
    <TestEntry testId="7e45c9e6-e19f-4b4f-a0b3-3a4ee7a173f5" executionId="9e870534-aaf7-44c3-855a-76ae76c513f1" testListId="8c84fa94-04c1-424b-9868-57a2d4851a1d" />
    <TestEntry testId="12e38cbc-b9df-4364-abf4-1319fb0763ff" executionId="d7844294-e3ae-4ebb-b709-c7b86704a783" testListId="8c84fa94-04c1-424b-9868-57a2d4851a1d" />
    <TestEntry testId="ef8b7d10-5671-479d-b724-abde8e46318d" executionId="1bed7a88-dcca-472a-bca2-0ff249cbe48e" testListId="8c84fa94-04c1-424b-9868-57a2d4851a1d" />
    <TestEntry testId="4916e9a3-e15b-4a42-9f45-0886fb3bcebf" executionId="b2f0199c-737f-47cd-85dd-f52c86595440" testListId="8c84fa94-04c1-424b-9868-57a2d4851a1d" />
    <TestEntry testId="a5bab61e-aa80-4350-bff2-1c80239eb896" executionId="26857ca8-8c14-4826-80af-bba2f786a9f0" testListId="8c84fa94-04c1-424b-9868-57a2d4851a1d" />
    <TestEntry testId="41dfed72-8d5c-4114-b4dc-b5c2ac2990a9" executionId="a122b6a2-236e-4e32-84a4-6906cf923c1d" testListId="8c84fa94-04c1-424b-9868-57a2d4851a1d" />
    <TestEntry testId="d9721bf3-7e24-4abd-9431-d91a8a094b4b" executionId="e312de43-b221-44b6-846b-cfbc7094ccf7" testListId="8c84fa94-04c1-424b-9868-57a2d4851a1d" />
    <TestEntry testId="0a9f984c-3fba-4962-970b-b0a63fdc32ab" executionId="1f59a46e-623b-47d3-8a61-e13306967209" testListId="8c84fa94-04c1-424b-9868-57a2d4851a1d" />
    <TestEntry testId="5e029ce0-fc17-4a2c-ac7d-ea0e14c3e4d7" executionId="2f140c2c-911c-4b13-adbb-762702f28f1c" testListId="8c84fa94-04c1-424b-9868-57a2d4851a1d" />
    <TestEntry testId="4824c3e7-50fe-4d6b-bc4f-4cc2d5dcc6bc" executionId="d4154de8-da4f-4e64-8d2b-619ee418d50b" testListId="8c84fa94-04c1-424b-9868-57a2d4851a1d" />
    <TestEntry testId="52661197-8c68-4f39-85aa-307279a9ae00" executionId="fcd675df-9187-4741-a122-aca661e7b4e0" testListId="8c84fa94-04c1-424b-9868-57a2d4851a1d" />
    <TestEntry testId="20664800-dea1-4817-8685-ccb56371312a" executionId="7868c141-d96c-48a3-8074-1ee84301e0bb" testListId="8c84fa94-04c1-424b-9868-57a2d4851a1d" />
    <TestEntry testId="2a4297ad-4dea-49be-a5d1-3b257c357aa1" executionId="3f869857-b4bb-433b-956b-15b1ff127296" testListId="8c84fa94-04c1-424b-9868-57a2d4851a1d" />
    <TestEntry testId="f52c7744-fba7-4236-aaf1-6180f66e2b56" executionId="647a6336-3ca0-4eb7-b9c3-e2a796fc8116" testListId="8c84fa94-04c1-424b-9868-57a2d4851a1d" />
    <TestEntry testId="05fcc600-d048-4ce2-aacb-b44c314dcdc2" executionId="845591bc-7a83-4c65-b4eb-ecf00ac0910a" testListId="8c84fa94-04c1-424b-9868-57a2d4851a1d" />
    <TestEntry testId="a3a50489-ec52-4f76-9b8d-baf8c9f947aa" executionId="cb087ea3-8e0a-42eb-8ded-6452ec307218" testListId="8c84fa94-04c1-424b-9868-57a2d4851a1d" />
    <TestEntry testId="f8dc4df6-490e-43d0-ae0e-b0a09e3c12e8" executionId="cc0c3d54-9c7d-4afe-8e93-626e17875aa8" testListId="8c84fa94-04c1-424b-9868-57a2d4851a1d" />
    <TestEntry testId="74a267c6-ccb1-40fb-a17f-3a8a969e7fe1" executionId="b2e8e1b2-47db-4d88-9dcc-dc3c187a86a9" testListId="8c84fa94-04c1-424b-9868-57a2d4851a1d" />
    <TestEntry testId="cce03404-4f79-40c3-8508-bbfce1e3d85d" executionId="8b5278bc-bc6e-41d4-8a61-10257bc38700" testListId="8c84fa94-04c1-424b-9868-57a2d4851a1d" />
    <TestEntry testId="c7b055ad-0276-48bb-b07f-99e0c6612d15" executionId="ac81b043-eb05-4ba4-838a-84e7884219ba" testListId="8c84fa94-04c1-424b-9868-57a2d4851a1d" />
    <TestEntry testId="2f01d465-6729-4302-bdc3-cea4473f9555" executionId="cf6dbf3c-5afe-4600-b6a5-79c832f3d094" testListId="8c84fa94-04c1-424b-9868-57a2d4851a1d" />
    <TestEntry testId="578b4ca1-dbad-4e8b-9a83-9177963d6966" executionId="ed94d38a-f942-4015-9414-ab2cdddb6729" testListId="8c84fa94-04c1-424b-9868-57a2d4851a1d" />
    <TestEntry testId="94188028-71d4-4938-8e4e-b2d71121d36d" executionId="26926885-2acf-4786-9398-835b539003c7" testListId="8c84fa94-04c1-424b-9868-57a2d4851a1d" />
    <TestEntry testId="d7646a9c-23b2-4e45-a37f-9ac258c45bfd" executionId="dbd36339-4a0d-45eb-a427-16c588290f69" testListId="8c84fa94-04c1-424b-9868-57a2d4851a1d" />
    <TestEntry testId="9c8c1f60-910d-42d8-8236-1bfba0d5514f" executionId="f52611a7-bff5-43b6-baf4-f3425c0210bc" testListId="8c84fa94-04c1-424b-9868-57a2d4851a1d" />
    <TestEntry testId="adbc68aa-21f1-4542-b942-9b59bc236f14" executionId="b99c5fc5-2ce4-4147-9aaf-6f92854e00f4" testListId="8c84fa94-04c1-424b-9868-57a2d4851a1d" />
    <TestEntry testId="4071c6b3-e02c-48e8-8a5e-9eb8b7f67802" executionId="ec9ff8e8-0b88-4046-8971-edc577890fcb" testListId="8c84fa94-04c1-424b-9868-57a2d4851a1d" />
    <TestEntry testId="08341de4-fef7-46b7-9952-632243424727" executionId="b036570f-af68-4566-90df-e8ff9843d559" testListId="8c84fa94-04c1-424b-9868-57a2d4851a1d" />
    <TestEntry testId="7e82e282-d8a9-419a-9893-719dd04412c8" executionId="924013dc-2555-4ad0-be4e-bf7b1a7774de" testListId="8c84fa94-04c1-424b-9868-57a2d4851a1d" />
    <TestEntry testId="8f8af098-ad9e-4628-b6a7-60f40ff0c61e" executionId="51875324-2752-4e58-b2df-952f008846d1" testListId="8c84fa94-04c1-424b-9868-57a2d4851a1d" />
    <TestEntry testId="16d81fe0-ceac-49fd-874d-856c08ea9f18" executionId="18b11f69-83a2-45e5-8975-5fcf77e67b13" testListId="8c84fa94-04c1-424b-9868-57a2d4851a1d" />
    <TestEntry testId="2303d0f9-d3a9-4d05-933a-509fcecb13ab" executionId="f4cca644-6307-4c76-9108-1bed75d99b84" testListId="8c84fa94-04c1-424b-9868-57a2d4851a1d" />
    <TestEntry testId="97ba70d9-dc71-41ed-8eff-044f30618106" executionId="1b12fec7-16a8-4f0c-a480-fe17a51dae05" testListId="8c84fa94-04c1-424b-9868-57a2d4851a1d" />
    <TestEntry testId="ff8b8095-e390-4378-bdb0-3b73427e0f3c" executionId="c87f68e5-4fd4-459a-bcea-354c7a9631a4" testListId="8c84fa94-04c1-424b-9868-57a2d4851a1d" />
    <TestEntry testId="c0eaebd8-401e-4c7a-a1c9-1db042c5f0f5" executionId="ab3951bc-bb7b-4abd-bcc0-1ca2f8fc9873" testListId="8c84fa94-04c1-424b-9868-57a2d4851a1d" />
    <TestEntry testId="f0313c6d-e5c6-43f4-902f-e3a4a39ab731" executionId="f36ff0d8-2cb4-41ef-8cfd-96705e179490" testListId="8c84fa94-04c1-424b-9868-57a2d4851a1d" />
    <TestEntry testId="a1d23653-a0c3-4e8d-b153-5482d41fb1d1" executionId="f1f3a882-26f0-4c82-8692-fa9d3e99ff53" testListId="8c84fa94-04c1-424b-9868-57a2d4851a1d" />
    <TestEntry testId="3a9e0b89-ea37-45c3-b65b-25d64a3f114e" executionId="a2701758-f4da-4ea2-b5a1-64a97ccc3f76" testListId="8c84fa94-04c1-424b-9868-57a2d4851a1d" />
    <TestEntry testId="46cf3399-49ca-42d8-b431-2d2dd45f1638" executionId="f780c5dd-3698-4940-a0be-ae5447df2415" testListId="8c84fa94-04c1-424b-9868-57a2d4851a1d" />
    <TestEntry testId="f75f3d3f-ab0d-46a9-a48b-0eff06105e0e" executionId="8f5a6402-1b02-47f9-9d76-d14e06e2515a" testListId="8c84fa94-04c1-424b-9868-57a2d4851a1d" />
    <TestEntry testId="55d2a05e-cb9d-415a-8161-2d09e57c824d" executionId="32e12328-fc73-4484-bfaf-25e7aed5e042" testListId="8c84fa94-04c1-424b-9868-57a2d4851a1d" />
    <TestEntry testId="de37970e-eed2-476f-83d4-a98ee2cf52ea" executionId="95510405-f99d-4e76-88f2-c54529e38c9c" testListId="8c84fa94-04c1-424b-9868-57a2d4851a1d" />
    <TestEntry testId="c1d018f2-3887-4d45-8649-ff6e4cf793aa" executionId="5d4634e3-7843-40e7-966a-d19ad8e8d17a" testListId="8c84fa94-04c1-424b-9868-57a2d4851a1d" />
    <TestEntry testId="a9e6b126-b355-48c1-ac59-d32041ef308d" executionId="7b663dd0-8939-4cc9-8c30-d8a40910efa2" testListId="8c84fa94-04c1-424b-9868-57a2d4851a1d" />
    <TestEntry testId="1c49e41b-9dd3-40ee-abb5-38769ce9e8e7" executionId="0be68e1e-9858-45a0-b9f4-bf569bae3c2e" testListId="8c84fa94-04c1-424b-9868-57a2d4851a1d" />
    <TestEntry testId="e03e0ea3-c285-461a-a2f4-e0b884fab47a" executionId="403b95cb-d527-4195-9b05-37df2114f9d9" testListId="8c84fa94-04c1-424b-9868-57a2d4851a1d" />
    <TestEntry testId="bc475630-9dcd-4461-aad4-dceb5da554cf" executionId="7661fc8d-770b-4108-ae53-62c73d34448e" testListId="8c84fa94-04c1-424b-9868-57a2d4851a1d" />
    <TestEntry testId="69d1cb06-c737-468b-ad06-ec3c7221918d" executionId="e3d78593-2164-4053-b31d-2e403fc3a30c" testListId="8c84fa94-04c1-424b-9868-57a2d4851a1d" />
    <TestEntry testId="1cba8926-30d2-4eae-94db-3da119f77241" executionId="57344d56-e2b7-450e-85d3-0ef3c7dabe94" testListId="8c84fa94-04c1-424b-9868-57a2d4851a1d" />
    <TestEntry testId="8e25c7db-9df1-488a-92a0-7638818ec17a" executionId="dc3cbf5d-0e88-41d5-9946-d112c8aa48d9" testListId="8c84fa94-04c1-424b-9868-57a2d4851a1d" />
    <TestEntry testId="0b59123b-1377-4778-a3cf-0e9fd40fae96" executionId="683ad25b-8dc1-403b-a209-3fc30a74ef68" testListId="8c84fa94-04c1-424b-9868-57a2d4851a1d" />
    <TestEntry testId="d8de43fe-b533-45bf-b9d0-41e79a1f15ad" executionId="bf6dc7e1-a755-4944-8cf8-cb48d326c56b" testListId="8c84fa94-04c1-424b-9868-57a2d4851a1d" />
    <TestEntry testId="b7ac2d9f-e181-444b-a0cb-fb743b87fa21" executionId="21bdad15-6cc4-4099-baf6-c753dc4834b3" testListId="8c84fa94-04c1-424b-9868-57a2d4851a1d" />
    <TestEntry testId="ae00149a-bc7d-4b8a-b1cd-4924cc245b87" executionId="108cc02c-e869-4d24-99e3-c41c6821eed5" testListId="8c84fa94-04c1-424b-9868-57a2d4851a1d" />
    <TestEntry testId="ee217710-fef5-4356-ac87-08a93b5ad0a0" executionId="db8bf3bb-dd26-43ef-966f-9ac772ac9d0b" testListId="8c84fa94-04c1-424b-9868-57a2d4851a1d" />
    <TestEntry testId="01cebd58-a489-4da5-9e9d-98c0863fadbc" executionId="6a34b07e-2d8b-4ed9-b9f1-4a69825c9a0b" testListId="8c84fa94-04c1-424b-9868-57a2d4851a1d" />
    <TestEntry testId="ada9c246-6419-4061-a176-1af30449a13d" executionId="2be88c7f-d004-4de7-beaa-5a9db994b0e9" testListId="8c84fa94-04c1-424b-9868-57a2d4851a1d" />
    <TestEntry testId="5cbfe931-345c-4de2-9042-4b90c95d44d6" executionId="9dd48861-3938-4ded-a162-4176848e32cf" testListId="8c84fa94-04c1-424b-9868-57a2d4851a1d" />
    <TestEntry testId="30da6021-a73d-47aa-8115-bc7d2f53612c" executionId="0637cb77-e585-4695-b217-2b9ee92a1e0d" testListId="8c84fa94-04c1-424b-9868-57a2d4851a1d" />
    <TestEntry testId="e521b6d0-6a60-43c5-8d6d-170ce59a9729" executionId="eba6c482-b001-4b2e-bb94-1159b59265f3" testListId="8c84fa94-04c1-424b-9868-57a2d4851a1d" />
    <TestEntry testId="a1d96961-dced-460a-a0dc-136c963fe60b" executionId="9a4480f9-d345-4c24-876c-79d72c965372" testListId="8c84fa94-04c1-424b-9868-57a2d4851a1d" />
    <TestEntry testId="e971b702-26fc-4e53-97df-38416ab562e3" executionId="6fdda4a9-5b2e-4314-99df-f3311c2fb973" testListId="8c84fa94-04c1-424b-9868-57a2d4851a1d" />
    <TestEntry testId="0666ec88-b663-4803-8b59-65abe2717aab" executionId="dd8e2357-dc97-4314-b0d0-e9f16817868f" testListId="8c84fa94-04c1-424b-9868-57a2d4851a1d" />
    <TestEntry testId="57f6482e-4e5b-40a2-bcaa-386130c92b91" executionId="dfd3d474-9abb-46dc-b4cd-e2e426cc861d" testListId="8c84fa94-04c1-424b-9868-57a2d4851a1d" />
    <TestEntry testId="c0651891-67d0-4466-b5a2-f82f88cbd69c" executionId="8000c906-963f-43ad-8e4e-158d586db715" testListId="8c84fa94-04c1-424b-9868-57a2d4851a1d" />
    <TestEntry testId="e7a81e8d-3504-47c5-88f5-f5b5973f4857" executionId="c800c769-0165-4452-8aee-e108925122eb" testListId="8c84fa94-04c1-424b-9868-57a2d4851a1d" />
    <TestEntry testId="ae1325ce-8ac3-45c6-a908-601fbf29eea2" executionId="0795d7bf-aad1-4675-91e6-8e458854a7f3" testListId="8c84fa94-04c1-424b-9868-57a2d4851a1d" />
    <TestEntry testId="f05cdbe2-8260-4b45-a48e-f6a0a7b6b95f" executionId="a3a95075-ca2a-45cb-9aa4-08834398e670" testListId="8c84fa94-04c1-424b-9868-57a2d4851a1d" />
    <TestEntry testId="233a9fd6-7cd6-47f4-be54-947915be5cf6" executionId="f10c20f0-6136-4667-b69f-3dc3b73ffe13" testListId="8c84fa94-04c1-424b-9868-57a2d4851a1d" />
    <TestEntry testId="14ae3eb8-d5ff-4697-893e-1ea383eb0876" executionId="0abfd7f8-bac5-4ded-9180-b39e3d320279" testListId="8c84fa94-04c1-424b-9868-57a2d4851a1d" />
    <TestEntry testId="4ac0a3c4-d434-489a-bd84-2a12680dde6f" executionId="460a1fbd-0f34-4b28-b9a8-64727ee471f9" testListId="8c84fa94-04c1-424b-9868-57a2d4851a1d" />
    <TestEntry testId="5c65220d-cac6-4588-8167-691909a56608" executionId="81deefc3-b3f0-4a73-b6dc-d84cf3ece2ae" testListId="8c84fa94-04c1-424b-9868-57a2d4851a1d" />
    <TestEntry testId="be28b75a-a6f2-4611-b71c-628a38c3092e" executionId="b1806b1a-6832-42a3-b0b5-c5bb0d6f4b42" testListId="8c84fa94-04c1-424b-9868-57a2d4851a1d" />
    <TestEntry testId="94280131-5e46-4d24-8cf3-b34712662a6c" executionId="9deb1d8e-0f8d-4da3-8ad4-dd84be58bb1e" testListId="8c84fa94-04c1-424b-9868-57a2d4851a1d" />
    <TestEntry testId="30b65bfc-c62d-41f8-bc49-78ff457de648" executionId="4a608d17-6246-4a4f-990c-fa9aca282864" testListId="8c84fa94-04c1-424b-9868-57a2d4851a1d" />
    <TestEntry testId="9744147c-af4c-405f-bdfc-6cb604e2bb8c" executionId="f25dee1c-ac02-443d-b4d9-1fb4dda20c35" testListId="8c84fa94-04c1-424b-9868-57a2d4851a1d" />
    <TestEntry testId="5f2c42c6-1da3-49d0-979f-b36ed8323ec2" executionId="45ff7722-ae4a-4174-99ac-b49bc94b1348" testListId="8c84fa94-04c1-424b-9868-57a2d4851a1d" />
    <TestEntry testId="129c9b93-7455-476a-a4de-0bd7ce74b130" executionId="f7c26d3c-2662-4cdd-a707-5321ba225029" testListId="8c84fa94-04c1-424b-9868-57a2d4851a1d" />
    <TestEntry testId="afb6b0eb-2f13-462f-8655-864fda9ddfaf" executionId="6ad3d646-1b6c-468a-9302-8ec70951ff11" testListId="8c84fa94-04c1-424b-9868-57a2d4851a1d" />
    <TestEntry testId="1271d415-afc2-4247-b11c-f340e5786d41" executionId="8f2b87a9-b3d6-4eb8-af26-863942a4cc3f" testListId="8c84fa94-04c1-424b-9868-57a2d4851a1d" />
    <TestEntry testId="9c309047-7b40-4127-9e44-7ffb26c0f6e9" executionId="28bdc544-e2fd-4aa0-a8fe-1d675c2a1187" testListId="8c84fa94-04c1-424b-9868-57a2d4851a1d" />
    <TestEntry testId="a69bd1c5-f8a4-4dd5-aea7-4990466be344" executionId="08279d5b-4860-4292-8ab9-03e77bfe1560" testListId="8c84fa94-04c1-424b-9868-57a2d4851a1d" />
    <TestEntry testId="eae22984-1986-4248-8020-8445a40bdcf4" executionId="224253d0-e439-4085-abaa-499dbb8400cb" testListId="8c84fa94-04c1-424b-9868-57a2d4851a1d" />
    <TestEntry testId="68c98053-0bd9-494a-a7cb-bff508b50b2a" executionId="9bc0997a-bdb7-4fe1-8142-d9f137166a82" testListId="8c84fa94-04c1-424b-9868-57a2d4851a1d" />
    <TestEntry testId="c125cfc3-71a8-4aa9-b2c2-8e299ec81b9c" executionId="99fbc141-de56-4f4b-9416-e6b5a378296d" testListId="8c84fa94-04c1-424b-9868-57a2d4851a1d" />
    <TestEntry testId="2ced1f63-e511-4695-bc39-0b129b55086c" executionId="cee9e8b0-3a01-4a6b-9b9a-0e14d3342923" testListId="8c84fa94-04c1-424b-9868-57a2d4851a1d" />
    <TestEntry testId="a11ef332-00da-4541-aa7c-22237263402a" executionId="7176e40c-177a-4ba2-9193-e302c6115ed2" testListId="8c84fa94-04c1-424b-9868-57a2d4851a1d" />
    <TestEntry testId="2b28eb27-b395-411c-bb16-d53d20a2faa1" executionId="8390a498-a7e4-4bdc-93e1-80e9838f8521" testListId="8c84fa94-04c1-424b-9868-57a2d4851a1d" />
    <TestEntry testId="38f2fca4-f1fc-435d-89fa-b805964f4f5a" executionId="5fa183c6-f676-404e-b1d6-a40546555948" testListId="8c84fa94-04c1-424b-9868-57a2d4851a1d" />
    <TestEntry testId="5562ea71-1b28-46ae-9de2-0f387f54dfba" executionId="4a7a3940-a2f3-4d26-b77e-ff70acfbc655" testListId="8c84fa94-04c1-424b-9868-57a2d4851a1d" />
    <TestEntry testId="e9ce8c12-79c1-4f07-93d0-cd7a1cb7a81c" executionId="d7f38bbe-6f83-4d81-8e7c-eccffc49af82" testListId="8c84fa94-04c1-424b-9868-57a2d4851a1d" />
    <TestEntry testId="5c5d16a5-5e5d-4f78-b157-c3b0da2463eb" executionId="9734b4b0-5cbb-4a59-847d-91aa18b9400b" testListId="8c84fa94-04c1-424b-9868-57a2d4851a1d" />
    <TestEntry testId="f9bab89c-f6ca-434b-b667-9978470ecf08" executionId="8aba1142-1220-4078-be7b-670748650f77" testListId="8c84fa94-04c1-424b-9868-57a2d4851a1d" />
    <TestEntry testId="be5ab982-d928-4d15-b123-b1daeba11bb7" executionId="14d69817-51cf-4b63-8b5f-fc16a5ef0089" testListId="8c84fa94-04c1-424b-9868-57a2d4851a1d" />
    <TestEntry testId="4f9a1ab9-c89f-4cd9-a323-62f65f94b3ea" executionId="16ed224a-ed0e-408b-97c6-1cfdc48d196e" testListId="8c84fa94-04c1-424b-9868-57a2d4851a1d" />
    <TestEntry testId="05634383-6b54-476e-9f83-c1ea00c59dcf" executionId="83fc1911-8a57-4ff7-a329-4d8c1995a3ca" testListId="8c84fa94-04c1-424b-9868-57a2d4851a1d" />
    <TestEntry testId="4557c801-5519-44c2-ba56-75a61270a28e" executionId="c439589b-fb14-49af-969b-fd75cc303cf2" testListId="8c84fa94-04c1-424b-9868-57a2d4851a1d" />
    <TestEntry testId="d80e5943-3e6b-48d9-a2ed-32d243c4f27e" executionId="874c5d5e-a2e0-4b8f-8e07-1608b1dce413" testListId="8c84fa94-04c1-424b-9868-57a2d4851a1d" />
    <TestEntry testId="ffca7cec-4493-45cd-b440-bd961e08957c" executionId="62b2a196-a54e-4246-9e2e-a1d34ecef582" testListId="8c84fa94-04c1-424b-9868-57a2d4851a1d" />
    <TestEntry testId="89aea29f-df0d-46c9-acf9-c1f0ddbf8511" executionId="d6569a2c-3ece-494c-8338-1f4027b60c7c" testListId="8c84fa94-04c1-424b-9868-57a2d4851a1d" />
    <TestEntry testId="89f4282a-4b63-4b77-89cb-e32e1a80c84e" executionId="66e75298-28a5-47fa-88a1-50df95d93ba4" testListId="8c84fa94-04c1-424b-9868-57a2d4851a1d" />
    <TestEntry testId="e2198328-6b5b-4157-a936-a26f47f74600" executionId="fb85b55f-4f01-4b5a-80ba-08ca84cd47ea" testListId="8c84fa94-04c1-424b-9868-57a2d4851a1d" />
    <TestEntry testId="1055a70a-b6c5-49f3-a6d2-c1ff25e60742" executionId="7a72b7df-8dee-40dd-b2c3-d9c29fea82eb" testListId="8c84fa94-04c1-424b-9868-57a2d4851a1d" />
    <TestEntry testId="bf150b94-b507-4e4d-8953-10331df8253d" executionId="1b7478e5-9d2e-47aa-9615-5319162681ea" testListId="8c84fa94-04c1-424b-9868-57a2d4851a1d" />
    <TestEntry testId="2d8cd1ce-e92e-4aea-a1cd-c1fc706deb8b" executionId="de639a5d-ac5a-45f7-a243-aecbd6c52bf9" testListId="8c84fa94-04c1-424b-9868-57a2d4851a1d" />
    <TestEntry testId="b23efe78-e331-44bf-a2ad-ac631debbd66" executionId="15b20581-1627-4543-bd01-e21962cc15c0" testListId="8c84fa94-04c1-424b-9868-57a2d4851a1d" />
    <TestEntry testId="5fc89aa7-e942-4e6d-a6cf-aab4af62785d" executionId="47c0d739-7923-4595-8b29-ba70eb1e8275" testListId="8c84fa94-04c1-424b-9868-57a2d4851a1d" />
    <TestEntry testId="a7521d8c-bf4b-4442-9cd9-bf8dab887215" executionId="ce37cc3a-4330-4448-b024-3ab91da0cf40" testListId="8c84fa94-04c1-424b-9868-57a2d4851a1d" />
    <TestEntry testId="1764cc94-9c0f-4ec7-8b56-421eba1de893" executionId="6dcb8f30-7f48-4cc8-b9c6-90e33d618795" testListId="8c84fa94-04c1-424b-9868-57a2d4851a1d" />
    <TestEntry testId="da8a094e-f4f6-445e-9746-ba12d7cadebc" executionId="730b1d35-6898-45ab-9e01-20fc1d621763" testListId="8c84fa94-04c1-424b-9868-57a2d4851a1d" />
    <TestEntry testId="5a3ca0b7-3b18-4915-9b53-e8c255e8f075" executionId="4d1dce6d-9543-4949-a9b0-0e19c757ca6c" testListId="8c84fa94-04c1-424b-9868-57a2d4851a1d" />
    <TestEntry testId="7c377520-11e1-4499-815f-bd5e463c8618" executionId="93ea92dc-2cfa-41e9-a2bb-984c335c5202" testListId="8c84fa94-04c1-424b-9868-57a2d4851a1d" />
    <TestEntry testId="ae91eea7-3f9f-4456-b4b5-d3978cd64586" executionId="a4b27b9c-2f60-4b90-8ee3-8fd97c618f85" testListId="8c84fa94-04c1-424b-9868-57a2d4851a1d" />
    <TestEntry testId="5f0386f6-24d9-4637-a263-366733e84385" executionId="42d7ce8d-5081-49c4-a5af-b90749147d39" testListId="8c84fa94-04c1-424b-9868-57a2d4851a1d" />
    <TestEntry testId="4330de59-1944-4e71-ab38-e7868158e79d" executionId="6f281ec4-4e91-4ae3-84ce-4ab7b082084d" testListId="8c84fa94-04c1-424b-9868-57a2d4851a1d" />
    <TestEntry testId="7ca4bd90-38ca-4308-8207-fbc198b3765e" executionId="2f9c3749-fd25-4816-ab04-f102bdb4d245" testListId="8c84fa94-04c1-424b-9868-57a2d4851a1d" />
    <TestEntry testId="e6b6943d-8373-4809-8d83-7a5d74754edd" executionId="e36ccce6-6db5-4abc-af1e-f01b29e3b3b6" testListId="8c84fa94-04c1-424b-9868-57a2d4851a1d" />
    <TestEntry testId="6acdf9c7-7695-4f36-b6ab-f2c0626a1a8a" executionId="0f4f514a-e191-4778-8182-380dc0e63910" testListId="8c84fa94-04c1-424b-9868-57a2d4851a1d" />
    <TestEntry testId="06b34b03-a1be-46a6-bf6b-2c072c924287" executionId="19736ae6-ad44-4d9a-878d-2778aadab361" testListId="8c84fa94-04c1-424b-9868-57a2d4851a1d" />
    <TestEntry testId="3cbbcf22-3743-4a43-8da5-15f708de8668" executionId="84a3ccca-91d3-4b83-a742-a463ddc8cc2f" testListId="8c84fa94-04c1-424b-9868-57a2d4851a1d" />
    <TestEntry testId="17f2a1fd-0401-45f0-8285-8428a84bb307" executionId="4501d0ff-da53-4215-aca1-832ccc6111df" testListId="8c84fa94-04c1-424b-9868-57a2d4851a1d" />
    <TestEntry testId="aae27327-68db-4cea-9795-f0c6a8171e71" executionId="563d4b38-b36f-4ff1-ac4a-137bd8c384d1" testListId="8c84fa94-04c1-424b-9868-57a2d4851a1d" />
    <TestEntry testId="9eb11e68-1b43-4955-bcf6-3053f0005b3f" executionId="3f4d87ac-09b2-4c80-841b-cf0d0f6e1ec5" testListId="8c84fa94-04c1-424b-9868-57a2d4851a1d" />
    <TestEntry testId="488f024e-5c5c-4074-a2c7-67b839af5205" executionId="b4d92835-92a8-491e-b1b1-625ee72fd7c8" testListId="8c84fa94-04c1-424b-9868-57a2d4851a1d" />
    <TestEntry testId="aedfe025-9e02-4e1c-897d-ac815ebb6081" executionId="ea2b42f8-8cb7-4001-ba95-2c58e931b674" testListId="8c84fa94-04c1-424b-9868-57a2d4851a1d" />
    <TestEntry testId="d409a697-688c-4b3d-b751-b54442a7b18f" executionId="42a87ba6-dad6-41fc-9187-6149719ec465" testListId="8c84fa94-04c1-424b-9868-57a2d4851a1d" />
    <TestEntry testId="b5eddd8b-b644-465b-a4f5-4f35dac8f6b8" executionId="4cd93418-2924-4f5c-b9b3-adab7fd02a5a" testListId="8c84fa94-04c1-424b-9868-57a2d4851a1d" />
    <TestEntry testId="fbabb4d1-e24f-4ff1-8572-42cfee64bde0" executionId="08cdd6ab-e13a-4cd1-8ae5-c7023ab51d6e" testListId="8c84fa94-04c1-424b-9868-57a2d4851a1d" />
    <TestEntry testId="feaef8ff-c019-48f7-bb50-0bf57843983e" executionId="ee29215a-19ac-40e1-88e1-e9b9959960c7" testListId="8c84fa94-04c1-424b-9868-57a2d4851a1d" />
    <TestEntry testId="c89b6388-2550-4d67-ad06-216e1132204a" executionId="5558e640-c9c2-435c-b1d0-291c2d9e7202" testListId="8c84fa94-04c1-424b-9868-57a2d4851a1d" />
    <TestEntry testId="8e89c3d2-d602-4034-a0df-87918855d3aa" executionId="44e7ca25-34d4-48f2-b78e-1912e3e64408" testListId="8c84fa94-04c1-424b-9868-57a2d4851a1d" />
    <TestEntry testId="9ae9bf4e-64f9-47c8-bc31-1581c5c9e8cf" executionId="cfd806d7-2639-4029-846d-885511ca6219" testListId="8c84fa94-04c1-424b-9868-57a2d4851a1d" />
    <TestEntry testId="0185ddc3-4740-482e-bde5-b0e586973cd0" executionId="f2ebeb5e-44f8-45eb-bcdd-882601ab319c" testListId="8c84fa94-04c1-424b-9868-57a2d4851a1d" />
    <TestEntry testId="b3bb33c6-c5c8-45e5-84e1-1ad20481bb95" executionId="29410a84-ca96-4dd0-a595-623f3fe000c0" testListId="8c84fa94-04c1-424b-9868-57a2d4851a1d" />
    <TestEntry testId="f91d6d92-8d6e-4452-9ba5-ba28810bbf33" executionId="96f80cab-d344-4778-8591-b2b8207eea0b" testListId="8c84fa94-04c1-424b-9868-57a2d4851a1d" />
    <TestEntry testId="98e3738e-2a9e-4c1e-bb1c-121f7344febb" executionId="b9f9dc43-210e-4d03-a831-b6e686efc1b8" testListId="8c84fa94-04c1-424b-9868-57a2d4851a1d" />
    <TestEntry testId="ec416415-a5cf-41e7-8f8f-e35889fec381" executionId="49c412b1-2b51-4cc7-bd7a-aa48dcd2c12b" testListId="8c84fa94-04c1-424b-9868-57a2d4851a1d" />
    <TestEntry testId="8bf55ecb-ed32-4193-9e42-b725cf436057" executionId="bce54e3c-c371-488e-9a9d-0e0dc3f672ac" testListId="8c84fa94-04c1-424b-9868-57a2d4851a1d" />
    <TestEntry testId="8bc0b961-ed98-4b06-9f74-fe0626c682c7" executionId="58784fee-b335-4f86-8cc3-892f9db9a941" testListId="8c84fa94-04c1-424b-9868-57a2d4851a1d" />
    <TestEntry testId="70d90c63-987c-4d12-ad26-154b63675da1" executionId="97bd3185-69b7-49c9-b533-97ec1bc5add3" testListId="8c84fa94-04c1-424b-9868-57a2d4851a1d" />
    <TestEntry testId="59f2256e-32df-45e6-8b6b-cef80f8dbbcf" executionId="7a8ff412-b2cb-4fa2-bc90-5fe6ce287e93" testListId="8c84fa94-04c1-424b-9868-57a2d4851a1d" />
    <TestEntry testId="0241b69a-823d-4fc2-ade4-0d8c87e2dbac" executionId="cef196cb-5536-4560-bfac-0ce98dcac24f" testListId="8c84fa94-04c1-424b-9868-57a2d4851a1d" />
    <TestEntry testId="8746ed25-39b4-4055-9002-8fcb73d616f8" executionId="4e728c48-24e9-42a9-a85b-26f912253a06" testListId="8c84fa94-04c1-424b-9868-57a2d4851a1d" />
    <TestEntry testId="66235a1f-7887-4322-8b91-08ed91ddd45c" executionId="5bca228a-0f02-4712-a4a7-ef2d7a476ff0" testListId="8c84fa94-04c1-424b-9868-57a2d4851a1d" />
    <TestEntry testId="c66266a1-622d-45b1-9b68-4813c68e364b" executionId="6ebe3093-1b92-4c1e-a457-6da73e4b6aea" testListId="8c84fa94-04c1-424b-9868-57a2d4851a1d" />
    <TestEntry testId="69d65e63-170c-4467-8e11-228e844ccad9" executionId="54b26f92-49ec-4022-bc0d-433ff6f30c25" testListId="8c84fa94-04c1-424b-9868-57a2d4851a1d" />
    <TestEntry testId="97c04c02-fc47-413c-aed3-2f82b5b72f4c" executionId="5035fee7-e498-4321-9991-27b3a4aba230" testListId="8c84fa94-04c1-424b-9868-57a2d4851a1d" />
    <TestEntry testId="329a4bcb-8d97-41f8-8701-51ab394f945d" executionId="316d042e-ba55-4c38-8371-0415a41ad13e" testListId="8c84fa94-04c1-424b-9868-57a2d4851a1d" />
    <TestEntry testId="d9d1f337-5e74-4e33-a6ae-75e58840fc6f" executionId="f3041f59-c443-483f-a5e3-645b574bef9e" testListId="8c84fa94-04c1-424b-9868-57a2d4851a1d" />
    <TestEntry testId="b6ffface-51d8-47b6-a63c-801732eca167" executionId="cdf7417a-8c9c-445c-b7e8-6d5c9404fc2f" testListId="8c84fa94-04c1-424b-9868-57a2d4851a1d" />
    <TestEntry testId="02b066de-3881-4573-8bc4-a9d2526b5fb0" executionId="cc6c39de-5890-43b4-91ef-728794accb50" testListId="8c84fa94-04c1-424b-9868-57a2d4851a1d" />
    <TestEntry testId="401f8261-0089-4d7e-8bfe-01a05ead717d" executionId="a4870c5c-a898-460e-abec-89398457b21c" testListId="8c84fa94-04c1-424b-9868-57a2d4851a1d" />
    <TestEntry testId="0150258d-f770-4f3c-948f-44ea912243e8" executionId="812603d7-8604-4620-b8d7-63440e2e33bf" testListId="8c84fa94-04c1-424b-9868-57a2d4851a1d" />
    <TestEntry testId="7c07247c-fee1-43af-a35c-376b65f881bf" executionId="6d9707e0-785a-4c8d-a143-65c2c598789e" testListId="8c84fa94-04c1-424b-9868-57a2d4851a1d" />
    <TestEntry testId="9a313b72-133c-42e5-858a-b1fbfab7c13f" executionId="bf82c962-6d98-4c3e-b3e1-cd57e6b282be" testListId="8c84fa94-04c1-424b-9868-57a2d4851a1d" />
    <TestEntry testId="7ef48785-449e-4979-920b-335ee0c6725f" executionId="5d71249f-ac46-442a-880e-bdb4be9c6398" testListId="8c84fa94-04c1-424b-9868-57a2d4851a1d" />
    <TestEntry testId="8ef2954e-619f-4b66-abdf-75b0c3ef0e44" executionId="0658e30d-f5a7-4cfd-b99e-cb0b0d988c4d" testListId="8c84fa94-04c1-424b-9868-57a2d4851a1d" />
    <TestEntry testId="4d3753ce-3a8d-4982-9e53-fc1327ee5981" executionId="a37eab11-2316-4672-bbae-7cbbd2d21131" testListId="8c84fa94-04c1-424b-9868-57a2d4851a1d" />
    <TestEntry testId="4fd4710b-048a-43fd-a388-005931c329a5" executionId="7c2376b6-2b33-4ea7-98e3-e304d6e097af" testListId="8c84fa94-04c1-424b-9868-57a2d4851a1d" />
    <TestEntry testId="6d3fa1b9-199d-44ed-a04d-491542f271d6" executionId="f56d1014-bedf-42e6-81fe-8443a5473a56" testListId="8c84fa94-04c1-424b-9868-57a2d4851a1d" />
    <TestEntry testId="c93f0509-3ec6-422d-9fae-e55a5e1915db" executionId="dcee9c77-d366-4d32-aff7-fba13b933512" testListId="8c84fa94-04c1-424b-9868-57a2d4851a1d" />
    <TestEntry testId="49c4b1b1-18d4-4c70-a070-84e4bbfdbb7b" executionId="f9a02f82-c7eb-4041-a656-d8e66e53b1b2" testListId="8c84fa94-04c1-424b-9868-57a2d4851a1d" />
    <TestEntry testId="cecc367c-c31f-4c72-af98-6cfc6d44b595" executionId="c9a9b827-1aa7-4697-9f9d-1340a97f03dd" testListId="8c84fa94-04c1-424b-9868-57a2d4851a1d" />
    <TestEntry testId="28aa5e55-d26f-4101-8d42-16792132f243" executionId="f93064f2-7a85-4464-947f-3df8a77e9413" testListId="8c84fa94-04c1-424b-9868-57a2d4851a1d" />
    <TestEntry testId="05373681-b97b-4b34-be1c-bdd546973e1d" executionId="b2c4f356-cf75-4bc5-8739-1bd021886de0" testListId="8c84fa94-04c1-424b-9868-57a2d4851a1d" />
    <TestEntry testId="454bb99e-30d1-40e1-9a56-9ddc8a6f5254" executionId="385b093b-17e8-4b71-b83a-98eca3da0f54" testListId="8c84fa94-04c1-424b-9868-57a2d4851a1d" />
    <TestEntry testId="f256f57c-ee52-4218-8086-1719f1701fc6" executionId="d5137856-1bf8-4e9d-9150-2ddb67636963" testListId="8c84fa94-04c1-424b-9868-57a2d4851a1d" />
    <TestEntry testId="c269b0d0-2c08-48c2-9b34-13ebca9dbe81" executionId="6271a99c-5698-4acc-8da6-1049f6bfdb58" testListId="8c84fa94-04c1-424b-9868-57a2d4851a1d" />
    <TestEntry testId="00423a08-84bf-459e-b163-c10b465f9b8c" executionId="434ab9b4-28b3-44d5-bd2a-e0d282772860" testListId="8c84fa94-04c1-424b-9868-57a2d4851a1d" />
    <TestEntry testId="614ecb4d-85b9-41ca-9d7a-f42f5d89f24f" executionId="bbe5d0cf-316a-42a0-96e7-033e663fdb2f" testListId="8c84fa94-04c1-424b-9868-57a2d4851a1d" />
    <TestEntry testId="4cfeb321-2be5-426b-a365-0b4e905127a6" executionId="e281b999-0910-486c-a287-37742c4d5e36" testListId="8c84fa94-04c1-424b-9868-57a2d4851a1d" />
    <TestEntry testId="8e1e2906-3abe-4ca0-b7fc-7027d4c15744" executionId="7b8bf19b-b1fe-4447-b719-f0417a6f561e" testListId="8c84fa94-04c1-424b-9868-57a2d4851a1d" />
    <TestEntry testId="cf66aa0d-1751-4cb3-9de8-836ffbab088d" executionId="65e54cf2-c735-4cf5-9801-657a96e81beb" testListId="8c84fa94-04c1-424b-9868-57a2d4851a1d" />
    <TestEntry testId="904cc4db-69da-4034-be92-f9d0c25155e6" executionId="7ee93d3f-41cb-4609-99be-da10a74820e4" testListId="8c84fa94-04c1-424b-9868-57a2d4851a1d" />
    <TestEntry testId="cc7749f2-6456-4159-97bf-4d2f5a8360ac" executionId="a9078fbd-5ab6-4281-b297-94a6e0bb41eb" testListId="8c84fa94-04c1-424b-9868-57a2d4851a1d" />
    <TestEntry testId="d5240e3f-ce9c-4279-8288-8b481d603e40" executionId="2b023717-1a6b-41a2-96f5-b7b2d1c4c474" testListId="8c84fa94-04c1-424b-9868-57a2d4851a1d" />
    <TestEntry testId="fdbfcda2-be19-4dff-b4b7-efda02014b9a" executionId="2b87a6cc-14e2-45c5-a137-b595872bc787" testListId="8c84fa94-04c1-424b-9868-57a2d4851a1d" />
    <TestEntry testId="582f4208-2d9f-425b-9ebb-e09f139844be" executionId="997e5ccc-ff80-4ede-acb6-e124cb71df5c" testListId="8c84fa94-04c1-424b-9868-57a2d4851a1d" />
    <TestEntry testId="bf8397b5-dffd-4220-9d0e-6965a2d5ea96" executionId="2fb4bc58-638b-4b00-b508-5ab7699330c0" testListId="8c84fa94-04c1-424b-9868-57a2d4851a1d" />
    <TestEntry testId="4e9ef932-049e-41fa-adcf-c935aca09ae6" executionId="50c3e1e3-c105-4b20-995b-4a2dc5437b0a" testListId="8c84fa94-04c1-424b-9868-57a2d4851a1d" />
    <TestEntry testId="a34d7405-88b0-47e5-bba5-95e6392e1953" executionId="8e468c32-0761-4dfc-8857-d6f9348a0ef8" testListId="8c84fa94-04c1-424b-9868-57a2d4851a1d" />
    <TestEntry testId="e7c58b45-f967-45e3-8b49-c024cecb07b5" executionId="e6635f14-9f51-4ed1-a90e-693e5f595aae" testListId="8c84fa94-04c1-424b-9868-57a2d4851a1d" />
    <TestEntry testId="702faee7-9e0b-4117-a3c8-27d56b1c970a" executionId="b291288b-3833-4d94-a348-d37f56bdd2b7" testListId="8c84fa94-04c1-424b-9868-57a2d4851a1d" />
    <TestEntry testId="fa52fc10-5add-4392-b13f-2d3957a20ac3" executionId="a6e60828-7298-4167-8c35-596503b00743" testListId="8c84fa94-04c1-424b-9868-57a2d4851a1d" />
    <TestEntry testId="7f339d71-fb9e-49d4-b5aa-2d81b8670ee1" executionId="ef57b2fc-705f-4910-9edc-74e5090158c9" testListId="8c84fa94-04c1-424b-9868-57a2d4851a1d" />
    <TestEntry testId="9c0225f2-33f5-4e8a-9052-4dff8c96259d" executionId="7cf6c88b-85fa-498c-983e-566cba8e34a2" testListId="8c84fa94-04c1-424b-9868-57a2d4851a1d" />
    <TestEntry testId="47c8ddd5-ae03-40ea-9932-c21614a6042e" executionId="00c09ac7-8618-495d-9fd2-1aef57196238" testListId="8c84fa94-04c1-424b-9868-57a2d4851a1d" />
    <TestEntry testId="c5958e8d-559c-4eb4-b2c1-4fe49644b78c" executionId="f767c14c-4e15-4186-a62d-23f6771f3cd9" testListId="8c84fa94-04c1-424b-9868-57a2d4851a1d" />
    <TestEntry testId="2bebaf21-acc8-4d50-a975-2c612e7de699" executionId="78d7abe2-ff09-4ad3-89b6-2c15e70e71e8" testListId="8c84fa94-04c1-424b-9868-57a2d4851a1d" />
    <TestEntry testId="f38e51ba-fed3-4e89-a244-1405f90849fc" executionId="3179591f-54fa-4558-aaf4-e3de3c565136" testListId="8c84fa94-04c1-424b-9868-57a2d4851a1d" />
    <TestEntry testId="9d5d2b93-c9fc-435e-b793-b77170067ba5" executionId="13a87f46-09ba-45ea-a437-388a3f1133a9" testListId="8c84fa94-04c1-424b-9868-57a2d4851a1d" />
    <TestEntry testId="3f90ac5a-fda8-4d77-a7b9-7cde924d6a8b" executionId="08aac70f-a999-4db2-82d2-63d64a8f15e4" testListId="8c84fa94-04c1-424b-9868-57a2d4851a1d" />
    <TestEntry testId="c3c94561-dc2d-4a61-9496-4450434c955c" executionId="a7e1fa9c-63c9-438c-93a3-8bd9fde858d4" testListId="8c84fa94-04c1-424b-9868-57a2d4851a1d" />
    <TestEntry testId="95f32e37-503f-456d-8612-f95e4e07319f" executionId="1121315b-efa4-47df-8b28-27e1ebaa90f7" testListId="8c84fa94-04c1-424b-9868-57a2d4851a1d" />
    <TestEntry testId="17fe14d4-f130-4f2f-8866-8eb0afebed69" executionId="3d5dbc1a-38aa-4220-94c0-48f2df0a4861" testListId="8c84fa94-04c1-424b-9868-57a2d4851a1d" />
    <TestEntry testId="133e3f79-9dc4-4679-86d4-8b84d658888c" executionId="4c3c21df-b307-4841-b344-c452e3d34548" testListId="8c84fa94-04c1-424b-9868-57a2d4851a1d" />
    <TestEntry testId="7ee7280c-f798-484d-a713-d206d1ea976a" executionId="31379497-8155-47da-928b-2ec9865a71b2" testListId="8c84fa94-04c1-424b-9868-57a2d4851a1d" />
    <TestEntry testId="91cd0b95-5dbd-4725-8b47-93140780512d" executionId="b7ec17e5-fd7f-4bf9-bf1a-093dc4d4c6a0" testListId="8c84fa94-04c1-424b-9868-57a2d4851a1d" />
    <TestEntry testId="a9d44575-e222-411d-9f2f-c0be9a76943d" executionId="8aec9986-8456-43a0-a069-805e1764806e" testListId="8c84fa94-04c1-424b-9868-57a2d4851a1d" />
    <TestEntry testId="690a4fad-049b-4b6c-9f65-3c9d1599e6af" executionId="8545ff95-a4e9-4c0a-ab31-e5f35eae0269" testListId="8c84fa94-04c1-424b-9868-57a2d4851a1d" />
    <TestEntry testId="d0aa9c95-71c4-4ba4-b1f9-ebf143abd5dd" executionId="3e10c6e1-cbe6-469d-bf76-04816ae6c5c3" testListId="8c84fa94-04c1-424b-9868-57a2d4851a1d" />
    <TestEntry testId="cff44cb4-732d-467d-ba82-31dc6dd0aa24" executionId="431756c9-932e-427c-a159-953ca044fe40" testListId="8c84fa94-04c1-424b-9868-57a2d4851a1d" />
    <TestEntry testId="e9d9fd3f-0dd2-4604-b02f-46e75afbee2a" executionId="e6f7ca39-74d1-4e81-83f1-254424763a5d" testListId="8c84fa94-04c1-424b-9868-57a2d4851a1d" />
    <TestEntry testId="efe4ce4a-6b30-44d8-8b9b-72351df918ff" executionId="dcc1987f-a388-4740-98ef-70a2e29ffb8f" testListId="8c84fa94-04c1-424b-9868-57a2d4851a1d" />
    <TestEntry testId="d1344c86-a035-4804-959e-eecfb0f21a54" executionId="5cac88e5-3db7-4228-bbd8-797589703f54" testListId="8c84fa94-04c1-424b-9868-57a2d4851a1d" />
    <TestEntry testId="5ec2e34a-ee15-442e-b558-5d0aba921114" executionId="2709c151-8721-4f6d-808c-943f0a0d7adf" testListId="8c84fa94-04c1-424b-9868-57a2d4851a1d" />
    <TestEntry testId="ac5f5f71-a80e-40de-a396-89d4467fbeb1" executionId="148459d9-163f-4135-a484-e39baa5c86aa" testListId="8c84fa94-04c1-424b-9868-57a2d4851a1d" />
    <TestEntry testId="adfce97e-a849-4ea5-9aa7-5b9e85d5622f" executionId="0b0202a9-fc46-4124-8741-1a59f150b58c" testListId="8c84fa94-04c1-424b-9868-57a2d4851a1d" />
    <TestEntry testId="3ff59605-84cd-4c04-9cce-ff0e8a133d20" executionId="c4130b9c-9475-4808-9092-a8e119be93fe" testListId="8c84fa94-04c1-424b-9868-57a2d4851a1d" />
    <TestEntry testId="102bccd6-b3ed-48b7-a7d6-a99e0685821f" executionId="25c916fc-b3c8-42e8-b6c7-3bce3249bb93" testListId="8c84fa94-04c1-424b-9868-57a2d4851a1d" />
    <TestEntry testId="5b52cfb8-0190-48e2-9ebf-6782986e6f6d" executionId="7b5aab64-f07b-4fbe-b0d6-fd6340bde4db" testListId="8c84fa94-04c1-424b-9868-57a2d4851a1d" />
    <TestEntry testId="f93ace39-e9e5-4427-acf5-136f1db80c85" executionId="c17516a9-dd32-4d60-98d1-7a79b720ffef" testListId="8c84fa94-04c1-424b-9868-57a2d4851a1d" />
    <TestEntry testId="f59c252c-6cbe-46fd-8f90-6f10305f4641" executionId="24941d08-5dab-4260-b3ee-f1612763ca77" testListId="8c84fa94-04c1-424b-9868-57a2d4851a1d" />
    <TestEntry testId="bc5c4bdb-154f-4be2-98cb-8d793c3a8071" executionId="1a23e4a5-3d32-4d33-a3ff-f0e95dc2c946" testListId="8c84fa94-04c1-424b-9868-57a2d4851a1d" />
    <TestEntry testId="b7a373fc-e0c8-470e-8634-8d11d69de689" executionId="8bb64827-8113-4e81-ba4e-e8f239dc5ae4" testListId="8c84fa94-04c1-424b-9868-57a2d4851a1d" />
    <TestEntry testId="a2fae189-9da1-46f3-9360-1c5029fa867d" executionId="d0d46dc9-2b90-41b4-ab59-100908c86971" testListId="8c84fa94-04c1-424b-9868-57a2d4851a1d" />
    <TestEntry testId="9769aae5-e8f6-4555-85a7-c6118f7484b8" executionId="54440863-6321-4970-8826-ddb802056f8f" testListId="8c84fa94-04c1-424b-9868-57a2d4851a1d" />
    <TestEntry testId="ce4652d8-1b78-4ac5-9d55-d507ce924c78" executionId="6832a078-91e1-4a1d-ba52-5119c8052959" testListId="8c84fa94-04c1-424b-9868-57a2d4851a1d" />
    <TestEntry testId="2573c806-490a-407a-a0e8-7e298010bcce" executionId="471e710d-efa9-4598-9710-ac17c3cc0b0b" testListId="8c84fa94-04c1-424b-9868-57a2d4851a1d" />
    <TestEntry testId="69cd9782-0384-4226-b417-0ed8cf1c324b" executionId="a9a47501-5446-47d8-96fd-5f91e00d3314" testListId="8c84fa94-04c1-424b-9868-57a2d4851a1d" />
    <TestEntry testId="961baee1-e839-42c4-a87f-98438cf45f82" executionId="1d31e522-41e4-4d09-86a4-fbc47a61fd79" testListId="8c84fa94-04c1-424b-9868-57a2d4851a1d" />
    <TestEntry testId="1b867f90-6246-4a71-8a96-2a68389cc5f8" executionId="f4ce905b-0d86-4457-9679-2223609d5730" testListId="8c84fa94-04c1-424b-9868-57a2d4851a1d" />
    <TestEntry testId="a745b0eb-beb1-4754-ad9b-1bf8285d698c" executionId="008b2e11-3ab7-4e9a-a133-a730e8138876" testListId="8c84fa94-04c1-424b-9868-57a2d4851a1d" />
    <TestEntry testId="04bee291-ec13-4d14-ad37-ed6b4c1f4c20" executionId="e4980f46-d43b-4364-b0a2-93cda75eae8c" testListId="8c84fa94-04c1-424b-9868-57a2d4851a1d" />
    <TestEntry testId="3e996075-e7e0-4d53-b7f6-1523f5e23873" executionId="342be0df-3c35-4713-978b-43ecd4b5ae97" testListId="8c84fa94-04c1-424b-9868-57a2d4851a1d" />
    <TestEntry testId="2a0673c8-503b-4a81-b3dc-cdda0f4e00ea" executionId="27efc513-68c7-4718-a39b-850f901f8e30" testListId="8c84fa94-04c1-424b-9868-57a2d4851a1d" />
    <TestEntry testId="fa7b78bf-246d-45e0-9628-2bbdfef37976" executionId="b0f8011b-3b5e-4075-ae82-692dbcf3002f" testListId="8c84fa94-04c1-424b-9868-57a2d4851a1d" />
    <TestEntry testId="cd4c2771-1d86-4b22-9379-be6d4fa8843a" executionId="fd5b0acc-9bdf-47c2-9341-e9da7f3c5e1b" testListId="8c84fa94-04c1-424b-9868-57a2d4851a1d" />
    <TestEntry testId="8b4fdbbe-63b0-443e-bcbb-88a4baeaedeb" executionId="a90a3bef-89dc-4726-b02c-2becbc4b4a6e" testListId="8c84fa94-04c1-424b-9868-57a2d4851a1d" />
    <TestEntry testId="e2b89428-00f0-4774-a57d-73ea82daae11" executionId="78c9e66e-7ab8-48b4-9056-cc05acb7461a" testListId="8c84fa94-04c1-424b-9868-57a2d4851a1d" />
    <TestEntry testId="b2548652-d655-48ad-ab86-809e71fa0474" executionId="8266c2e7-8ee8-4c93-afaf-9838ac5ebf6b" testListId="8c84fa94-04c1-424b-9868-57a2d4851a1d" />
    <TestEntry testId="f8a577a0-e52c-4c13-b047-632e69d8e1a1" executionId="f8616fd9-5d71-481d-b135-cb27e10cc543" testListId="8c84fa94-04c1-424b-9868-57a2d4851a1d" />
    <TestEntry testId="65a0ada7-de6a-4027-8717-db5e4fa41a3a" executionId="5977b40c-e42c-4ce8-b2fc-f7e9a2f083bf" testListId="8c84fa94-04c1-424b-9868-57a2d4851a1d" />
    <TestEntry testId="df25c04a-1862-4062-9dd8-6698d00cf868" executionId="d12455ef-384f-419d-8b37-0289f45c6758" testListId="8c84fa94-04c1-424b-9868-57a2d4851a1d" />
    <TestEntry testId="92e8e073-0892-4697-a4ce-5acdf8644d44" executionId="2d1d70ab-d4cb-4cdf-a6bf-03ba38066c9b" testListId="8c84fa94-04c1-424b-9868-57a2d4851a1d" />
    <TestEntry testId="5af0c4b4-29c4-4689-b5e4-b846b645dad2" executionId="a6644acf-923a-465d-b19d-d032a83a5cab" testListId="8c84fa94-04c1-424b-9868-57a2d4851a1d" />
    <TestEntry testId="d6d89951-f6f0-4aa2-953b-060b7fef70c7" executionId="26f5fdf8-3bd7-49ab-9401-59b4c7ab3ab9" testListId="8c84fa94-04c1-424b-9868-57a2d4851a1d" />
    <TestEntry testId="fb0a1129-ff5b-4509-91f8-0eda792ce559" executionId="5fbc9d34-1a87-4d61-a0b8-c1fcb710cee1" testListId="8c84fa94-04c1-424b-9868-57a2d4851a1d" />
    <TestEntry testId="1442b68b-01a3-4fce-92b3-74e6cd427d0c" executionId="575acc00-2bd8-44a4-ae74-427078689166" testListId="8c84fa94-04c1-424b-9868-57a2d4851a1d" />
    <TestEntry testId="f6c50272-8173-4410-acd8-d023f2061a1d" executionId="bcce148e-316d-4383-aed0-9efd63d78adf" testListId="8c84fa94-04c1-424b-9868-57a2d4851a1d" />
    <TestEntry testId="ecf9d14e-cfe2-4586-973d-c44616d6a1a1" executionId="82941837-cd91-4a23-8cb4-d2ff40d1fbbb" testListId="8c84fa94-04c1-424b-9868-57a2d4851a1d" />
    <TestEntry testId="1595a391-cf68-43e8-9d23-8fe159ff7382" executionId="e2ebc7cc-9da1-4797-b1c6-d50b3c867712" testListId="8c84fa94-04c1-424b-9868-57a2d4851a1d" />
    <TestEntry testId="4683eb6a-384f-46b8-87d9-7415fe97f6d0" executionId="253680a8-3f9e-45fc-8d3a-6a7f09995fd8" testListId="8c84fa94-04c1-424b-9868-57a2d4851a1d" />
    <TestEntry testId="dc71cb0e-8005-4887-9bcf-2bff9bb4fa71" executionId="a4bbc937-88c8-46c6-8c77-651152c4564a" testListId="8c84fa94-04c1-424b-9868-57a2d4851a1d" />
    <TestEntry testId="13b603ff-5377-4a58-9eb8-6b0f11e4b407" executionId="e3c449f2-2764-46dd-98a6-a1790f6b0348" testListId="8c84fa94-04c1-424b-9868-57a2d4851a1d" />
    <TestEntry testId="e9cd2121-ec3b-41e5-b2b8-8898492b470e" executionId="0e19969b-d523-486c-b091-06cff8406d01" testListId="8c84fa94-04c1-424b-9868-57a2d4851a1d" />
    <TestEntry testId="ff78c180-b494-458a-8b24-3c16b95acf9a" executionId="0ed14fb8-8f74-4f30-b2a1-ea3735367c63" testListId="8c84fa94-04c1-424b-9868-57a2d4851a1d" />
    <TestEntry testId="fa8cd058-5074-4aac-9f1b-8a3a163d7c49" executionId="d23c587e-14ff-40ea-96f7-35d1af333cdc" testListId="8c84fa94-04c1-424b-9868-57a2d4851a1d" />
    <TestEntry testId="486dbe16-b3f6-4eb3-ae44-989e5bd448c5" executionId="d4de9188-74ea-495a-8e44-01257b63b14b" testListId="8c84fa94-04c1-424b-9868-57a2d4851a1d" />
    <TestEntry testId="fd9af0c8-1dd1-49ed-8bc7-16d677483c32" executionId="555bc4d1-9c20-48e3-8a88-48d839e919c4" testListId="8c84fa94-04c1-424b-9868-57a2d4851a1d" />
    <TestEntry testId="ce6cb600-d5e7-4dba-b434-27496038f02e" executionId="fb1cd5bf-46b4-4893-ad72-c198865fde21" testListId="8c84fa94-04c1-424b-9868-57a2d4851a1d" />
    <TestEntry testId="4dfbc86e-5dea-4017-ab06-131a640a8340" executionId="ef53475a-a805-4f6d-ade0-f705f385ac95" testListId="8c84fa94-04c1-424b-9868-57a2d4851a1d" />
    <TestEntry testId="6d0cf680-c446-47b2-93d0-200202fbae3a" executionId="5ded1820-90ee-4a92-937e-728481dad0c8" testListId="8c84fa94-04c1-424b-9868-57a2d4851a1d" />
    <TestEntry testId="f47bc3a9-ca08-4b5d-910c-98d8d41f1f7a" executionId="41367bb6-3e9a-48fd-81ec-50eeeb514741" testListId="8c84fa94-04c1-424b-9868-57a2d4851a1d" />
    <TestEntry testId="ed6dc9ef-d1b1-4871-abba-11835fef7265" executionId="ff643f3a-2ad4-4266-b965-944de0de1d53" testListId="8c84fa94-04c1-424b-9868-57a2d4851a1d" />
    <TestEntry testId="7eb9dd52-beae-4881-93b9-a94284c49de1" executionId="4c97baa6-7697-4ae5-afeb-5f52e015e1dd" testListId="8c84fa94-04c1-424b-9868-57a2d4851a1d" />
    <TestEntry testId="fe30a6a9-07a6-4132-9a3f-ece6d2e637d2" executionId="1bc79197-0375-44d9-9d6c-1af9677cdfe1" testListId="8c84fa94-04c1-424b-9868-57a2d4851a1d" />
    <TestEntry testId="fc8c6c01-7647-464f-abe2-3f9979061244" executionId="4caeab53-24e8-445e-90a6-8e1f02c86911" testListId="8c84fa94-04c1-424b-9868-57a2d4851a1d" />
    <TestEntry testId="47c588c9-d4b3-4af5-90d6-3fb480e3c934" executionId="ddbc7791-34f9-40bf-9b57-935b52857ef3" testListId="8c84fa94-04c1-424b-9868-57a2d4851a1d" />
    <TestEntry testId="1ad6ffe8-e1fc-4217-af5a-cbde3b66e599" executionId="ed0e9a69-4f48-4b04-8680-80544ce2cb6e" testListId="8c84fa94-04c1-424b-9868-57a2d4851a1d" />
    <TestEntry testId="b4bde983-16b2-4873-bed3-1740fb7a105a" executionId="abe3c524-159e-4064-a90e-1897acc7d4e8" testListId="8c84fa94-04c1-424b-9868-57a2d4851a1d" />
    <TestEntry testId="9f844913-e534-448c-964b-fa167cc9c84e" executionId="95f86405-3e06-46e6-a3bf-3b84f5cac9f5" testListId="8c84fa94-04c1-424b-9868-57a2d4851a1d" />
    <TestEntry testId="1fe7f7ff-de69-4d2c-9c3a-8ddaede5d6f9" executionId="9533c0ef-3499-4398-9431-a8ffd268f14b" testListId="8c84fa94-04c1-424b-9868-57a2d4851a1d" />
    <TestEntry testId="6d0abdc3-d414-4101-a1cb-435a5ad30c64" executionId="d94ebe23-5fe4-4987-af6a-0d86f67f9ac0" testListId="8c84fa94-04c1-424b-9868-57a2d4851a1d" />
    <TestEntry testId="87977c21-0117-41dd-b424-3e85ccb9392b" executionId="d7f6ffcc-8338-4035-b915-897a9336defd" testListId="8c84fa94-04c1-424b-9868-57a2d4851a1d" />
    <TestEntry testId="5e9b9630-051b-4261-99f6-64438d34b1ae" executionId="bf08a9fa-e5b9-49da-8b9a-9e388b17c415" testListId="8c84fa94-04c1-424b-9868-57a2d4851a1d" />
    <TestEntry testId="a03871cb-0141-4a5f-852d-adeead6e9b54" executionId="a9174c61-f6aa-4c6c-927d-ff900d2d2b26" testListId="8c84fa94-04c1-424b-9868-57a2d4851a1d" />
    <TestEntry testId="ca8becce-13e0-4634-b83a-60935f241cb2" executionId="85bfb4af-70bf-4c47-8a2b-83daff5ce25d" testListId="8c84fa94-04c1-424b-9868-57a2d4851a1d" />
    <TestEntry testId="7991575c-9b73-404c-8f0f-13c7c582cb43" executionId="86d96eef-36ae-465a-a71f-8cb01fc19eca" testListId="8c84fa94-04c1-424b-9868-57a2d4851a1d" />
    <TestEntry testId="6dd2f841-91f1-4c07-9cd8-9fbb7e0679a4" executionId="92e83f3b-fc58-4007-9869-c1dd61e25aaa" testListId="8c84fa94-04c1-424b-9868-57a2d4851a1d" />
    <TestEntry testId="3cd7e3bf-be1f-4bb3-a03a-d0981ed5affd" executionId="09ef422f-8670-45f5-9632-f5b8d1eeab24" testListId="8c84fa94-04c1-424b-9868-57a2d4851a1d" />
    <TestEntry testId="2ab326ed-7eb7-4f2e-b190-c3bef6d0c247" executionId="d2eb7946-a39b-480a-9d27-79f95ac80449" testListId="8c84fa94-04c1-424b-9868-57a2d4851a1d" />
    <TestEntry testId="1a43e16e-9f4b-4aa5-854a-888f51b42108" executionId="8232d4b3-9b85-4c0e-a250-8abe5cfcbbcd" testListId="8c84fa94-04c1-424b-9868-57a2d4851a1d" />
    <TestEntry testId="e83ff41e-0a2e-4de8-9dab-609f50d97686" executionId="5cb39386-f5b5-4dc6-899f-d105f8827bc7" testListId="8c84fa94-04c1-424b-9868-57a2d4851a1d" />
    <TestEntry testId="9ded35d3-788f-428e-9a18-ec77b06c6237" executionId="55faeb16-460c-4648-a1d9-eb3ae563d5af" testListId="8c84fa94-04c1-424b-9868-57a2d4851a1d" />
    <TestEntry testId="fff1b0af-2c23-4fb3-b1ed-9073ed82357d" executionId="34561341-3ce4-461c-8df0-0b89bd65bbd1" testListId="8c84fa94-04c1-424b-9868-57a2d4851a1d" />
    <TestEntry testId="1743f5e5-3a49-4036-b17c-23851bfb51bb" executionId="2edf0929-8406-4f0f-bebd-f18a2998b0a3" testListId="8c84fa94-04c1-424b-9868-57a2d4851a1d" />
    <TestEntry testId="8e79d6a4-7a0c-4813-8c92-0cee8a9ceea5" executionId="8acd2140-a0b7-4c77-97be-cb8c7c31dd5e" testListId="8c84fa94-04c1-424b-9868-57a2d4851a1d" />
    <TestEntry testId="40801a1e-8434-4caa-aca7-80cc9b9df3af" executionId="e673889d-46da-4088-809f-3f124772ab7a" testListId="8c84fa94-04c1-424b-9868-57a2d4851a1d" />
    <TestEntry testId="bc1982cf-ce70-4eb9-83db-28ed792683d9" executionId="e0fb9d8c-9bfe-4942-acb9-c7275085ed76" testListId="8c84fa94-04c1-424b-9868-57a2d4851a1d" />
    <TestEntry testId="feaa87e9-1e20-456f-928d-10759d57707b" executionId="4ca0ba33-a932-4e50-a279-c1b3771e1068" testListId="8c84fa94-04c1-424b-9868-57a2d4851a1d" />
    <TestEntry testId="11f36dcf-0a65-4265-83f3-e2bb066e7891" executionId="86f671dc-5ca8-43b8-aa9b-21b9f743f12f" testListId="8c84fa94-04c1-424b-9868-57a2d4851a1d" />
    <TestEntry testId="8bed99ff-15cd-4f4e-9209-86ad08391e3d" executionId="3e1f122d-3e26-46c0-9179-01b7b5c29f66" testListId="8c84fa94-04c1-424b-9868-57a2d4851a1d" />
    <TestEntry testId="140b3a54-9529-4f41-88b7-7c13d19bcaf1" executionId="f284746c-bc18-449d-9fe0-4bc3e3f41fb9" testListId="8c84fa94-04c1-424b-9868-57a2d4851a1d" />
    <TestEntry testId="8dbcbde0-1151-44d7-adab-b69384359fce" executionId="c71f5443-bd7f-46b8-abca-2cc1e64bd571" testListId="8c84fa94-04c1-424b-9868-57a2d4851a1d" />
    <TestEntry testId="43496b60-6d18-4a3e-86eb-dc1753a70fff" executionId="19bccdd3-019c-411b-bd67-edecec6cfeb7" testListId="8c84fa94-04c1-424b-9868-57a2d4851a1d" />
    <TestEntry testId="2231b542-a706-4986-90ad-f918f15b2007" executionId="fd8af8fb-603a-43e1-804a-637fc0bfd440" testListId="8c84fa94-04c1-424b-9868-57a2d4851a1d" />
    <TestEntry testId="6b5531d1-3ebc-4505-b126-ee49b25dbc23" executionId="348b5aa5-772a-4863-9ab0-baccfd55ea1e" testListId="8c84fa94-04c1-424b-9868-57a2d4851a1d" />
    <TestEntry testId="df4345a9-9976-4fa4-a580-0ebe91b30d35" executionId="565cf1b4-683c-4495-8f49-e05e961d0e55" testListId="8c84fa94-04c1-424b-9868-57a2d4851a1d" />
    <TestEntry testId="0b0ae8e9-eda3-4806-a538-7e731a33564d" executionId="146845c2-85c7-49b7-851b-bd6b56e23229" testListId="8c84fa94-04c1-424b-9868-57a2d4851a1d" />
    <TestEntry testId="b012b07a-2147-45c2-8ef5-97adce39a906" executionId="fa445bc8-b0a3-4a9c-8be2-683150718bde" testListId="8c84fa94-04c1-424b-9868-57a2d4851a1d" />
    <TestEntry testId="96c3c866-b890-4dd1-9076-4212781c9468" executionId="029c1782-e137-4667-b351-88bc6518250d" testListId="8c84fa94-04c1-424b-9868-57a2d4851a1d" />
    <TestEntry testId="c77b25e6-1c65-4816-b87b-695960b3d1fb" executionId="02b7d328-6f39-4ffc-b11d-645e4a5c24e6" testListId="8c84fa94-04c1-424b-9868-57a2d4851a1d" />
    <TestEntry testId="90b7b252-f6cf-4e76-9db6-a04c88461c2e" executionId="180ae12d-5838-4b8d-84d3-6e8a50411334" testListId="8c84fa94-04c1-424b-9868-57a2d4851a1d" />
    <TestEntry testId="3d94c9b5-41c2-4a07-9158-1c9876a94b57" executionId="a300ed48-414a-4861-85e9-9f30fb6ab718" testListId="8c84fa94-04c1-424b-9868-57a2d4851a1d" />
    <TestEntry testId="a4b30e4a-e099-4468-9434-72804e38f007" executionId="b3a7c77f-0bba-49f5-b8a3-623abce3ac1e" testListId="8c84fa94-04c1-424b-9868-57a2d4851a1d" />
    <TestEntry testId="3012d61c-5044-4b18-8338-bdf7ac7b22d4" executionId="4004e8cf-dece-4b6f-8e8b-584e0d8749be" testListId="8c84fa94-04c1-424b-9868-57a2d4851a1d" />
    <TestEntry testId="70ddfc37-09c7-4e76-aca4-66671686c376" executionId="30ab7b06-9de3-4a45-8b58-f139ebe92e33" testListId="8c84fa94-04c1-424b-9868-57a2d4851a1d" />
    <TestEntry testId="dc5d07c6-61a9-4d4c-a60d-afd0aa294748" executionId="056e8dc4-cc5e-4af2-ab41-5d9a7d4e4438" testListId="8c84fa94-04c1-424b-9868-57a2d4851a1d" />
    <TestEntry testId="89e9e889-c84e-43cb-88c3-4ca6b526abf0" executionId="3992a110-377e-47d2-a7b6-60159c65d0a4" testListId="8c84fa94-04c1-424b-9868-57a2d4851a1d" />
    <TestEntry testId="3f8d3326-82fd-4dd7-9e75-518003ad08b6" executionId="1fe75c37-894c-4c88-befb-c742f316daae" testListId="8c84fa94-04c1-424b-9868-57a2d4851a1d" />
    <TestEntry testId="0cdca3f9-0ceb-40fd-affb-3d1bf504776a" executionId="a3bd711c-30ba-4b6b-871f-428bc88805f9" testListId="8c84fa94-04c1-424b-9868-57a2d4851a1d" />
    <TestEntry testId="4b661570-b9a1-4338-9c32-a2583bf12bb2" executionId="ef808af5-5f2f-4414-819d-4d5a3fe52897" testListId="8c84fa94-04c1-424b-9868-57a2d4851a1d" />
    <TestEntry testId="4f7aece6-0baa-45f7-9d2a-e8fa4886eb77" executionId="d358b8f6-dc57-4f4c-91a8-cac341ea18d5" testListId="8c84fa94-04c1-424b-9868-57a2d4851a1d" />
    <TestEntry testId="8bd09b4b-292c-472c-b59b-f55af3f0d129" executionId="18975017-9e7f-4e08-b4e7-275b12abf559" testListId="8c84fa94-04c1-424b-9868-57a2d4851a1d" />
    <TestEntry testId="84927a16-5715-4152-be9e-84356944e84f" executionId="c03045bc-20f2-429f-9ffe-9c74522e9f5d" testListId="8c84fa94-04c1-424b-9868-57a2d4851a1d" />
    <TestEntry testId="3121b9f6-c6fb-4acf-97fb-a6faa2995456" executionId="95603537-0d54-4639-bd1e-03b3d3bb1402" testListId="8c84fa94-04c1-424b-9868-57a2d4851a1d" />
    <TestEntry testId="a02d824e-26e5-449b-a589-ff573779bc31" executionId="fda89c21-49f4-4993-97b2-a80b7807ce99" testListId="8c84fa94-04c1-424b-9868-57a2d4851a1d" />
    <TestEntry testId="d10c8d66-dead-4149-ad8c-86baab3f1b5e" executionId="4acc8d11-ae92-4b40-b0f5-5ff18b0a5220" testListId="8c84fa94-04c1-424b-9868-57a2d4851a1d" />
    <TestEntry testId="568259c8-a259-4b91-a5c9-79fcfa820540" executionId="92326a11-bc52-412a-a33f-21fa20f4edca" testListId="8c84fa94-04c1-424b-9868-57a2d4851a1d" />
    <TestEntry testId="e65ebe84-d6dd-4bfd-a566-eff4af4262c5" executionId="5b86b71a-8ec2-4f44-9e1d-f9096078f5d0" testListId="8c84fa94-04c1-424b-9868-57a2d4851a1d" />
    <TestEntry testId="eef49bd9-3233-4acd-958a-a9963fb8a4f2" executionId="bc5ca56d-18e1-41f3-9477-a814e3dbb01d" testListId="8c84fa94-04c1-424b-9868-57a2d4851a1d" />
    <TestEntry testId="f7eb46af-bf1f-4d1d-8778-0640eb2da4a7" executionId="68ee8cc5-523e-46b4-b114-7a8e0fa95291" testListId="8c84fa94-04c1-424b-9868-57a2d4851a1d" />
    <TestEntry testId="cfa6a35d-739f-4f7c-ba8d-e7b1f9be222b" executionId="b5fdfb76-9931-48bf-867b-e320bebcfba8" testListId="8c84fa94-04c1-424b-9868-57a2d4851a1d" />
    <TestEntry testId="83b05c8d-9344-4818-935e-dcdd1283da9d" executionId="b1d36cd8-580b-42b9-859e-b1d74d481bc4" testListId="8c84fa94-04c1-424b-9868-57a2d4851a1d" />
    <TestEntry testId="8525393e-6edf-417a-a563-5bbb64adc391" executionId="2a679d01-1d53-4582-8ae7-75a0e9bdc47f" testListId="8c84fa94-04c1-424b-9868-57a2d4851a1d" />
    <TestEntry testId="3642db3c-bd1f-4a25-abf3-81dcedc89099" executionId="af896650-25eb-416f-9054-2c47a75ecd3f" testListId="8c84fa94-04c1-424b-9868-57a2d4851a1d" />
    <TestEntry testId="49d01cc0-7a84-4e4a-9a12-65a4f84a2b02" executionId="93b870bb-7c1f-4e7c-9ddc-fb9072a027d9" testListId="8c84fa94-04c1-424b-9868-57a2d4851a1d" />
    <TestEntry testId="00bb7c21-0313-4492-9925-33a69bb466ec" executionId="69d930f9-708a-488b-af67-c6a1a88c79d7" testListId="8c84fa94-04c1-424b-9868-57a2d4851a1d" />
    <TestEntry testId="d4fdf322-2297-492c-ad1d-b31fa9bb7dda" executionId="c5b3563f-0c61-41ef-a478-0a1324522b20" testListId="8c84fa94-04c1-424b-9868-57a2d4851a1d" />
    <TestEntry testId="13fa1716-3d5f-4e14-bb94-ef718ce0e79a" executionId="33807ece-3329-4a62-a57a-b39839a2e7cd" testListId="8c84fa94-04c1-424b-9868-57a2d4851a1d" />
    <TestEntry testId="1b25431b-1e4a-4c9f-8915-d536b828fd7b" executionId="280a5039-3ee8-4f5b-b9eb-db55b303d7ff" testListId="8c84fa94-04c1-424b-9868-57a2d4851a1d" />
    <TestEntry testId="c8dad4ad-2eea-4092-a56e-88ced92180d2" executionId="7210dc04-9055-4644-a7f2-7e2d0f6eb972" testListId="8c84fa94-04c1-424b-9868-57a2d4851a1d" />
    <TestEntry testId="e494404b-8114-4ab3-baa4-3c91728109f1" executionId="4c857479-b76c-42ac-af1b-7c2ff031de81" testListId="8c84fa94-04c1-424b-9868-57a2d4851a1d" />
    <TestEntry testId="b76bb11d-7e17-4b4a-976f-36f7515b188a" executionId="d88de05f-a6fd-4df9-b0ae-2cf15d3a9f53" testListId="8c84fa94-04c1-424b-9868-57a2d4851a1d" />
    <TestEntry testId="29e141b2-529f-48a6-9a89-13516543482c" executionId="def83fb3-8f7c-4a09-bca7-2f752d3b0c26" testListId="8c84fa94-04c1-424b-9868-57a2d4851a1d" />
    <TestEntry testId="87a3132a-9fd1-4117-9115-00283bbebfe7" executionId="86bb2d5a-7c6a-4b29-a6e7-6e138fb4aadf" testListId="8c84fa94-04c1-424b-9868-57a2d4851a1d" />
    <TestEntry testId="d55aeace-ac2a-4df9-8392-b3eb3ebb73e4" executionId="1a45837f-fbe5-41ed-82f4-4ec391bd73e5" testListId="8c84fa94-04c1-424b-9868-57a2d4851a1d" />
    <TestEntry testId="7fe23f68-4223-4e5d-b60c-211296b10de5" executionId="73c97744-f9d3-4725-868b-23702d959d87" testListId="8c84fa94-04c1-424b-9868-57a2d4851a1d" />
    <TestEntry testId="f0f0f1c5-a1ab-4f9a-aac4-74b3c80aa3cc" executionId="b598b3c1-a80b-4033-9871-0cc578487b0e" testListId="8c84fa94-04c1-424b-9868-57a2d4851a1d" />
    <TestEntry testId="1ed5409f-5d8f-4ec6-93f7-5b46204f5552" executionId="fba60a5c-1b2e-4b1c-98f5-40c0d09788bc" testListId="8c84fa94-04c1-424b-9868-57a2d4851a1d" />
    <TestEntry testId="4b241372-bb42-4f42-af2f-7d0319d1ebb8" executionId="d88e5b19-95d2-4a20-b0de-7a66643784ac" testListId="8c84fa94-04c1-424b-9868-57a2d4851a1d" />
  </TestEntries>
  <TestLists>
    <TestList name="Results Not in a List" id="8c84fa94-04c1-424b-9868-57a2d4851a1d" />
    <TestList name="All Loaded Results" id="19431567-8539-422a-85d7-44ee4e166bda" />
  </TestLists>
  <ResultSummary outcome="Completed">
    <Counters total="357" executed="357" passed="357" failed="0" error="0" timeout="0" aborted="0" inconclusive="0" passedButRunAborted="0" notRunnable="0" notExecuted="0" disconnected="0" warning="0" completed="0" inProgress="0" pending="0" />
    <RunInfos>
      <RunInfo computerName="BATCH-JENKINS" outcome="Warning" timestamp="2016-04-12T00:00:03.9412601+00:00">
        <Text>System.AppDomainUnloadedException: Attempted to access an unloaded AppDomain. This can happen if the test(s) started a thread but did not stop it. Make sure that all the threads started by the test(s) are stopped before completion.</Text>
      </RunInfo>
    </RunInfos>
  </ResultSummary>
</TestRun>